<?xml version="1.0" encoding="UTF-8"?>
<!-- Generated by org.testng.reporters.JUnitXMLReporter -->
<testsuite ignored="11" hostname="DESKTOP-GHKE3PU" failures="0" tests="45" name="Command line test" time="112.326" errors="0" timestamp="2025-12-22T11:07:04 EET">
  <testcase classname="TestCases.BaseTest" name="@BeforeClass launch_website" time="-1.766394315851E9">
    <failure type="org.testng.TestNGException" message="
Parameter &amp;apos;Scope&amp;apos; is required by BeforeClass on method launch_website but has not been marked @Optional or defined
">
      <![CDATA[org.testng.TestNGException: 
Parameter 'Scope' is required by BeforeClass on method launch_website but has not been marked @Optional or defined

at java.base/java.util.ArrayList.forEach(ArrayList.java:1511)
... Removed 32 stack frames]]>
    </failure>
  </testcase> <!-- @BeforeClass launch_website -->
  <testcase classname="TestCases.BaseTest" name="@BeforeMethod loginWithValidData" time="0.0">
    <skipped/>
  </testcase> <!-- @BeforeMethod loginWithValidData -->
  <testcase classname="TestCases.BaseTest" name="@AfterMethod onTestFailure" time="0.0">
    <skipped/>
  </testcase> <!-- @AfterMethod onTestFailure -->
  <testcase classname="TestCases.BaseTest" name="@AfterMethod tearDownTestCase" time="0.0">
    <skipped/>
  </testcase> <!-- @AfterMethod tearDownTestCase -->
  <testcase classname="TestCases.BaseTest" name="@BeforeMethod loginWithValidData" time="0.0">
    <skipped/>
  </testcase> <!-- @BeforeMethod loginWithValidData -->
  <testcase classname="TestCases.BaseTest" name="@AfterMethod onTestFailure" time="0.0">
    <skipped/>
  </testcase> <!-- @AfterMethod onTestFailure -->
  <testcase classname="TestCases.BaseTest" name="@AfterMethod tearDownTestCase" time="0.0">
    <skipped/>
  </testcase> <!-- @AfterMethod tearDownTestCase -->
  <testcase classname="TestCases.BaseTest" name="@BeforeMethod loginWithValidData" time="0.0">
    <skipped/>
  </testcase> <!-- @BeforeMethod loginWithValidData -->
  <testcase classname="TestCases.BaseTest" name="@AfterMethod onTestFailure" time="0.0">
    <skipped/>
  </testcase> <!-- @AfterMethod onTestFailure -->
  <testcase classname="TestCases.BaseTest" name="@AfterMethod tearDownTestCase" time="0.0">
    <skipped/>
  </testcase> <!-- @AfterMethod tearDownTestCase -->
  <testcase classname="TestCases.BaseTest" name="@AfterClass tearDown" time="0.0">
    <skipped/>
  </testcase> <!-- @AfterClass tearDown -->
  <testcase classname="TestCases.BaseTest" name="@BeforeClass launch_website" time="-1.766394318812E9">
    <failure type="org.testng.TestNGException" message="
Parameter &amp;apos;Scope&amp;apos; is required by BeforeClass on method launch_website but has not been marked @Optional or defined
">
      <![CDATA[org.testng.TestNGException: 
Parameter 'Scope' is required by BeforeClass on method launch_website but has not been marked @Optional or defined

at java.base/java.util.ArrayList.forEach(ArrayList.java:1511)
... Removed 32 stack frames]]>
    </failure>
  </testcase> <!-- @BeforeClass launch_website -->
  <testcase classname="TestCases.BaseTest" name="@BeforeMethod loginWithValidData" time="0.0">
    <skipped/>
  </testcase> <!-- @BeforeMethod loginWithValidData -->
  <testcase classname="TestCases.BaseTest" name="@AfterMethod onTestFailure" time="0.0">
    <skipped/>
  </testcase> <!-- @AfterMethod onTestFailure -->
  <testcase classname="TestCases.BaseTest" name="@AfterMethod tearDownTestCase" time="0.0">
    <skipped/>
  </testcase> <!-- @AfterMethod tearDownTestCase -->
  <testcase classname="TestCases.BaseTest" name="@AfterClass tearDown" time="0.0">
    <skipped/>
  </testcase> <!-- @AfterClass tearDown -->
  <testcase classname="TestCases.BaseTest" name="@BeforeClass launch_website" time="-1.766394321602E9">
    <failure type="org.testng.TestNGException" message="
Parameter &amp;apos;Scope&amp;apos; is required by BeforeClass on method launch_website but has not been marked @Optional or defined
">
      <![CDATA[org.testng.TestNGException: 
Parameter 'Scope' is required by BeforeClass on method launch_website but has not been marked @Optional or defined

at java.base/java.util.ArrayList.forEach(ArrayList.java:1511)
... Removed 32 stack frames]]>
    </failure>
  </testcase> <!-- @BeforeClass launch_website -->
  <testcase classname="TestCases.BaseTest" name="@BeforeMethod loginWithValidData" time="0.0">
    <skipped/>
  </testcase> <!-- @BeforeMethod loginWithValidData -->
  <testcase classname="TestCases.BaseTest" name="@AfterMethod onTestFailure" time="0.0">
    <skipped/>
  </testcase> <!-- @AfterMethod onTestFailure -->
  <testcase classname="TestCases.BaseTest" name="@AfterMethod tearDownTestCase" time="0.0">
    <skipped/>
  </testcase> <!-- @AfterMethod tearDownTestCase -->
  <testcase classname="TestCases.BaseTest" name="@AfterClass tearDown" time="0.0">
    <skipped/>
  </testcase> <!-- @AfterClass tearDown -->
  <testcase classname="TestCases.BaseTest" name="@BeforeClass launch_website" time="-1.766394324361E9">
    <failure type="org.testng.TestNGException" message="
Parameter &amp;apos;Scope&amp;apos; is required by BeforeClass on method launch_website but has not been marked @Optional or defined
">
      <![CDATA[org.testng.TestNGException: 
Parameter 'Scope' is required by BeforeClass on method launch_website but has not been marked @Optional or defined

at java.base/java.util.ArrayList.forEach(ArrayList.java:1511)
... Removed 32 stack frames]]>
    </failure>
  </testcase> <!-- @BeforeClass launch_website -->
  <testcase classname="TestCases.BaseTest" name="@BeforeMethod loginWithValidData" time="0.0">
    <skipped/>
  </testcase> <!-- @BeforeMethod loginWithValidData -->
  <testcase classname="TestCases.BaseTest" name="@AfterMethod onTestFailure" time="0.0">
    <skipped/>
  </testcase> <!-- @AfterMethod onTestFailure -->
  <testcase classname="TestCases.BaseTest" name="@AfterMethod tearDownTestCase" time="0.0">
    <skipped/>
  </testcase> <!-- @AfterMethod tearDownTestCase -->
  <testcase classname="TestCases.BaseTest" name="@AfterClass tearDown" time="0.0">
    <skipped/>
  </testcase> <!-- @AfterClass tearDown -->
  <testcase classname="TestCases.BaseTest" name="@BeforeClass launch_website" time="-1.766394327524E9">
    <failure type="org.testng.TestNGException" message="
Parameter &amp;apos;Scope&amp;apos; is required by BeforeClass on method launch_website but has not been marked @Optional or defined
">
      <![CDATA[org.testng.TestNGException: 
Parameter 'Scope' is required by BeforeClass on method launch_website but has not been marked @Optional or defined

at java.base/java.util.ArrayList.forEach(ArrayList.java:1511)
... Removed 32 stack frames]]>
    </failure>
  </testcase> <!-- @BeforeClass launch_website -->
  <testcase classname="TestCases.BaseTest" name="@BeforeMethod loginWithValidData" time="0.0">
    <skipped/>
  </testcase> <!-- @BeforeMethod loginWithValidData -->
  <testcase classname="TestCases.BaseTest" name="@AfterMethod onTestFailure" time="0.0">
    <skipped/>
  </testcase> <!-- @AfterMethod onTestFailure -->
  <testcase classname="TestCases.BaseTest" name="@AfterMethod tearDownTestCase" time="0.0">
    <skipped/>
  </testcase> <!-- @AfterMethod tearDownTestCase -->
  <testcase classname="TestCases.BaseTest" name="@AfterClass tearDown" time="0.0">
    <skipped/>
  </testcase> <!-- @AfterClass tearDown -->
  <testcase classname="TestCases.BaseTest" name="@BeforeClass launch_website" time="-1.766394333335E9">
    <failure type="org.testng.TestNGException" message="
Parameter &amp;apos;Scope&amp;apos; is required by BeforeClass on method launch_website but has not been marked @Optional or defined
">
      <![CDATA[org.testng.TestNGException: 
Parameter 'Scope' is required by BeforeClass on method launch_website but has not been marked @Optional or defined

at java.base/java.util.ArrayList.forEach(ArrayList.java:1511)
... Removed 32 stack frames]]>
    </failure>
  </testcase> <!-- @BeforeClass launch_website -->
  <testcase classname="TestCases.BaseTest" name="@BeforeMethod loginWithValidData" time="0.0">
    <skipped/>
  </testcase> <!-- @BeforeMethod loginWithValidData -->
  <testcase classname="TestCases.BaseTest" name="@AfterMethod onTestFailure" time="0.0">
    <skipped/>
  </testcase> <!-- @AfterMethod onTestFailure -->
  <testcase classname="TestCases.BaseTest" name="@AfterMethod tearDownTestCase" time="0.0">
    <skipped/>
  </testcase> <!-- @AfterMethod tearDownTestCase -->
  <testcase classname="TestCases.BaseTest" name="@BeforeMethod loginWithValidData" time="0.0">
    <skipped/>
  </testcase> <!-- @BeforeMethod loginWithValidData -->
  <testcase classname="TestCases.BaseTest" name="@AfterMethod onTestFailure" time="0.0">
    <skipped/>
  </testcase> <!-- @AfterMethod onTestFailure -->
  <testcase classname="TestCases.BaseTest" name="@AfterMethod tearDownTestCase" time="0.0">
    <skipped/>
  </testcase> <!-- @AfterMethod tearDownTestCase -->
  <testcase classname="TestCases.BaseTest" name="@AfterClass tearDown" time="0.0">
    <skipped/>
  </testcase> <!-- @AfterClass tearDown -->
  <testcase classname="TestCases.BaseTest" name="@BeforeClass launch_website" time="-1.766394338781E9">
    <failure type="org.testng.TestNGException" message="
Parameter &amp;apos;Scope&amp;apos; is required by BeforeClass on method launch_website but has not been marked @Optional or defined
">
      <![CDATA[org.testng.TestNGException: 
Parameter 'Scope' is required by BeforeClass on method launch_website but has not been marked @Optional or defined

at java.base/java.util.ArrayList.forEach(ArrayList.java:1511)
... Removed 32 stack frames]]>
    </failure>
  </testcase> <!-- @BeforeClass launch_website -->
  <testcase classname="TestCases.BaseTest" name="@BeforeMethod loginWithValidData" time="0.0">
    <skipped/>
  </testcase> <!-- @BeforeMethod loginWithValidData -->
  <testcase classname="TestCases.BaseTest" name="@AfterMethod onTestFailure" time="0.0">
    <skipped/>
  </testcase> <!-- @AfterMethod onTestFailure -->
  <testcase classname="TestCases.BaseTest" name="@AfterMethod tearDownTestCase" time="0.0">
    <skipped/>
  </testcase> <!-- @AfterMethod tearDownTestCase -->
  <testcase classname="TestCases.BaseTest" name="@AfterClass tearDown" time="0.0">
    <skipped/>
  </testcase> <!-- @AfterClass tearDown -->
  <testcase classname="TestCases.BaseTest" name="@BeforeClass launch_website" time="-1.766394344761E9">
    <failure type="org.testng.TestNGException" message="
Parameter &amp;apos;Scope&amp;apos; is required by BeforeClass on method launch_website but has not been marked @Optional or defined
">
      <![CDATA[org.testng.TestNGException: 
Parameter 'Scope' is required by BeforeClass on method launch_website but has not been marked @Optional or defined

at java.base/java.util.ArrayList.forEach(ArrayList.java:1511)
... Removed 32 stack frames]]>
    </failure>
  </testcase> <!-- @BeforeClass launch_website -->
  <testcase classname="TestCases.BaseTest" name="@BeforeMethod loginWithValidData" time="0.0">
    <skipped/>
  </testcase> <!-- @BeforeMethod loginWithValidData -->
  <testcase classname="TestCases.BaseTest" name="@AfterMethod onTestFailure" time="0.0">
    <skipped/>
  </testcase> <!-- @AfterMethod onTestFailure -->
  <testcase classname="TestCases.BaseTest" name="@AfterMethod tearDownTestCase" time="0.0">
    <skipped/>
  </testcase> <!-- @AfterMethod tearDownTestCase -->
  <testcase classname="TestCases.BaseTest" name="@AfterClass tearDown" time="0.0">
    <skipped/>
  </testcase> <!-- @AfterClass tearDown -->
  <testcase classname="TestCases.BaseTest" name="@BeforeClass launch_website" time="-1.766394371437E9">
    <failure type="org.testng.TestNGException" message="
Parameter &amp;apos;Scope&amp;apos; is required by BeforeClass on method launch_website but has not been marked @Optional or defined
">
      <![CDATA[org.testng.TestNGException: 
Parameter 'Scope' is required by BeforeClass on method launch_website but has not been marked @Optional or defined

at java.base/java.util.ArrayList.forEach(ArrayList.java:1511)
... Removed 32 stack frames]]>
    </failure>
  </testcase> <!-- @BeforeClass launch_website -->
  <testcase classname="TestCases.BaseTest" name="@BeforeMethod loginWithValidData" time="0.0">
    <skipped/>
  </testcase> <!-- @BeforeMethod loginWithValidData -->
  <testcase classname="TestCases.BaseTest" name="@AfterMethod onTestFailure" time="0.0">
    <skipped/>
  </testcase> <!-- @AfterMethod onTestFailure -->
  <testcase classname="TestCases.BaseTest" name="@AfterMethod tearDownTestCase" time="0.0">
    <skipped/>
  </testcase> <!-- @AfterMethod tearDownTestCase -->
  <testcase classname="TestCases.BaseTest" name="@AfterClass tearDown" time="0.0">
    <skipped/>
  </testcase> <!-- @AfterClass tearDown -->
  <testcase classname="TestCases.BaseTest" name="@BeforeClass launch_website" time="-1.76639437437E9">
    <failure type="org.testng.TestNGException" message="
Parameter &amp;apos;Scope&amp;apos; is required by BeforeClass on method launch_website but has not been marked @Optional or defined
">
      <![CDATA[org.testng.TestNGException: 
Parameter 'Scope' is required by BeforeClass on method launch_website but has not been marked @Optional or defined

at java.base/java.util.ArrayList.forEach(ArrayList.java:1511)
... Removed 32 stack frames]]>
    </failure>
  </testcase> <!-- @BeforeClass launch_website -->
  <testcase classname="TestCases.BaseTest" name="@BeforeMethod loginWithValidData" time="0.0">
    <skipped/>
  </testcase> <!-- @BeforeMethod loginWithValidData -->
  <testcase classname="TestCases.BaseTest" name="@AfterMethod onTestFailure" time="0.0">
    <skipped/>
  </testcase> <!-- @AfterMethod onTestFailure -->
  <testcase classname="TestCases.BaseTest" name="@AfterMethod tearDownTestCase" time="0.0">
    <skipped/>
  </testcase> <!-- @AfterMethod tearDownTestCase -->
  <testcase classname="TestCases.BaseTest" name="@AfterClass tearDown" time="0.0">
    <skipped/>
  </testcase> <!-- @AfterClass tearDown -->
  <testcase classname="TestCases.BaseTest" name="@BeforeClass launch_website" time="-1.766394377703E9">
    <failure type="org.testng.TestNGException" message="
Parameter &amp;apos;Scope&amp;apos; is required by BeforeClass on method launch_website but has not been marked @Optional or defined
">
      <![CDATA[org.testng.TestNGException: 
Parameter 'Scope' is required by BeforeClass on method launch_website but has not been marked @Optional or defined

at java.base/java.util.ArrayList.forEach(ArrayList.java:1511)
... Removed 32 stack frames]]>
    </failure>
  </testcase> <!-- @BeforeClass launch_website -->
  <testcase classname="TestCases.BaseTest" name="@BeforeMethod loginWithValidData" time="0.0">
    <skipped/>
  </testcase> <!-- @BeforeMethod loginWithValidData -->
  <testcase classname="TestCases.BaseTest" name="@AfterMethod onTestFailure" time="0.0">
    <skipped/>
  </testcase> <!-- @AfterMethod onTestFailure -->
  <testcase classname="TestCases.BaseTest" name="@AfterMethod tearDownTestCase" time="0.0">
    <skipped/>
  </testcase> <!-- @AfterMethod tearDownTestCase -->
  <testcase classname="TestCases.BaseTest" name="@BeforeMethod loginWithValidData" time="0.0">
    <skipped/>
  </testcase> <!-- @BeforeMethod loginWithValidData -->
  <testcase classname="TestCases.BaseTest" name="@AfterMethod onTestFailure" time="0.0">
    <skipped/>
  </testcase> <!-- @AfterMethod onTestFailure -->
  <testcase classname="TestCases.BaseTest" name="@AfterMethod tearDownTestCase" time="0.0">
    <skipped/>
  </testcase> <!-- @AfterMethod tearDownTestCase -->
  <testcase classname="TestCases.BaseTest" name="@AfterClass tearDown" time="0.0">
    <skipped/>
  </testcase> <!-- @AfterClass tearDown -->
  <testcase classname="TestCases.BaseTest" name="@BeforeClass launch_website" time="-1.766394380901E9">
    <failure type="org.testng.TestNGException" message="
Parameter &amp;apos;Scope&amp;apos; is required by BeforeClass on method launch_website but has not been marked @Optional or defined
">
      <![CDATA[org.testng.TestNGException: 
Parameter 'Scope' is required by BeforeClass on method launch_website but has not been marked @Optional or defined

at java.base/java.util.ArrayList.forEach(ArrayList.java:1511)
... Removed 32 stack frames]]>
    </failure>
  </testcase> <!-- @BeforeClass launch_website -->
  <testcase classname="TestCases.BaseTest" name="@BeforeMethod loginWithValidData" time="0.0">
    <skipped/>
  </testcase> <!-- @BeforeMethod loginWithValidData -->
  <testcase classname="TestCases.BaseTest" name="@AfterMethod onTestFailure" time="0.0">
    <skipped/>
  </testcase> <!-- @AfterMethod onTestFailure -->
  <testcase classname="TestCases.BaseTest" name="@AfterMethod tearDownTestCase" time="0.0">
    <skipped/>
  </testcase> <!-- @AfterMethod tearDownTestCase -->
  <testcase classname="TestCases.BaseTest" name="@AfterClass tearDown" time="0.0">
    <skipped/>
  </testcase> <!-- @AfterClass tearDown -->
  <testcase classname="TestCases.BaseTest" name="@BeforeClass launch_website" time="-1.766394384387E9">
    <failure type="org.testng.TestNGException" message="
Parameter &amp;apos;Scope&amp;apos; is required by BeforeClass on method launch_website but has not been marked @Optional or defined
">
      <![CDATA[org.testng.TestNGException: 
Parameter 'Scope' is required by BeforeClass on method launch_website but has not been marked @Optional or defined

at java.base/java.util.ArrayList.forEach(ArrayList.java:1511)
... Removed 32 stack frames]]>
    </failure>
  </testcase> <!-- @BeforeClass launch_website -->
  <testcase classname="TestCases.BaseTest" name="@BeforeMethod loginWithValidData" time="0.0">
    <skipped/>
  </testcase> <!-- @BeforeMethod loginWithValidData -->
  <testcase classname="TestCases.BaseTest" name="@AfterMethod onTestFailure" time="0.0">
    <skipped/>
  </testcase> <!-- @AfterMethod onTestFailure -->
  <testcase classname="TestCases.BaseTest" name="@AfterMethod tearDownTestCase" time="0.0">
    <skipped/>
  </testcase> <!-- @AfterMethod tearDownTestCase -->
  <testcase classname="TestCases.BaseTest" name="@AfterClass tearDown" time="0.0">
    <skipped/>
  </testcase> <!-- @AfterClass tearDown -->
  <testcase classname="TestCases.BaseTest" name="@BeforeClass launch_website" time="-1.766394388549E9">
    <failure type="org.testng.TestNGException" message="
Parameter &amp;apos;Scope&amp;apos; is required by BeforeClass on method launch_website but has not been marked @Optional or defined
">
      <![CDATA[org.testng.TestNGException: 
Parameter 'Scope' is required by BeforeClass on method launch_website but has not been marked @Optional or defined

at java.base/java.util.ArrayList.forEach(ArrayList.java:1511)
... Removed 32 stack frames]]>
    </failure>
  </testcase> <!-- @BeforeClass launch_website -->
  <testcase classname="TestCases.BaseTest" name="@BeforeMethod loginWithValidData" time="0.0">
    <skipped/>
  </testcase> <!-- @BeforeMethod loginWithValidData -->
  <testcase classname="TestCases.BaseTest" name="@AfterMethod onTestFailure" time="0.0">
    <skipped/>
  </testcase> <!-- @AfterMethod onTestFailure -->
  <testcase classname="TestCases.BaseTest" name="@AfterMethod tearDownTestCase" time="0.0">
    <skipped/>
  </testcase> <!-- @AfterMethod tearDownTestCase -->
  <testcase classname="TestCases.BaseTest" name="@BeforeMethod loginWithValidData" time="0.0">
    <skipped/>
  </testcase> <!-- @BeforeMethod loginWithValidData -->
  <testcase classname="TestCases.BaseTest" name="@AfterMethod onTestFailure" time="0.0">
    <skipped/>
  </testcase> <!-- @AfterMethod onTestFailure -->
  <testcase classname="TestCases.BaseTest" name="@AfterMethod tearDownTestCase" time="0.0">
    <skipped/>
  </testcase> <!-- @AfterMethod tearDownTestCase -->
  <testcase classname="TestCases.BaseTest" name="@BeforeMethod loginWithValidData" time="0.0">
    <skipped/>
  </testcase> <!-- @BeforeMethod loginWithValidData -->
  <testcase classname="TestCases.BaseTest" name="@AfterMethod onTestFailure" time="0.0">
    <skipped/>
  </testcase> <!-- @AfterMethod onTestFailure -->
  <testcase classname="TestCases.BaseTest" name="@AfterMethod tearDownTestCase" time="0.0">
    <skipped/>
  </testcase> <!-- @AfterMethod tearDownTestCase -->
  <testcase classname="TestCases.BaseTest" name="@BeforeMethod loginWithValidData" time="0.0">
    <skipped/>
  </testcase> <!-- @BeforeMethod loginWithValidData -->
  <testcase classname="TestCases.BaseTest" name="@AfterMethod onTestFailure" time="0.0">
    <skipped/>
  </testcase> <!-- @AfterMethod onTestFailure -->
  <testcase classname="TestCases.BaseTest" name="@AfterMethod tearDownTestCase" time="0.0">
    <skipped/>
  </testcase> <!-- @AfterMethod tearDownTestCase -->
  <testcase classname="TestCases.BaseTest" name="@BeforeMethod loginWithValidData" time="0.0">
    <skipped/>
  </testcase> <!-- @BeforeMethod loginWithValidData -->
  <testcase classname="TestCases.BaseTest" name="@AfterMethod onTestFailure" time="0.0">
    <skipped/>
  </testcase> <!-- @AfterMethod onTestFailure -->
  <testcase classname="TestCases.BaseTest" name="@AfterMethod tearDownTestCase" time="0.0">
    <skipped/>
  </testcase> <!-- @AfterMethod tearDownTestCase -->
  <testcase classname="TestCases.BaseTest" name="@BeforeMethod loginWithValidData" time="0.0">
    <skipped/>
  </testcase> <!-- @BeforeMethod loginWithValidData -->
  <testcase classname="TestCases.BaseTest" name="@AfterMethod onTestFailure" time="0.0">
    <skipped/>
  </testcase> <!-- @AfterMethod onTestFailure -->
  <testcase classname="TestCases.BaseTest" name="@AfterMethod tearDownTestCase" time="0.0">
    <skipped/>
  </testcase> <!-- @AfterMethod tearDownTestCase -->
  <testcase classname="TestCases.BaseTest" name="@BeforeMethod loginWithValidData" time="0.0">
    <skipped/>
  </testcase> <!-- @BeforeMethod loginWithValidData -->
  <testcase classname="TestCases.BaseTest" name="@AfterMethod onTestFailure" time="0.0">
    <skipped/>
  </testcase> <!-- @AfterMethod onTestFailure -->
  <testcase classname="TestCases.BaseTest" name="@AfterMethod tearDownTestCase" time="0.0">
    <skipped/>
  </testcase> <!-- @AfterMethod tearDownTestCase -->
  <testcase classname="TestCases.BaseTest" name="@BeforeMethod loginWithValidData" time="0.0">
    <skipped/>
  </testcase> <!-- @BeforeMethod loginWithValidData -->
  <testcase classname="TestCases.BaseTest" name="@AfterMethod onTestFailure" time="0.0">
    <skipped/>
  </testcase> <!-- @AfterMethod onTestFailure -->
  <testcase classname="TestCases.BaseTest" name="@AfterMethod tearDownTestCase" time="0.0">
    <skipped/>
  </testcase> <!-- @AfterMethod tearDownTestCase -->
  <testcase classname="TestCases.BaseTest" name="@BeforeMethod loginWithValidData" time="0.0">
    <skipped/>
  </testcase> <!-- @BeforeMethod loginWithValidData -->
  <testcase classname="TestCases.BaseTest" name="@AfterMethod onTestFailure" time="0.0">
    <skipped/>
  </testcase> <!-- @AfterMethod onTestFailure -->
  <testcase classname="TestCases.BaseTest" name="@AfterMethod tearDownTestCase" time="0.0">
    <skipped/>
  </testcase> <!-- @AfterMethod tearDownTestCase -->
  <testcase classname="TestCases.BaseTest" name="@AfterClass tearDown" time="0.0">
    <skipped/>
  </testcase> <!-- @AfterClass tearDown -->
  <testcase classname="TestCases.BaseTest" name="@BeforeClass launch_website" time="-1.766394394777E9">
    <failure type="org.testng.TestNGException" message="
Parameter &amp;apos;Scope&amp;apos; is required by BeforeClass on method launch_website but has not been marked @Optional or defined
">
      <![CDATA[org.testng.TestNGException: 
Parameter 'Scope' is required by BeforeClass on method launch_website but has not been marked @Optional or defined

at java.base/java.util.ArrayList.forEach(ArrayList.java:1511)
... Removed 32 stack frames]]>
    </failure>
  </testcase> <!-- @BeforeClass launch_website -->
  <testcase classname="TestCases.BaseTest" name="@BeforeMethod loginWithValidData" time="0.0">
    <skipped/>
  </testcase> <!-- @BeforeMethod loginWithValidData -->
  <testcase classname="TestCases.BaseTest" name="@AfterMethod onTestFailure" time="0.0">
    <skipped/>
  </testcase> <!-- @AfterMethod onTestFailure -->
  <testcase classname="TestCases.BaseTest" name="@AfterMethod tearDownTestCase" time="0.0">
    <skipped/>
  </testcase> <!-- @AfterMethod tearDownTestCase -->
  <testcase classname="TestCases.BaseTest" name="@BeforeMethod loginWithValidData" time="0.0">
    <skipped/>
  </testcase> <!-- @BeforeMethod loginWithValidData -->
  <testcase classname="TestCases.BaseTest" name="@AfterMethod onTestFailure" time="0.0">
    <skipped/>
  </testcase> <!-- @AfterMethod onTestFailure -->
  <testcase classname="TestCases.BaseTest" name="@AfterMethod tearDownTestCase" time="0.0">
    <skipped/>
  </testcase> <!-- @AfterMethod tearDownTestCase -->
  <testcase classname="TestCases.BaseTest" name="@BeforeMethod loginWithValidData" time="0.0">
    <skipped/>
  </testcase> <!-- @BeforeMethod loginWithValidData -->
  <testcase classname="TestCases.BaseTest" name="@AfterMethod onTestFailure" time="0.0">
    <skipped/>
  </testcase> <!-- @AfterMethod onTestFailure -->
  <testcase classname="TestCases.BaseTest" name="@AfterMethod tearDownTestCase" time="0.0">
    <skipped/>
  </testcase> <!-- @AfterMethod tearDownTestCase -->
  <testcase classname="TestCases.BaseTest" name="@AfterClass tearDown" time="0.0">
    <skipped/>
  </testcase> <!-- @AfterClass tearDown -->
  <testcase classname="TestCases.BaseTest" name="@BeforeClass launch_website" time="-1.766394399246E9">
    <failure type="org.testng.TestNGException" message="
Parameter &amp;apos;Scope&amp;apos; is required by BeforeClass on method launch_website but has not been marked @Optional or defined
">
      <![CDATA[org.testng.TestNGException: 
Parameter 'Scope' is required by BeforeClass on method launch_website but has not been marked @Optional or defined

at java.base/java.util.ArrayList.forEach(ArrayList.java:1511)
... Removed 32 stack frames]]>
    </failure>
  </testcase> <!-- @BeforeClass launch_website -->
  <testcase classname="TestCases.BaseTest" name="@BeforeMethod loginWithValidData" time="0.0">
    <skipped/>
  </testcase> <!-- @BeforeMethod loginWithValidData -->
  <testcase classname="TestCases.BaseTest" name="@AfterMethod onTestFailure" time="0.0">
    <skipped/>
  </testcase> <!-- @AfterMethod onTestFailure -->
  <testcase classname="TestCases.BaseTest" name="@AfterMethod tearDownTestCase" time="0.0">
    <skipped/>
  </testcase> <!-- @AfterMethod tearDownTestCase -->
  <testcase classname="TestCases.BaseTest" name="@AfterClass tearDown" time="0.0">
    <skipped/>
  </testcase> <!-- @AfterClass tearDown -->
  <testcase classname="TestCases.BaseTest" name="@BeforeClass launch_website" time="-1.766394407675E9">
    <failure type="org.testng.TestNGException" message="
Parameter &amp;apos;Scope&amp;apos; is required by BeforeClass on method launch_website but has not been marked @Optional or defined
">
      <![CDATA[org.testng.TestNGException: 
Parameter 'Scope' is required by BeforeClass on method launch_website but has not been marked @Optional or defined

at java.base/java.util.ArrayList.forEach(ArrayList.java:1511)
... Removed 32 stack frames]]>
    </failure>
  </testcase> <!-- @BeforeClass launch_website -->
  <testcase classname="TestCases.BaseTest" name="@BeforeMethod loginWithValidData" time="0.0">
    <skipped/>
  </testcase> <!-- @BeforeMethod loginWithValidData -->
  <testcase classname="TestCases.BaseTest" name="@AfterMethod onTestFailure" time="0.0">
    <skipped/>
  </testcase> <!-- @AfterMethod onTestFailure -->
  <testcase classname="TestCases.BaseTest" name="@AfterMethod tearDownTestCase" time="0.0">
    <skipped/>
  </testcase> <!-- @AfterMethod tearDownTestCase -->
  <testcase classname="TestCases.BaseTest" name="@AfterClass tearDown" time="0.0">
    <skipped/>
  </testcase> <!-- @AfterClass tearDown -->
  <testcase classname="TestCases.BaseTest" name="@BeforeClass launch_website" time="-1.766394411839E9">
    <failure type="org.testng.TestNGException" message="
Parameter &amp;apos;Scope&amp;apos; is required by BeforeClass on method launch_website but has not been marked @Optional or defined
">
      <![CDATA[org.testng.TestNGException: 
Parameter 'Scope' is required by BeforeClass on method launch_website but has not been marked @Optional or defined

at java.base/java.util.ArrayList.forEach(ArrayList.java:1511)
... Removed 32 stack frames]]>
    </failure>
  </testcase> <!-- @BeforeClass launch_website -->
  <testcase classname="TestCases.BaseTest" name="@BeforeMethod loginWithValidData" time="0.0">
    <skipped/>
  </testcase> <!-- @BeforeMethod loginWithValidData -->
  <testcase classname="TestCases.BaseTest" name="@AfterMethod onTestFailure" time="0.0">
    <skipped/>
  </testcase> <!-- @AfterMethod onTestFailure -->
  <testcase classname="TestCases.BaseTest" name="@AfterMethod tearDownTestCase" time="0.0">
    <skipped/>
  </testcase> <!-- @AfterMethod tearDownTestCase -->
  <testcase classname="TestCases.BaseTest" name="@AfterClass tearDown" time="0.0">
    <skipped/>
  </testcase> <!-- @AfterClass tearDown -->
  <testcase classname="TestCases.BaseTest" name="@BeforeClass setup_driver" time="4.765">
    <failure type="org.openqa.selenium.SessionNotCreatedException" message="Could not start a new session. Possible causes are invalid address of the remote server or browser start-up failure. 
Host info: host: &amp;apos;DESKTOP-GHKE3PU&amp;apos;, ip: &amp;apos;192.168.1.2&amp;apos;">
      <![CDATA[org.openqa.selenium.SessionNotCreatedException: Could not start a new session. Possible causes are invalid address of the remote server or browser start-up failure. 
Host info: host: 'DESKTOP-GHKE3PU', ip: '192.168.1.2'
at org.openqa.selenium.remote.RemoteWebDriver.execute(RemoteWebDriver.java:537)
at org.openqa.selenium.remote.RemoteWebDriver.startSession(RemoteWebDriver.java:233)
at org.openqa.selenium.remote.RemoteWebDriver.<init>(RemoteWebDriver.java:162)
at org.openqa.selenium.chromium.ChromiumDriver.<init>(ChromiumDriver.java:114)
at org.openqa.selenium.chrome.ChromeDriver.<init>(ChromeDriver.java:89)
at org.openqa.selenium.chrome.ChromeDriver.<init>(ChromeDriver.java:84)
at org.openqa.selenium.chrome.ChromeDriver.<init>(ChromeDriver.java:73)
at TestCases.BaseTest.setup_driver(BaseTest.java:63)
at java.base/java.util.ArrayList.forEach(ArrayList.java:1511)
Caused by: org.openqa.selenium.WebDriverException: Driver server process died prematurely.
Build info: version: '4.17.0', revision: 'e52b1be057*'
System info: os.name: 'Windows 10', os.arch: 'amd64', os.version: '10.0', java.version: '17.0.9'
Driver info: driver.version: ChromeDriver
at org.openqa.selenium.remote.service.DriverService.start(DriverService.java:247)
at org.openqa.selenium.remote.service.DriverCommandExecutor.execute(DriverCommandExecutor.java:117)
at org.openqa.selenium.remote.RemoteWebDriver.execute(RemoteWebDriver.java:519)
... 42 more
... Removed 34 stack frames]]>
    </failure>
  </testcase> <!-- @BeforeClass setup_driver -->
  <testcase classname="TestCases.BaseTest" name="@BeforeClass launch_website" time="0.0">
    <skipped/>
  </testcase> <!-- @BeforeClass launch_website -->
  <testcase classname="TestCases.BaseTest" name="@BeforeMethod loginWithValidData" time="0.0">
    <skipped/>
  </testcase> <!-- @BeforeMethod loginWithValidData -->
  <testcase classname="TestCases.BaseTest" name="@AfterMethod onTestFailure" time="0.0">
    <skipped/>
  </testcase> <!-- @AfterMethod onTestFailure -->
  <testcase classname="TestCases.BaseTest" name="@AfterMethod tearDownTestCase" time="0.0">
    <skipped/>
  </testcase> <!-- @AfterMethod tearDownTestCase -->
  <testcase classname="TestCases.BaseTest" name="@AfterClass tearDown" time="0.0">
    <skipped/>
  </testcase> <!-- @AfterClass tearDown -->
  <testcase classname="TestCases.BaseTest" name="@BeforeClass setup_driver" time="1.125">
    <failure type="org.openqa.selenium.SessionNotCreatedException" message="Could not start a new session. Possible causes are invalid address of the remote server or browser start-up failure. 
Host info: host: &amp;apos;DESKTOP-GHKE3PU&amp;apos;, ip: &amp;apos;192.168.1.2&amp;apos;">
      <![CDATA[org.openqa.selenium.SessionNotCreatedException: Could not start a new session. Possible causes are invalid address of the remote server or browser start-up failure. 
Host info: host: 'DESKTOP-GHKE3PU', ip: '192.168.1.2'
at org.openqa.selenium.remote.RemoteWebDriver.execute(RemoteWebDriver.java:537)
at org.openqa.selenium.remote.RemoteWebDriver.startSession(RemoteWebDriver.java:233)
at org.openqa.selenium.remote.RemoteWebDriver.<init>(RemoteWebDriver.java:162)
at org.openqa.selenium.chromium.ChromiumDriver.<init>(ChromiumDriver.java:114)
at org.openqa.selenium.chrome.ChromeDriver.<init>(ChromeDriver.java:89)
at org.openqa.selenium.chrome.ChromeDriver.<init>(ChromeDriver.java:84)
at org.openqa.selenium.chrome.ChromeDriver.<init>(ChromeDriver.java:73)
at TestCases.BaseTest.setup_driver(BaseTest.java:63)
at java.base/java.util.ArrayList.forEach(ArrayList.java:1511)
Caused by: org.openqa.selenium.WebDriverException: Driver server process died prematurely.
Build info: version: '4.17.0', revision: 'e52b1be057*'
System info: os.name: 'Windows 10', os.arch: 'amd64', os.version: '10.0', java.version: '17.0.9'
Driver info: driver.version: ChromeDriver
at org.openqa.selenium.remote.service.DriverService.start(DriverService.java:247)
at org.openqa.selenium.remote.service.DriverCommandExecutor.execute(DriverCommandExecutor.java:117)
at org.openqa.selenium.remote.RemoteWebDriver.execute(RemoteWebDriver.java:519)
... 42 more
... Removed 34 stack frames]]>
    </failure>
  </testcase> <!-- @BeforeClass setup_driver -->
  <testcase classname="TestCases.BaseTest" name="@BeforeClass launch_website" time="0.0">
    <skipped/>
  </testcase> <!-- @BeforeClass launch_website -->
  <testcase classname="TestCases.BaseTest" name="@BeforeMethod loginWithValidData" time="0.0">
    <skipped/>
  </testcase> <!-- @BeforeMethod loginWithValidData -->
  <testcase classname="TestCases.BaseTest" name="@AfterMethod onTestFailure" time="0.0">
    <skipped/>
  </testcase> <!-- @AfterMethod onTestFailure -->
  <testcase classname="TestCases.BaseTest" name="@AfterMethod tearDownTestCase" time="0.0">
    <skipped/>
  </testcase> <!-- @AfterMethod tearDownTestCase -->
  <testcase classname="TestCases.BaseTest" name="@AfterClass tearDown" time="0.0">
    <skipped/>
  </testcase> <!-- @AfterClass tearDown -->
  <testcase classname="TestCases.BaseTest" name="@BeforeClass setup_driver" time="1.376">
    <failure type="org.openqa.selenium.SessionNotCreatedException" message="Could not start a new session. Possible causes are invalid address of the remote server or browser start-up failure. 
Host info: host: &amp;apos;DESKTOP-GHKE3PU&amp;apos;, ip: &amp;apos;192.168.1.2&amp;apos;">
      <![CDATA[org.openqa.selenium.SessionNotCreatedException: Could not start a new session. Possible causes are invalid address of the remote server or browser start-up failure. 
Host info: host: 'DESKTOP-GHKE3PU', ip: '192.168.1.2'
at org.openqa.selenium.remote.RemoteWebDriver.execute(RemoteWebDriver.java:537)
at org.openqa.selenium.remote.RemoteWebDriver.startSession(RemoteWebDriver.java:233)
at org.openqa.selenium.remote.RemoteWebDriver.<init>(RemoteWebDriver.java:162)
at org.openqa.selenium.chromium.ChromiumDriver.<init>(ChromiumDriver.java:114)
at org.openqa.selenium.chrome.ChromeDriver.<init>(ChromeDriver.java:89)
at org.openqa.selenium.chrome.ChromeDriver.<init>(ChromeDriver.java:84)
at org.openqa.selenium.chrome.ChromeDriver.<init>(ChromeDriver.java:73)
at TestCases.BaseTest.setup_driver(BaseTest.java:63)
at java.base/java.util.ArrayList.forEach(ArrayList.java:1511)
Caused by: org.openqa.selenium.WebDriverException: Driver server process died prematurely.
Build info: version: '4.17.0', revision: 'e52b1be057*'
System info: os.name: 'Windows 10', os.arch: 'amd64', os.version: '10.0', java.version: '17.0.9'
Driver info: driver.version: ChromeDriver
at org.openqa.selenium.remote.service.DriverService.start(DriverService.java:247)
at org.openqa.selenium.remote.service.DriverCommandExecutor.execute(DriverCommandExecutor.java:117)
at org.openqa.selenium.remote.RemoteWebDriver.execute(RemoteWebDriver.java:519)
... 42 more
... Removed 34 stack frames]]>
    </failure>
  </testcase> <!-- @BeforeClass setup_driver -->
  <testcase classname="TestCases.BaseTest" name="@BeforeClass launch_website" time="0.0">
    <skipped/>
  </testcase> <!-- @BeforeClass launch_website -->
  <testcase classname="TestCases.BaseTest" name="@BeforeMethod loginWithValidData" time="0.0">
    <skipped/>
  </testcase> <!-- @BeforeMethod loginWithValidData -->
  <testcase classname="TestCases.BaseTest" name="@AfterMethod onTestFailure" time="0.0">
    <skipped/>
  </testcase> <!-- @AfterMethod onTestFailure -->
  <testcase classname="TestCases.BaseTest" name="@AfterMethod tearDownTestCase" time="0.0">
    <skipped/>
  </testcase> <!-- @AfterMethod tearDownTestCase -->
  <testcase classname="TestCases.BaseTest" name="@AfterClass tearDown" time="0.0">
    <skipped/>
  </testcase> <!-- @AfterClass tearDown -->
  <testcase classname="TestCases.BaseTest" name="@BeforeClass setup_driver" time="1.243">
    <failure type="org.openqa.selenium.SessionNotCreatedException" message="Could not start a new session. Possible causes are invalid address of the remote server or browser start-up failure. 
Host info: host: &amp;apos;DESKTOP-GHKE3PU&amp;apos;, ip: &amp;apos;192.168.1.2&amp;apos;">
      <![CDATA[org.openqa.selenium.SessionNotCreatedException: Could not start a new session. Possible causes are invalid address of the remote server or browser start-up failure. 
Host info: host: 'DESKTOP-GHKE3PU', ip: '192.168.1.2'
at org.openqa.selenium.remote.RemoteWebDriver.execute(RemoteWebDriver.java:537)
at org.openqa.selenium.remote.RemoteWebDriver.startSession(RemoteWebDriver.java:233)
at org.openqa.selenium.remote.RemoteWebDriver.<init>(RemoteWebDriver.java:162)
at org.openqa.selenium.chromium.ChromiumDriver.<init>(ChromiumDriver.java:114)
at org.openqa.selenium.chrome.ChromeDriver.<init>(ChromeDriver.java:89)
at org.openqa.selenium.chrome.ChromeDriver.<init>(ChromeDriver.java:84)
at org.openqa.selenium.chrome.ChromeDriver.<init>(ChromeDriver.java:73)
at TestCases.BaseTest.setup_driver(BaseTest.java:63)
at java.base/java.util.ArrayList.forEach(ArrayList.java:1511)
Caused by: org.openqa.selenium.WebDriverException: Driver server process died prematurely.
Build info: version: '4.17.0', revision: 'e52b1be057*'
System info: os.name: 'Windows 10', os.arch: 'amd64', os.version: '10.0', java.version: '17.0.9'
Driver info: driver.version: ChromeDriver
at org.openqa.selenium.remote.service.DriverService.start(DriverService.java:247)
at org.openqa.selenium.remote.service.DriverCommandExecutor.execute(DriverCommandExecutor.java:117)
at org.openqa.selenium.remote.RemoteWebDriver.execute(RemoteWebDriver.java:519)
... 42 more
... Removed 34 stack frames]]>
    </failure>
  </testcase> <!-- @BeforeClass setup_driver -->
  <testcase classname="TestCases.BaseTest" name="@BeforeClass launch_website" time="0.0">
    <skipped/>
  </testcase> <!-- @BeforeClass launch_website -->
  <testcase classname="TestCases.BaseTest" name="@BeforeMethod loginWithValidData" time="0.0">
    <skipped/>
  </testcase> <!-- @BeforeMethod loginWithValidData -->
  <testcase classname="TestCases.BaseTest" name="@AfterMethod onTestFailure" time="0.0">
    <skipped/>
  </testcase> <!-- @AfterMethod onTestFailure -->
  <testcase classname="TestCases.BaseTest" name="@AfterMethod tearDownTestCase" time="0.0">
    <skipped/>
  </testcase> <!-- @AfterMethod tearDownTestCase -->
  <testcase classname="TestCases.BaseTest" name="@BeforeMethod loginWithValidData" time="0.0">
    <skipped/>
  </testcase> <!-- @BeforeMethod loginWithValidData -->
  <testcase classname="TestCases.BaseTest" name="@AfterMethod onTestFailure" time="0.0">
    <skipped/>
  </testcase> <!-- @AfterMethod onTestFailure -->
  <testcase classname="TestCases.BaseTest" name="@AfterMethod tearDownTestCase" time="0.0">
    <skipped/>
  </testcase> <!-- @AfterMethod tearDownTestCase -->
  <testcase classname="TestCases.BaseTest" name="@AfterClass tearDown" time="0.0">
    <skipped/>
  </testcase> <!-- @AfterClass tearDown -->
  <testcase classname="TestCases.BaseTest" name="@BeforeClass setup_driver" time="1.011">
    <failure type="org.openqa.selenium.SessionNotCreatedException" message="Could not start a new session. Possible causes are invalid address of the remote server or browser start-up failure. 
Host info: host: &amp;apos;DESKTOP-GHKE3PU&amp;apos;, ip: &amp;apos;192.168.1.2&amp;apos;">
      <![CDATA[org.openqa.selenium.SessionNotCreatedException: Could not start a new session. Possible causes are invalid address of the remote server or browser start-up failure. 
Host info: host: 'DESKTOP-GHKE3PU', ip: '192.168.1.2'
at org.openqa.selenium.remote.RemoteWebDriver.execute(RemoteWebDriver.java:537)
at org.openqa.selenium.remote.RemoteWebDriver.startSession(RemoteWebDriver.java:233)
at org.openqa.selenium.remote.RemoteWebDriver.<init>(RemoteWebDriver.java:162)
at org.openqa.selenium.chromium.ChromiumDriver.<init>(ChromiumDriver.java:114)
at org.openqa.selenium.chrome.ChromeDriver.<init>(ChromeDriver.java:89)
at org.openqa.selenium.chrome.ChromeDriver.<init>(ChromeDriver.java:84)
at org.openqa.selenium.chrome.ChromeDriver.<init>(ChromeDriver.java:73)
at TestCases.BaseTest.setup_driver(BaseTest.java:63)
at java.base/java.util.ArrayList.forEach(ArrayList.java:1511)
Caused by: org.openqa.selenium.WebDriverException: Driver server process died prematurely.
Build info: version: '4.17.0', revision: 'e52b1be057*'
System info: os.name: 'Windows 10', os.arch: 'amd64', os.version: '10.0', java.version: '17.0.9'
Driver info: driver.version: ChromeDriver
at org.openqa.selenium.remote.service.DriverService.start(DriverService.java:247)
at org.openqa.selenium.remote.service.DriverCommandExecutor.execute(DriverCommandExecutor.java:117)
at org.openqa.selenium.remote.RemoteWebDriver.execute(RemoteWebDriver.java:519)
... 42 more
... Removed 34 stack frames]]>
    </failure>
  </testcase> <!-- @BeforeClass setup_driver -->
  <testcase classname="TestCases.BaseTest" name="@BeforeClass launch_website" time="0.0">
    <skipped/>
  </testcase> <!-- @BeforeClass launch_website -->
  <testcase classname="TestCases.BaseTest" name="@BeforeMethod loginWithValidData" time="0.0">
    <skipped/>
  </testcase> <!-- @BeforeMethod loginWithValidData -->
  <testcase classname="TestCases.BaseTest" name="@AfterMethod onTestFailure" time="0.0">
    <skipped/>
  </testcase> <!-- @AfterMethod onTestFailure -->
  <testcase classname="TestCases.BaseTest" name="@AfterMethod tearDownTestCase" time="0.0">
    <skipped/>
  </testcase> <!-- @AfterMethod tearDownTestCase -->
  <testcase classname="TestCases.BaseTest" name="@BeforeMethod loginWithValidData" time="0.0">
    <skipped/>
  </testcase> <!-- @BeforeMethod loginWithValidData -->
  <testcase classname="TestCases.BaseTest" name="@AfterMethod onTestFailure" time="0.0">
    <skipped/>
  </testcase> <!-- @AfterMethod onTestFailure -->
  <testcase classname="TestCases.BaseTest" name="@AfterMethod tearDownTestCase" time="0.0">
    <skipped/>
  </testcase> <!-- @AfterMethod tearDownTestCase -->
  <testcase classname="TestCases.BaseTest" name="@BeforeMethod loginWithValidData" time="0.0">
    <skipped/>
  </testcase> <!-- @BeforeMethod loginWithValidData -->
  <testcase classname="TestCases.BaseTest" name="@AfterMethod onTestFailure" time="0.0">
    <skipped/>
  </testcase> <!-- @AfterMethod onTestFailure -->
  <testcase classname="TestCases.BaseTest" name="@AfterMethod tearDownTestCase" time="0.0">
    <skipped/>
  </testcase> <!-- @AfterMethod tearDownTestCase -->
  <testcase classname="TestCases.BaseTest" name="@BeforeMethod loginWithValidData" time="0.0">
    <skipped/>
  </testcase> <!-- @BeforeMethod loginWithValidData -->
  <testcase classname="TestCases.BaseTest" name="@AfterMethod onTestFailure" time="0.0">
    <skipped/>
  </testcase> <!-- @AfterMethod onTestFailure -->
  <testcase classname="TestCases.BaseTest" name="@AfterMethod tearDownTestCase" time="0.0">
    <skipped/>
  </testcase> <!-- @AfterMethod tearDownTestCase -->
  <testcase classname="TestCases.BaseTest" name="@BeforeMethod loginWithValidData" time="0.0">
    <skipped/>
  </testcase> <!-- @BeforeMethod loginWithValidData -->
  <testcase classname="TestCases.BaseTest" name="@AfterMethod onTestFailure" time="0.0">
    <skipped/>
  </testcase> <!-- @AfterMethod onTestFailure -->
  <testcase classname="TestCases.BaseTest" name="@AfterMethod tearDownTestCase" time="0.0">
    <skipped/>
  </testcase> <!-- @AfterMethod tearDownTestCase -->
  <testcase classname="TestCases.BaseTest" name="@BeforeMethod loginWithValidData" time="0.0">
    <skipped/>
  </testcase> <!-- @BeforeMethod loginWithValidData -->
  <testcase classname="TestCases.BaseTest" name="@AfterMethod onTestFailure" time="0.0">
    <skipped/>
  </testcase> <!-- @AfterMethod onTestFailure -->
  <testcase classname="TestCases.BaseTest" name="@AfterMethod tearDownTestCase" time="0.0">
    <skipped/>
  </testcase> <!-- @AfterMethod tearDownTestCase -->
  <testcase classname="TestCases.BaseTest" name="@AfterClass tearDown" time="0.0">
    <skipped/>
  </testcase> <!-- @AfterClass tearDown -->
  <testcase classname="TestCases.BaseTest" name="@BeforeClass setup_driver" time="1.31">
    <failure type="org.openqa.selenium.SessionNotCreatedException" message="Could not start a new session. Possible causes are invalid address of the remote server or browser start-up failure. 
Host info: host: &amp;apos;DESKTOP-GHKE3PU&amp;apos;, ip: &amp;apos;192.168.1.2&amp;apos;">
      <![CDATA[org.openqa.selenium.SessionNotCreatedException: Could not start a new session. Possible causes are invalid address of the remote server or browser start-up failure. 
Host info: host: 'DESKTOP-GHKE3PU', ip: '192.168.1.2'
at org.openqa.selenium.remote.RemoteWebDriver.execute(RemoteWebDriver.java:537)
at org.openqa.selenium.remote.RemoteWebDriver.startSession(RemoteWebDriver.java:233)
at org.openqa.selenium.remote.RemoteWebDriver.<init>(RemoteWebDriver.java:162)
at org.openqa.selenium.chromium.ChromiumDriver.<init>(ChromiumDriver.java:114)
at org.openqa.selenium.chrome.ChromeDriver.<init>(ChromeDriver.java:89)
at org.openqa.selenium.chrome.ChromeDriver.<init>(ChromeDriver.java:84)
at org.openqa.selenium.chrome.ChromeDriver.<init>(ChromeDriver.java:73)
at TestCases.BaseTest.setup_driver(BaseTest.java:63)
at java.base/java.util.ArrayList.forEach(ArrayList.java:1511)
Caused by: org.openqa.selenium.WebDriverException: Driver server process died prematurely.
Build info: version: '4.17.0', revision: 'e52b1be057*'
System info: os.name: 'Windows 10', os.arch: 'amd64', os.version: '10.0', java.version: '17.0.9'
Driver info: driver.version: ChromeDriver
at org.openqa.selenium.remote.service.DriverService.start(DriverService.java:247)
at org.openqa.selenium.remote.service.DriverCommandExecutor.execute(DriverCommandExecutor.java:117)
at org.openqa.selenium.remote.RemoteWebDriver.execute(RemoteWebDriver.java:519)
... 42 more
... Removed 34 stack frames]]>
    </failure>
  </testcase> <!-- @BeforeClass setup_driver -->
  <testcase classname="TestCases.BaseTest" name="@BeforeClass launch_website" time="0.0">
    <skipped/>
  </testcase> <!-- @BeforeClass launch_website -->
  <testcase classname="TestCases.BaseTest" name="@BeforeMethod loginWithValidData" time="0.0">
    <skipped/>
  </testcase> <!-- @BeforeMethod loginWithValidData -->
  <testcase classname="TestCases.BaseTest" name="@AfterMethod onTestFailure" time="0.0">
    <skipped/>
  </testcase> <!-- @AfterMethod onTestFailure -->
  <testcase classname="TestCases.BaseTest" name="@AfterMethod tearDownTestCase" time="0.0">
    <skipped/>
  </testcase> <!-- @AfterMethod tearDownTestCase -->
  <testcase classname="TestCases.BaseTest" name="@AfterClass tearDown" time="0.0">
    <skipped/>
  </testcase> <!-- @AfterClass tearDown -->
  <testcase classname="TestCases.BaseTest" name="@BeforeClass setup_driver" time="1.066">
    <failure type="org.openqa.selenium.SessionNotCreatedException" message="Could not start a new session. Possible causes are invalid address of the remote server or browser start-up failure. 
Host info: host: &amp;apos;DESKTOP-GHKE3PU&amp;apos;, ip: &amp;apos;192.168.1.2&amp;apos;">
      <![CDATA[org.openqa.selenium.SessionNotCreatedException: Could not start a new session. Possible causes are invalid address of the remote server or browser start-up failure. 
Host info: host: 'DESKTOP-GHKE3PU', ip: '192.168.1.2'
at org.openqa.selenium.remote.RemoteWebDriver.execute(RemoteWebDriver.java:537)
at org.openqa.selenium.remote.RemoteWebDriver.startSession(RemoteWebDriver.java:233)
at org.openqa.selenium.remote.RemoteWebDriver.<init>(RemoteWebDriver.java:162)
at org.openqa.selenium.chromium.ChromiumDriver.<init>(ChromiumDriver.java:114)
at org.openqa.selenium.chrome.ChromeDriver.<init>(ChromeDriver.java:89)
at org.openqa.selenium.chrome.ChromeDriver.<init>(ChromeDriver.java:84)
at org.openqa.selenium.chrome.ChromeDriver.<init>(ChromeDriver.java:73)
at TestCases.BaseTest.setup_driver(BaseTest.java:63)
at java.base/java.util.ArrayList.forEach(ArrayList.java:1511)
Caused by: org.openqa.selenium.WebDriverException: Driver server process died prematurely.
Build info: version: '4.17.0', revision: 'e52b1be057*'
System info: os.name: 'Windows 10', os.arch: 'amd64', os.version: '10.0', java.version: '17.0.9'
Driver info: driver.version: ChromeDriver
at org.openqa.selenium.remote.service.DriverService.start(DriverService.java:247)
at org.openqa.selenium.remote.service.DriverCommandExecutor.execute(DriverCommandExecutor.java:117)
at org.openqa.selenium.remote.RemoteWebDriver.execute(RemoteWebDriver.java:519)
... 42 more
... Removed 34 stack frames]]>
    </failure>
  </testcase> <!-- @BeforeClass setup_driver -->
  <testcase classname="TestCases.BaseTest" name="@BeforeClass launch_website" time="0.0">
    <skipped/>
  </testcase> <!-- @BeforeClass launch_website -->
  <testcase classname="TestCases.BaseTest" name="@BeforeMethod loginWithValidData" time="0.0">
    <skipped/>
  </testcase> <!-- @BeforeMethod loginWithValidData -->
  <testcase classname="TestCases.BaseTest" name="@AfterMethod onTestFailure" time="0.0">
    <skipped/>
  </testcase> <!-- @AfterMethod onTestFailure -->
  <testcase classname="TestCases.BaseTest" name="@AfterMethod tearDownTestCase" time="0.0">
    <skipped/>
  </testcase> <!-- @AfterMethod tearDownTestCase -->
  <testcase classname="TestCases.BaseTest" name="@AfterClass tearDown" time="0.0">
    <skipped/>
  </testcase> <!-- @AfterClass tearDown -->
  <testcase classname="TestCases.AddingItemsTest" name="TC01_createNewSalesAndPurchaseItemAndAddingIntoPriceList" time="0.0">
    <skipped/>
  </testcase> <!-- TC01_createNewSalesAndPurchaseItemAndAddingIntoPriceList -->
  <testcase classname="TestCases.AddingItemsTest" name="TC02_createNewSalesItem" time="0.0">
    <skipped/>
  </testcase> <!-- TC02_createNewSalesItem -->
  <testcase classname="TestCases.AddingItemsTest" name="TC03_createNewPurchaseItem" time="0.0">
    <skipped/>
  </testcase> <!-- TC03_createNewPurchaseItem -->
  <testcase classname="TestCases.AddingWareHouseTest" name="TC01_createNewWareHouse" time="0.001">
    <skipped/>
  </testcase> <!-- TC01_createNewWareHouse -->
  <testcase classname="TestCases.ComparingChartOfAccountsDataTest" name="TC01_comparingChartOfAccountsDataTest" time="0.0">
    <skipped/>
  </testcase> <!-- TC01_comparingChartOfAccountsDataTest -->
  <testcase classname="TestCases.ComparingCompaniesTest" name="TC01_comparingNumberOfCompanies" time="0.0">
    <skipped/>
  </testcase> <!-- TC01_comparingNumberOfCompanies -->
  <testcase classname="TestCases.ComparingCustomersTest" name="TC01_comparingCustomersDataAtListView" time="0.0">
    <skipped/>
  </testcase> <!-- TC01_comparingCustomersDataAtListView -->
  <testcase classname="TestCases.ComparingDeliveryNotesTest" name="TC01_comparingNumberOfDeliveryNotes" time="0.0">
    <skipped/>
  </testcase> <!-- TC01_comparingNumberOfDeliveryNotes -->
  <testcase classname="TestCases.ComparingDeliveryNotesTest" name="TC02_comparingDeliveryNotesData" time="0.0">
    <skipped/>
  </testcase> <!-- TC02_comparingDeliveryNotesData -->
  <testcase classname="TestCases.ComparingFiscalYearsTest" name="TC01_comparingNumberOfFiscalYears" time="0.0">
    <skipped/>
  </testcase> <!-- TC01_comparingNumberOfFiscalYears -->
  <testcase classname="TestCases.ComparingItemsTest" name="TC01_comparingNumberOfItems" time="0.0">
    <skipped/>
  </testcase> <!-- TC01_comparingNumberOfItems -->
  <testcase classname="TestCases.ComparingJournalEntriesTest" name="TC01_comparingNumberOfJournalEntries" time="0.0">
    <skipped/>
  </testcase> <!-- TC01_comparingNumberOfJournalEntries -->
  <testcase classname="TestCases.ComparingPaymentEntryTest" name="TC01_comparingNumberOfPaymentEntry" time="0.0">
    <skipped/>
  </testcase> <!-- TC01_comparingNumberOfPaymentEntry -->
  <testcase classname="TestCases.ComparingPurchaseInvoicesTest" name="TC01_comparingNumberOfPurchaseInvoices" time="0.001">
    <skipped/>
  </testcase> <!-- TC01_comparingNumberOfPurchaseInvoices -->
  <testcase classname="TestCases.ComparingPurchaseInvoicesTest" name="TC02_comparingPurchaseInvoiceDates" time="0.0">
    <skipped/>
  </testcase> <!-- TC02_comparingPurchaseInvoiceDates -->
  <testcase classname="TestCases.ComparingPurchaseReceiptsTest" name="TC01_comparingNumberOfPurchaseReceipt" time="0.0">
    <skipped/>
  </testcase> <!-- TC01_comparingNumberOfPurchaseReceipt -->
  <testcase classname="TestCases.ComparingPurchaseTaxesAndChargesTemplatesTest" name="TC01_comparingNumberOfPurchaseTaxesAndChargesTemplatesTet" time="0.0">
    <skipped/>
  </testcase> <!-- TC01_comparingNumberOfPurchaseTaxesAndChargesTemplatesTet -->
  <testcase classname="TestCases.ComparingReportsTest" name="TC01_comparingGeneralLedgerReportWithSpecificAccount" time="0.0">
    <skipped/>
  </testcase> <!-- TC01_comparingGeneralLedgerReportWithSpecificAccount -->
  <testcase classname="TestCases.ComparingReportsTest" name="TC02_comparingGeneralLedgerReportWithoutFiltration" time="0.0">
    <skipped/>
  </testcase> <!-- TC02_comparingGeneralLedgerReportWithoutFiltration -->
  <testcase classname="TestCases.ComparingReportsTest" name="TC04_comparingTaxDeclarationReport" time="0.0">
    <skipped/>
  </testcase> <!-- TC04_comparingTaxDeclarationReport -->
  <testcase classname="TestCases.ComparingReportsTest" name="TC05_comparingStockBalanceReport" time="0.0">
    <skipped/>
  </testcase> <!-- TC05_comparingStockBalanceReport -->
  <testcase classname="TestCases.ComparingReportsTest" name="TC07_comparingBalanceSheetReport" time="0.0">
    <skipped/>
  </testcase> <!-- TC07_comparingBalanceSheetReport -->
  <testcase classname="TestCases.ComparingReportsTest" name="TC08_comparingProfitAndLossReport" time="0.0">
    <skipped/>
  </testcase> <!-- TC08_comparingProfitAndLossReport -->
  <testcase classname="TestCases.ComparingReportsTest" name="TC09_comparingGrossProfitReport" time="0.0">
    <skipped/>
  </testcase> <!-- TC09_comparingGrossProfitReport -->
  <testcase classname="TestCases.ComparingReportsTest" name="TC010_comparingSupplierAgingDetailsReport" time="0.0">
    <skipped/>
  </testcase> <!-- TC010_comparingSupplierAgingDetailsReport -->
  <testcase classname="TestCases.ComparingReportsTest" name="TC011_comparingSalesPersonDetailedReport" time="0.0">
    <skipped/>
  </testcase> <!-- TC011_comparingSalesPersonDetailedReport -->
  <testcase classname="TestCases.ComparingSalesInvoicesTest" name="TC01_comparingSalesInvoicesAtViewList" time="0.0">
    <skipped/>
  </testcase> <!-- TC01_comparingSalesInvoicesAtViewList -->
  <testcase classname="TestCases.ComparingSalesInvoicesTest" name="TC02_comparingSalesInvoiceData" time="0.001">
    <skipped/>
  </testcase> <!-- TC02_comparingSalesInvoiceData -->
  <testcase classname="TestCases.ComparingSalesInvoicesTest" name="TC03_comparingSalesInvoiceDataAtGL" time="0.0">
    <skipped/>
  </testcase> <!-- TC03_comparingSalesInvoiceDataAtGL -->
  <testcase classname="TestCases.ComparingSalesTaxesAndChargesTemplatesTest" name="TC01_comparingNumberOfSalesTaxesAndChargesTemplatesTet" time="0.0">
    <skipped/>
  </testcase> <!-- TC01_comparingNumberOfSalesTaxesAndChargesTemplatesTet -->
  <testcase classname="TestCases.ComparingStockEntryTest" name="TC01_comparingNumberOfStockEntries" time="0.0">
    <skipped/>
  </testcase> <!-- TC01_comparingNumberOfStockEntries -->
  <testcase classname="TestCases.ComparingSuppliersTest" name="TC01_comparingSuppliersDataAtListView" time="0.0">
    <skipped/>
  </testcase> <!-- TC01_comparingSuppliersDataAtListView -->
  <testcase classname="TestCases.ComparingWareHousesTest" name="TC01_comparingNumberOfWareHouses" time="0.0">
    <skipped/>
  </testcase> <!-- TC01_comparingNumberOfWareHouses -->
  <testcase classname="TestCases.DataMigrationTest" name="TC03_syncDocTypesData" time="0.0">
    <skipped/>
  </testcase> <!-- TC03_syncDocTypesData -->
  <testcase classname="TestCases.DeliveryNotesTest" name="TC01_createNewDeliveryNote" time="0.0">
    <skipped/>
  </testcase> <!-- TC01_createNewDeliveryNote -->
  <testcase classname="TestCases.PosViewTest" name="TC01_createNewSalesInvoiceUsingPosView" time="0.0">
    <skipped/>
  </testcase> <!-- TC01_createNewSalesInvoiceUsingPosView -->
  <testcase classname="TestCases.PosViewTest" name="TC02_applyDiscountOnSalesInvoiceUsingPosView" time="0.0">
    <skipped/>
  </testcase> <!-- TC02_applyDiscountOnSalesInvoiceUsingPosView -->
  <testcase classname="TestCases.PurchaseInvoicesTest" name="TC01_createNewPurchaseInvoiceAndSubmit" time="0.0">
    <skipped/>
  </testcase> <!-- TC01_createNewPurchaseInvoiceAndSubmit -->
  <testcase classname="TestCases.PurchaseInvoicesTest" name="TC02_createNewPurchaseInvoiceFromPurchaseOrder" time="0.0">
    <skipped/>
  </testcase> <!-- TC02_createNewPurchaseInvoiceFromPurchaseOrder -->
  <testcase classname="TestCases.PurchaseInvoicesTest" name="TC03_createDebitNoteFromPurchaseInvoice" time="0.0">
    <skipped/>
  </testcase> <!-- TC03_createDebitNoteFromPurchaseInvoice -->
  <testcase classname="TestCases.PurchaseInvoicesTest" name="TC04_createPaymentForPurchaseInvoice" time="0.0">
    <skipped/>
  </testcase> <!-- TC04_createPaymentForPurchaseInvoice -->
  <testcase classname="TestCases.PurchaseInvoicesTest" name="TC05_createNewPurchaseInvoiceFromPurchaseReceipt" time="0.0">
    <skipped/>
  </testcase> <!-- TC05_createNewPurchaseInvoiceFromPurchaseReceipt -->
  <testcase classname="TestCases.PurchaseInvoicesTest" name="TC06_createNewPurchaseInvoiceAndCheckInGeneralLedgerReport" time="0.0">
    <skipped/>
  </testcase> <!-- TC06_createNewPurchaseInvoiceAndCheckInGeneralLedgerReport -->
  <testcase classname="TestCases.SalesInvoicesTest" name="TC01_createNewSalesInvoiceAndSaveOnly" time="0.0">
    <skipped/>
  </testcase> <!-- TC01_createNewSalesInvoiceAndSaveOnly -->
  <testcase classname="TestCases.SetupVmTest" name="TC01_setupVm" time="0.0">
    <skipped/>
  </testcase> <!-- TC01_setupVm -->
  <testcase classname="TestCases.DataMigrationTest" name="TC01_checkFailureVmConnection" time="0.0">
    <ignored/>
  </testcase> <!-- TC01_checkFailureVmConnection -->
  <testcase classname="TestCases.DataMigrationTest" name="TC02_checkSuccessVmConnection" time="0.0">
    <ignored/>
  </testcase> <!-- TC02_checkSuccessVmConnection -->
  <testcase classname="TestCases.SalesInvoicesTest" name="TC07_createNewSalesInvoiceFromDeliveryNote" time="0.0">
    <ignored/>
  </testcase> <!-- TC07_createNewSalesInvoiceFromDeliveryNote -->
  <testcase classname="TestCases.SalesInvoicesTest" name="TC05_createNewSalesInvoiceAndCheckInGrossProfitReport" time="0.0">
    <ignored/>
  </testcase> <!-- TC05_createNewSalesInvoiceAndCheckInGrossProfitReport -->
  <testcase classname="TestCases.SalesInvoicesTest" name="TC04_createCreditNoteFromSalesInvoice" time="0.0">
    <ignored/>
  </testcase> <!-- TC04_createCreditNoteFromSalesInvoice -->
  <testcase classname="TestCases.ComparingReportsTest" name="TC06_comparingTrialBalanceReport" time="0.0">
    <ignored/>
  </testcase> <!-- TC06_comparingTrialBalanceReport -->
  <testcase classname="TestCases.ComparingReportsTest" name="TC03_comparingCustomersAgingReport" time="0.0">
    <ignored/>
  </testcase> <!-- TC03_comparingCustomersAgingReport -->
  <testcase classname="TestCases.SalesInvoicesTest" name="TC03_createNewSalesInvoiceFromSalesOrder" time="0.0">
    <ignored/>
  </testcase> <!-- TC03_createNewSalesInvoiceFromSalesOrder -->
  <testcase classname="TestCases.SalesInvoicesTest" name="TC02_createNewSalesInvoiceAndSubmit" time="0.0">
    <ignored/>
  </testcase> <!-- TC02_createNewSalesInvoiceAndSubmit -->
  <testcase classname="TestCases.SalesInvoicesTest" name="TC08_createNewSalesInvoiceAndCheckInGeneralLedgerReport" time="0.0">
    <ignored/>
  </testcase> <!-- TC08_createNewSalesInvoiceAndCheckInGeneralLedgerReport -->
  <testcase classname="TestCases.SalesInvoicesTest" name="TC06_createPaymentForSalesInvoice" time="0.0">
    <ignored/>
  </testcase> <!-- TC06_createPaymentForSalesInvoice -->
</testsuite> <!-- Command line test -->
