{"uuid":"029b0729-52db-4249-b474-37dd89e4a103","historyId":"219ad6e9c8d2898cf5cd638111ad38d9","fullName":"TestCases.WriteOffSalesInvoicesTest.TC01_createNewSalesInvoiceAndSaveOnly","labels":[{"name":"package","value":"TestCases.WriteOffSalesInvoicesTest"},{"name":"testClass","value":"TestCases.WriteOffSalesInvoicesTest"},{"name":"testMethod","value":"TC01_createNewSalesInvoiceAndSaveOnly"},{"name":"parentSuite","value":"Regression Suite"},{"name":"suite","value":"Regression Test"},{"name":"subSuite","value":"TestCases.WriteOffSalesInvoicesTest"},{"name":"host","value":"DESKTOP-GHKE3PU"},{"name":"thread","value":"18932@DESKTOP-GHKE3PU.main(1)"},{"name":"framework","value":"testng"},{"name":"language","value":"java"}],"links":[],"name":"TC01_createNewSalesInvoiceAndSaveOnly","status":"broken","statusDetails":{"known":false,"muted":false,"flaky":false,"message":"Expected condition failed: waiting for presence of element located by: By.xpath: //*[contains(@class,'btn toolbar-btn btn-primary')]|//button[contains(text(),'معاينة')] (tried for 20 second(s) with 500 milliseconds interval)","trace":"org.openqa.selenium.TimeoutException: Expected condition failed: waiting for presence of element located by: By.xpath: //*[contains(@class,'btn toolbar-btn btn-primary')]|//button[contains(text(),'معاينة')] (tried for 20 second(s) with 500 milliseconds interval)\r\n\tat org.openqa.selenium.support.ui.WebDriverWait.timeoutException(WebDriverWait.java:84)\r\n\tat org.openqa.selenium.support.ui.FluentWait.until(FluentWait.java:228)\r\n\tat Pages.MainPage.waitUntilElementToBePresent(MainPage.java:226)\r\n\tat Pages.SalesInvoicesPage.clickOnSaveBtn(SalesInvoicesPage.java:245)\r\n\tat TestCases.WriteOffSalesInvoicesTest.TC01_createNewSalesInvoiceAndSaveOnly(WriteOffSalesInvoicesTest.java:77)\r\n\tat java.base/jdk.internal.reflect.NativeMethodAccessorImpl.invoke0(Native Method)\r\n\tat java.base/jdk.internal.reflect.NativeMethodAccessorImpl.invoke(NativeMethodAccessorImpl.java:77)\r\n\tat java.base/jdk.internal.reflect.DelegatingMethodAccessorImpl.invoke(DelegatingMethodAccessorImpl.java:43)\r\n\tat java.base/java.lang.reflect.Method.invoke(Method.java:568)\r\n\tat org.testng.internal.invokers.MethodInvocationHelper.invokeMethod(MethodInvocationHelper.java:139)\r\n\tat org.testng.internal.invokers.TestInvoker.invokeMethod(TestInvoker.java:664)\r\n\tat org.testng.internal.invokers.TestInvoker.invokeTestMethod(TestInvoker.java:228)\r\n\tat org.testng.internal.invokers.MethodRunner.runInSequence(MethodRunner.java:63)\r\n\tat org.testng.internal.invokers.TestInvoker$MethodInvocationAgent.invoke(TestInvoker.java:961)\r\n\tat org.testng.internal.invokers.TestInvoker.invokeTestMethods(TestInvoker.java:201)\r\n\tat org.testng.internal.invokers.TestMethodWorker.invokeTestMethods(TestMethodWorker.java:148)\r\n\tat org.testng.internal.invokers.TestMethodWorker.run(TestMethodWorker.java:128)\r\n\tat java.base/java.util.ArrayList.forEach(ArrayList.java:1511)\r\n\tat org.testng.TestRunner.privateRun(TestRunner.java:819)\r\n\tat org.testng.TestRunner.run(TestRunner.java:619)\r\n\tat org.testng.SuiteRunner.runTest(SuiteRunner.java:443)\r\n\tat org.testng.SuiteRunner.runSequentially(SuiteRunner.java:437)\r\n\tat org.testng.SuiteRunner.privateRun(SuiteRunner.java:397)\r\n\tat org.testng.SuiteRunner.run(SuiteRunner.java:336)\r\n\tat org.testng.SuiteRunnerWorker.runSuite(SuiteRunnerWorker.java:52)\r\n\tat org.testng.SuiteRunnerWorker.run(SuiteRunnerWorker.java:95)\r\n\tat org.testng.TestNG.runSuitesSequentially(TestNG.java:1301)\r\n\tat org.testng.TestNG.runSuitesLocally(TestNG.java:1228)\r\n\tat org.testng.TestNG.runSuites(TestNG.java:1134)\r\n\tat org.testng.TestNG.run(TestNG.java:1101)\r\n\tat com.intellij.rt.testng.IDEARemoteTestNG.run(IDEARemoteTestNG.java:66)\r\n\tat com.intellij.rt.testng.RemoteTestNGStarter.main(RemoteTestNGStarter.java:109)\r\nCaused by: org.openqa.selenium.NoSuchElementException: no such element: Unable to locate element: {\"method\":\"xpath\",\"selector\":\"//*[contains(@class,'btn toolbar-btn btn-primary')]|//button[contains(text(),'معاينة')]\"}\n  (Session info: chrome=143.0.7499.193)\nFor documentation on this error, please visit: https://www.selenium.dev/documentation/webdriver/troubleshooting/errors#no-such-element-exception\nBuild info: version: '4.17.0', revision: 'e52b1be057*'\nSystem info: os.name: 'Windows 10', os.arch: 'amd64', os.version: '10.0', java.version: '17.0.9'\nDriver info: org.openqa.selenium.chrome.ChromeDriver\nCommand: [45b4a33c2908ddd360a6009cb993c7e7, findElement {value=//*[contains(@class,'btn toolbar-btn btn-primary')]|//button[contains(text(),'معاينة')], using=xpath}]\nCapabilities {acceptInsecureCerts: false, browserName: chrome, browserVersion: 143.0.7499.193, chrome: {chromedriverVersion: 143.0.7499.192 (be2c1f4fd45..., userDataDir: C:\\Users\\ahmed\\AppData\\Loca...}, fedcm:accounts: true, goog:chromeOptions: {debuggerAddress: localhost:51811}, goog:processID: 6420, networkConnectionEnabled: false, pageLoadStrategy: normal, platformName: windows, proxy: Proxy(), se:cdp: ws://localhost:51811/devtoo..., se:cdpVersion: 143.0.7499.193, setWindowRect: true, strictFileInteractability: false, timeouts: {implicit: 0, pageLoad: 300000, script: 30000}, unhandledPromptBehavior: dismiss and notify, webauthn:extension:credBlob: true, webauthn:extension:largeBlob: true, webauthn:extension:minPinLength: true, webauthn:extension:prf: true, webauthn:virtualAuthenticators: true}\nSession ID: 45b4a33c2908ddd360a6009cb993c7e7\r\n\tat jdk.internal.reflect.GeneratedConstructorAccessor16.newInstance(Unknown Source)\r\n\tat java.base/jdk.internal.reflect.DelegatingConstructorAccessorImpl.newInstance(DelegatingConstructorAccessorImpl.java:45)\r\n\tat java.base/java.lang.reflect.Constructor.newInstanceWithCaller(Constructor.java:499)\r\n\tat java.base/java.lang.reflect.Constructor.newInstance(Constructor.java:480)\r\n\tat org.openqa.selenium.remote.codec.w3c.W3CHttpResponseCodec.createException(W3CHttpResponseCodec.java:185)\r\n\tat org.openqa.selenium.remote.codec.w3c.W3CHttpResponseCodec.decode(W3CHttpResponseCodec.java:134)\r\n\tat org.openqa.selenium.remote.codec.w3c.W3CHttpResponseCodec.decode(W3CHttpResponseCodec.java:51)\r\n\tat org.openqa.selenium.remote.HttpCommandExecutor.execute(HttpCommandExecutor.java:190)\r\n\tat org.openqa.selenium.remote.service.DriverCommandExecutor.invokeExecute(DriverCommandExecutor.java:216)\r\n\tat org.openqa.selenium.remote.service.DriverCommandExecutor.execute(DriverCommandExecutor.java:174)\r\n\tat org.openqa.selenium.remote.RemoteWebDriver.execute(RemoteWebDriver.java:519)\r\n\tat org.openqa.selenium.remote.ElementLocation$ElementFinder$2.findElement(ElementLocation.java:165)\r\n\tat org.openqa.selenium.remote.ElementLocation.findElement(ElementLocation.java:59)\r\n\tat org.openqa.selenium.remote.RemoteWebDriver.findElement(RemoteWebDriver.java:356)\r\n\tat org.openqa.selenium.remote.RemoteWebDriver.findElement(RemoteWebDriver.java:350)\r\n\tat org.openqa.selenium.support.ui.ExpectedConditions$6.apply(ExpectedConditions.java:171)\r\n\tat org.openqa.selenium.support.ui.ExpectedConditions$6.apply(ExpectedConditions.java:168)\r\n\tat org.openqa.selenium.support.ui.FluentWait.until(FluentWait.java:203)\r\n\t... 30 more\r\n"},"stage":"finished","steps":[{"name":"click on wareHouse tab ","status":"passed","stage":"finished","steps":[],"attachments":[],"parameters":[],"start":1768331229699,"stop":1768331229701},{"name":"click on item option ","status":"passed","stage":"finished","steps":[],"attachments":[],"parameters":[],"start":1768331251430,"stop":1768331251430},{"name":"click on new item btn ","status":"passed","stage":"finished","steps":[],"attachments":[],"parameters":[],"start":1768331251762,"stop":1768331251762},{"name":"enter item code","status":"passed","stage":"finished","steps":[],"attachments":[],"parameters":[],"start":1768331255490,"stop":1768331255491},{"name":"select item group ","status":"passed","stage":"finished","steps":[],"attachments":[],"parameters":[],"start":1768331255705,"stop":1768331255706},{"name":"click on save btn ","status":"passed","stage":"finished","steps":[],"attachments":[],"parameters":[],"start":1768331257826,"stop":1768331257826},{"name":"Verify the name of item  ","status":"passed","stage":"finished","steps":[],"attachments":[],"parameters":[],"start":1768331259086,"stop":1768331259086},{"name":"actual text is  item 21847868  and expected text is  item 21847868","status":"passed","stage":"finished","steps":[],"attachments":[],"parameters":[],"start":1768331259245,"stop":1768331259245},{"name":"Verify the name of current created item is existed at item list view ","status":"passed","stage":"finished","steps":[],"attachments":[],"parameters":[],"start":1768331259283,"stop":1768331259283},{"name":"navigate to item list ","status":"passed","stage":"finished","steps":[],"attachments":[],"parameters":[],"start":1768331259283,"stop":1768331259283},{"name":"click on close filter icon  ","status":"passed","stage":"finished","steps":[],"attachments":[],"parameters":[],"start":1768331266272,"stop":1768331266272},{"name":"actual text is item 21847868 and expected text is item 21847868","status":"passed","stage":"finished","steps":[],"attachments":[],"parameters":[],"start":1768331266448,"stop":1768331266448},{"name":"click on sales invoices tab ","status":"passed","stage":"finished","steps":[],"attachments":[],"parameters":[],"start":1768331266536,"stop":1768331266536},{"name":"open prices list page  ","status":"passed","stage":"finished","steps":[],"attachments":[],"parameters":[],"start":1768331266646,"stop":1768331266647},{"name":"open standard selling list","status":"passed","stage":"finished","steps":[],"attachments":[],"parameters":[],"start":1768331273845,"stop":1768331273846},{"name":"open items prices table","status":"passed","stage":"finished","steps":[],"attachments":[],"parameters":[],"start":1768331274207,"stop":1768331274207},{"name":"click on new btn","status":"passed","stage":"finished","steps":[],"attachments":[],"parameters":[],"start":1768331274897,"stop":1768331274897},{"name":"click on view complete screen btn ","status":"passed","stage":"finished","steps":[],"attachments":[],"parameters":[],"start":1768331276404,"stop":1768331276404},{"name":"enter item code ","status":"passed","stage":"finished","steps":[],"attachments":[],"parameters":[],"start":1768331277433,"stop":1768331277433},{"name":"enter item price ","status":"passed","stage":"finished","steps":[],"attachments":[],"parameters":[],"start":1768331278102,"stop":1768331278102},{"name":"click on save btn","status":"passed","stage":"finished","steps":[],"attachments":[],"parameters":[],"start":1768331278401,"stop":1768331278401},{"name":"click on sales invoice tab ","status":"passed","stage":"finished","steps":[],"attachments":[],"parameters":[],"start":1768331301885,"stop":1768331301885},{"name":"click on sales invoice option ","status":"passed","stage":"finished","steps":[],"attachments":[],"parameters":[],"start":1768331310217,"stop":1768331310217},{"name":"number of draft sales invoices at list view before creating new sales invoices 1","status":"passed","stage":"finished","steps":[],"attachments":[],"parameters":[],"start":1768331311283,"stop":1768331311283},{"name":"number of sales invoices at list view before creating new sales invoices 13","status":"passed","stage":"finished","steps":[],"attachments":[],"parameters":[],"start":1768331311363,"stop":1768331311363},{"name":"click on new sales invoice btn ","status":"passed","stage":"finished","steps":[],"attachments":[],"parameters":[],"start":1768331311394,"stop":1768331311394},{"name":"select  customer ","status":"passed","stage":"finished","steps":[],"attachments":[],"parameters":[],"start":1768331315676,"stop":1768331315676},{"name":"enter dues date  ","status":"passed","stage":"finished","steps":[],"attachments":[],"parameters":[],"start":1768331318522,"stop":1768331318522},{"name":"Scroll down to item field ","status":"passed","stage":"finished","steps":[],"attachments":[],"parameters":[],"start":1768331318820,"stop":1768331318820},{"name":" select item  ","status":"passed","stage":"finished","steps":[],"attachments":[],"parameters":[],"start":1768331319077,"stop":1768331319077},{"name":"unselect update stock opt","status":"passed","stage":"finished","steps":[],"attachments":[],"parameters":[],"start":1768331322993,"stop":1768331322993},{"name":"scroll up to save btn ","status":"passed","stage":"finished","steps":[],"attachments":[],"parameters":[],"start":1768331331262,"stop":1768331331263},{"name":" save sales invoice ","status":"passed","stage":"finished","steps":[],"attachments":[],"parameters":[],"start":1768331331476,"stop":1768331331476}],"attachments":[],"parameters":[{"name":"Scope","value":"Regression"}],"start":1768331229694,"stop":1768331352351}