{"uuid":"3bb0f7d6-38eb-408d-9e2a-9225c4f7ec78","historyId":"880d201a3147e19b49fc9fc53d96cbf","fullName":"TestCases.PosViewTest.TC01_createNewSalesInvoiceUsingPosView","labels":[{"name":"package","value":"TestCases.PosViewTest"},{"name":"testClass","value":"TestCases.PosViewTest"},{"name":"testMethod","value":"TC01_createNewSalesInvoiceUsingPosView"},{"name":"parentSuite","value":"Regression Suite"},{"name":"suite","value":"Regression Test"},{"name":"subSuite","value":"TestCases.PosViewTest"},{"name":"host","value":"DESKTOP-GHKE3PU"},{"name":"thread","value":"26536@DESKTOP-GHKE3PU.main(1)"},{"name":"framework","value":"testng"},{"name":"language","value":"java"}],"links":[],"name":"TC01_createNewSalesInvoiceUsingPosView","status":"broken","statusDetails":{"known":false,"muted":false,"flaky":false,"message":"Expected condition failed: waiting for presence of element located by: By.xpath: (//div[@class='summary-btn btn btn-default new-btn']) (tried for 30 second(s) with 500 milliseconds interval)","trace":"org.openqa.selenium.TimeoutException: Expected condition failed: waiting for presence of element located by: By.xpath: (//div[@class='summary-btn btn btn-default new-btn']) (tried for 30 second(s) with 500 milliseconds interval)\r\n\tat org.openqa.selenium.support.ui.WebDriverWait.timeoutException(WebDriverWait.java:84)\r\n\tat org.openqa.selenium.support.ui.FluentWait.until(FluentWait.java:228)\r\n\tat Pages.MainPage.waitUntilElementToBePresent(MainPage.java:228)\r\n\tat Pages.PosViewPage.createNewSalesInvoiceFromPosView(PosViewPage.java:109)\r\n\tat TestCases.PosViewTest.TC01_createNewSalesInvoiceUsingPosView(PosViewTest.java:63)\r\n\tat java.base/jdk.internal.reflect.NativeMethodAccessorImpl.invoke0(Native Method)\r\n\tat java.base/jdk.internal.reflect.NativeMethodAccessorImpl.invoke(NativeMethodAccessorImpl.java:77)\r\n\tat java.base/jdk.internal.reflect.DelegatingMethodAccessorImpl.invoke(DelegatingMethodAccessorImpl.java:43)\r\n\tat java.base/java.lang.reflect.Method.invoke(Method.java:568)\r\n\tat org.testng.internal.invokers.MethodInvocationHelper.invokeMethod(MethodInvocationHelper.java:139)\r\n\tat org.testng.internal.invokers.TestInvoker.invokeMethod(TestInvoker.java:664)\r\n\tat org.testng.internal.invokers.TestInvoker.invokeTestMethod(TestInvoker.java:228)\r\n\tat org.testng.internal.invokers.MethodRunner.runInSequence(MethodRunner.java:63)\r\n\tat org.testng.internal.invokers.TestInvoker$MethodInvocationAgent.invoke(TestInvoker.java:961)\r\n\tat org.testng.internal.invokers.TestInvoker.invokeTestMethods(TestInvoker.java:201)\r\n\tat org.testng.internal.invokers.TestMethodWorker.invokeTestMethods(TestMethodWorker.java:148)\r\n\tat org.testng.internal.invokers.TestMethodWorker.run(TestMethodWorker.java:128)\r\n\tat java.base/java.util.ArrayList.forEach(ArrayList.java:1511)\r\n\tat org.testng.TestRunner.privateRun(TestRunner.java:819)\r\n\tat org.testng.TestRunner.run(TestRunner.java:619)\r\n\tat org.testng.SuiteRunner.runTest(SuiteRunner.java:443)\r\n\tat org.testng.SuiteRunner.runSequentially(SuiteRunner.java:437)\r\n\tat org.testng.SuiteRunner.privateRun(SuiteRunner.java:397)\r\n\tat org.testng.SuiteRunner.run(SuiteRunner.java:336)\r\n\tat org.testng.SuiteRunnerWorker.runSuite(SuiteRunnerWorker.java:52)\r\n\tat org.testng.SuiteRunnerWorker.run(SuiteRunnerWorker.java:95)\r\n\tat org.testng.TestNG.runSuitesSequentially(TestNG.java:1301)\r\n\tat org.testng.TestNG.runSuitesLocally(TestNG.java:1228)\r\n\tat org.testng.TestNG.runSuites(TestNG.java:1134)\r\n\tat org.testng.TestNG.run(TestNG.java:1101)\r\n\tat com.intellij.rt.testng.IDEARemoteTestNG.run(IDEARemoteTestNG.java:66)\r\n\tat com.intellij.rt.testng.RemoteTestNGStarter.main(RemoteTestNGStarter.java:109)\r\nCaused by: org.openqa.selenium.NoSuchElementException: no such element: Unable to locate element: {\"method\":\"xpath\",\"selector\":\"(//div[@class='summary-btn btn btn-default new-btn'])\"}\n  (Session info: chrome=144.0.7559.97)\nFor documentation on this error, please visit: https://www.selenium.dev/documentation/webdriver/troubleshooting/errors#no-such-element-exception\nBuild info: version: '4.17.0', revision: 'e52b1be057*'\nSystem info: os.name: 'Windows 10', os.arch: 'amd64', os.version: '10.0', java.version: '17.0.9'\nDriver info: org.openqa.selenium.chrome.ChromeDriver\nCommand: [cd0c48abdec96597edc7d76a9a7afa09, findElement {using=xpath, value=(//div[@class='summary-btn btn btn-default new-btn'])}]\nCapabilities {acceptInsecureCerts: false, browserName: chrome, browserVersion: 144.0.7559.97, chrome: {chromedriverVersion: 144.0.7559.96 (d7b80622cfab..., userDataDir: C:\\Users\\ahmed\\AppData\\Loca...}, fedcm:accounts: true, goog:chromeOptions: {debuggerAddress: localhost:58795}, goog:processID: 23220, networkConnectionEnabled: false, pageLoadStrategy: normal, platformName: windows, proxy: Proxy(), se:cdp: ws://localhost:58795/devtoo..., se:cdpVersion: 144.0.7559.97, setWindowRect: true, strictFileInteractability: false, timeouts: {implicit: 0, pageLoad: 300000, script: 30000}, unhandledPromptBehavior: dismiss and notify, webauthn:extension:credBlob: true, webauthn:extension:largeBlob: true, webauthn:extension:minPinLength: true, webauthn:extension:prf: true, webauthn:virtualAuthenticators: true}\nSession ID: cd0c48abdec96597edc7d76a9a7afa09\r\n\tat jdk.internal.reflect.GeneratedConstructorAccessor15.newInstance(Unknown Source)\r\n\tat java.base/jdk.internal.reflect.DelegatingConstructorAccessorImpl.newInstance(DelegatingConstructorAccessorImpl.java:45)\r\n\tat java.base/java.lang.reflect.Constructor.newInstanceWithCaller(Constructor.java:499)\r\n\tat java.base/java.lang.reflect.Constructor.newInstance(Constructor.java:480)\r\n\tat org.openqa.selenium.remote.codec.w3c.W3CHttpResponseCodec.createException(W3CHttpResponseCodec.java:185)\r\n\tat org.openqa.selenium.remote.codec.w3c.W3CHttpResponseCodec.decode(W3CHttpResponseCodec.java:134)\r\n\tat org.openqa.selenium.remote.codec.w3c.W3CHttpResponseCodec.decode(W3CHttpResponseCodec.java:51)\r\n\tat org.openqa.selenium.remote.HttpCommandExecutor.execute(HttpCommandExecutor.java:190)\r\n\tat org.openqa.selenium.remote.service.DriverCommandExecutor.invokeExecute(DriverCommandExecutor.java:216)\r\n\tat org.openqa.selenium.remote.service.DriverCommandExecutor.execute(DriverCommandExecutor.java:174)\r\n\tat org.openqa.selenium.remote.RemoteWebDriver.execute(RemoteWebDriver.java:519)\r\n\tat org.openqa.selenium.remote.ElementLocation$ElementFinder$2.findElement(ElementLocation.java:165)\r\n\tat org.openqa.selenium.remote.ElementLocation.findElement(ElementLocation.java:59)\r\n\tat org.openqa.selenium.remote.RemoteWebDriver.findElement(RemoteWebDriver.java:356)\r\n\tat org.openqa.selenium.remote.RemoteWebDriver.findElement(RemoteWebDriver.java:350)\r\n\tat org.openqa.selenium.support.ui.ExpectedConditions$6.apply(ExpectedConditions.java:171)\r\n\tat org.openqa.selenium.support.ui.ExpectedConditions$6.apply(ExpectedConditions.java:168)\r\n\tat org.openqa.selenium.support.ui.FluentWait.until(FluentWait.java:203)\r\n\t... 30 more\r\n"},"stage":"finished","steps":[{"name":"click on wareHouse tab ","status":"passed","stage":"finished","steps":[],"attachments":[],"parameters":[],"start":1769437730700,"stop":1769437730701},{"name":"click on item option ","status":"passed","stage":"finished","steps":[],"attachments":[],"parameters":[],"start":1769437757531,"stop":1769437757531},{"name":"click on new item btn ","status":"passed","stage":"finished","steps":[],"attachments":[],"parameters":[],"start":1769437757780,"stop":1769437757780},{"name":"enter item code","status":"passed","stage":"finished","steps":[],"attachments":[],"parameters":[],"start":1769437763131,"stop":1769437763131},{"name":"select item group ","status":"passed","stage":"finished","steps":[],"attachments":[],"parameters":[],"start":1769437763369,"stop":1769437763370},{"name":"click on save btn ","status":"passed","stage":"finished","steps":[],"attachments":[],"parameters":[],"start":1769437765057,"stop":1769437765057},{"name":"Verify the name of item  ","status":"passed","stage":"finished","steps":[],"attachments":[],"parameters":[],"start":1769437767138,"stop":1769437767138},{"name":"actual text is  item 28247557  and expected text is  item 28247557","status":"passed","stage":"finished","steps":[],"attachments":[],"parameters":[],"start":1769437767267,"stop":1769437767267},{"name":"Verify the name of current created item is existed at item list view ","status":"passed","stage":"finished","steps":[],"attachments":[],"parameters":[],"start":1769437767300,"stop":1769437767300},{"name":"navigate to item list ","status":"passed","stage":"finished","steps":[],"attachments":[],"parameters":[],"start":1769437767300,"stop":1769437767300},{"name":"click on close filter icon  ","status":"passed","stage":"finished","steps":[],"attachments":[],"parameters":[],"start":1769437801667,"stop":1769437801667},{"name":"actual text is item 28247557 and expected text is item 28247557","status":"passed","stage":"finished","steps":[],"attachments":[],"parameters":[],"start":1769437803655,"stop":1769437803655},{"name":"click on sales invoices tab ","status":"passed","stage":"finished","steps":[],"attachments":[],"parameters":[],"start":1769437803688,"stop":1769437803688},{"name":"open prices list page  ","status":"passed","stage":"finished","steps":[],"attachments":[],"parameters":[],"start":1769437803944,"stop":1769437803945},{"name":"open standard selling list","status":"passed","stage":"finished","steps":[],"attachments":[],"parameters":[],"start":1769437810247,"stop":1769437810247},{"name":"open items prices table","status":"passed","stage":"finished","steps":[],"attachments":[],"parameters":[],"start":1769437810709,"stop":1769437810709},{"name":"click on new btn","status":"passed","stage":"finished","steps":[],"attachments":[],"parameters":[],"start":1769437811719,"stop":1769437811719},{"name":"click on view complete screen btn ","status":"passed","stage":"finished","steps":[],"attachments":[],"parameters":[],"start":1769437814038,"stop":1769437814038},{"name":"enter item code ","status":"passed","stage":"finished","steps":[],"attachments":[],"parameters":[],"start":1769437815069,"stop":1769437815069},{"name":"enter item price ","status":"passed","stage":"finished","steps":[],"attachments":[],"parameters":[],"start":1769437815765,"stop":1769437815765},{"name":"click on save btn","status":"passed","stage":"finished","steps":[],"attachments":[],"parameters":[],"start":1769437816057,"stop":1769437816057},{"name":"click on wareHouse tab ","status":"passed","stage":"finished","steps":[],"attachments":[],"parameters":[],"start":1769437830651,"stop":1769437830651},{"name":"click on purchase receipt option ","status":"passed","stage":"finished","steps":[],"attachments":[],"parameters":[],"start":1769437836963,"stop":1769437836963},{"name":"click on new purchase receipt btn ","status":"passed","stage":"finished","steps":[],"attachments":[],"parameters":[],"start":1769437837387,"stop":1769437837387},{"name":"select  supplier ","status":"passed","stage":"finished","steps":[],"attachments":[],"parameters":[],"start":1769437839258,"stop":1769437839258},{"name":"Scroll down to item field ","status":"passed","stage":"finished","steps":[],"attachments":[],"parameters":[],"start":1769437842020,"stop":1769437842020},{"name":" select item  ","status":"passed","stage":"finished","steps":[],"attachments":[],"parameters":[],"start":1769437842228,"stop":1769437842228},{"name":"scroll up to save and submit btn ","status":"passed","stage":"finished","steps":[],"attachments":[],"parameters":[],"start":1769437846181,"stop":1769437846181},{"name":"save and submit purchase receipt ","status":"passed","stage":"finished","steps":[],"attachments":[],"parameters":[],"start":1769437846382,"stop":1769437846382},{"name":"click on yes btn ","status":"passed","stage":"finished","steps":[],"attachments":[],"parameters":[],"start":1769437846526,"stop":1769437846526},{"name":"verify that the  status of created purchase receipt is submitted  ","status":"passed","stage":"finished","steps":[],"attachments":[],"parameters":[],"start":1769437847426,"stop":1769437847426},{"name":"click on sales invoice tab ","status":"passed","stage":"finished","steps":[],"attachments":[],"parameters":[],"start":1769437857422,"stop":1769437857422},{"name":"click on sales invoice option ","status":"passed","stage":"finished","steps":[],"attachments":[],"parameters":[],"start":1769437863619,"stop":1769437863619},{"name":"click on new sales invoice btn ","status":"passed","stage":"finished","steps":[],"attachments":[],"parameters":[],"start":1769437863840,"stop":1769437863840},{"name":"click on is pos view btn","status":"passed","stage":"finished","steps":[],"attachments":[],"parameters":[],"start":1769437866204,"stop":1769437866204},{"name":"click on accept btn ","status":"passed","stage":"finished","steps":[],"attachments":[],"parameters":[],"start":1769437869989,"stop":1769437869989},{"name":" select item  ","status":"passed","stage":"finished","steps":[],"attachments":[],"parameters":[],"start":1769437884602,"stop":1769437884602},{"name":"***************************","status":"passed","stage":"finished","steps":[],"attachments":[],"parameters":[],"start":1769437886176,"stop":1769437886176},{"name":" click on pay btn  ","status":"passed","stage":"finished","steps":[],"attachments":[],"parameters":[],"start":1769437914388,"stop":1769437914388},{"name":"click on complete order btn ","status":"passed","stage":"finished","steps":[],"attachments":[],"parameters":[],"start":1769437914652,"stop":1769437914652},{"name":"click on yes btn ","status":"passed","stage":"finished","steps":[],"attachments":[],"parameters":[],"start":1769437917036,"stop":1769437917036}],"attachments":[],"parameters":[{"name":"Scope","value":"Regression"}],"start":1769437730694,"stop":1769437951437}