{"uuid":"488a511c-1f8c-454e-8dee-ddf2c5310f54","historyId":"880d201a3147e19b49fc9fc53d96cbf","fullName":"TestCases.PosViewTest.TC01_createNewSalesInvoiceUsingPosView","labels":[{"name":"package","value":"TestCases.PosViewTest"},{"name":"testClass","value":"TestCases.PosViewTest"},{"name":"testMethod","value":"TC01_createNewSalesInvoiceUsingPosView"},{"name":"parentSuite","value":"Regression Suite"},{"name":"suite","value":"Regression Test"},{"name":"subSuite","value":"TestCases.PosViewTest"},{"name":"host","value":"DESKTOP-GHKE3PU"},{"name":"thread","value":"21892@DESKTOP-GHKE3PU.main(1)"},{"name":"framework","value":"testng"},{"name":"language","value":"java"}],"links":[],"name":"TC01_createNewSalesInvoiceUsingPosView","status":"broken","statusDetails":{"known":false,"muted":false,"flaky":false,"message":"Expected condition failed: waiting for presence of element located by: By.xpath: (//div[@class='summary-btn btn btn-default new-btn']) (tried for 30 second(s) with 500 milliseconds interval)","trace":"org.openqa.selenium.TimeoutException: Expected condition failed: waiting for presence of element located by: By.xpath: (//div[@class='summary-btn btn btn-default new-btn']) (tried for 30 second(s) with 500 milliseconds interval)\r\n\tat org.openqa.selenium.support.ui.WebDriverWait.timeoutException(WebDriverWait.java:84)\r\n\tat org.openqa.selenium.support.ui.FluentWait.until(FluentWait.java:228)\r\n\tat Pages.MainPage.waitUntilElementToBePresent(MainPage.java:228)\r\n\tat Pages.PosViewPage.createNewSalesInvoiceFromPosView(PosViewPage.java:109)\r\n\tat TestCases.PosViewTest.TC01_createNewSalesInvoiceUsingPosView(PosViewTest.java:63)\r\n\tat java.base/jdk.internal.reflect.NativeMethodAccessorImpl.invoke0(Native Method)\r\n\tat java.base/jdk.internal.reflect.NativeMethodAccessorImpl.invoke(NativeMethodAccessorImpl.java:77)\r\n\tat java.base/jdk.internal.reflect.DelegatingMethodAccessorImpl.invoke(DelegatingMethodAccessorImpl.java:43)\r\n\tat java.base/java.lang.reflect.Method.invoke(Method.java:568)\r\n\tat org.testng.internal.invokers.MethodInvocationHelper.invokeMethod(MethodInvocationHelper.java:139)\r\n\tat org.testng.internal.invokers.TestInvoker.invokeMethod(TestInvoker.java:664)\r\n\tat org.testng.internal.invokers.TestInvoker.invokeTestMethod(TestInvoker.java:228)\r\n\tat org.testng.internal.invokers.MethodRunner.runInSequence(MethodRunner.java:63)\r\n\tat org.testng.internal.invokers.TestInvoker$MethodInvocationAgent.invoke(TestInvoker.java:961)\r\n\tat org.testng.internal.invokers.TestInvoker.invokeTestMethods(TestInvoker.java:201)\r\n\tat org.testng.internal.invokers.TestMethodWorker.invokeTestMethods(TestMethodWorker.java:148)\r\n\tat org.testng.internal.invokers.TestMethodWorker.run(TestMethodWorker.java:128)\r\n\tat java.base/java.util.ArrayList.forEach(ArrayList.java:1511)\r\n\tat org.testng.TestRunner.privateRun(TestRunner.java:819)\r\n\tat org.testng.TestRunner.run(TestRunner.java:619)\r\n\tat org.testng.SuiteRunner.runTest(SuiteRunner.java:443)\r\n\tat org.testng.SuiteRunner.runSequentially(SuiteRunner.java:437)\r\n\tat org.testng.SuiteRunner.privateRun(SuiteRunner.java:397)\r\n\tat org.testng.SuiteRunner.run(SuiteRunner.java:336)\r\n\tat org.testng.SuiteRunnerWorker.runSuite(SuiteRunnerWorker.java:52)\r\n\tat org.testng.SuiteRunnerWorker.run(SuiteRunnerWorker.java:95)\r\n\tat org.testng.TestNG.runSuitesSequentially(TestNG.java:1301)\r\n\tat org.testng.TestNG.runSuitesLocally(TestNG.java:1228)\r\n\tat org.testng.TestNG.runSuites(TestNG.java:1134)\r\n\tat org.testng.TestNG.run(TestNG.java:1101)\r\n\tat com.intellij.rt.testng.IDEARemoteTestNG.run(IDEARemoteTestNG.java:66)\r\n\tat com.intellij.rt.testng.RemoteTestNGStarter.main(RemoteTestNGStarter.java:109)\r\nCaused by: org.openqa.selenium.NoSuchElementException: no such element: Unable to locate element: {\"method\":\"xpath\",\"selector\":\"(//div[@class='summary-btn btn btn-default new-btn'])\"}\n  (Session info: chrome=144.0.7559.97)\nFor documentation on this error, please visit: https://www.selenium.dev/documentation/webdriver/troubleshooting/errors#no-such-element-exception\nBuild info: version: '4.17.0', revision: 'e52b1be057*'\nSystem info: os.name: 'Windows 10', os.arch: 'amd64', os.version: '10.0', java.version: '17.0.9'\nDriver info: org.openqa.selenium.chrome.ChromeDriver\nCommand: [bf9a352566a926a43b8e15fc93ca2aa9, findElement {value=(//div[@class='summary-btn btn btn-default new-btn']), using=xpath}]\nCapabilities {acceptInsecureCerts: false, browserName: chrome, browserVersion: 144.0.7559.97, chrome: {chromedriverVersion: 144.0.7559.96 (d7b80622cfab..., userDataDir: C:\\Users\\ahmed\\AppData\\Loca...}, fedcm:accounts: true, goog:chromeOptions: {debuggerAddress: localhost:55219}, goog:processID: 23260, networkConnectionEnabled: false, pageLoadStrategy: normal, platformName: windows, proxy: Proxy(), se:cdp: ws://localhost:55219/devtoo..., se:cdpVersion: 144.0.7559.97, setWindowRect: true, strictFileInteractability: false, timeouts: {implicit: 0, pageLoad: 300000, script: 30000}, unhandledPromptBehavior: dismiss and notify, webauthn:extension:credBlob: true, webauthn:extension:largeBlob: true, webauthn:extension:minPinLength: true, webauthn:extension:prf: true, webauthn:virtualAuthenticators: true}\nSession ID: bf9a352566a926a43b8e15fc93ca2aa9\r\n\tat jdk.internal.reflect.GeneratedConstructorAccessor15.newInstance(Unknown Source)\r\n\tat java.base/jdk.internal.reflect.DelegatingConstructorAccessorImpl.newInstance(DelegatingConstructorAccessorImpl.java:45)\r\n\tat java.base/java.lang.reflect.Constructor.newInstanceWithCaller(Constructor.java:499)\r\n\tat java.base/java.lang.reflect.Constructor.newInstance(Constructor.java:480)\r\n\tat org.openqa.selenium.remote.codec.w3c.W3CHttpResponseCodec.createException(W3CHttpResponseCodec.java:185)\r\n\tat org.openqa.selenium.remote.codec.w3c.W3CHttpResponseCodec.decode(W3CHttpResponseCodec.java:134)\r\n\tat org.openqa.selenium.remote.codec.w3c.W3CHttpResponseCodec.decode(W3CHttpResponseCodec.java:51)\r\n\tat org.openqa.selenium.remote.HttpCommandExecutor.execute(HttpCommandExecutor.java:190)\r\n\tat org.openqa.selenium.remote.service.DriverCommandExecutor.invokeExecute(DriverCommandExecutor.java:216)\r\n\tat org.openqa.selenium.remote.service.DriverCommandExecutor.execute(DriverCommandExecutor.java:174)\r\n\tat org.openqa.selenium.remote.RemoteWebDriver.execute(RemoteWebDriver.java:519)\r\n\tat org.openqa.selenium.remote.ElementLocation$ElementFinder$2.findElement(ElementLocation.java:165)\r\n\tat org.openqa.selenium.remote.ElementLocation.findElement(ElementLocation.java:59)\r\n\tat org.openqa.selenium.remote.RemoteWebDriver.findElement(RemoteWebDriver.java:356)\r\n\tat org.openqa.selenium.remote.RemoteWebDriver.findElement(RemoteWebDriver.java:350)\r\n\tat org.openqa.selenium.support.ui.ExpectedConditions$6.apply(ExpectedConditions.java:171)\r\n\tat org.openqa.selenium.support.ui.ExpectedConditions$6.apply(ExpectedConditions.java:168)\r\n\tat org.openqa.selenium.support.ui.FluentWait.until(FluentWait.java:203)\r\n\t... 30 more\r\n"},"stage":"finished","steps":[{"name":"click on wareHouse tab ","status":"passed","stage":"finished","steps":[],"attachments":[],"parameters":[],"start":1769436725276,"stop":1769436725276},{"name":"click on item option ","status":"passed","stage":"finished","steps":[],"attachments":[],"parameters":[],"start":1769436745695,"stop":1769436745695},{"name":"click on new item btn ","status":"passed","stage":"finished","steps":[],"attachments":[],"parameters":[],"start":1769436745964,"stop":1769436745964},{"name":"enter item code","status":"passed","stage":"finished","steps":[],"attachments":[],"parameters":[],"start":1769436749764,"stop":1769436749764},{"name":"select item group ","status":"passed","stage":"finished","steps":[],"attachments":[],"parameters":[],"start":1769436750123,"stop":1769436750123},{"name":"click on save btn ","status":"passed","stage":"finished","steps":[],"attachments":[],"parameters":[],"start":1769436751913,"stop":1769436751913},{"name":"Verify the name of item  ","status":"passed","stage":"finished","steps":[],"attachments":[],"parameters":[],"start":1769436755909,"stop":1769436755909},{"name":"actual text is  item 23983977  and expected text is  item 23983977","status":"passed","stage":"finished","steps":[],"attachments":[],"parameters":[],"start":1769436756057,"stop":1769436756057},{"name":"Verify the name of current created item is existed at item list view ","status":"passed","stage":"finished","steps":[],"attachments":[],"parameters":[],"start":1769436756088,"stop":1769436756088},{"name":"navigate to item list ","status":"passed","stage":"finished","steps":[],"attachments":[],"parameters":[],"start":1769436756088,"stop":1769436756088},{"name":"click on close filter icon  ","status":"passed","stage":"finished","steps":[],"attachments":[],"parameters":[],"start":1769436786146,"stop":1769436786146},{"name":"actual text is item 23983977 and expected text is item 23983977","status":"passed","stage":"finished","steps":[],"attachments":[],"parameters":[],"start":1769436786340,"stop":1769436786341},{"name":"click on sales invoices tab ","status":"passed","stage":"finished","steps":[],"attachments":[],"parameters":[],"start":1769436786563,"stop":1769436786563},{"name":"open prices list page  ","status":"passed","stage":"finished","steps":[],"attachments":[],"parameters":[],"start":1769436786666,"stop":1769436786666},{"name":"open standard selling list","status":"passed","stage":"finished","steps":[],"attachments":[],"parameters":[],"start":1769436795902,"stop":1769436795902},{"name":"open items prices table","status":"passed","stage":"finished","steps":[],"attachments":[],"parameters":[],"start":1769436796274,"stop":1769436796274},{"name":"click on new btn","status":"passed","stage":"finished","steps":[],"attachments":[],"parameters":[],"start":1769436796987,"stop":1769436796987},{"name":"click on view complete screen btn ","status":"passed","stage":"finished","steps":[],"attachments":[],"parameters":[],"start":1769436798204,"stop":1769436798204},{"name":"enter item code ","status":"passed","stage":"finished","steps":[],"attachments":[],"parameters":[],"start":1769436799320,"stop":1769436799320},{"name":"enter item price ","status":"passed","stage":"finished","steps":[],"attachments":[],"parameters":[],"start":1769436800013,"stop":1769436800013},{"name":"click on save btn","status":"passed","stage":"finished","steps":[],"attachments":[],"parameters":[],"start":1769436800297,"stop":1769436800297},{"name":"click on wareHouse tab ","status":"passed","stage":"finished","steps":[],"attachments":[],"parameters":[],"start":1769436810136,"stop":1769436810136},{"name":"click on purchase receipt option ","status":"passed","stage":"finished","steps":[],"attachments":[],"parameters":[],"start":1769436816679,"stop":1769436816679},{"name":"click on new purchase receipt btn ","status":"passed","stage":"finished","steps":[],"attachments":[],"parameters":[],"start":1769436816940,"stop":1769436816940},{"name":"select  supplier ","status":"passed","stage":"finished","steps":[],"attachments":[],"parameters":[],"start":1769436818824,"stop":1769436818824},{"name":"Scroll down to item field ","status":"passed","stage":"finished","steps":[],"attachments":[],"parameters":[],"start":1769436821716,"stop":1769436821717},{"name":" select item  ","status":"passed","stage":"finished","steps":[],"attachments":[],"parameters":[],"start":1769436821926,"stop":1769436821926},{"name":"scroll up to save and submit btn ","status":"passed","stage":"finished","steps":[],"attachments":[],"parameters":[],"start":1769436824799,"stop":1769436824799},{"name":"save and submit purchase receipt ","status":"passed","stage":"finished","steps":[],"attachments":[],"parameters":[],"start":1769436825067,"stop":1769436825067},{"name":"click on yes btn ","status":"passed","stage":"finished","steps":[],"attachments":[],"parameters":[],"start":1769436825224,"stop":1769436825225},{"name":"verify that the  status of created purchase receipt is submitted  ","status":"passed","stage":"finished","steps":[],"attachments":[],"parameters":[],"start":1769436826015,"stop":1769436826015},{"name":"click on sales invoice tab ","status":"passed","stage":"finished","steps":[],"attachments":[],"parameters":[],"start":1769436839300,"stop":1769436839300},{"name":"click on sales invoice option ","status":"passed","stage":"finished","steps":[],"attachments":[],"parameters":[],"start":1769436845506,"stop":1769436845506},{"name":"click on new sales invoice btn ","status":"passed","stage":"finished","steps":[],"attachments":[],"parameters":[],"start":1769436845715,"stop":1769436845715},{"name":"click on is pos view btn","status":"passed","stage":"finished","steps":[],"attachments":[],"parameters":[],"start":1769436847557,"stop":1769436847557},{"name":"click on accept btn ","status":"passed","stage":"finished","steps":[],"attachments":[],"parameters":[],"start":1769436851399,"stop":1769436851399},{"name":" select item  ","status":"passed","stage":"finished","steps":[],"attachments":[],"parameters":[],"start":1769436863503,"stop":1769436863503},{"name":"***************************","status":"passed","stage":"finished","steps":[],"attachments":[],"parameters":[],"start":1769436865564,"stop":1769436865564},{"name":" click on pay btn  ","status":"passed","stage":"finished","steps":[],"attachments":[],"parameters":[],"start":1769436894074,"stop":1769436894074},{"name":"click on complete order btn ","status":"passed","stage":"finished","steps":[],"attachments":[],"parameters":[],"start":1769436894361,"stop":1769436894361},{"name":"click on yes btn ","status":"passed","stage":"finished","steps":[],"attachments":[],"parameters":[],"start":1769436896898,"stop":1769436896898}],"attachments":[],"parameters":[{"name":"Scope","value":"Regression"}],"start":1769436725272,"stop":1769436928043}