{"uuid":"6bb2b9f9-9620-401f-8b0d-cd3436b70df0","historyId":"ad5d4a7e24b38e1548f13c58e553e79a","fullName":"TestCases.PurchaseInvoicesTest.TC06_createNewPurchaseInvoiceAndCheckInGeneralLedgerReport","labels":[{"name":"package","value":"TestCases.PurchaseInvoicesTest"},{"name":"testClass","value":"TestCases.PurchaseInvoicesTest"},{"name":"testMethod","value":"TC06_createNewPurchaseInvoiceAndCheckInGeneralLedgerReport"},{"name":"parentSuite","value":"Regression Suite"},{"name":"suite","value":"Regression Test"},{"name":"subSuite","value":"TestCases.PurchaseInvoicesTest"},{"name":"host","value":"DESKTOP-GHKE3PU"},{"name":"thread","value":"33632@DESKTOP-GHKE3PU.main(1)"},{"name":"framework","value":"testng"},{"name":"language","value":"java"}],"links":[],"name":"TC06_createNewPurchaseInvoiceAndCheckInGeneralLedgerReport","status":"broken","statusDetails":{"known":false,"muted":false,"flaky":false,"message":"Expected condition failed: waiting for presence of element located by: By.xpath: //*[contains(text(),'واجهة') and contains(@class, 'btn btn-default toolbar-btn')] (tried for 20 second(s) with 500 milliseconds interval)","trace":"org.openqa.selenium.TimeoutException: Expected condition failed: waiting for presence of element located by: By.xpath: //*[contains(text(),'واجهة') and contains(@class, 'btn btn-default toolbar-btn')] (tried for 20 second(s) with 500 milliseconds interval)\r\n\tat org.openqa.selenium.support.ui.WebDriverWait.timeoutException(WebDriverWait.java:84)\r\n\tat org.openqa.selenium.support.ui.FluentWait.until(FluentWait.java:228)\r\n\tat Pages.MainPage.waitUntilElementToBePresent(MainPage.java:226)\r\n\tat Pages.PurchaseInvoicesPage.getGrandTotalAmountOfPurchaseInvoice(PurchaseInvoicesPage.java:184)\r\n\tat TestCases.PurchaseInvoicesTest.TC06_createNewPurchaseInvoiceAndCheckInGeneralLedgerReport(PurchaseInvoicesTest.java:167)\r\n\tat java.base/jdk.internal.reflect.NativeMethodAccessorImpl.invoke0(Native Method)\r\n\tat java.base/jdk.internal.reflect.NativeMethodAccessorImpl.invoke(NativeMethodAccessorImpl.java:77)\r\n\tat java.base/jdk.internal.reflect.DelegatingMethodAccessorImpl.invoke(DelegatingMethodAccessorImpl.java:43)\r\n\tat java.base/java.lang.reflect.Method.invoke(Method.java:568)\r\n\tat org.testng.internal.invokers.MethodInvocationHelper.invokeMethod(MethodInvocationHelper.java:139)\r\n\tat org.testng.internal.invokers.TestInvoker.invokeMethod(TestInvoker.java:664)\r\n\tat org.testng.internal.invokers.TestInvoker.invokeTestMethod(TestInvoker.java:228)\r\n\tat org.testng.internal.invokers.MethodRunner.runInSequence(MethodRunner.java:63)\r\n\tat org.testng.internal.invokers.TestInvoker$MethodInvocationAgent.invoke(TestInvoker.java:961)\r\n\tat org.testng.internal.invokers.TestInvoker.invokeTestMethods(TestInvoker.java:201)\r\n\tat org.testng.internal.invokers.TestMethodWorker.invokeTestMethods(TestMethodWorker.java:148)\r\n\tat org.testng.internal.invokers.TestMethodWorker.run(TestMethodWorker.java:128)\r\n\tat java.base/java.util.ArrayList.forEach(ArrayList.java:1511)\r\n\tat org.testng.TestRunner.privateRun(TestRunner.java:819)\r\n\tat org.testng.TestRunner.run(TestRunner.java:619)\r\n\tat org.testng.SuiteRunner.runTest(SuiteRunner.java:443)\r\n\tat org.testng.SuiteRunner.runSequentially(SuiteRunner.java:437)\r\n\tat org.testng.SuiteRunner.privateRun(SuiteRunner.java:397)\r\n\tat org.testng.SuiteRunner.run(SuiteRunner.java:336)\r\n\tat org.testng.SuiteRunnerWorker.runSuite(SuiteRunnerWorker.java:52)\r\n\tat org.testng.SuiteRunnerWorker.run(SuiteRunnerWorker.java:95)\r\n\tat org.testng.TestNG.runSuitesSequentially(TestNG.java:1301)\r\n\tat org.testng.TestNG.runSuitesLocally(TestNG.java:1228)\r\n\tat org.testng.TestNG.runSuites(TestNG.java:1134)\r\n\tat org.testng.TestNG.run(TestNG.java:1101)\r\n\tat com.intellij.rt.testng.IDEARemoteTestNG.run(IDEARemoteTestNG.java:66)\r\n\tat com.intellij.rt.testng.RemoteTestNGStarter.main(RemoteTestNGStarter.java:109)\r\nCaused by: org.openqa.selenium.NoSuchElementException: no such element: Unable to locate element: {\"method\":\"xpath\",\"selector\":\"//*[contains(text(),'واجهة') and contains(@class, 'btn btn-default toolbar-btn')]\"}\n  (Session info: chrome=143.0.7499.193)\nFor documentation on this error, please visit: https://www.selenium.dev/documentation/webdriver/troubleshooting/errors#no-such-element-exception\nBuild info: version: '4.17.0', revision: 'e52b1be057*'\nSystem info: os.name: 'Windows 10', os.arch: 'amd64', os.version: '10.0', java.version: '17.0.9'\nDriver info: org.openqa.selenium.chrome.ChromeDriver\nCommand: [9fb585dd972dc0a8298458ec684f2c69, findElement {value=//*[contains(text(),'واجهة') and contains(@class, 'btn btn-default toolbar-btn')], using=xpath}]\nCapabilities {acceptInsecureCerts: false, browserName: chrome, browserVersion: 143.0.7499.193, chrome: {chromedriverVersion: 143.0.7499.192 (be2c1f4fd45..., userDataDir: C:\\Users\\ahmed\\AppData\\Loca...}, fedcm:accounts: true, goog:chromeOptions: {debuggerAddress: localhost:64618}, goog:processID: 28380, networkConnectionEnabled: false, pageLoadStrategy: normal, platformName: windows, proxy: Proxy(), se:cdp: ws://localhost:64618/devtoo..., se:cdpVersion: 143.0.7499.193, setWindowRect: true, strictFileInteractability: false, timeouts: {implicit: 0, pageLoad: 300000, script: 30000}, unhandledPromptBehavior: dismiss and notify, webauthn:extension:credBlob: true, webauthn:extension:largeBlob: true, webauthn:extension:minPinLength: true, webauthn:extension:prf: true, webauthn:virtualAuthenticators: true}\nSession ID: 9fb585dd972dc0a8298458ec684f2c69\r\n\tat jdk.internal.reflect.GeneratedConstructorAccessor15.newInstance(Unknown Source)\r\n\tat java.base/jdk.internal.reflect.DelegatingConstructorAccessorImpl.newInstance(DelegatingConstructorAccessorImpl.java:45)\r\n\tat java.base/java.lang.reflect.Constructor.newInstanceWithCaller(Constructor.java:499)\r\n\tat java.base/java.lang.reflect.Constructor.newInstance(Constructor.java:480)\r\n\tat org.openqa.selenium.remote.codec.w3c.W3CHttpResponseCodec.createException(W3CHttpResponseCodec.java:185)\r\n\tat org.openqa.selenium.remote.codec.w3c.W3CHttpResponseCodec.decode(W3CHttpResponseCodec.java:134)\r\n\tat org.openqa.selenium.remote.codec.w3c.W3CHttpResponseCodec.decode(W3CHttpResponseCodec.java:51)\r\n\tat org.openqa.selenium.remote.HttpCommandExecutor.execute(HttpCommandExecutor.java:190)\r\n\tat org.openqa.selenium.remote.service.DriverCommandExecutor.invokeExecute(DriverCommandExecutor.java:216)\r\n\tat org.openqa.selenium.remote.service.DriverCommandExecutor.execute(DriverCommandExecutor.java:174)\r\n\tat org.openqa.selenium.remote.RemoteWebDriver.execute(RemoteWebDriver.java:519)\r\n\tat org.openqa.selenium.remote.ElementLocation$ElementFinder$2.findElement(ElementLocation.java:165)\r\n\tat org.openqa.selenium.remote.ElementLocation.findElement(ElementLocation.java:59)\r\n\tat org.openqa.selenium.remote.RemoteWebDriver.findElement(RemoteWebDriver.java:356)\r\n\tat org.openqa.selenium.remote.RemoteWebDriver.findElement(RemoteWebDriver.java:350)\r\n\tat org.openqa.selenium.support.ui.ExpectedConditions$6.apply(ExpectedConditions.java:171)\r\n\tat org.openqa.selenium.support.ui.ExpectedConditions$6.apply(ExpectedConditions.java:168)\r\n\tat org.openqa.selenium.support.ui.FluentWait.until(FluentWait.java:203)\r\n\t... 30 more\r\n"},"stage":"finished","steps":[{"name":"click on  accounts tab ","status":"passed","stage":"finished","steps":[],"attachments":[],"parameters":[],"start":1768925936672,"stop":1768925936673},{"name":"open companies list ","status":"passed","stage":"finished","steps":[],"attachments":[],"parameters":[],"start":1768925959408,"stop":1768925959408},{"name":"************************************","status":"passed","stage":"finished","steps":[],"attachments":[],"parameters":[],"start":1768925959561,"stop":1768925959561},{"name":"open company  ","status":"passed","stage":"finished","steps":[],"attachments":[],"parameters":[],"start":1768925961528,"stop":1768925961528},{"name":"open accounts tab  ","status":"passed","stage":"finished","steps":[],"attachments":[],"parameters":[],"start":1768925969963,"stop":1768925969963},{"name":"default credit account name is  Creditors - BD","status":"passed","stage":"finished","steps":[],"attachments":[],"parameters":[],"start":1768925981374,"stop":1768925981374},{"name":"click on close tab ","status":"passed","stage":"finished","steps":[],"attachments":[],"parameters":[],"start":1768925981411,"stop":1768925981412},{"name":"open accounts tab ","status":"passed","stage":"finished","steps":[],"attachments":[],"parameters":[],"start":1768925982594,"stop":1768925982594},{"name":"default expense account name is  Cost of Goods Sold - BD","status":"passed","stage":"finished","steps":[],"attachments":[],"parameters":[],"start":1768925991578,"stop":1768925991579},{"name":"click on close tab ","status":"passed","stage":"finished","steps":[],"attachments":[],"parameters":[],"start":1768925991607,"stop":1768925991607},{"name":"open stock tab ","status":"passed","stage":"finished","steps":[],"attachments":[],"parameters":[],"start":1768925992421,"stop":1768925992421},{"name":"default Stock Not Billed Account name is  Stock Received But Not Billed - BD","status":"passed","stage":"finished","steps":[],"attachments":[],"parameters":[],"start":1768926001395,"stop":1768926001395},{"name":"click on purchase tab ","status":"passed","stage":"finished","steps":[],"attachments":[],"parameters":[],"start":1768926010376,"stop":1768926010376},{"name":"click on purchase invoice ","status":"passed","stage":"finished","steps":[],"attachments":[],"parameters":[],"start":1768926018909,"stop":1768926018909},{"name":"click on new purchase invoice btn ","status":"passed","stage":"finished","steps":[],"attachments":[],"parameters":[],"start":1768926019131,"stop":1768926019132},{"name":"select  supplier ","status":"passed","stage":"finished","steps":[],"attachments":[],"parameters":[],"start":1768926021988,"stop":1768926021988},{"name":"Scroll down to item field ","status":"passed","stage":"finished","steps":[],"attachments":[],"parameters":[],"start":1768926032357,"stop":1768926032357},{"name":" select item  ","status":"passed","stage":"finished","steps":[],"attachments":[],"parameters":[],"start":1768926032643,"stop":1768926032643},{"name":"unselect update stock opt","status":"passed","stage":"finished","steps":[],"attachments":[],"parameters":[],"start":1768926040841,"stop":1768926040841},{"name":"scroll up to save and submit btn ","status":"passed","stage":"finished","steps":[],"attachments":[],"parameters":[],"start":1768926041458,"stop":1768926041458},{"name":"click on save and submit btn ","status":"passed","stage":"finished","steps":[],"attachments":[],"parameters":[],"start":1768926041844,"stop":1768926041844},{"name":"click on yes btn ","status":"passed","stage":"finished","steps":[],"attachments":[],"parameters":[],"start":1768926042022,"stop":1768926042022}],"attachments":[],"parameters":[{"name":"Scope","value":"Regression"}],"start":1768925936667,"stop":1768926064172}