{"uuid":"dde4be2b-4e35-4a95-ae94-fda5a526855b","historyId":"c2d756b3f23c0915e359f42ccac25a6","fullName":"TestCases.PosViewTest.TC02_applyDiscountOnSalesInvoiceUsingPosView","labels":[{"name":"package","value":"TestCases.PosViewTest"},{"name":"testClass","value":"TestCases.PosViewTest"},{"name":"testMethod","value":"TC02_applyDiscountOnSalesInvoiceUsingPosView"},{"name":"parentSuite","value":"Regression Suite"},{"name":"suite","value":"Regression Test"},{"name":"subSuite","value":"TestCases.PosViewTest"},{"name":"host","value":"DESKTOP-GHKE3PU"},{"name":"thread","value":"20516@DESKTOP-GHKE3PU.main(1)"},{"name":"framework","value":"testng"},{"name":"language","value":"java"}],"links":[],"name":"TC02_applyDiscountOnSalesInvoiceUsingPosView","status":"broken","statusDetails":{"known":false,"muted":false,"flaky":false,"message":"Expected condition failed: waiting for presence of element located by: By.xpath: (//*[contains(@class,'total-before-discount-container')]/div)[1] (tried for 30 second(s) with 500 milliseconds interval)","trace":"org.openqa.selenium.TimeoutException: Expected condition failed: waiting for presence of element located by: By.xpath: (//*[contains(@class,'total-before-discount-container')]/div)[1] (tried for 30 second(s) with 500 milliseconds interval)\r\n\tat org.openqa.selenium.support.ui.WebDriverWait.timeoutException(WebDriverWait.java:84)\r\n\tat org.openqa.selenium.support.ui.FluentWait.until(FluentWait.java:228)\r\n\tat Pages.MainPage.waitUntilElementToBePresent(MainPage.java:228)\r\n\tat Pages.PosViewPage.getTotalAmountBeforeApplyingDiscount(PosViewPage.java:209)\r\n\tat TestCases.PosViewTest.TC02_applyDiscountOnSalesInvoiceUsingPosView(PosViewTest.java:88)\r\n\tat java.base/jdk.internal.reflect.NativeMethodAccessorImpl.invoke0(Native Method)\r\n\tat java.base/jdk.internal.reflect.NativeMethodAccessorImpl.invoke(NativeMethodAccessorImpl.java:77)\r\n\tat java.base/jdk.internal.reflect.DelegatingMethodAccessorImpl.invoke(DelegatingMethodAccessorImpl.java:43)\r\n\tat java.base/java.lang.reflect.Method.invoke(Method.java:568)\r\n\tat org.testng.internal.invokers.MethodInvocationHelper.invokeMethod(MethodInvocationHelper.java:139)\r\n\tat org.testng.internal.invokers.TestInvoker.invokeMethod(TestInvoker.java:664)\r\n\tat org.testng.internal.invokers.TestInvoker.invokeTestMethod(TestInvoker.java:228)\r\n\tat org.testng.internal.invokers.MethodRunner.runInSequence(MethodRunner.java:63)\r\n\tat org.testng.internal.invokers.TestInvoker$MethodInvocationAgent.invoke(TestInvoker.java:961)\r\n\tat org.testng.internal.invokers.TestInvoker.invokeTestMethods(TestInvoker.java:201)\r\n\tat org.testng.internal.invokers.TestMethodWorker.invokeTestMethods(TestMethodWorker.java:148)\r\n\tat org.testng.internal.invokers.TestMethodWorker.run(TestMethodWorker.java:128)\r\n\tat java.base/java.util.ArrayList.forEach(ArrayList.java:1511)\r\n\tat org.testng.TestRunner.privateRun(TestRunner.java:819)\r\n\tat org.testng.TestRunner.run(TestRunner.java:619)\r\n\tat org.testng.SuiteRunner.runTest(SuiteRunner.java:443)\r\n\tat org.testng.SuiteRunner.runSequentially(SuiteRunner.java:437)\r\n\tat org.testng.SuiteRunner.privateRun(SuiteRunner.java:397)\r\n\tat org.testng.SuiteRunner.run(SuiteRunner.java:336)\r\n\tat org.testng.SuiteRunnerWorker.runSuite(SuiteRunnerWorker.java:52)\r\n\tat org.testng.SuiteRunnerWorker.run(SuiteRunnerWorker.java:95)\r\n\tat org.testng.TestNG.runSuitesSequentially(TestNG.java:1301)\r\n\tat org.testng.TestNG.runSuitesLocally(TestNG.java:1228)\r\n\tat org.testng.TestNG.runSuites(TestNG.java:1134)\r\n\tat org.testng.TestNG.run(TestNG.java:1101)\r\n\tat com.intellij.rt.testng.IDEARemoteTestNG.run(IDEARemoteTestNG.java:66)\r\n\tat com.intellij.rt.testng.RemoteTestNGStarter.main(RemoteTestNGStarter.java:109)\r\nCaused by: org.openqa.selenium.NoSuchElementException: no such element: Unable to locate element: {\"method\":\"xpath\",\"selector\":\"(//*[contains(@class,'total-before-discount-container')]/div)[1]\"}\n  (Session info: chrome=144.0.7559.97)\nFor documentation on this error, please visit: https://www.selenium.dev/documentation/webdriver/troubleshooting/errors#no-such-element-exception\nBuild info: version: '4.17.0', revision: 'e52b1be057*'\nSystem info: os.name: 'Windows 10', os.arch: 'amd64', os.version: '10.0', java.version: '17.0.9'\nDriver info: org.openqa.selenium.chrome.ChromeDriver\nCommand: [57a2d2e7cde045b0668bb5eeb5f126d4, findElement {value=(//*[contains(@class,'total-before-discount-container')]/div)[1], using=xpath}]\nCapabilities {acceptInsecureCerts: false, browserName: chrome, browserVersion: 144.0.7559.97, chrome: {chromedriverVersion: 144.0.7559.96 (d7b80622cfab..., userDataDir: C:\\Users\\ahmed\\AppData\\Loca...}, fedcm:accounts: true, goog:chromeOptions: {debuggerAddress: localhost:55116}, goog:processID: 20564, networkConnectionEnabled: false, pageLoadStrategy: normal, platformName: windows, proxy: Proxy(), se:cdp: ws://localhost:55116/devtoo..., se:cdpVersion: 144.0.7559.97, setWindowRect: true, strictFileInteractability: false, timeouts: {implicit: 0, pageLoad: 300000, script: 30000}, unhandledPromptBehavior: dismiss and notify, webauthn:extension:credBlob: true, webauthn:extension:largeBlob: true, webauthn:extension:minPinLength: true, webauthn:extension:prf: true, webauthn:virtualAuthenticators: true}\nSession ID: 57a2d2e7cde045b0668bb5eeb5f126d4\r\n\tat jdk.internal.reflect.GeneratedConstructorAccessor15.newInstance(Unknown Source)\r\n\tat java.base/jdk.internal.reflect.DelegatingConstructorAccessorImpl.newInstance(DelegatingConstructorAccessorImpl.java:45)\r\n\tat java.base/java.lang.reflect.Constructor.newInstanceWithCaller(Constructor.java:499)\r\n\tat java.base/java.lang.reflect.Constructor.newInstance(Constructor.java:480)\r\n\tat org.openqa.selenium.remote.codec.w3c.W3CHttpResponseCodec.createException(W3CHttpResponseCodec.java:185)\r\n\tat org.openqa.selenium.remote.codec.w3c.W3CHttpResponseCodec.decode(W3CHttpResponseCodec.java:134)\r\n\tat org.openqa.selenium.remote.codec.w3c.W3CHttpResponseCodec.decode(W3CHttpResponseCodec.java:51)\r\n\tat org.openqa.selenium.remote.HttpCommandExecutor.execute(HttpCommandExecutor.java:190)\r\n\tat org.openqa.selenium.remote.service.DriverCommandExecutor.invokeExecute(DriverCommandExecutor.java:216)\r\n\tat org.openqa.selenium.remote.service.DriverCommandExecutor.execute(DriverCommandExecutor.java:174)\r\n\tat org.openqa.selenium.remote.RemoteWebDriver.execute(RemoteWebDriver.java:519)\r\n\tat org.openqa.selenium.remote.ElementLocation$ElementFinder$2.findElement(ElementLocation.java:165)\r\n\tat org.openqa.selenium.remote.ElementLocation.findElement(ElementLocation.java:59)\r\n\tat org.openqa.selenium.remote.RemoteWebDriver.findElement(RemoteWebDriver.java:356)\r\n\tat org.openqa.selenium.remote.RemoteWebDriver.findElement(RemoteWebDriver.java:350)\r\n\tat org.openqa.selenium.support.ui.ExpectedConditions$6.apply(ExpectedConditions.java:171)\r\n\tat org.openqa.selenium.support.ui.ExpectedConditions$6.apply(ExpectedConditions.java:168)\r\n\tat org.openqa.selenium.support.ui.FluentWait.until(FluentWait.java:203)\r\n\t... 30 more\r\n"},"stage":"finished","steps":[{"name":"click on wareHouse tab ","status":"passed","stage":"finished","steps":[],"attachments":[],"parameters":[],"start":1769431917246,"stop":1769431917246},{"name":"click on purchase receipt option ","status":"passed","stage":"finished","steps":[],"attachments":[],"parameters":[],"start":1769431929773,"stop":1769431929773},{"name":"click on new purchase receipt btn ","status":"passed","stage":"finished","steps":[],"attachments":[],"parameters":[],"start":1769431929975,"stop":1769431929975},{"name":"select  supplier ","status":"passed","stage":"finished","steps":[],"attachments":[],"parameters":[],"start":1769431931687,"stop":1769431931687},{"name":"Scroll down to item field ","status":"passed","stage":"finished","steps":[],"attachments":[],"parameters":[],"start":1769431934089,"stop":1769431934089},{"name":" select item  ","status":"passed","stage":"finished","steps":[],"attachments":[],"parameters":[],"start":1769431934284,"stop":1769431934284},{"name":"scroll up to save and submit btn ","status":"passed","stage":"finished","steps":[],"attachments":[],"parameters":[],"start":1769431937083,"stop":1769431937083},{"name":"save and submit purchase receipt ","status":"passed","stage":"finished","steps":[],"attachments":[],"parameters":[],"start":1769431937314,"stop":1769431937314},{"name":"click on yes btn ","status":"passed","stage":"finished","steps":[],"attachments":[],"parameters":[],"start":1769431937450,"stop":1769431937450},{"name":"verify that the  status of created purchase receipt is submitted  ","status":"passed","stage":"finished","steps":[],"attachments":[],"parameters":[],"start":1769431938341,"stop":1769431938341},{"name":"click on sales invoice tab ","status":"passed","stage":"finished","steps":[],"attachments":[],"parameters":[],"start":1769431942898,"stop":1769431942898},{"name":"click on sales invoice option ","status":"passed","stage":"finished","steps":[],"attachments":[],"parameters":[],"start":1769431949169,"stop":1769431949169},{"name":"click on new sales invoice btn ","status":"passed","stage":"finished","steps":[],"attachments":[],"parameters":[],"start":1769431949389,"stop":1769431949389},{"name":"click on is pos view btn","status":"passed","stage":"finished","steps":[],"attachments":[],"parameters":[],"start":1769431951332,"stop":1769431951332},{"name":"click on accept btn ","status":"passed","stage":"finished","steps":[],"attachments":[],"parameters":[],"start":1769431961227,"stop":1769431961227},{"name":" select item  ","status":"passed","stage":"finished","steps":[],"attachments":[],"parameters":[],"start":1769431962285,"stop":1769431962285},{"name":"***************************","status":"passed","stage":"finished","steps":[],"attachments":[],"parameters":[],"start":1769431965035,"stop":1769431965035},{"name":"click on apply discount btn ","status":"passed","stage":"finished","steps":[],"attachments":[],"parameters":[],"start":1769431969214,"stop":1769431969214},{"name":"enter discount value  ","status":"passed","stage":"finished","steps":[],"attachments":[],"parameters":[],"start":1769431969495,"stop":1769431969495}],"attachments":[],"parameters":[{"name":"Scope","value":"Regression"}],"start":1769431917246,"stop":1769432000385}