<!DOCTYPE html PUBLIC "-//W3C//DTD XHTML 1.1//EN" "https://www.w3.org/TR/xhtml11/DTD/xhtml11.dtd">
<html xmlns="https://www.w3.org/1999/xhtml">
<head>
<meta http-equiv="content-type" content="text/html; charset=UTF-8"/>
<title>TestNG Report</title>
<style type="text/css">table {margin-bottom:10px;border-collapse:collapse;empty-cells:show}th,td {border:1px solid #009;padding:.25em .5em}th {vertical-align:bottom}td {vertical-align:top}table a {font-weight:bold}.stripe td {background-color: #E6EBF9}.num {text-align:right}.passedodd td {background-color: #3F3}.passedeven td {background-color: #0A0}.skippedodd td {background-color: #DDD}.skippedeven td {background-color: #CCC}.failedodd td,.attn {background-color: #F33}.failedeven td,.stripe .attn {background-color: #D00}.stacktrace {white-space:pre;font-family:monospace}.totop {font-size:85%;text-align:center;border-bottom:2px solid #000}.invisible {display:none}</style>
</head>
<body>
<table>
<tr><th>Test</th><th># Passed</th><th># Skipped</th><th># Retried</th><th># Failed</th><th>Time (ms)</th><th>Included Groups</th><th>Excluded Groups</th></tr>
<tr><th colspan="8">Command line suite</th></tr>
<tr><td><a href="#t0">Command line test</a></td><td class="num">0</td><td class="num attn">45</td><td class="num">0</td><td class="num">0</td><td class="num">112,326</td><td></td><td></td></tr>
</table>
<table id='summary'><thead><tr><th>Class</th><th>Method</th><th>Start</th><th>Time (ms)</th></tr></thead><tbody><tr><th colspan="4">Command line suite</th></tr></tbody><tbody id="t0"><tr><th colspan="4">Command line test &#8212; failed (configuration methods)</th></tr><tr class="failedeven"><td rowspan="1">TestCases.AddingItemsTest</td><td><a href="#m0">launch_website</a></td><td rowspan="1">1766394315851</td><td rowspan="1">-1766394315851</td></tr><tr class="failedodd"><td rowspan="1">TestCases.AddingWareHouseTest</td><td><a href="#m1">launch_website</a></td><td rowspan="1">1766394318812</td><td rowspan="1">-1766394318812</td></tr><tr class="failedeven"><td rowspan="1">TestCases.ComparingChartOfAccountsDataTest</td><td><a href="#m2">launch_website</a></td><td rowspan="1">1766394321602</td><td rowspan="1">-1766394321602</td></tr><tr class="failedodd"><td rowspan="1">TestCases.ComparingCompaniesTest</td><td><a href="#m3">launch_website</a></td><td rowspan="1">1766394324361</td><td rowspan="1">-1766394324361</td></tr><tr class="failedeven"><td rowspan="1">TestCases.ComparingCustomersTest</td><td><a href="#m4">launch_website</a></td><td rowspan="1">1766394327524</td><td rowspan="1">-1766394327524</td></tr><tr class="failedodd"><td rowspan="1">TestCases.ComparingDeliveryNotesTest</td><td><a href="#m5">launch_website</a></td><td rowspan="1">1766394333335</td><td rowspan="1">-1766394333335</td></tr><tr class="failedeven"><td rowspan="1">TestCases.ComparingFiscalYearsTest</td><td><a href="#m6">launch_website</a></td><td rowspan="1">1766394338781</td><td rowspan="1">-1766394338781</td></tr><tr class="failedodd"><td rowspan="1">TestCases.ComparingItemsTest</td><td><a href="#m7">launch_website</a></td><td rowspan="1">1766394344761</td><td rowspan="1">-1766394344761</td></tr><tr class="failedeven"><td rowspan="1">TestCases.ComparingJournalEntriesTest</td><td><a href="#m8">launch_website</a></td><td rowspan="1">1766394371437</td><td rowspan="1">-1766394371437</td></tr><tr class="failedodd"><td rowspan="1">TestCases.ComparingPaymentEntryTest</td><td><a href="#m9">launch_website</a></td><td rowspan="1">1766394374370</td><td rowspan="1">-1766394374370</td></tr><tr class="failedeven"><td rowspan="1">TestCases.ComparingPurchaseInvoicesTest</td><td><a href="#m10">launch_website</a></td><td rowspan="1">1766394377703</td><td rowspan="1">-1766394377703</td></tr><tr class="failedodd"><td rowspan="1">TestCases.ComparingPurchaseReceiptsTest</td><td><a href="#m11">launch_website</a></td><td rowspan="1">1766394380901</td><td rowspan="1">-1766394380901</td></tr><tr class="failedeven"><td rowspan="1">TestCases.ComparingPurchaseTaxesAndChargesTemplatesTest</td><td><a href="#m12">launch_website</a></td><td rowspan="1">1766394384387</td><td rowspan="1">-1766394384387</td></tr><tr class="failedodd"><td rowspan="1">TestCases.ComparingReportsTest</td><td><a href="#m13">launch_website</a></td><td rowspan="1">1766394388549</td><td rowspan="1">-1766394388549</td></tr><tr class="failedeven"><td rowspan="1">TestCases.ComparingSalesInvoicesTest</td><td><a href="#m14">launch_website</a></td><td rowspan="1">1766394394777</td><td rowspan="1">-1766394394777</td></tr><tr class="failedodd"><td rowspan="1">TestCases.ComparingSalesTaxesAndChargesTemplatesTest</td><td><a href="#m15">launch_website</a></td><td rowspan="1">1766394399246</td><td rowspan="1">-1766394399246</td></tr><tr class="failedeven"><td rowspan="1">TestCases.ComparingStockEntryTest</td><td><a href="#m16">launch_website</a></td><td rowspan="1">1766394407675</td><td rowspan="1">-1766394407675</td></tr><tr class="failedodd"><td rowspan="1">TestCases.ComparingSuppliersTest</td><td><a href="#m17">launch_website</a></td><td rowspan="1">1766394411839</td><td rowspan="1">-1766394411839</td></tr><tr class="failedeven"><td rowspan="1">TestCases.ComparingWareHousesTest</td><td><a href="#m18">setup_driver</a></td><td rowspan="1">1766394411854</td><td rowspan="1">4765</td></tr><tr class="failedodd"><td rowspan="1">TestCases.DataMigrationTest</td><td><a href="#m19">setup_driver</a></td><td rowspan="1">1766394416634</td><td rowspan="1">1125</td></tr><tr class="failedeven"><td rowspan="1">TestCases.DeliveryNotesTest</td><td><a href="#m20">setup_driver</a></td><td rowspan="1">1766394417775</td><td rowspan="1">1376</td></tr><tr class="failedodd"><td rowspan="1">TestCases.PosViewTest</td><td><a href="#m21">setup_driver</a></td><td rowspan="1">1766394419182</td><td rowspan="1">1243</td></tr><tr class="failedeven"><td rowspan="1">TestCases.PurchaseInvoicesTest</td><td><a href="#m22">setup_driver</a></td><td rowspan="1">1766394420531</td><td rowspan="1">1011</td></tr><tr class="failedodd"><td rowspan="1">TestCases.SalesInvoicesTest</td><td><a href="#m23">setup_driver</a></td><td rowspan="1">1766394421753</td><td rowspan="1">1310</td></tr><tr class="failedeven"><td rowspan="1">TestCases.SetupVmTest</td><td><a href="#m24">setup_driver</a></td><td rowspan="1">1766394423093</td><td rowspan="1">1066</td></tr><tr><th colspan="4">Command line test &#8212; skipped (configuration methods)</th></tr><tr class="skippedeven"><td rowspan="10">TestCases.AddingItemsTest</td><td><a href="#m25">loginWithValidData</a></td><td rowspan="3">1766394316089</td><td rowspan="3">0</td></tr><tr class="skippedeven"><td><a href="#m26">loginWithValidData</a></td></tr><tr class="skippedeven"><td><a href="#m27">loginWithValidData</a></td></tr><tr class="skippedeven"><td><a href="#m28">onTestFailure</a></td><td rowspan="3">1766394316097</td><td rowspan="3">0</td></tr><tr class="skippedeven"><td><a href="#m29">onTestFailure</a></td></tr><tr class="skippedeven"><td><a href="#m30">onTestFailure</a></td></tr><tr class="skippedeven"><td><a href="#m31">tearDown</a></td><td rowspan="1">1766394316111</td><td rowspan="1">0</td></tr><tr class="skippedeven"><td><a href="#m32">tearDownTestCase</a></td><td rowspan="3">1766394316106</td><td rowspan="3">0</td></tr><tr class="skippedeven"><td><a href="#m33">tearDownTestCase</a></td></tr><tr class="skippedeven"><td><a href="#m34">tearDownTestCase</a></td></tr><tr class="skippedodd"><td rowspan="4">TestCases.AddingWareHouseTest</td><td><a href="#m35">loginWithValidData</a></td><td rowspan="1">1766394318848</td><td rowspan="1">0</td></tr><tr class="skippedodd"><td><a href="#m36">onTestFailure</a></td><td rowspan="1">1766394318858</td><td rowspan="1">0</td></tr><tr class="skippedodd"><td><a href="#m37">tearDown</a></td><td rowspan="1">1766394318863</td><td rowspan="1">0</td></tr><tr class="skippedodd"><td><a href="#m38">tearDownTestCase</a></td><td rowspan="1">1766394318860</td><td rowspan="1">0</td></tr><tr class="skippedeven"><td rowspan="4">TestCases.ComparingChartOfAccountsDataTest</td><td><a href="#m39">loginWithValidData</a></td><td rowspan="1">1766394321615</td><td rowspan="1">0</td></tr><tr class="skippedeven"><td><a href="#m40">onTestFailure</a></td><td rowspan="1">1766394321624</td><td rowspan="1">0</td></tr><tr class="skippedeven"><td><a href="#m41">tearDown</a></td><td rowspan="1">1766394321645</td><td rowspan="1">0</td></tr><tr class="skippedeven"><td><a href="#m42">tearDownTestCase</a></td><td rowspan="1">1766394321643</td><td rowspan="1">0</td></tr><tr class="skippedodd"><td rowspan="4">TestCases.ComparingCompaniesTest</td><td><a href="#m43">loginWithValidData</a></td><td rowspan="1">1766394324376</td><td rowspan="1">0</td></tr><tr class="skippedodd"><td><a href="#m44">onTestFailure</a></td><td rowspan="1">1766394324396</td><td rowspan="1">0</td></tr><tr class="skippedodd"><td><a href="#m45">tearDown</a></td><td rowspan="1">1766394324416</td><td rowspan="1">0</td></tr><tr class="skippedodd"><td><a href="#m46">tearDownTestCase</a></td><td rowspan="1">1766394324399</td><td rowspan="1">0</td></tr><tr class="skippedeven"><td rowspan="4">TestCases.ComparingCustomersTest</td><td><a href="#m47">loginWithValidData</a></td><td rowspan="1">1766394327532</td><td rowspan="1">0</td></tr><tr class="skippedeven"><td><a href="#m48">onTestFailure</a></td><td rowspan="1">1766394327543</td><td rowspan="1">0</td></tr><tr class="skippedeven"><td><a href="#m49">tearDown</a></td><td rowspan="1">1766394327547</td><td rowspan="1">0</td></tr><tr class="skippedeven"><td><a href="#m50">tearDownTestCase</a></td><td rowspan="1">1766394327545</td><td rowspan="1">0</td></tr><tr class="skippedodd"><td rowspan="7">TestCases.ComparingDeliveryNotesTest</td><td><a href="#m51">loginWithValidData</a></td><td rowspan="2">1766394333422</td><td rowspan="2">0</td></tr><tr class="skippedodd"><td><a href="#m52">loginWithValidData</a></td></tr><tr class="skippedodd"><td><a href="#m53">onTestFailure</a></td><td rowspan="2">1766394333432</td><td rowspan="2">0</td></tr><tr class="skippedodd"><td><a href="#m54">onTestFailure</a></td></tr><tr class="skippedodd"><td><a href="#m55">tearDown</a></td><td rowspan="1">1766394333471</td><td rowspan="1">0</td></tr><tr class="skippedodd"><td><a href="#m56">tearDownTestCase</a></td><td rowspan="2">1766394333415</td><td rowspan="2">0</td></tr><tr class="skippedodd"><td><a href="#m57">tearDownTestCase</a></td></tr><tr class="skippedeven"><td rowspan="4">TestCases.ComparingFiscalYearsTest</td><td><a href="#m58">loginWithValidData</a></td><td rowspan="1">1766394338795</td><td rowspan="1">0</td></tr><tr class="skippedeven"><td><a href="#m59">onTestFailure</a></td><td rowspan="1">1766394338809</td><td rowspan="1">0</td></tr><tr class="skippedeven"><td><a href="#m60">tearDown</a></td><td rowspan="1">1766394338840</td><td rowspan="1">0</td></tr><tr class="skippedeven"><td><a href="#m61">tearDownTestCase</a></td><td rowspan="1">1766394338837</td><td rowspan="1">0</td></tr><tr class="skippedodd"><td rowspan="4">TestCases.ComparingItemsTest</td><td><a href="#m62">loginWithValidData</a></td><td rowspan="1">1766394344793</td><td rowspan="1">0</td></tr><tr class="skippedodd"><td><a href="#m63">onTestFailure</a></td><td rowspan="1">1766394344817</td><td rowspan="1">0</td></tr><tr class="skippedodd"><td><a href="#m64">tearDown</a></td><td rowspan="1">1766394344870</td><td rowspan="1">0</td></tr><tr class="skippedodd"><td><a href="#m65">tearDownTestCase</a></td><td rowspan="1">1766394344862</td><td rowspan="1">0</td></tr><tr class="skippedeven"><td rowspan="4">TestCases.ComparingJournalEntriesTest</td><td><a href="#m66">loginWithValidData</a></td><td rowspan="1">1766394371445</td><td rowspan="1">0</td></tr><tr class="skippedeven"><td><a href="#m67">onTestFailure</a></td><td rowspan="1">1766394371452</td><td rowspan="1">0</td></tr><tr class="skippedeven"><td><a href="#m68">tearDown</a></td><td rowspan="1">1766394371466</td><td rowspan="1">0</td></tr><tr class="skippedeven"><td><a href="#m69">tearDownTestCase</a></td><td rowspan="1">1766394371462</td><td rowspan="1">0</td></tr><tr class="skippedodd"><td rowspan="4">TestCases.ComparingPaymentEntryTest</td><td><a href="#m70">loginWithValidData</a></td><td rowspan="1">1766394374388</td><td rowspan="1">0</td></tr><tr class="skippedodd"><td><a href="#m71">onTestFailure</a></td><td rowspan="1">1766394374426</td><td rowspan="1">0</td></tr><tr class="skippedodd"><td><a href="#m72">tearDown</a></td><td rowspan="1">1766394374431</td><td rowspan="1">0</td></tr><tr class="skippedodd"><td><a href="#m73">tearDownTestCase</a></td><td rowspan="1">1766394374429</td><td rowspan="1">0</td></tr><tr class="skippedeven"><td rowspan="7">TestCases.ComparingPurchaseInvoicesTest</td><td><a href="#m74">loginWithValidData</a></td><td rowspan="2">1766394377744</td><td rowspan="2">0</td></tr><tr class="skippedeven"><td><a href="#m75">loginWithValidData</a></td></tr><tr class="skippedeven"><td><a href="#m76">onTestFailure</a></td><td rowspan="2">1766394377752</td><td rowspan="2">0</td></tr><tr class="skippedeven"><td><a href="#m77">onTestFailure</a></td></tr><tr class="skippedeven"><td><a href="#m78">tearDown</a></td><td rowspan="1">1766394377755</td><td rowspan="1">0</td></tr><tr class="skippedeven"><td><a href="#m79">tearDownTestCase</a></td><td rowspan="2">1766394377737</td><td rowspan="2">0</td></tr><tr class="skippedeven"><td><a href="#m80">tearDownTestCase</a></td></tr><tr class="skippedodd"><td rowspan="4">TestCases.ComparingPurchaseReceiptsTest</td><td><a href="#m81">loginWithValidData</a></td><td rowspan="1">1766394380936</td><td rowspan="1">0</td></tr><tr class="skippedodd"><td><a href="#m82">onTestFailure</a></td><td rowspan="1">1766394380961</td><td rowspan="1">0</td></tr><tr class="skippedodd"><td><a href="#m83">tearDown</a></td><td rowspan="1">1766394380984</td><td rowspan="1">0</td></tr><tr class="skippedodd"><td><a href="#m84">tearDownTestCase</a></td><td rowspan="1">1766394380976</td><td rowspan="1">0</td></tr><tr class="skippedeven"><td rowspan="4">TestCases.ComparingPurchaseTaxesAndChargesTemplatesTest</td><td><a href="#m85">loginWithValidData</a></td><td rowspan="1">1766394384397</td><td rowspan="1">0</td></tr><tr class="skippedeven"><td><a href="#m86">onTestFailure</a></td><td rowspan="1">1766394384404</td><td rowspan="1">0</td></tr><tr class="skippedeven"><td><a href="#m87">tearDown</a></td><td rowspan="1">1766394384410</td><td rowspan="1">0</td></tr><tr class="skippedeven"><td><a href="#m88">tearDownTestCase</a></td><td rowspan="1">1766394384407</td><td rowspan="1">0</td></tr><tr class="skippedodd"><td rowspan="28">TestCases.ComparingReportsTest</td><td><a href="#m89">loginWithValidData</a></td><td rowspan="9">1766394388554</td><td rowspan="9">0</td></tr><tr class="skippedodd"><td><a href="#m90">loginWithValidData</a></td></tr><tr class="skippedodd"><td><a href="#m91">loginWithValidData</a></td></tr><tr class="skippedodd"><td><a href="#m92">loginWithValidData</a></td></tr><tr class="skippedodd"><td><a href="#m93">loginWithValidData</a></td></tr><tr class="skippedodd"><td><a href="#m94">loginWithValidData</a></td></tr><tr class="skippedodd"><td><a href="#m95">loginWithValidData</a></td></tr><tr class="skippedodd"><td><a href="#m96">loginWithValidData</a></td></tr><tr class="skippedodd"><td><a href="#m97">loginWithValidData</a></td></tr><tr class="skippedodd"><td><a href="#m98">onTestFailure</a></td><td rowspan="9">1766394388607</td><td rowspan="9">0</td></tr><tr class="skippedodd"><td><a href="#m99">onTestFailure</a></td></tr><tr class="skippedodd"><td><a href="#m100">onTestFailure</a></td></tr><tr class="skippedodd"><td><a href="#m101">onTestFailure</a></td></tr><tr class="skippedodd"><td><a href="#m102">onTestFailure</a></td></tr><tr class="skippedodd"><td><a href="#m103">onTestFailure</a></td></tr><tr class="skippedodd"><td><a href="#m104">onTestFailure</a></td></tr><tr class="skippedodd"><td><a href="#m105">onTestFailure</a></td></tr><tr class="skippedodd"><td><a href="#m106">onTestFailure</a></td></tr><tr class="skippedodd"><td><a href="#m107">tearDown</a></td><td rowspan="1">1766394388689</td><td rowspan="1">0</td></tr><tr class="skippedodd"><td><a href="#m108">tearDownTestCase</a></td><td rowspan="9">1766394388607</td><td rowspan="9">0</td></tr><tr class="skippedodd"><td><a href="#m109">tearDownTestCase</a></td></tr><tr class="skippedodd"><td><a href="#m110">tearDownTestCase</a></td></tr><tr class="skippedodd"><td><a href="#m111">tearDownTestCase</a></td></tr><tr class="skippedodd"><td><a href="#m112">tearDownTestCase</a></td></tr><tr class="skippedodd"><td><a href="#m113">tearDownTestCase</a></td></tr><tr class="skippedodd"><td><a href="#m114">tearDownTestCase</a></td></tr><tr class="skippedodd"><td><a href="#m115">tearDownTestCase</a></td></tr><tr class="skippedodd"><td><a href="#m116">tearDownTestCase</a></td></tr><tr class="skippedeven"><td rowspan="10">TestCases.ComparingSalesInvoicesTest</td><td><a href="#m117">loginWithValidData</a></td><td rowspan="3">1766394394801</td><td rowspan="3">0</td></tr><tr class="skippedeven"><td><a href="#m118">loginWithValidData</a></td></tr><tr class="skippedeven"><td><a href="#m119">loginWithValidData</a></td></tr><tr class="skippedeven"><td><a href="#m120">onTestFailure</a></td><td rowspan="3">1766394394808</td><td rowspan="3">0</td></tr><tr class="skippedeven"><td><a href="#m121">onTestFailure</a></td></tr><tr class="skippedeven"><td><a href="#m122">onTestFailure</a></td></tr><tr class="skippedeven"><td><a href="#m123">tearDown</a></td><td rowspan="1">1766394394853</td><td rowspan="1">0</td></tr><tr class="skippedeven"><td><a href="#m124">tearDownTestCase</a></td><td rowspan="3">1766394394853</td><td rowspan="3">0</td></tr><tr class="skippedeven"><td><a href="#m125">tearDownTestCase</a></td></tr><tr class="skippedeven"><td><a href="#m126">tearDownTestCase</a></td></tr><tr class="skippedodd"><td rowspan="4">TestCases.ComparingSalesTaxesAndChargesTemplatesTest</td><td><a href="#m127">loginWithValidData</a></td><td rowspan="1">1766394399259</td><td rowspan="1">0</td></tr><tr class="skippedodd"><td><a href="#m128">onTestFailure</a></td><td rowspan="1">1766394399263</td><td rowspan="1">0</td></tr><tr class="skippedodd"><td><a href="#m129">tearDown</a></td><td rowspan="1">1766394399267</td><td rowspan="1">0</td></tr><tr class="skippedodd"><td><a href="#m130">tearDownTestCase</a></td><td rowspan="1">1766394399266</td><td rowspan="1">0</td></tr><tr class="skippedeven"><td rowspan="4">TestCases.ComparingStockEntryTest</td><td><a href="#m131">loginWithValidData</a></td><td rowspan="1">1766394407682</td><td rowspan="1">0</td></tr><tr class="skippedeven"><td><a href="#m132">onTestFailure</a></td><td rowspan="1">1766394407690</td><td rowspan="1">0</td></tr><tr class="skippedeven"><td><a href="#m133">tearDown</a></td><td rowspan="1">1766394407699</td><td rowspan="1">0</td></tr><tr class="skippedeven"><td><a href="#m134">tearDownTestCase</a></td><td rowspan="1">1766394407697</td><td rowspan="1">0</td></tr><tr class="skippedodd"><td rowspan="4">TestCases.ComparingSuppliersTest</td><td><a href="#m135">loginWithValidData</a></td><td rowspan="1">1766394411845</td><td rowspan="1">0</td></tr><tr class="skippedodd"><td><a href="#m136">onTestFailure</a></td><td rowspan="1">1766394411849</td><td rowspan="1">0</td></tr><tr class="skippedodd"><td><a href="#m137">tearDown</a></td><td rowspan="1">1766394411853</td><td rowspan="1">0</td></tr><tr class="skippedodd"><td><a href="#m138">tearDownTestCase</a></td><td rowspan="1">1766394411851</td><td rowspan="1">0</td></tr><tr class="skippedeven"><td rowspan="5">TestCases.ComparingWareHousesTest</td><td><a href="#m139">launch_website</a></td><td rowspan="1">1766394416634</td><td rowspan="1">0</td></tr><tr class="skippedeven"><td><a href="#m140">loginWithValidData</a></td><td rowspan="1">1766394416634</td><td rowspan="1">0</td></tr><tr class="skippedeven"><td><a href="#m141">onTestFailure</a></td><td rowspan="1">1766394416634</td><td rowspan="1">0</td></tr><tr class="skippedeven"><td><a href="#m142">tearDown</a></td><td rowspan="1">1766394416634</td><td rowspan="1">0</td></tr><tr class="skippedeven"><td><a href="#m143">tearDownTestCase</a></td><td rowspan="1">1766394416634</td><td rowspan="1">0</td></tr><tr class="skippedodd"><td rowspan="5">TestCases.DataMigrationTest</td><td><a href="#m144">launch_website</a></td><td rowspan="1">1766394417764</td><td rowspan="1">0</td></tr><tr class="skippedodd"><td><a href="#m145">loginWithValidData</a></td><td rowspan="1">1766394417765</td><td rowspan="1">0</td></tr><tr class="skippedodd"><td><a href="#m146">onTestFailure</a></td><td rowspan="1">1766394417770</td><td rowspan="1">0</td></tr><tr class="skippedodd"><td><a href="#m147">tearDown</a></td><td rowspan="1">1766394417774</td><td rowspan="1">0</td></tr><tr class="skippedodd"><td><a href="#m148">tearDownTestCase</a></td><td rowspan="1">1766394417773</td><td rowspan="1">0</td></tr><tr class="skippedeven"><td rowspan="5">TestCases.DeliveryNotesTest</td><td><a href="#m149">launch_website</a></td><td rowspan="1">1766394419151</td><td rowspan="1">0</td></tr><tr class="skippedeven"><td><a href="#m150">loginWithValidData</a></td><td rowspan="1">1766394419151</td><td rowspan="1">0</td></tr><tr class="skippedeven"><td><a href="#m151">onTestFailure</a></td><td rowspan="1">1766394419166</td><td rowspan="1">0</td></tr><tr class="skippedeven"><td><a href="#m152">tearDown</a></td><td rowspan="1">1766394419182</td><td rowspan="1">0</td></tr><tr class="skippedeven"><td><a href="#m153">tearDownTestCase</a></td><td rowspan="1">1766394419166</td><td rowspan="1">0</td></tr><tr class="skippedodd"><td rowspan="8">TestCases.PosViewTest</td><td><a href="#m154">launch_website</a></td><td rowspan="1">1766394420440</td><td rowspan="1">0</td></tr><tr class="skippedodd"><td><a href="#m155">loginWithValidData</a></td><td rowspan="2">1766394420531</td><td rowspan="2">0</td></tr><tr class="skippedodd"><td><a href="#m156">loginWithValidData</a></td></tr><tr class="skippedodd"><td><a href="#m157">onTestFailure</a></td><td rowspan="2">1766394420531</td><td rowspan="2">0</td></tr><tr class="skippedodd"><td><a href="#m158">onTestFailure</a></td></tr><tr class="skippedodd"><td><a href="#m159">tearDown</a></td><td rowspan="1">1766394420531</td><td rowspan="1">0</td></tr><tr class="skippedodd"><td><a href="#m160">tearDownTestCase</a></td><td rowspan="2">1766394420531</td><td rowspan="2">0</td></tr><tr class="skippedodd"><td><a href="#m161">tearDownTestCase</a></td></tr><tr class="skippedeven"><td rowspan="20">TestCases.PurchaseInvoicesTest</td><td><a href="#m162">launch_website</a></td><td rowspan="1">1766394421542</td><td rowspan="1">0</td></tr><tr class="skippedeven"><td><a href="#m163">loginWithValidData</a></td><td rowspan="6">1766394421724</td><td rowspan="6">0</td></tr><tr class="skippedeven"><td><a href="#m164">loginWithValidData</a></td></tr><tr class="skippedeven"><td><a href="#m165">loginWithValidData</a></td></tr><tr class="skippedeven"><td><a href="#m166">loginWithValidData</a></td></tr><tr class="skippedeven"><td><a href="#m167">loginWithValidData</a></td></tr><tr class="skippedeven"><td><a href="#m168">loginWithValidData</a></td></tr><tr class="skippedeven"><td><a href="#m169">onTestFailure</a></td><td rowspan="6">1766394421558</td><td rowspan="6">0</td></tr><tr class="skippedeven"><td><a href="#m170">onTestFailure</a></td></tr><tr class="skippedeven"><td><a href="#m171">onTestFailure</a></td></tr><tr class="skippedeven"><td><a href="#m172">onTestFailure</a></td></tr><tr class="skippedeven"><td><a href="#m173">onTestFailure</a></td></tr><tr class="skippedeven"><td><a href="#m174">onTestFailure</a></td></tr><tr class="skippedeven"><td><a href="#m175">tearDown</a></td><td rowspan="1">1766394421753</td><td rowspan="1">0</td></tr><tr class="skippedeven"><td><a href="#m176">tearDownTestCase</a></td><td rowspan="6">1766394421724</td><td rowspan="6">0</td></tr><tr class="skippedeven"><td><a href="#m177">tearDownTestCase</a></td></tr><tr class="skippedeven"><td><a href="#m178">tearDownTestCase</a></td></tr><tr class="skippedeven"><td><a href="#m179">tearDownTestCase</a></td></tr><tr class="skippedeven"><td><a href="#m180">tearDownTestCase</a></td></tr><tr class="skippedeven"><td><a href="#m181">tearDownTestCase</a></td></tr><tr class="skippedodd"><td rowspan="5">TestCases.SalesInvoicesTest</td><td><a href="#m182">launch_website</a></td><td rowspan="1">1766394423074</td><td rowspan="1">0</td></tr><tr class="skippedodd"><td><a href="#m183">loginWithValidData</a></td><td rowspan="1">1766394423075</td><td rowspan="1">0</td></tr><tr class="skippedodd"><td><a href="#m184">onTestFailure</a></td><td rowspan="1">1766394423080</td><td rowspan="1">0</td></tr><tr class="skippedodd"><td><a href="#m185">tearDown</a></td><td rowspan="1">1766394423092</td><td rowspan="1">0</td></tr><tr class="skippedodd"><td><a href="#m186">tearDownTestCase</a></td><td rowspan="1">1766394423086</td><td rowspan="1">0</td></tr><tr class="skippedeven"><td rowspan="5">TestCases.SetupVmTest</td><td><a href="#m187">launch_website</a></td><td rowspan="1">1766394424174</td><td rowspan="1">0</td></tr><tr class="skippedeven"><td><a href="#m188">loginWithValidData</a></td><td rowspan="1">1766394424174</td><td rowspan="1">0</td></tr><tr class="skippedeven"><td><a href="#m189">onTestFailure</a></td><td rowspan="1">1766394424174</td><td rowspan="1">0</td></tr><tr class="skippedeven"><td><a href="#m190">tearDown</a></td><td rowspan="1">1766394424174</td><td rowspan="1">0</td></tr><tr class="skippedeven"><td><a href="#m191">tearDownTestCase</a></td><td rowspan="1">1766394424174</td><td rowspan="1">0</td></tr><tr><th colspan="4">Command line test &#8212; skipped</th></tr><tr class="skippedeven"><td rowspan="3">TestCases.AddingItemsTest</td><td><a href="#m192">TC01_createNewSalesAndPurchaseItemAndAddingIntoPriceList</a></td><td rowspan="1">1766394316010</td><td rowspan="1">0</td></tr><tr class="skippedeven"><td><a href="#m193">TC02_createNewSalesItem</a></td><td rowspan="1">1766394316045</td><td rowspan="1">0</td></tr><tr class="skippedeven"><td><a href="#m194">TC03_createNewPurchaseItem</a></td><td rowspan="1">1766394316092</td><td rowspan="1">0</td></tr><tr class="skippedodd"><td rowspan="1">TestCases.AddingWareHouseTest</td><td><a href="#m195">TC01_createNewWareHouse</a></td><td rowspan="1">1766394318850</td><td rowspan="1">1</td></tr><tr class="skippedeven"><td rowspan="1">TestCases.ComparingChartOfAccountsDataTest</td><td><a href="#m196">TC01_comparingChartOfAccountsDataTest</a></td><td rowspan="1">1766394321618</td><td rowspan="1">0</td></tr><tr class="skippedodd"><td rowspan="1">TestCases.ComparingCompaniesTest</td><td><a href="#m197">TC01_comparingNumberOfCompanies</a></td><td rowspan="1">1766394324391</td><td rowspan="1">0</td></tr><tr class="skippedeven"><td rowspan="1">TestCases.ComparingCustomersTest</td><td><a href="#m198">TC01_comparingCustomersDataAtListView</a></td><td rowspan="1">1766394327537</td><td rowspan="1">0</td></tr><tr class="skippedodd"><td rowspan="2">TestCases.ComparingDeliveryNotesTest</td><td><a href="#m199">TC01_comparingNumberOfDeliveryNotes</a></td><td rowspan="1">1766394333352</td><td rowspan="1">0</td></tr><tr class="skippedodd"><td><a href="#m200">TC02_comparingDeliveryNotesData</a></td><td rowspan="1">1766394333427</td><td rowspan="1">0</td></tr><tr class="skippedeven"><td rowspan="1">TestCases.ComparingFiscalYearsTest</td><td><a href="#m201">TC01_comparingNumberOfFiscalYears</a></td><td rowspan="1">1766394338798</td><td rowspan="1">0</td></tr><tr class="skippedodd"><td rowspan="1">TestCases.ComparingItemsTest</td><td><a href="#m202">TC01_comparingNumberOfItems</a></td><td rowspan="1">1766394344798</td><td rowspan="1">0</td></tr><tr class="skippedeven"><td rowspan="1">TestCases.ComparingJournalEntriesTest</td><td><a href="#m203">TC01_comparingNumberOfJournalEntries</a></td><td rowspan="1">1766394371448</td><td rowspan="1">0</td></tr><tr class="skippedodd"><td rowspan="1">TestCases.ComparingPaymentEntryTest</td><td><a href="#m204">TC01_comparingNumberOfPaymentEntry</a></td><td rowspan="1">1766394374403</td><td rowspan="1">0</td></tr><tr class="skippedeven"><td rowspan="2">TestCases.ComparingPurchaseInvoicesTest</td><td><a href="#m205">TC01_comparingNumberOfPurchaseInvoices</a></td><td rowspan="1">1766394377720</td><td rowspan="1">1</td></tr><tr class="skippedeven"><td><a href="#m206">TC02_comparingPurchaseInvoiceDates</a></td><td rowspan="1">1766394377747</td><td rowspan="1">0</td></tr><tr class="skippedodd"><td rowspan="1">TestCases.ComparingPurchaseReceiptsTest</td><td><a href="#m207">TC01_comparingNumberOfPurchaseReceipt</a></td><td rowspan="1">1766394380944</td><td rowspan="1">0</td></tr><tr class="skippedeven"><td rowspan="1">TestCases.ComparingPurchaseTaxesAndChargesTemplatesTest</td><td><a href="#m208">TC01_comparingNumberOfPurchaseTaxesAndChargesTemplatesTet</a></td><td rowspan="1">1766394384399</td><td rowspan="1">0</td></tr><tr class="skippedodd"><td rowspan="9">TestCases.ComparingReportsTest</td><td><a href="#m209">TC010_comparingSupplierAgingDetailsReport</a></td><td rowspan="1">1766394388677</td><td rowspan="1">0</td></tr><tr class="skippedodd"><td><a href="#m210">TC011_comparingSalesPersonDetailedReport</a></td><td rowspan="1">1766394388686</td><td rowspan="1">0</td></tr><tr class="skippedodd"><td><a href="#m211">TC01_comparingGeneralLedgerReportWithSpecificAccount</a></td><td rowspan="1">1766394388556</td><td rowspan="1">0</td></tr><tr class="skippedodd"><td><a href="#m212">TC02_comparingGeneralLedgerReportWithoutFiltration</a></td><td rowspan="1">1766394388566</td><td rowspan="1">0</td></tr><tr class="skippedodd"><td><a href="#m213">TC04_comparingTaxDeclarationReport</a></td><td rowspan="1">1766394388575</td><td rowspan="1">0</td></tr><tr class="skippedodd"><td><a href="#m214">TC05_comparingStockBalanceReport</a></td><td rowspan="1">1766394388601</td><td rowspan="1">0</td></tr><tr class="skippedodd"><td><a href="#m215">TC07_comparingBalanceSheetReport</a></td><td rowspan="1">1766394388607</td><td rowspan="1">0</td></tr><tr class="skippedodd"><td><a href="#m216">TC08_comparingProfitAndLossReport</a></td><td rowspan="1">1766394388626</td><td rowspan="1">0</td></tr><tr class="skippedodd"><td><a href="#m217">TC09_comparingGrossProfitReport</a></td><td rowspan="1">1766394388650</td><td rowspan="1">0</td></tr><tr class="skippedeven"><td rowspan="3">TestCases.ComparingSalesInvoicesTest</td><td><a href="#m218">TC01_comparingSalesInvoicesAtViewList</a></td><td rowspan="1">1766394394794</td><td rowspan="1">0</td></tr><tr class="skippedeven"><td><a href="#m219">TC02_comparingSalesInvoiceData</a></td><td rowspan="1">1766394394804</td><td rowspan="1">1</td></tr><tr class="skippedeven"><td><a href="#m220">TC03_comparingSalesInvoiceDataAtGL</a></td><td rowspan="1">1766394394815</td><td rowspan="1">0</td></tr><tr class="skippedodd"><td rowspan="1">TestCases.ComparingSalesTaxesAndChargesTemplatesTest</td><td><a href="#m221">TC01_comparingNumberOfSalesTaxesAndChargesTemplatesTet</a></td><td rowspan="1">1766394399260</td><td rowspan="1">0</td></tr><tr class="skippedeven"><td rowspan="1">TestCases.ComparingStockEntryTest</td><td><a href="#m222">TC01_comparingNumberOfStockEntries</a></td><td rowspan="1">1766394407686</td><td rowspan="1">0</td></tr><tr class="skippedodd"><td rowspan="1">TestCases.ComparingSuppliersTest</td><td><a href="#m223">TC01_comparingSuppliersDataAtListView</a></td><td rowspan="1">1766394411847</td><td rowspan="1">0</td></tr><tr class="skippedeven"><td rowspan="1">TestCases.ComparingWareHousesTest</td><td><a href="#m224">TC01_comparingNumberOfWareHouses</a></td><td rowspan="1">1766394416634</td><td rowspan="1">0</td></tr><tr class="skippedodd"><td rowspan="1">TestCases.DataMigrationTest</td><td><a href="#m225">TC03_syncDocTypesData</a></td><td rowspan="1">1766394417766</td><td rowspan="1">0</td></tr><tr class="skippedeven"><td rowspan="1">TestCases.DeliveryNotesTest</td><td><a href="#m226">TC01_createNewDeliveryNote</a></td><td rowspan="1">1766394419166</td><td rowspan="1">0</td></tr><tr class="skippedodd"><td rowspan="2">TestCases.PosViewTest</td><td><a href="#m227">TC01_createNewSalesInvoiceUsingPosView</a></td><td rowspan="1">1766394420452</td><td rowspan="1">0</td></tr><tr class="skippedodd"><td><a href="#m228">TC02_applyDiscountOnSalesInvoiceUsingPosView</a></td><td rowspan="1">1766394420531</td><td rowspan="1">0</td></tr><tr class="skippedeven"><td rowspan="6">TestCases.PurchaseInvoicesTest</td><td><a href="#m229">TC01_createNewPurchaseInvoiceAndSubmit</a></td><td rowspan="1">1766394421558</td><td rowspan="1">0</td></tr><tr class="skippedeven"><td><a href="#m230">TC02_createNewPurchaseInvoiceFromPurchaseOrder</a></td><td rowspan="1">1766394421574</td><td rowspan="1">0</td></tr><tr class="skippedeven"><td><a href="#m231">TC03_createDebitNoteFromPurchaseInvoice</a></td><td rowspan="1">1766394421621</td><td rowspan="1">0</td></tr><tr class="skippedeven"><td><a href="#m232">TC04_createPaymentForPurchaseInvoice</a></td><td rowspan="1">1766394421667</td><td rowspan="1">0</td></tr><tr class="skippedeven"><td><a href="#m233">TC05_createNewPurchaseInvoiceFromPurchaseReceipt</a></td><td rowspan="1">1766394421709</td><td rowspan="1">0</td></tr><tr class="skippedeven"><td><a href="#m234">TC06_createNewPurchaseInvoiceAndCheckInGeneralLedgerReport</a></td><td rowspan="1">1766394421752</td><td rowspan="1">0</td></tr><tr class="skippedodd"><td rowspan="1">TestCases.SalesInvoicesTest</td><td><a href="#m235">TC01_createNewSalesInvoiceAndSaveOnly</a></td><td rowspan="1">1766394423077</td><td rowspan="1">0</td></tr><tr class="skippedeven"><td rowspan="1">TestCases.SetupVmTest</td><td><a href="#m236">TC01_setupVm</a></td><td rowspan="1">1766394424174</td><td rowspan="1">0</td></tr></tbody>
</table>
<h2>Command line test</h2><h3 id="m0">TestCases.AddingItemsTest#launch_website</h3><table class="result"><tr><th>Exception</th></tr><tr><td><div class="stacktrace">org.testng.TestNGException: 
Parameter &apos;Scope&apos; is required by BeforeClass on method launch_website but has not been marked @Optional or defined

	at java.base/java.util.ArrayList.forEach(ArrayList.java:1511)
... Removed 32 stack frames</div></td></tr></table><p class="totop"><a href="#summary">back to summary</a></p>
<h3 id="m1">TestCases.AddingWareHouseTest#launch_website</h3><table class="result"><tr><th>Exception</th></tr><tr><td><div class="stacktrace">org.testng.TestNGException: 
Parameter &apos;Scope&apos; is required by BeforeClass on method launch_website but has not been marked @Optional or defined

	at java.base/java.util.ArrayList.forEach(ArrayList.java:1511)
... Removed 32 stack frames</div></td></tr></table><p class="totop"><a href="#summary">back to summary</a></p>
<h3 id="m2">TestCases.ComparingChartOfAccountsDataTest#launch_website</h3><table class="result"><tr><th>Exception</th></tr><tr><td><div class="stacktrace">org.testng.TestNGException: 
Parameter &apos;Scope&apos; is required by BeforeClass on method launch_website but has not been marked @Optional or defined

	at java.base/java.util.ArrayList.forEach(ArrayList.java:1511)
... Removed 32 stack frames</div></td></tr></table><p class="totop"><a href="#summary">back to summary</a></p>
<h3 id="m3">TestCases.ComparingCompaniesTest#launch_website</h3><table class="result"><tr><th>Exception</th></tr><tr><td><div class="stacktrace">org.testng.TestNGException: 
Parameter &apos;Scope&apos; is required by BeforeClass on method launch_website but has not been marked @Optional or defined

	at java.base/java.util.ArrayList.forEach(ArrayList.java:1511)
... Removed 32 stack frames</div></td></tr></table><p class="totop"><a href="#summary">back to summary</a></p>
<h3 id="m4">TestCases.ComparingCustomersTest#launch_website</h3><table class="result"><tr><th>Exception</th></tr><tr><td><div class="stacktrace">org.testng.TestNGException: 
Parameter &apos;Scope&apos; is required by BeforeClass on method launch_website but has not been marked @Optional or defined

	at java.base/java.util.ArrayList.forEach(ArrayList.java:1511)
... Removed 32 stack frames</div></td></tr></table><p class="totop"><a href="#summary">back to summary</a></p>
<h3 id="m5">TestCases.ComparingDeliveryNotesTest#launch_website</h3><table class="result"><tr><th>Exception</th></tr><tr><td><div class="stacktrace">org.testng.TestNGException: 
Parameter &apos;Scope&apos; is required by BeforeClass on method launch_website but has not been marked @Optional or defined

	at java.base/java.util.ArrayList.forEach(ArrayList.java:1511)
... Removed 32 stack frames</div></td></tr></table><p class="totop"><a href="#summary">back to summary</a></p>
<h3 id="m6">TestCases.ComparingFiscalYearsTest#launch_website</h3><table class="result"><tr><th>Exception</th></tr><tr><td><div class="stacktrace">org.testng.TestNGException: 
Parameter &apos;Scope&apos; is required by BeforeClass on method launch_website but has not been marked @Optional or defined

	at java.base/java.util.ArrayList.forEach(ArrayList.java:1511)
... Removed 32 stack frames</div></td></tr></table><p class="totop"><a href="#summary">back to summary</a></p>
<h3 id="m7">TestCases.ComparingItemsTest#launch_website</h3><table class="result"><tr><th>Exception</th></tr><tr><td><div class="stacktrace">org.testng.TestNGException: 
Parameter &apos;Scope&apos; is required by BeforeClass on method launch_website but has not been marked @Optional or defined

	at java.base/java.util.ArrayList.forEach(ArrayList.java:1511)
... Removed 32 stack frames</div></td></tr></table><p class="totop"><a href="#summary">back to summary</a></p>
<h3 id="m8">TestCases.ComparingJournalEntriesTest#launch_website</h3><table class="result"><tr><th>Exception</th></tr><tr><td><div class="stacktrace">org.testng.TestNGException: 
Parameter &apos;Scope&apos; is required by BeforeClass on method launch_website but has not been marked @Optional or defined

	at java.base/java.util.ArrayList.forEach(ArrayList.java:1511)
... Removed 32 stack frames</div></td></tr></table><p class="totop"><a href="#summary">back to summary</a></p>
<h3 id="m9">TestCases.ComparingPaymentEntryTest#launch_website</h3><table class="result"><tr><th>Exception</th></tr><tr><td><div class="stacktrace">org.testng.TestNGException: 
Parameter &apos;Scope&apos; is required by BeforeClass on method launch_website but has not been marked @Optional or defined

	at java.base/java.util.ArrayList.forEach(ArrayList.java:1511)
... Removed 32 stack frames</div></td></tr></table><p class="totop"><a href="#summary">back to summary</a></p>
<h3 id="m10">TestCases.ComparingPurchaseInvoicesTest#launch_website</h3><table class="result"><tr><th>Exception</th></tr><tr><td><div class="stacktrace">org.testng.TestNGException: 
Parameter &apos;Scope&apos; is required by BeforeClass on method launch_website but has not been marked @Optional or defined

	at java.base/java.util.ArrayList.forEach(ArrayList.java:1511)
... Removed 32 stack frames</div></td></tr></table><p class="totop"><a href="#summary">back to summary</a></p>
<h3 id="m11">TestCases.ComparingPurchaseReceiptsTest#launch_website</h3><table class="result"><tr><th>Exception</th></tr><tr><td><div class="stacktrace">org.testng.TestNGException: 
Parameter &apos;Scope&apos; is required by BeforeClass on method launch_website but has not been marked @Optional or defined

	at java.base/java.util.ArrayList.forEach(ArrayList.java:1511)
... Removed 32 stack frames</div></td></tr></table><p class="totop"><a href="#summary">back to summary</a></p>
<h3 id="m12">TestCases.ComparingPurchaseTaxesAndChargesTemplatesTest#launch_website</h3><table class="result"><tr><th>Exception</th></tr><tr><td><div class="stacktrace">org.testng.TestNGException: 
Parameter &apos;Scope&apos; is required by BeforeClass on method launch_website but has not been marked @Optional or defined

	at java.base/java.util.ArrayList.forEach(ArrayList.java:1511)
... Removed 32 stack frames</div></td></tr></table><p class="totop"><a href="#summary">back to summary</a></p>
<h3 id="m13">TestCases.ComparingReportsTest#launch_website</h3><table class="result"><tr><th>Exception</th></tr><tr><td><div class="stacktrace">org.testng.TestNGException: 
Parameter &apos;Scope&apos; is required by BeforeClass on method launch_website but has not been marked @Optional or defined

	at java.base/java.util.ArrayList.forEach(ArrayList.java:1511)
... Removed 32 stack frames</div></td></tr></table><p class="totop"><a href="#summary">back to summary</a></p>
<h3 id="m14">TestCases.ComparingSalesInvoicesTest#launch_website</h3><table class="result"><tr><th>Exception</th></tr><tr><td><div class="stacktrace">org.testng.TestNGException: 
Parameter &apos;Scope&apos; is required by BeforeClass on method launch_website but has not been marked @Optional or defined

	at java.base/java.util.ArrayList.forEach(ArrayList.java:1511)
... Removed 32 stack frames</div></td></tr></table><p class="totop"><a href="#summary">back to summary</a></p>
<h3 id="m15">TestCases.ComparingSalesTaxesAndChargesTemplatesTest#launch_website</h3><table class="result"><tr><th>Exception</th></tr><tr><td><div class="stacktrace">org.testng.TestNGException: 
Parameter &apos;Scope&apos; is required by BeforeClass on method launch_website but has not been marked @Optional or defined

	at java.base/java.util.ArrayList.forEach(ArrayList.java:1511)
... Removed 32 stack frames</div></td></tr></table><p class="totop"><a href="#summary">back to summary</a></p>
<h3 id="m16">TestCases.ComparingStockEntryTest#launch_website</h3><table class="result"><tr><th>Exception</th></tr><tr><td><div class="stacktrace">org.testng.TestNGException: 
Parameter &apos;Scope&apos; is required by BeforeClass on method launch_website but has not been marked @Optional or defined

	at java.base/java.util.ArrayList.forEach(ArrayList.java:1511)
... Removed 32 stack frames</div></td></tr></table><p class="totop"><a href="#summary">back to summary</a></p>
<h3 id="m17">TestCases.ComparingSuppliersTest#launch_website</h3><table class="result"><tr><th>Exception</th></tr><tr><td><div class="stacktrace">org.testng.TestNGException: 
Parameter &apos;Scope&apos; is required by BeforeClass on method launch_website but has not been marked @Optional or defined

	at java.base/java.util.ArrayList.forEach(ArrayList.java:1511)
... Removed 32 stack frames</div></td></tr></table><p class="totop"><a href="#summary">back to summary</a></p>
<h3 id="m18">TestCases.ComparingWareHousesTest#setup_driver</h3><table class="result"><tr><th>Exception</th></tr><tr><td><div class="stacktrace">org.openqa.selenium.SessionNotCreatedException: Could not start a new session. Possible causes are invalid address of the remote server or browser start-up failure. 
Host info: host: &apos;DESKTOP-GHKE3PU&apos;, ip: &apos;192.168.1.2&apos;
	at org.openqa.selenium.remote.RemoteWebDriver.execute(RemoteWebDriver.java:537)
	at org.openqa.selenium.remote.RemoteWebDriver.startSession(RemoteWebDriver.java:233)
	at org.openqa.selenium.remote.RemoteWebDriver.&lt;init&gt;(RemoteWebDriver.java:162)
	at org.openqa.selenium.chromium.ChromiumDriver.&lt;init&gt;(ChromiumDriver.java:114)
	at org.openqa.selenium.chrome.ChromeDriver.&lt;init&gt;(ChromeDriver.java:89)
	at org.openqa.selenium.chrome.ChromeDriver.&lt;init&gt;(ChromeDriver.java:84)
	at org.openqa.selenium.chrome.ChromeDriver.&lt;init&gt;(ChromeDriver.java:73)
	at TestCases.BaseTest.setup_driver(BaseTest.java:63)
	at java.base/java.util.ArrayList.forEach(ArrayList.java:1511)
Caused by: org.openqa.selenium.WebDriverException: Driver server process died prematurely.
Build info: version: &apos;4.17.0&apos;, revision: &apos;e52b1be057*&apos;
System info: os.name: &apos;Windows 10&apos;, os.arch: &apos;amd64&apos;, os.version: &apos;10.0&apos;, java.version: &apos;17.0.9&apos;
Driver info: driver.version: ChromeDriver
	at org.openqa.selenium.remote.service.DriverService.start(DriverService.java:247)
	at org.openqa.selenium.remote.service.DriverCommandExecutor.execute(DriverCommandExecutor.java:117)
	at org.openqa.selenium.remote.RemoteWebDriver.execute(RemoteWebDriver.java:519)
	... 42 more
... Removed 34 stack frames</div></td></tr></table><p class="totop"><a href="#summary">back to summary</a></p>
<h3 id="m19">TestCases.DataMigrationTest#setup_driver</h3><table class="result"><tr><th>Exception</th></tr><tr><td><div class="stacktrace">org.openqa.selenium.SessionNotCreatedException: Could not start a new session. Possible causes are invalid address of the remote server or browser start-up failure. 
Host info: host: &apos;DESKTOP-GHKE3PU&apos;, ip: &apos;192.168.1.2&apos;
	at org.openqa.selenium.remote.RemoteWebDriver.execute(RemoteWebDriver.java:537)
	at org.openqa.selenium.remote.RemoteWebDriver.startSession(RemoteWebDriver.java:233)
	at org.openqa.selenium.remote.RemoteWebDriver.&lt;init&gt;(RemoteWebDriver.java:162)
	at org.openqa.selenium.chromium.ChromiumDriver.&lt;init&gt;(ChromiumDriver.java:114)
	at org.openqa.selenium.chrome.ChromeDriver.&lt;init&gt;(ChromeDriver.java:89)
	at org.openqa.selenium.chrome.ChromeDriver.&lt;init&gt;(ChromeDriver.java:84)
	at org.openqa.selenium.chrome.ChromeDriver.&lt;init&gt;(ChromeDriver.java:73)
	at TestCases.BaseTest.setup_driver(BaseTest.java:63)
	at java.base/java.util.ArrayList.forEach(ArrayList.java:1511)
Caused by: org.openqa.selenium.WebDriverException: Driver server process died prematurely.
Build info: version: &apos;4.17.0&apos;, revision: &apos;e52b1be057*&apos;
System info: os.name: &apos;Windows 10&apos;, os.arch: &apos;amd64&apos;, os.version: &apos;10.0&apos;, java.version: &apos;17.0.9&apos;
Driver info: driver.version: ChromeDriver
	at org.openqa.selenium.remote.service.DriverService.start(DriverService.java:247)
	at org.openqa.selenium.remote.service.DriverCommandExecutor.execute(DriverCommandExecutor.java:117)
	at org.openqa.selenium.remote.RemoteWebDriver.execute(RemoteWebDriver.java:519)
	... 42 more
... Removed 34 stack frames</div></td></tr></table><p class="totop"><a href="#summary">back to summary</a></p>
<h3 id="m20">TestCases.DeliveryNotesTest#setup_driver</h3><table class="result"><tr><th>Exception</th></tr><tr><td><div class="stacktrace">org.openqa.selenium.SessionNotCreatedException: Could not start a new session. Possible causes are invalid address of the remote server or browser start-up failure. 
Host info: host: &apos;DESKTOP-GHKE3PU&apos;, ip: &apos;192.168.1.2&apos;
	at org.openqa.selenium.remote.RemoteWebDriver.execute(RemoteWebDriver.java:537)
	at org.openqa.selenium.remote.RemoteWebDriver.startSession(RemoteWebDriver.java:233)
	at org.openqa.selenium.remote.RemoteWebDriver.&lt;init&gt;(RemoteWebDriver.java:162)
	at org.openqa.selenium.chromium.ChromiumDriver.&lt;init&gt;(ChromiumDriver.java:114)
	at org.openqa.selenium.chrome.ChromeDriver.&lt;init&gt;(ChromeDriver.java:89)
	at org.openqa.selenium.chrome.ChromeDriver.&lt;init&gt;(ChromeDriver.java:84)
	at org.openqa.selenium.chrome.ChromeDriver.&lt;init&gt;(ChromeDriver.java:73)
	at TestCases.BaseTest.setup_driver(BaseTest.java:63)
	at java.base/java.util.ArrayList.forEach(ArrayList.java:1511)
Caused by: org.openqa.selenium.WebDriverException: Driver server process died prematurely.
Build info: version: &apos;4.17.0&apos;, revision: &apos;e52b1be057*&apos;
System info: os.name: &apos;Windows 10&apos;, os.arch: &apos;amd64&apos;, os.version: &apos;10.0&apos;, java.version: &apos;17.0.9&apos;
Driver info: driver.version: ChromeDriver
	at org.openqa.selenium.remote.service.DriverService.start(DriverService.java:247)
	at org.openqa.selenium.remote.service.DriverCommandExecutor.execute(DriverCommandExecutor.java:117)
	at org.openqa.selenium.remote.RemoteWebDriver.execute(RemoteWebDriver.java:519)
	... 42 more
... Removed 34 stack frames</div></td></tr></table><p class="totop"><a href="#summary">back to summary</a></p>
<h3 id="m21">TestCases.PosViewTest#setup_driver</h3><table class="result"><tr><th>Exception</th></tr><tr><td><div class="stacktrace">org.openqa.selenium.SessionNotCreatedException: Could not start a new session. Possible causes are invalid address of the remote server or browser start-up failure. 
Host info: host: &apos;DESKTOP-GHKE3PU&apos;, ip: &apos;192.168.1.2&apos;
	at org.openqa.selenium.remote.RemoteWebDriver.execute(RemoteWebDriver.java:537)
	at org.openqa.selenium.remote.RemoteWebDriver.startSession(RemoteWebDriver.java:233)
	at org.openqa.selenium.remote.RemoteWebDriver.&lt;init&gt;(RemoteWebDriver.java:162)
	at org.openqa.selenium.chromium.ChromiumDriver.&lt;init&gt;(ChromiumDriver.java:114)
	at org.openqa.selenium.chrome.ChromeDriver.&lt;init&gt;(ChromeDriver.java:89)
	at org.openqa.selenium.chrome.ChromeDriver.&lt;init&gt;(ChromeDriver.java:84)
	at org.openqa.selenium.chrome.ChromeDriver.&lt;init&gt;(ChromeDriver.java:73)
	at TestCases.BaseTest.setup_driver(BaseTest.java:63)
	at java.base/java.util.ArrayList.forEach(ArrayList.java:1511)
Caused by: org.openqa.selenium.WebDriverException: Driver server process died prematurely.
Build info: version: &apos;4.17.0&apos;, revision: &apos;e52b1be057*&apos;
System info: os.name: &apos;Windows 10&apos;, os.arch: &apos;amd64&apos;, os.version: &apos;10.0&apos;, java.version: &apos;17.0.9&apos;
Driver info: driver.version: ChromeDriver
	at org.openqa.selenium.remote.service.DriverService.start(DriverService.java:247)
	at org.openqa.selenium.remote.service.DriverCommandExecutor.execute(DriverCommandExecutor.java:117)
	at org.openqa.selenium.remote.RemoteWebDriver.execute(RemoteWebDriver.java:519)
	... 42 more
... Removed 34 stack frames</div></td></tr></table><p class="totop"><a href="#summary">back to summary</a></p>
<h3 id="m22">TestCases.PurchaseInvoicesTest#setup_driver</h3><table class="result"><tr><th>Exception</th></tr><tr><td><div class="stacktrace">org.openqa.selenium.SessionNotCreatedException: Could not start a new session. Possible causes are invalid address of the remote server or browser start-up failure. 
Host info: host: &apos;DESKTOP-GHKE3PU&apos;, ip: &apos;192.168.1.2&apos;
	at org.openqa.selenium.remote.RemoteWebDriver.execute(RemoteWebDriver.java:537)
	at org.openqa.selenium.remote.RemoteWebDriver.startSession(RemoteWebDriver.java:233)
	at org.openqa.selenium.remote.RemoteWebDriver.&lt;init&gt;(RemoteWebDriver.java:162)
	at org.openqa.selenium.chromium.ChromiumDriver.&lt;init&gt;(ChromiumDriver.java:114)
	at org.openqa.selenium.chrome.ChromeDriver.&lt;init&gt;(ChromeDriver.java:89)
	at org.openqa.selenium.chrome.ChromeDriver.&lt;init&gt;(ChromeDriver.java:84)
	at org.openqa.selenium.chrome.ChromeDriver.&lt;init&gt;(ChromeDriver.java:73)
	at TestCases.BaseTest.setup_driver(BaseTest.java:63)
	at java.base/java.util.ArrayList.forEach(ArrayList.java:1511)
Caused by: org.openqa.selenium.WebDriverException: Driver server process died prematurely.
Build info: version: &apos;4.17.0&apos;, revision: &apos;e52b1be057*&apos;
System info: os.name: &apos;Windows 10&apos;, os.arch: &apos;amd64&apos;, os.version: &apos;10.0&apos;, java.version: &apos;17.0.9&apos;
Driver info: driver.version: ChromeDriver
	at org.openqa.selenium.remote.service.DriverService.start(DriverService.java:247)
	at org.openqa.selenium.remote.service.DriverCommandExecutor.execute(DriverCommandExecutor.java:117)
	at org.openqa.selenium.remote.RemoteWebDriver.execute(RemoteWebDriver.java:519)
	... 42 more
... Removed 34 stack frames</div></td></tr></table><p class="totop"><a href="#summary">back to summary</a></p>
<h3 id="m23">TestCases.SalesInvoicesTest#setup_driver</h3><table class="result"><tr><th>Exception</th></tr><tr><td><div class="stacktrace">org.openqa.selenium.SessionNotCreatedException: Could not start a new session. Possible causes are invalid address of the remote server or browser start-up failure. 
Host info: host: &apos;DESKTOP-GHKE3PU&apos;, ip: &apos;192.168.1.2&apos;
	at org.openqa.selenium.remote.RemoteWebDriver.execute(RemoteWebDriver.java:537)
	at org.openqa.selenium.remote.RemoteWebDriver.startSession(RemoteWebDriver.java:233)
	at org.openqa.selenium.remote.RemoteWebDriver.&lt;init&gt;(RemoteWebDriver.java:162)
	at org.openqa.selenium.chromium.ChromiumDriver.&lt;init&gt;(ChromiumDriver.java:114)
	at org.openqa.selenium.chrome.ChromeDriver.&lt;init&gt;(ChromeDriver.java:89)
	at org.openqa.selenium.chrome.ChromeDriver.&lt;init&gt;(ChromeDriver.java:84)
	at org.openqa.selenium.chrome.ChromeDriver.&lt;init&gt;(ChromeDriver.java:73)
	at TestCases.BaseTest.setup_driver(BaseTest.java:63)
	at java.base/java.util.ArrayList.forEach(ArrayList.java:1511)
Caused by: org.openqa.selenium.WebDriverException: Driver server process died prematurely.
Build info: version: &apos;4.17.0&apos;, revision: &apos;e52b1be057*&apos;
System info: os.name: &apos;Windows 10&apos;, os.arch: &apos;amd64&apos;, os.version: &apos;10.0&apos;, java.version: &apos;17.0.9&apos;
Driver info: driver.version: ChromeDriver
	at org.openqa.selenium.remote.service.DriverService.start(DriverService.java:247)
	at org.openqa.selenium.remote.service.DriverCommandExecutor.execute(DriverCommandExecutor.java:117)
	at org.openqa.selenium.remote.RemoteWebDriver.execute(RemoteWebDriver.java:519)
	... 42 more
... Removed 34 stack frames</div></td></tr></table><p class="totop"><a href="#summary">back to summary</a></p>
<h3 id="m24">TestCases.SetupVmTest#setup_driver</h3><table class="result"><tr><th>Exception</th></tr><tr><td><div class="stacktrace">org.openqa.selenium.SessionNotCreatedException: Could not start a new session. Possible causes are invalid address of the remote server or browser start-up failure. 
Host info: host: &apos;DESKTOP-GHKE3PU&apos;, ip: &apos;192.168.1.2&apos;
	at org.openqa.selenium.remote.RemoteWebDriver.execute(RemoteWebDriver.java:537)
	at org.openqa.selenium.remote.RemoteWebDriver.startSession(RemoteWebDriver.java:233)
	at org.openqa.selenium.remote.RemoteWebDriver.&lt;init&gt;(RemoteWebDriver.java:162)
	at org.openqa.selenium.chromium.ChromiumDriver.&lt;init&gt;(ChromiumDriver.java:114)
	at org.openqa.selenium.chrome.ChromeDriver.&lt;init&gt;(ChromeDriver.java:89)
	at org.openqa.selenium.chrome.ChromeDriver.&lt;init&gt;(ChromeDriver.java:84)
	at org.openqa.selenium.chrome.ChromeDriver.&lt;init&gt;(ChromeDriver.java:73)
	at TestCases.BaseTest.setup_driver(BaseTest.java:63)
	at java.base/java.util.ArrayList.forEach(ArrayList.java:1511)
Caused by: org.openqa.selenium.WebDriverException: Driver server process died prematurely.
Build info: version: &apos;4.17.0&apos;, revision: &apos;e52b1be057*&apos;
System info: os.name: &apos;Windows 10&apos;, os.arch: &apos;amd64&apos;, os.version: &apos;10.0&apos;, java.version: &apos;17.0.9&apos;
Driver info: driver.version: ChromeDriver
	at org.openqa.selenium.remote.service.DriverService.start(DriverService.java:247)
	at org.openqa.selenium.remote.service.DriverCommandExecutor.execute(DriverCommandExecutor.java:117)
	at org.openqa.selenium.remote.RemoteWebDriver.execute(RemoteWebDriver.java:519)
	... 42 more
... Removed 34 stack frames</div></td></tr></table><p class="totop"><a href="#summary">back to summary</a></p>
<h3 id="m25">TestCases.AddingItemsTest#loginWithValidData</h3><table class="result"><tr><th class="invisible"/></tr></table><p class="totop"><a href="#summary">back to summary</a></p>
<h3 id="m26">TestCases.AddingItemsTest#loginWithValidData</h3><table class="result"><tr><th class="invisible"/></tr></table><p class="totop"><a href="#summary">back to summary</a></p>
<h3 id="m27">TestCases.AddingItemsTest#loginWithValidData</h3><table class="result"><tr><th class="invisible"/></tr></table><p class="totop"><a href="#summary">back to summary</a></p>
<h3 id="m28">TestCases.AddingItemsTest#onTestFailure</h3><table class="result"><tr><th class="invisible"/></tr></table><p class="totop"><a href="#summary">back to summary</a></p>
<h3 id="m29">TestCases.AddingItemsTest#onTestFailure</h3><table class="result"><tr><th class="invisible"/></tr></table><p class="totop"><a href="#summary">back to summary</a></p>
<h3 id="m30">TestCases.AddingItemsTest#onTestFailure</h3><table class="result"><tr><th class="invisible"/></tr></table><p class="totop"><a href="#summary">back to summary</a></p>
<h3 id="m31">TestCases.AddingItemsTest#tearDown</h3><table class="result"><tr><th class="invisible"/></tr></table><p class="totop"><a href="#summary">back to summary</a></p>
<h3 id="m32">TestCases.AddingItemsTest#tearDownTestCase</h3><table class="result"><tr><th class="invisible"/></tr></table><p class="totop"><a href="#summary">back to summary</a></p>
<h3 id="m33">TestCases.AddingItemsTest#tearDownTestCase</h3><table class="result"><tr><th class="invisible"/></tr></table><p class="totop"><a href="#summary">back to summary</a></p>
<h3 id="m34">TestCases.AddingItemsTest#tearDownTestCase</h3><table class="result"><tr><th class="invisible"/></tr></table><p class="totop"><a href="#summary">back to summary</a></p>
<h3 id="m35">TestCases.AddingWareHouseTest#loginWithValidData</h3><table class="result"><tr><th class="invisible"/></tr></table><p class="totop"><a href="#summary">back to summary</a></p>
<h3 id="m36">TestCases.AddingWareHouseTest#onTestFailure</h3><table class="result"><tr><th class="invisible"/></tr></table><p class="totop"><a href="#summary">back to summary</a></p>
<h3 id="m37">TestCases.AddingWareHouseTest#tearDown</h3><table class="result"><tr><th class="invisible"/></tr></table><p class="totop"><a href="#summary">back to summary</a></p>
<h3 id="m38">TestCases.AddingWareHouseTest#tearDownTestCase</h3><table class="result"><tr><th class="invisible"/></tr></table><p class="totop"><a href="#summary">back to summary</a></p>
<h3 id="m39">TestCases.ComparingChartOfAccountsDataTest#loginWithValidData</h3><table class="result"><tr><th class="invisible"/></tr></table><p class="totop"><a href="#summary">back to summary</a></p>
<h3 id="m40">TestCases.ComparingChartOfAccountsDataTest#onTestFailure</h3><table class="result"><tr><th class="invisible"/></tr></table><p class="totop"><a href="#summary">back to summary</a></p>
<h3 id="m41">TestCases.ComparingChartOfAccountsDataTest#tearDown</h3><table class="result"><tr><th class="invisible"/></tr></table><p class="totop"><a href="#summary">back to summary</a></p>
<h3 id="m42">TestCases.ComparingChartOfAccountsDataTest#tearDownTestCase</h3><table class="result"><tr><th class="invisible"/></tr></table><p class="totop"><a href="#summary">back to summary</a></p>
<h3 id="m43">TestCases.ComparingCompaniesTest#loginWithValidData</h3><table class="result"><tr><th class="invisible"/></tr></table><p class="totop"><a href="#summary">back to summary</a></p>
<h3 id="m44">TestCases.ComparingCompaniesTest#onTestFailure</h3><table class="result"><tr><th class="invisible"/></tr></table><p class="totop"><a href="#summary">back to summary</a></p>
<h3 id="m45">TestCases.ComparingCompaniesTest#tearDown</h3><table class="result"><tr><th class="invisible"/></tr></table><p class="totop"><a href="#summary">back to summary</a></p>
<h3 id="m46">TestCases.ComparingCompaniesTest#tearDownTestCase</h3><table class="result"><tr><th class="invisible"/></tr></table><p class="totop"><a href="#summary">back to summary</a></p>
<h3 id="m47">TestCases.ComparingCustomersTest#loginWithValidData</h3><table class="result"><tr><th class="invisible"/></tr></table><p class="totop"><a href="#summary">back to summary</a></p>
<h3 id="m48">TestCases.ComparingCustomersTest#onTestFailure</h3><table class="result"><tr><th class="invisible"/></tr></table><p class="totop"><a href="#summary">back to summary</a></p>
<h3 id="m49">TestCases.ComparingCustomersTest#tearDown</h3><table class="result"><tr><th class="invisible"/></tr></table><p class="totop"><a href="#summary">back to summary</a></p>
<h3 id="m50">TestCases.ComparingCustomersTest#tearDownTestCase</h3><table class="result"><tr><th class="invisible"/></tr></table><p class="totop"><a href="#summary">back to summary</a></p>
<h3 id="m51">TestCases.ComparingDeliveryNotesTest#loginWithValidData</h3><table class="result"><tr><th class="invisible"/></tr></table><p class="totop"><a href="#summary">back to summary</a></p>
<h3 id="m52">TestCases.ComparingDeliveryNotesTest#loginWithValidData</h3><table class="result"><tr><th class="invisible"/></tr></table><p class="totop"><a href="#summary">back to summary</a></p>
<h3 id="m53">TestCases.ComparingDeliveryNotesTest#onTestFailure</h3><table class="result"><tr><th class="invisible"/></tr></table><p class="totop"><a href="#summary">back to summary</a></p>
<h3 id="m54">TestCases.ComparingDeliveryNotesTest#onTestFailure</h3><table class="result"><tr><th class="invisible"/></tr></table><p class="totop"><a href="#summary">back to summary</a></p>
<h3 id="m55">TestCases.ComparingDeliveryNotesTest#tearDown</h3><table class="result"><tr><th class="invisible"/></tr></table><p class="totop"><a href="#summary">back to summary</a></p>
<h3 id="m56">TestCases.ComparingDeliveryNotesTest#tearDownTestCase</h3><table class="result"><tr><th class="invisible"/></tr></table><p class="totop"><a href="#summary">back to summary</a></p>
<h3 id="m57">TestCases.ComparingDeliveryNotesTest#tearDownTestCase</h3><table class="result"><tr><th class="invisible"/></tr></table><p class="totop"><a href="#summary">back to summary</a></p>
<h3 id="m58">TestCases.ComparingFiscalYearsTest#loginWithValidData</h3><table class="result"><tr><th class="invisible"/></tr></table><p class="totop"><a href="#summary">back to summary</a></p>
<h3 id="m59">TestCases.ComparingFiscalYearsTest#onTestFailure</h3><table class="result"><tr><th class="invisible"/></tr></table><p class="totop"><a href="#summary">back to summary</a></p>
<h3 id="m60">TestCases.ComparingFiscalYearsTest#tearDown</h3><table class="result"><tr><th class="invisible"/></tr></table><p class="totop"><a href="#summary">back to summary</a></p>
<h3 id="m61">TestCases.ComparingFiscalYearsTest#tearDownTestCase</h3><table class="result"><tr><th class="invisible"/></tr></table><p class="totop"><a href="#summary">back to summary</a></p>
<h3 id="m62">TestCases.ComparingItemsTest#loginWithValidData</h3><table class="result"><tr><th class="invisible"/></tr></table><p class="totop"><a href="#summary">back to summary</a></p>
<h3 id="m63">TestCases.ComparingItemsTest#onTestFailure</h3><table class="result"><tr><th class="invisible"/></tr></table><p class="totop"><a href="#summary">back to summary</a></p>
<h3 id="m64">TestCases.ComparingItemsTest#tearDown</h3><table class="result"><tr><th class="invisible"/></tr></table><p class="totop"><a href="#summary">back to summary</a></p>
<h3 id="m65">TestCases.ComparingItemsTest#tearDownTestCase</h3><table class="result"><tr><th class="invisible"/></tr></table><p class="totop"><a href="#summary">back to summary</a></p>
<h3 id="m66">TestCases.ComparingJournalEntriesTest#loginWithValidData</h3><table class="result"><tr><th class="invisible"/></tr></table><p class="totop"><a href="#summary">back to summary</a></p>
<h3 id="m67">TestCases.ComparingJournalEntriesTest#onTestFailure</h3><table class="result"><tr><th class="invisible"/></tr></table><p class="totop"><a href="#summary">back to summary</a></p>
<h3 id="m68">TestCases.ComparingJournalEntriesTest#tearDown</h3><table class="result"><tr><th class="invisible"/></tr></table><p class="totop"><a href="#summary">back to summary</a></p>
<h3 id="m69">TestCases.ComparingJournalEntriesTest#tearDownTestCase</h3><table class="result"><tr><th class="invisible"/></tr></table><p class="totop"><a href="#summary">back to summary</a></p>
<h3 id="m70">TestCases.ComparingPaymentEntryTest#loginWithValidData</h3><table class="result"><tr><th class="invisible"/></tr></table><p class="totop"><a href="#summary">back to summary</a></p>
<h3 id="m71">TestCases.ComparingPaymentEntryTest#onTestFailure</h3><table class="result"><tr><th class="invisible"/></tr></table><p class="totop"><a href="#summary">back to summary</a></p>
<h3 id="m72">TestCases.ComparingPaymentEntryTest#tearDown</h3><table class="result"><tr><th class="invisible"/></tr></table><p class="totop"><a href="#summary">back to summary</a></p>
<h3 id="m73">TestCases.ComparingPaymentEntryTest#tearDownTestCase</h3><table class="result"><tr><th class="invisible"/></tr></table><p class="totop"><a href="#summary">back to summary</a></p>
<h3 id="m74">TestCases.ComparingPurchaseInvoicesTest#loginWithValidData</h3><table class="result"><tr><th class="invisible"/></tr></table><p class="totop"><a href="#summary">back to summary</a></p>
<h3 id="m75">TestCases.ComparingPurchaseInvoicesTest#loginWithValidData</h3><table class="result"><tr><th class="invisible"/></tr></table><p class="totop"><a href="#summary">back to summary</a></p>
<h3 id="m76">TestCases.ComparingPurchaseInvoicesTest#onTestFailure</h3><table class="result"><tr><th class="invisible"/></tr></table><p class="totop"><a href="#summary">back to summary</a></p>
<h3 id="m77">TestCases.ComparingPurchaseInvoicesTest#onTestFailure</h3><table class="result"><tr><th class="invisible"/></tr></table><p class="totop"><a href="#summary">back to summary</a></p>
<h3 id="m78">TestCases.ComparingPurchaseInvoicesTest#tearDown</h3><table class="result"><tr><th class="invisible"/></tr></table><p class="totop"><a href="#summary">back to summary</a></p>
<h3 id="m79">TestCases.ComparingPurchaseInvoicesTest#tearDownTestCase</h3><table class="result"><tr><th class="invisible"/></tr></table><p class="totop"><a href="#summary">back to summary</a></p>
<h3 id="m80">TestCases.ComparingPurchaseInvoicesTest#tearDownTestCase</h3><table class="result"><tr><th class="invisible"/></tr></table><p class="totop"><a href="#summary">back to summary</a></p>
<h3 id="m81">TestCases.ComparingPurchaseReceiptsTest#loginWithValidData</h3><table class="result"><tr><th class="invisible"/></tr></table><p class="totop"><a href="#summary">back to summary</a></p>
<h3 id="m82">TestCases.ComparingPurchaseReceiptsTest#onTestFailure</h3><table class="result"><tr><th class="invisible"/></tr></table><p class="totop"><a href="#summary">back to summary</a></p>
<h3 id="m83">TestCases.ComparingPurchaseReceiptsTest#tearDown</h3><table class="result"><tr><th class="invisible"/></tr></table><p class="totop"><a href="#summary">back to summary</a></p>
<h3 id="m84">TestCases.ComparingPurchaseReceiptsTest#tearDownTestCase</h3><table class="result"><tr><th class="invisible"/></tr></table><p class="totop"><a href="#summary">back to summary</a></p>
<h3 id="m85">TestCases.ComparingPurchaseTaxesAndChargesTemplatesTest#loginWithValidData</h3><table class="result"><tr><th class="invisible"/></tr></table><p class="totop"><a href="#summary">back to summary</a></p>
<h3 id="m86">TestCases.ComparingPurchaseTaxesAndChargesTemplatesTest#onTestFailure</h3><table class="result"><tr><th class="invisible"/></tr></table><p class="totop"><a href="#summary">back to summary</a></p>
<h3 id="m87">TestCases.ComparingPurchaseTaxesAndChargesTemplatesTest#tearDown</h3><table class="result"><tr><th class="invisible"/></tr></table><p class="totop"><a href="#summary">back to summary</a></p>
<h3 id="m88">TestCases.ComparingPurchaseTaxesAndChargesTemplatesTest#tearDownTestCase</h3><table class="result"><tr><th class="invisible"/></tr></table><p class="totop"><a href="#summary">back to summary</a></p>
<h3 id="m89">TestCases.ComparingReportsTest#loginWithValidData</h3><table class="result"><tr><th class="invisible"/></tr></table><p class="totop"><a href="#summary">back to summary</a></p>
<h3 id="m90">TestCases.ComparingReportsTest#loginWithValidData</h3><table class="result"><tr><th class="invisible"/></tr></table><p class="totop"><a href="#summary">back to summary</a></p>
<h3 id="m91">TestCases.ComparingReportsTest#loginWithValidData</h3><table class="result"><tr><th class="invisible"/></tr></table><p class="totop"><a href="#summary">back to summary</a></p>
<h3 id="m92">TestCases.ComparingReportsTest#loginWithValidData</h3><table class="result"><tr><th class="invisible"/></tr></table><p class="totop"><a href="#summary">back to summary</a></p>
<h3 id="m93">TestCases.ComparingReportsTest#loginWithValidData</h3><table class="result"><tr><th class="invisible"/></tr></table><p class="totop"><a href="#summary">back to summary</a></p>
<h3 id="m94">TestCases.ComparingReportsTest#loginWithValidData</h3><table class="result"><tr><th class="invisible"/></tr></table><p class="totop"><a href="#summary">back to summary</a></p>
<h3 id="m95">TestCases.ComparingReportsTest#loginWithValidData</h3><table class="result"><tr><th class="invisible"/></tr></table><p class="totop"><a href="#summary">back to summary</a></p>
<h3 id="m96">TestCases.ComparingReportsTest#loginWithValidData</h3><table class="result"><tr><th class="invisible"/></tr></table><p class="totop"><a href="#summary">back to summary</a></p>
<h3 id="m97">TestCases.ComparingReportsTest#loginWithValidData</h3><table class="result"><tr><th class="invisible"/></tr></table><p class="totop"><a href="#summary">back to summary</a></p>
<h3 id="m98">TestCases.ComparingReportsTest#onTestFailure</h3><table class="result"><tr><th class="invisible"/></tr></table><p class="totop"><a href="#summary">back to summary</a></p>
<h3 id="m99">TestCases.ComparingReportsTest#onTestFailure</h3><table class="result"><tr><th class="invisible"/></tr></table><p class="totop"><a href="#summary">back to summary</a></p>
<h3 id="m100">TestCases.ComparingReportsTest#onTestFailure</h3><table class="result"><tr><th class="invisible"/></tr></table><p class="totop"><a href="#summary">back to summary</a></p>
<h3 id="m101">TestCases.ComparingReportsTest#onTestFailure</h3><table class="result"><tr><th class="invisible"/></tr></table><p class="totop"><a href="#summary">back to summary</a></p>
<h3 id="m102">TestCases.ComparingReportsTest#onTestFailure</h3><table class="result"><tr><th class="invisible"/></tr></table><p class="totop"><a href="#summary">back to summary</a></p>
<h3 id="m103">TestCases.ComparingReportsTest#onTestFailure</h3><table class="result"><tr><th class="invisible"/></tr></table><p class="totop"><a href="#summary">back to summary</a></p>
<h3 id="m104">TestCases.ComparingReportsTest#onTestFailure</h3><table class="result"><tr><th class="invisible"/></tr></table><p class="totop"><a href="#summary">back to summary</a></p>
<h3 id="m105">TestCases.ComparingReportsTest#onTestFailure</h3><table class="result"><tr><th class="invisible"/></tr></table><p class="totop"><a href="#summary">back to summary</a></p>
<h3 id="m106">TestCases.ComparingReportsTest#onTestFailure</h3><table class="result"><tr><th class="invisible"/></tr></table><p class="totop"><a href="#summary">back to summary</a></p>
<h3 id="m107">TestCases.ComparingReportsTest#tearDown</h3><table class="result"><tr><th class="invisible"/></tr></table><p class="totop"><a href="#summary">back to summary</a></p>
<h3 id="m108">TestCases.ComparingReportsTest#tearDownTestCase</h3><table class="result"><tr><th class="invisible"/></tr></table><p class="totop"><a href="#summary">back to summary</a></p>
<h3 id="m109">TestCases.ComparingReportsTest#tearDownTestCase</h3><table class="result"><tr><th class="invisible"/></tr></table><p class="totop"><a href="#summary">back to summary</a></p>
<h3 id="m110">TestCases.ComparingReportsTest#tearDownTestCase</h3><table class="result"><tr><th class="invisible"/></tr></table><p class="totop"><a href="#summary">back to summary</a></p>
<h3 id="m111">TestCases.ComparingReportsTest#tearDownTestCase</h3><table class="result"><tr><th class="invisible"/></tr></table><p class="totop"><a href="#summary">back to summary</a></p>
<h3 id="m112">TestCases.ComparingReportsTest#tearDownTestCase</h3><table class="result"><tr><th class="invisible"/></tr></table><p class="totop"><a href="#summary">back to summary</a></p>
<h3 id="m113">TestCases.ComparingReportsTest#tearDownTestCase</h3><table class="result"><tr><th class="invisible"/></tr></table><p class="totop"><a href="#summary">back to summary</a></p>
<h3 id="m114">TestCases.ComparingReportsTest#tearDownTestCase</h3><table class="result"><tr><th class="invisible"/></tr></table><p class="totop"><a href="#summary">back to summary</a></p>
<h3 id="m115">TestCases.ComparingReportsTest#tearDownTestCase</h3><table class="result"><tr><th class="invisible"/></tr></table><p class="totop"><a href="#summary">back to summary</a></p>
<h3 id="m116">TestCases.ComparingReportsTest#tearDownTestCase</h3><table class="result"><tr><th class="invisible"/></tr></table><p class="totop"><a href="#summary">back to summary</a></p>
<h3 id="m117">TestCases.ComparingSalesInvoicesTest#loginWithValidData</h3><table class="result"><tr><th class="invisible"/></tr></table><p class="totop"><a href="#summary">back to summary</a></p>
<h3 id="m118">TestCases.ComparingSalesInvoicesTest#loginWithValidData</h3><table class="result"><tr><th class="invisible"/></tr></table><p class="totop"><a href="#summary">back to summary</a></p>
<h3 id="m119">TestCases.ComparingSalesInvoicesTest#loginWithValidData</h3><table class="result"><tr><th class="invisible"/></tr></table><p class="totop"><a href="#summary">back to summary</a></p>
<h3 id="m120">TestCases.ComparingSalesInvoicesTest#onTestFailure</h3><table class="result"><tr><th class="invisible"/></tr></table><p class="totop"><a href="#summary">back to summary</a></p>
<h3 id="m121">TestCases.ComparingSalesInvoicesTest#onTestFailure</h3><table class="result"><tr><th class="invisible"/></tr></table><p class="totop"><a href="#summary">back to summary</a></p>
<h3 id="m122">TestCases.ComparingSalesInvoicesTest#onTestFailure</h3><table class="result"><tr><th class="invisible"/></tr></table><p class="totop"><a href="#summary">back to summary</a></p>
<h3 id="m123">TestCases.ComparingSalesInvoicesTest#tearDown</h3><table class="result"><tr><th class="invisible"/></tr></table><p class="totop"><a href="#summary">back to summary</a></p>
<h3 id="m124">TestCases.ComparingSalesInvoicesTest#tearDownTestCase</h3><table class="result"><tr><th class="invisible"/></tr></table><p class="totop"><a href="#summary">back to summary</a></p>
<h3 id="m125">TestCases.ComparingSalesInvoicesTest#tearDownTestCase</h3><table class="result"><tr><th class="invisible"/></tr></table><p class="totop"><a href="#summary">back to summary</a></p>
<h3 id="m126">TestCases.ComparingSalesInvoicesTest#tearDownTestCase</h3><table class="result"><tr><th class="invisible"/></tr></table><p class="totop"><a href="#summary">back to summary</a></p>
<h3 id="m127">TestCases.ComparingSalesTaxesAndChargesTemplatesTest#loginWithValidData</h3><table class="result"><tr><th class="invisible"/></tr></table><p class="totop"><a href="#summary">back to summary</a></p>
<h3 id="m128">TestCases.ComparingSalesTaxesAndChargesTemplatesTest#onTestFailure</h3><table class="result"><tr><th class="invisible"/></tr></table><p class="totop"><a href="#summary">back to summary</a></p>
<h3 id="m129">TestCases.ComparingSalesTaxesAndChargesTemplatesTest#tearDown</h3><table class="result"><tr><th class="invisible"/></tr></table><p class="totop"><a href="#summary">back to summary</a></p>
<h3 id="m130">TestCases.ComparingSalesTaxesAndChargesTemplatesTest#tearDownTestCase</h3><table class="result"><tr><th class="invisible"/></tr></table><p class="totop"><a href="#summary">back to summary</a></p>
<h3 id="m131">TestCases.ComparingStockEntryTest#loginWithValidData</h3><table class="result"><tr><th class="invisible"/></tr></table><p class="totop"><a href="#summary">back to summary</a></p>
<h3 id="m132">TestCases.ComparingStockEntryTest#onTestFailure</h3><table class="result"><tr><th class="invisible"/></tr></table><p class="totop"><a href="#summary">back to summary</a></p>
<h3 id="m133">TestCases.ComparingStockEntryTest#tearDown</h3><table class="result"><tr><th class="invisible"/></tr></table><p class="totop"><a href="#summary">back to summary</a></p>
<h3 id="m134">TestCases.ComparingStockEntryTest#tearDownTestCase</h3><table class="result"><tr><th class="invisible"/></tr></table><p class="totop"><a href="#summary">back to summary</a></p>
<h3 id="m135">TestCases.ComparingSuppliersTest#loginWithValidData</h3><table class="result"><tr><th class="invisible"/></tr></table><p class="totop"><a href="#summary">back to summary</a></p>
<h3 id="m136">TestCases.ComparingSuppliersTest#onTestFailure</h3><table class="result"><tr><th class="invisible"/></tr></table><p class="totop"><a href="#summary">back to summary</a></p>
<h3 id="m137">TestCases.ComparingSuppliersTest#tearDown</h3><table class="result"><tr><th class="invisible"/></tr></table><p class="totop"><a href="#summary">back to summary</a></p>
<h3 id="m138">TestCases.ComparingSuppliersTest#tearDownTestCase</h3><table class="result"><tr><th class="invisible"/></tr></table><p class="totop"><a href="#summary">back to summary</a></p>
<h3 id="m139">TestCases.ComparingWareHousesTest#launch_website</h3><table class="result"><tr><th class="invisible"/></tr></table><p class="totop"><a href="#summary">back to summary</a></p>
<h3 id="m140">TestCases.ComparingWareHousesTest#loginWithValidData</h3><table class="result"><tr><th class="invisible"/></tr></table><p class="totop"><a href="#summary">back to summary</a></p>
<h3 id="m141">TestCases.ComparingWareHousesTest#onTestFailure</h3><table class="result"><tr><th class="invisible"/></tr></table><p class="totop"><a href="#summary">back to summary</a></p>
<h3 id="m142">TestCases.ComparingWareHousesTest#tearDown</h3><table class="result"><tr><th class="invisible"/></tr></table><p class="totop"><a href="#summary">back to summary</a></p>
<h3 id="m143">TestCases.ComparingWareHousesTest#tearDownTestCase</h3><table class="result"><tr><th class="invisible"/></tr></table><p class="totop"><a href="#summary">back to summary</a></p>
<h3 id="m144">TestCases.DataMigrationTest#launch_website</h3><table class="result"><tr><th class="invisible"/></tr></table><p class="totop"><a href="#summary">back to summary</a></p>
<h3 id="m145">TestCases.DataMigrationTest#loginWithValidData</h3><table class="result"><tr><th class="invisible"/></tr></table><p class="totop"><a href="#summary">back to summary</a></p>
<h3 id="m146">TestCases.DataMigrationTest#onTestFailure</h3><table class="result"><tr><th class="invisible"/></tr></table><p class="totop"><a href="#summary">back to summary</a></p>
<h3 id="m147">TestCases.DataMigrationTest#tearDown</h3><table class="result"><tr><th class="invisible"/></tr></table><p class="totop"><a href="#summary">back to summary</a></p>
<h3 id="m148">TestCases.DataMigrationTest#tearDownTestCase</h3><table class="result"><tr><th class="invisible"/></tr></table><p class="totop"><a href="#summary">back to summary</a></p>
<h3 id="m149">TestCases.DeliveryNotesTest#launch_website</h3><table class="result"><tr><th class="invisible"/></tr></table><p class="totop"><a href="#summary">back to summary</a></p>
<h3 id="m150">TestCases.DeliveryNotesTest#loginWithValidData</h3><table class="result"><tr><th class="invisible"/></tr></table><p class="totop"><a href="#summary">back to summary</a></p>
<h3 id="m151">TestCases.DeliveryNotesTest#onTestFailure</h3><table class="result"><tr><th class="invisible"/></tr></table><p class="totop"><a href="#summary">back to summary</a></p>
<h3 id="m152">TestCases.DeliveryNotesTest#tearDown</h3><table class="result"><tr><th class="invisible"/></tr></table><p class="totop"><a href="#summary">back to summary</a></p>
<h3 id="m153">TestCases.DeliveryNotesTest#tearDownTestCase</h3><table class="result"><tr><th class="invisible"/></tr></table><p class="totop"><a href="#summary">back to summary</a></p>
<h3 id="m154">TestCases.PosViewTest#launch_website</h3><table class="result"><tr><th class="invisible"/></tr></table><p class="totop"><a href="#summary">back to summary</a></p>
<h3 id="m155">TestCases.PosViewTest#loginWithValidData</h3><table class="result"><tr><th class="invisible"/></tr></table><p class="totop"><a href="#summary">back to summary</a></p>
<h3 id="m156">TestCases.PosViewTest#loginWithValidData</h3><table class="result"><tr><th class="invisible"/></tr></table><p class="totop"><a href="#summary">back to summary</a></p>
<h3 id="m157">TestCases.PosViewTest#onTestFailure</h3><table class="result"><tr><th class="invisible"/></tr></table><p class="totop"><a href="#summary">back to summary</a></p>
<h3 id="m158">TestCases.PosViewTest#onTestFailure</h3><table class="result"><tr><th class="invisible"/></tr></table><p class="totop"><a href="#summary">back to summary</a></p>
<h3 id="m159">TestCases.PosViewTest#tearDown</h3><table class="result"><tr><th class="invisible"/></tr></table><p class="totop"><a href="#summary">back to summary</a></p>
<h3 id="m160">TestCases.PosViewTest#tearDownTestCase</h3><table class="result"><tr><th class="invisible"/></tr></table><p class="totop"><a href="#summary">back to summary</a></p>
<h3 id="m161">TestCases.PosViewTest#tearDownTestCase</h3><table class="result"><tr><th class="invisible"/></tr></table><p class="totop"><a href="#summary">back to summary</a></p>
<h3 id="m162">TestCases.PurchaseInvoicesTest#launch_website</h3><table class="result"><tr><th class="invisible"/></tr></table><p class="totop"><a href="#summary">back to summary</a></p>
<h3 id="m163">TestCases.PurchaseInvoicesTest#loginWithValidData</h3><table class="result"><tr><th class="invisible"/></tr></table><p class="totop"><a href="#summary">back to summary</a></p>
<h3 id="m164">TestCases.PurchaseInvoicesTest#loginWithValidData</h3><table class="result"><tr><th class="invisible"/></tr></table><p class="totop"><a href="#summary">back to summary</a></p>
<h3 id="m165">TestCases.PurchaseInvoicesTest#loginWithValidData</h3><table class="result"><tr><th class="invisible"/></tr></table><p class="totop"><a href="#summary">back to summary</a></p>
<h3 id="m166">TestCases.PurchaseInvoicesTest#loginWithValidData</h3><table class="result"><tr><th class="invisible"/></tr></table><p class="totop"><a href="#summary">back to summary</a></p>
<h3 id="m167">TestCases.PurchaseInvoicesTest#loginWithValidData</h3><table class="result"><tr><th class="invisible"/></tr></table><p class="totop"><a href="#summary">back to summary</a></p>
<h3 id="m168">TestCases.PurchaseInvoicesTest#loginWithValidData</h3><table class="result"><tr><th class="invisible"/></tr></table><p class="totop"><a href="#summary">back to summary</a></p>
<h3 id="m169">TestCases.PurchaseInvoicesTest#onTestFailure</h3><table class="result"><tr><th class="invisible"/></tr></table><p class="totop"><a href="#summary">back to summary</a></p>
<h3 id="m170">TestCases.PurchaseInvoicesTest#onTestFailure</h3><table class="result"><tr><th class="invisible"/></tr></table><p class="totop"><a href="#summary">back to summary</a></p>
<h3 id="m171">TestCases.PurchaseInvoicesTest#onTestFailure</h3><table class="result"><tr><th class="invisible"/></tr></table><p class="totop"><a href="#summary">back to summary</a></p>
<h3 id="m172">TestCases.PurchaseInvoicesTest#onTestFailure</h3><table class="result"><tr><th class="invisible"/></tr></table><p class="totop"><a href="#summary">back to summary</a></p>
<h3 id="m173">TestCases.PurchaseInvoicesTest#onTestFailure</h3><table class="result"><tr><th class="invisible"/></tr></table><p class="totop"><a href="#summary">back to summary</a></p>
<h3 id="m174">TestCases.PurchaseInvoicesTest#onTestFailure</h3><table class="result"><tr><th class="invisible"/></tr></table><p class="totop"><a href="#summary">back to summary</a></p>
<h3 id="m175">TestCases.PurchaseInvoicesTest#tearDown</h3><table class="result"><tr><th class="invisible"/></tr></table><p class="totop"><a href="#summary">back to summary</a></p>
<h3 id="m176">TestCases.PurchaseInvoicesTest#tearDownTestCase</h3><table class="result"><tr><th class="invisible"/></tr></table><p class="totop"><a href="#summary">back to summary</a></p>
<h3 id="m177">TestCases.PurchaseInvoicesTest#tearDownTestCase</h3><table class="result"><tr><th class="invisible"/></tr></table><p class="totop"><a href="#summary">back to summary</a></p>
<h3 id="m178">TestCases.PurchaseInvoicesTest#tearDownTestCase</h3><table class="result"><tr><th class="invisible"/></tr></table><p class="totop"><a href="#summary">back to summary</a></p>
<h3 id="m179">TestCases.PurchaseInvoicesTest#tearDownTestCase</h3><table class="result"><tr><th class="invisible"/></tr></table><p class="totop"><a href="#summary">back to summary</a></p>
<h3 id="m180">TestCases.PurchaseInvoicesTest#tearDownTestCase</h3><table class="result"><tr><th class="invisible"/></tr></table><p class="totop"><a href="#summary">back to summary</a></p>
<h3 id="m181">TestCases.PurchaseInvoicesTest#tearDownTestCase</h3><table class="result"><tr><th class="invisible"/></tr></table><p class="totop"><a href="#summary">back to summary</a></p>
<h3 id="m182">TestCases.SalesInvoicesTest#launch_website</h3><table class="result"><tr><th class="invisible"/></tr></table><p class="totop"><a href="#summary">back to summary</a></p>
<h3 id="m183">TestCases.SalesInvoicesTest#loginWithValidData</h3><table class="result"><tr><th class="invisible"/></tr></table><p class="totop"><a href="#summary">back to summary</a></p>
<h3 id="m184">TestCases.SalesInvoicesTest#onTestFailure</h3><table class="result"><tr><th class="invisible"/></tr></table><p class="totop"><a href="#summary">back to summary</a></p>
<h3 id="m185">TestCases.SalesInvoicesTest#tearDown</h3><table class="result"><tr><th class="invisible"/></tr></table><p class="totop"><a href="#summary">back to summary</a></p>
<h3 id="m186">TestCases.SalesInvoicesTest#tearDownTestCase</h3><table class="result"><tr><th class="invisible"/></tr></table><p class="totop"><a href="#summary">back to summary</a></p>
<h3 id="m187">TestCases.SetupVmTest#launch_website</h3><table class="result"><tr><th class="invisible"/></tr></table><p class="totop"><a href="#summary">back to summary</a></p>
<h3 id="m188">TestCases.SetupVmTest#loginWithValidData</h3><table class="result"><tr><th class="invisible"/></tr></table><p class="totop"><a href="#summary">back to summary</a></p>
<h3 id="m189">TestCases.SetupVmTest#onTestFailure</h3><table class="result"><tr><th class="invisible"/></tr></table><p class="totop"><a href="#summary">back to summary</a></p>
<h3 id="m190">TestCases.SetupVmTest#tearDown</h3><table class="result"><tr><th class="invisible"/></tr></table><p class="totop"><a href="#summary">back to summary</a></p>
<h3 id="m191">TestCases.SetupVmTest#tearDownTestCase</h3><table class="result"><tr><th class="invisible"/></tr></table><p class="totop"><a href="#summary">back to summary</a></p>
<h3 id="m192">TestCases.AddingItemsTest#TC01_createNewSalesAndPurchaseItemAndAddingIntoPriceList</h3><table class="result"><tr><th>Exception</th></tr><tr><td><div class="stacktrace">org.testng.TestNGException: 
Parameter &apos;Scope&apos; is required by BeforeClass on method launch_website but has not been marked @Optional or defined

	at java.base/java.util.ArrayList.forEach(ArrayList.java:1511)
... Removed 32 stack frames</div></td></tr></table><p class="totop"><a href="#summary">back to summary</a></p>
<h3 id="m193">TestCases.AddingItemsTest#TC02_createNewSalesItem</h3><table class="result"><tr><th>Exception</th></tr><tr><td><div class="stacktrace">org.testng.TestNGException: 
Parameter &apos;Scope&apos; is required by BeforeClass on method launch_website but has not been marked @Optional or defined

	at java.base/java.util.ArrayList.forEach(ArrayList.java:1511)
... Removed 32 stack frames</div></td></tr></table><p class="totop"><a href="#summary">back to summary</a></p>
<h3 id="m194">TestCases.AddingItemsTest#TC03_createNewPurchaseItem</h3><table class="result"><tr><th>Exception</th></tr><tr><td><div class="stacktrace">org.testng.TestNGException: 
Parameter &apos;Scope&apos; is required by BeforeClass on method launch_website but has not been marked @Optional or defined

	at java.base/java.util.ArrayList.forEach(ArrayList.java:1511)
... Removed 32 stack frames</div></td></tr></table><p class="totop"><a href="#summary">back to summary</a></p>
<h3 id="m195">TestCases.AddingWareHouseTest#TC01_createNewWareHouse</h3><table class="result"><tr><th>Exception</th></tr><tr><td><div class="stacktrace">org.testng.TestNGException: 
Parameter &apos;Scope&apos; is required by BeforeClass on method launch_website but has not been marked @Optional or defined

	at java.base/java.util.ArrayList.forEach(ArrayList.java:1511)
... Removed 32 stack frames</div></td></tr></table><p class="totop"><a href="#summary">back to summary</a></p>
<h3 id="m196">TestCases.ComparingChartOfAccountsDataTest#TC01_comparingChartOfAccountsDataTest</h3><table class="result"><tr><th>Exception</th></tr><tr><td><div class="stacktrace">org.testng.TestNGException: 
Parameter &apos;Scope&apos; is required by BeforeClass on method launch_website but has not been marked @Optional or defined

	at java.base/java.util.ArrayList.forEach(ArrayList.java:1511)
... Removed 32 stack frames</div></td></tr></table><p class="totop"><a href="#summary">back to summary</a></p>
<h3 id="m197">TestCases.ComparingCompaniesTest#TC01_comparingNumberOfCompanies</h3><table class="result"><tr><th>Exception</th></tr><tr><td><div class="stacktrace">org.testng.TestNGException: 
Parameter &apos;Scope&apos; is required by BeforeClass on method launch_website but has not been marked @Optional or defined

	at java.base/java.util.ArrayList.forEach(ArrayList.java:1511)
... Removed 32 stack frames</div></td></tr></table><p class="totop"><a href="#summary">back to summary</a></p>
<h3 id="m198">TestCases.ComparingCustomersTest#TC01_comparingCustomersDataAtListView</h3><table class="result"><tr><th>Exception</th></tr><tr><td><div class="stacktrace">org.testng.TestNGException: 
Parameter &apos;Scope&apos; is required by BeforeClass on method launch_website but has not been marked @Optional or defined

	at java.base/java.util.ArrayList.forEach(ArrayList.java:1511)
... Removed 32 stack frames</div></td></tr></table><p class="totop"><a href="#summary">back to summary</a></p>
<h3 id="m199">TestCases.ComparingDeliveryNotesTest#TC01_comparingNumberOfDeliveryNotes</h3><table class="result"><tr><th>Exception</th></tr><tr><td><div class="stacktrace">org.testng.TestNGException: 
Parameter &apos;Scope&apos; is required by BeforeClass on method launch_website but has not been marked @Optional or defined

	at java.base/java.util.ArrayList.forEach(ArrayList.java:1511)
... Removed 32 stack frames</div></td></tr></table><p class="totop"><a href="#summary">back to summary</a></p>
<h3 id="m200">TestCases.ComparingDeliveryNotesTest#TC02_comparingDeliveryNotesData</h3><table class="result"><tr><th>Exception</th></tr><tr><td><div class="stacktrace">org.testng.TestNGException: 
Parameter &apos;Scope&apos; is required by BeforeClass on method launch_website but has not been marked @Optional or defined

	at java.base/java.util.ArrayList.forEach(ArrayList.java:1511)
... Removed 32 stack frames</div></td></tr></table><p class="totop"><a href="#summary">back to summary</a></p>
<h3 id="m201">TestCases.ComparingFiscalYearsTest#TC01_comparingNumberOfFiscalYears</h3><table class="result"><tr><th>Exception</th></tr><tr><td><div class="stacktrace">org.testng.TestNGException: 
Parameter &apos;Scope&apos; is required by BeforeClass on method launch_website but has not been marked @Optional or defined

	at java.base/java.util.ArrayList.forEach(ArrayList.java:1511)
... Removed 32 stack frames</div></td></tr></table><p class="totop"><a href="#summary">back to summary</a></p>
<h3 id="m202">TestCases.ComparingItemsTest#TC01_comparingNumberOfItems</h3><table class="result"><tr><th>Exception</th></tr><tr><td><div class="stacktrace">org.testng.TestNGException: 
Parameter &apos;Scope&apos; is required by BeforeClass on method launch_website but has not been marked @Optional or defined

	at java.base/java.util.ArrayList.forEach(ArrayList.java:1511)
... Removed 32 stack frames</div></td></tr></table><p class="totop"><a href="#summary">back to summary</a></p>
<h3 id="m203">TestCases.ComparingJournalEntriesTest#TC01_comparingNumberOfJournalEntries</h3><table class="result"><tr><th>Exception</th></tr><tr><td><div class="stacktrace">org.testng.TestNGException: 
Parameter &apos;Scope&apos; is required by BeforeClass on method launch_website but has not been marked @Optional or defined

	at java.base/java.util.ArrayList.forEach(ArrayList.java:1511)
... Removed 32 stack frames</div></td></tr></table><p class="totop"><a href="#summary">back to summary</a></p>
<h3 id="m204">TestCases.ComparingPaymentEntryTest#TC01_comparingNumberOfPaymentEntry</h3><table class="result"><tr><th>Exception</th></tr><tr><td><div class="stacktrace">org.testng.TestNGException: 
Parameter &apos;Scope&apos; is required by BeforeClass on method launch_website but has not been marked @Optional or defined

	at java.base/java.util.ArrayList.forEach(ArrayList.java:1511)
... Removed 32 stack frames</div></td></tr></table><p class="totop"><a href="#summary">back to summary</a></p>
<h3 id="m205">TestCases.ComparingPurchaseInvoicesTest#TC01_comparingNumberOfPurchaseInvoices</h3><table class="result"><tr><th>Exception</th></tr><tr><td><div class="stacktrace">org.testng.TestNGException: 
Parameter &apos;Scope&apos; is required by BeforeClass on method launch_website but has not been marked @Optional or defined

	at java.base/java.util.ArrayList.forEach(ArrayList.java:1511)
... Removed 32 stack frames</div></td></tr></table><p class="totop"><a href="#summary">back to summary</a></p>
<h3 id="m206">TestCases.ComparingPurchaseInvoicesTest#TC02_comparingPurchaseInvoiceDates</h3><table class="result"><tr><th>Exception</th></tr><tr><td><div class="stacktrace">org.testng.TestNGException: 
Parameter &apos;Scope&apos; is required by BeforeClass on method launch_website but has not been marked @Optional or defined

	at java.base/java.util.ArrayList.forEach(ArrayList.java:1511)
... Removed 32 stack frames</div></td></tr></table><p class="totop"><a href="#summary">back to summary</a></p>
<h3 id="m207">TestCases.ComparingPurchaseReceiptsTest#TC01_comparingNumberOfPurchaseReceipt</h3><table class="result"><tr><th>Exception</th></tr><tr><td><div class="stacktrace">org.testng.TestNGException: 
Parameter &apos;Scope&apos; is required by BeforeClass on method launch_website but has not been marked @Optional or defined

	at java.base/java.util.ArrayList.forEach(ArrayList.java:1511)
... Removed 32 stack frames</div></td></tr></table><p class="totop"><a href="#summary">back to summary</a></p>
<h3 id="m208">TestCases.ComparingPurchaseTaxesAndChargesTemplatesTest#TC01_comparingNumberOfPurchaseTaxesAndChargesTemplatesTet</h3><table class="result"><tr><th>Exception</th></tr><tr><td><div class="stacktrace">org.testng.TestNGException: 
Parameter &apos;Scope&apos; is required by BeforeClass on method launch_website but has not been marked @Optional or defined

	at java.base/java.util.ArrayList.forEach(ArrayList.java:1511)
... Removed 32 stack frames</div></td></tr></table><p class="totop"><a href="#summary">back to summary</a></p>
<h3 id="m209">TestCases.ComparingReportsTest#TC010_comparingSupplierAgingDetailsReport</h3><table class="result"><tr><th>Exception</th></tr><tr><td><div class="stacktrace">org.testng.TestNGException: 
Parameter &apos;Scope&apos; is required by BeforeClass on method launch_website but has not been marked @Optional or defined

	at java.base/java.util.ArrayList.forEach(ArrayList.java:1511)
... Removed 32 stack frames</div></td></tr></table><p class="totop"><a href="#summary">back to summary</a></p>
<h3 id="m210">TestCases.ComparingReportsTest#TC011_comparingSalesPersonDetailedReport</h3><table class="result"><tr><th>Exception</th></tr><tr><td><div class="stacktrace">org.testng.TestNGException: 
Parameter &apos;Scope&apos; is required by BeforeClass on method launch_website but has not been marked @Optional or defined

	at java.base/java.util.ArrayList.forEach(ArrayList.java:1511)
... Removed 32 stack frames</div></td></tr></table><p class="totop"><a href="#summary">back to summary</a></p>
<h3 id="m211">TestCases.ComparingReportsTest#TC01_comparingGeneralLedgerReportWithSpecificAccount</h3><table class="result"><tr><th>Exception</th></tr><tr><td><div class="stacktrace">org.testng.TestNGException: 
Parameter &apos;Scope&apos; is required by BeforeClass on method launch_website but has not been marked @Optional or defined

	at java.base/java.util.ArrayList.forEach(ArrayList.java:1511)
... Removed 32 stack frames</div></td></tr></table><p class="totop"><a href="#summary">back to summary</a></p>
<h3 id="m212">TestCases.ComparingReportsTest#TC02_comparingGeneralLedgerReportWithoutFiltration</h3><table class="result"><tr><th>Exception</th></tr><tr><td><div class="stacktrace">org.testng.TestNGException: 
Parameter &apos;Scope&apos; is required by BeforeClass on method launch_website but has not been marked @Optional or defined

	at java.base/java.util.ArrayList.forEach(ArrayList.java:1511)
... Removed 32 stack frames</div></td></tr></table><p class="totop"><a href="#summary">back to summary</a></p>
<h3 id="m213">TestCases.ComparingReportsTest#TC04_comparingTaxDeclarationReport</h3><table class="result"><tr><th>Exception</th></tr><tr><td><div class="stacktrace">org.testng.TestNGException: 
Parameter &apos;Scope&apos; is required by BeforeClass on method launch_website but has not been marked @Optional or defined

	at java.base/java.util.ArrayList.forEach(ArrayList.java:1511)
... Removed 32 stack frames</div></td></tr></table><p class="totop"><a href="#summary">back to summary</a></p>
<h3 id="m214">TestCases.ComparingReportsTest#TC05_comparingStockBalanceReport</h3><table class="result"><tr><th>Exception</th></tr><tr><td><div class="stacktrace">org.testng.TestNGException: 
Parameter &apos;Scope&apos; is required by BeforeClass on method launch_website but has not been marked @Optional or defined

	at java.base/java.util.ArrayList.forEach(ArrayList.java:1511)
... Removed 32 stack frames</div></td></tr></table><p class="totop"><a href="#summary">back to summary</a></p>
<h3 id="m215">TestCases.ComparingReportsTest#TC07_comparingBalanceSheetReport</h3><table class="result"><tr><th>Exception</th></tr><tr><td><div class="stacktrace">org.testng.TestNGException: 
Parameter &apos;Scope&apos; is required by BeforeClass on method launch_website but has not been marked @Optional or defined

	at java.base/java.util.ArrayList.forEach(ArrayList.java:1511)
... Removed 32 stack frames</div></td></tr></table><p class="totop"><a href="#summary">back to summary</a></p>
<h3 id="m216">TestCases.ComparingReportsTest#TC08_comparingProfitAndLossReport</h3><table class="result"><tr><th>Exception</th></tr><tr><td><div class="stacktrace">org.testng.TestNGException: 
Parameter &apos;Scope&apos; is required by BeforeClass on method launch_website but has not been marked @Optional or defined

	at java.base/java.util.ArrayList.forEach(ArrayList.java:1511)
... Removed 32 stack frames</div></td></tr></table><p class="totop"><a href="#summary">back to summary</a></p>
<h3 id="m217">TestCases.ComparingReportsTest#TC09_comparingGrossProfitReport</h3><table class="result"><tr><th>Exception</th></tr><tr><td><div class="stacktrace">org.testng.TestNGException: 
Parameter &apos;Scope&apos; is required by BeforeClass on method launch_website but has not been marked @Optional or defined

	at java.base/java.util.ArrayList.forEach(ArrayList.java:1511)
... Removed 32 stack frames</div></td></tr></table><p class="totop"><a href="#summary">back to summary</a></p>
<h3 id="m218">TestCases.ComparingSalesInvoicesTest#TC01_comparingSalesInvoicesAtViewList</h3><table class="result"><tr><th>Exception</th></tr><tr><td><div class="stacktrace">org.testng.TestNGException: 
Parameter &apos;Scope&apos; is required by BeforeClass on method launch_website but has not been marked @Optional or defined

	at java.base/java.util.ArrayList.forEach(ArrayList.java:1511)
... Removed 32 stack frames</div></td></tr></table><p class="totop"><a href="#summary">back to summary</a></p>
<h3 id="m219">TestCases.ComparingSalesInvoicesTest#TC02_comparingSalesInvoiceData</h3><table class="result"><tr><th>Exception</th></tr><tr><td><div class="stacktrace">org.testng.TestNGException: 
Parameter &apos;Scope&apos; is required by BeforeClass on method launch_website but has not been marked @Optional or defined

	at java.base/java.util.ArrayList.forEach(ArrayList.java:1511)
... Removed 32 stack frames</div></td></tr></table><p class="totop"><a href="#summary">back to summary</a></p>
<h3 id="m220">TestCases.ComparingSalesInvoicesTest#TC03_comparingSalesInvoiceDataAtGL</h3><table class="result"><tr><th>Exception</th></tr><tr><td><div class="stacktrace">org.testng.TestNGException: 
Parameter &apos;Scope&apos; is required by BeforeClass on method launch_website but has not been marked @Optional or defined

	at java.base/java.util.ArrayList.forEach(ArrayList.java:1511)
... Removed 32 stack frames</div></td></tr></table><p class="totop"><a href="#summary">back to summary</a></p>
<h3 id="m221">TestCases.ComparingSalesTaxesAndChargesTemplatesTest#TC01_comparingNumberOfSalesTaxesAndChargesTemplatesTet</h3><table class="result"><tr><th>Exception</th></tr><tr><td><div class="stacktrace">org.testng.TestNGException: 
Parameter &apos;Scope&apos; is required by BeforeClass on method launch_website but has not been marked @Optional or defined

	at java.base/java.util.ArrayList.forEach(ArrayList.java:1511)
... Removed 32 stack frames</div></td></tr></table><p class="totop"><a href="#summary">back to summary</a></p>
<h3 id="m222">TestCases.ComparingStockEntryTest#TC01_comparingNumberOfStockEntries</h3><table class="result"><tr><th>Exception</th></tr><tr><td><div class="stacktrace">org.testng.TestNGException: 
Parameter &apos;Scope&apos; is required by BeforeClass on method launch_website but has not been marked @Optional or defined

	at java.base/java.util.ArrayList.forEach(ArrayList.java:1511)
... Removed 32 stack frames</div></td></tr></table><p class="totop"><a href="#summary">back to summary</a></p>
<h3 id="m223">TestCases.ComparingSuppliersTest#TC01_comparingSuppliersDataAtListView</h3><table class="result"><tr><th>Exception</th></tr><tr><td><div class="stacktrace">org.testng.TestNGException: 
Parameter &apos;Scope&apos; is required by BeforeClass on method launch_website but has not been marked @Optional or defined

	at java.base/java.util.ArrayList.forEach(ArrayList.java:1511)
... Removed 32 stack frames</div></td></tr></table><p class="totop"><a href="#summary">back to summary</a></p>
<h3 id="m224">TestCases.ComparingWareHousesTest#TC01_comparingNumberOfWareHouses</h3><table class="result"><tr><th>Exception</th></tr><tr><td><div class="stacktrace">org.openqa.selenium.SessionNotCreatedException: Could not start a new session. Possible causes are invalid address of the remote server or browser start-up failure. 
Host info: host: &apos;DESKTOP-GHKE3PU&apos;, ip: &apos;192.168.1.2&apos;
	at org.openqa.selenium.remote.RemoteWebDriver.execute(RemoteWebDriver.java:537)
	at org.openqa.selenium.remote.RemoteWebDriver.startSession(RemoteWebDriver.java:233)
	at org.openqa.selenium.remote.RemoteWebDriver.&lt;init&gt;(RemoteWebDriver.java:162)
	at org.openqa.selenium.chromium.ChromiumDriver.&lt;init&gt;(ChromiumDriver.java:114)
	at org.openqa.selenium.chrome.ChromeDriver.&lt;init&gt;(ChromeDriver.java:89)
	at org.openqa.selenium.chrome.ChromeDriver.&lt;init&gt;(ChromeDriver.java:84)
	at org.openqa.selenium.chrome.ChromeDriver.&lt;init&gt;(ChromeDriver.java:73)
	at TestCases.BaseTest.setup_driver(BaseTest.java:63)
	at java.base/java.util.ArrayList.forEach(ArrayList.java:1511)
Caused by: org.openqa.selenium.WebDriverException: Driver server process died prematurely.
Build info: version: &apos;4.17.0&apos;, revision: &apos;e52b1be057*&apos;
System info: os.name: &apos;Windows 10&apos;, os.arch: &apos;amd64&apos;, os.version: &apos;10.0&apos;, java.version: &apos;17.0.9&apos;
Driver info: driver.version: ChromeDriver
	at org.openqa.selenium.remote.service.DriverService.start(DriverService.java:247)
	at org.openqa.selenium.remote.service.DriverCommandExecutor.execute(DriverCommandExecutor.java:117)
	at org.openqa.selenium.remote.RemoteWebDriver.execute(RemoteWebDriver.java:519)
	... 42 more
... Removed 34 stack frames</div></td></tr></table><p class="totop"><a href="#summary">back to summary</a></p>
<h3 id="m225">TestCases.DataMigrationTest#TC03_syncDocTypesData</h3><table class="result"><tr><th>Exception</th></tr><tr><td><div class="stacktrace">org.openqa.selenium.SessionNotCreatedException: Could not start a new session. Possible causes are invalid address of the remote server or browser start-up failure. 
Host info: host: &apos;DESKTOP-GHKE3PU&apos;, ip: &apos;192.168.1.2&apos;
	at org.openqa.selenium.remote.RemoteWebDriver.execute(RemoteWebDriver.java:537)
	at org.openqa.selenium.remote.RemoteWebDriver.startSession(RemoteWebDriver.java:233)
	at org.openqa.selenium.remote.RemoteWebDriver.&lt;init&gt;(RemoteWebDriver.java:162)
	at org.openqa.selenium.chromium.ChromiumDriver.&lt;init&gt;(ChromiumDriver.java:114)
	at org.openqa.selenium.chrome.ChromeDriver.&lt;init&gt;(ChromeDriver.java:89)
	at org.openqa.selenium.chrome.ChromeDriver.&lt;init&gt;(ChromeDriver.java:84)
	at org.openqa.selenium.chrome.ChromeDriver.&lt;init&gt;(ChromeDriver.java:73)
	at TestCases.BaseTest.setup_driver(BaseTest.java:63)
	at java.base/java.util.ArrayList.forEach(ArrayList.java:1511)
Caused by: org.openqa.selenium.WebDriverException: Driver server process died prematurely.
Build info: version: &apos;4.17.0&apos;, revision: &apos;e52b1be057*&apos;
System info: os.name: &apos;Windows 10&apos;, os.arch: &apos;amd64&apos;, os.version: &apos;10.0&apos;, java.version: &apos;17.0.9&apos;
Driver info: driver.version: ChromeDriver
	at org.openqa.selenium.remote.service.DriverService.start(DriverService.java:247)
	at org.openqa.selenium.remote.service.DriverCommandExecutor.execute(DriverCommandExecutor.java:117)
	at org.openqa.selenium.remote.RemoteWebDriver.execute(RemoteWebDriver.java:519)
	... 42 more
... Removed 34 stack frames</div></td></tr></table><p class="totop"><a href="#summary">back to summary</a></p>
<h3 id="m226">TestCases.DeliveryNotesTest#TC01_createNewDeliveryNote</h3><table class="result"><tr><th>Exception</th></tr><tr><td><div class="stacktrace">org.openqa.selenium.SessionNotCreatedException: Could not start a new session. Possible causes are invalid address of the remote server or browser start-up failure. 
Host info: host: &apos;DESKTOP-GHKE3PU&apos;, ip: &apos;192.168.1.2&apos;
	at org.openqa.selenium.remote.RemoteWebDriver.execute(RemoteWebDriver.java:537)
	at org.openqa.selenium.remote.RemoteWebDriver.startSession(RemoteWebDriver.java:233)
	at org.openqa.selenium.remote.RemoteWebDriver.&lt;init&gt;(RemoteWebDriver.java:162)
	at org.openqa.selenium.chromium.ChromiumDriver.&lt;init&gt;(ChromiumDriver.java:114)
	at org.openqa.selenium.chrome.ChromeDriver.&lt;init&gt;(ChromeDriver.java:89)
	at org.openqa.selenium.chrome.ChromeDriver.&lt;init&gt;(ChromeDriver.java:84)
	at org.openqa.selenium.chrome.ChromeDriver.&lt;init&gt;(ChromeDriver.java:73)
	at TestCases.BaseTest.setup_driver(BaseTest.java:63)
	at java.base/java.util.ArrayList.forEach(ArrayList.java:1511)
Caused by: org.openqa.selenium.WebDriverException: Driver server process died prematurely.
Build info: version: &apos;4.17.0&apos;, revision: &apos;e52b1be057*&apos;
System info: os.name: &apos;Windows 10&apos;, os.arch: &apos;amd64&apos;, os.version: &apos;10.0&apos;, java.version: &apos;17.0.9&apos;
Driver info: driver.version: ChromeDriver
	at org.openqa.selenium.remote.service.DriverService.start(DriverService.java:247)
	at org.openqa.selenium.remote.service.DriverCommandExecutor.execute(DriverCommandExecutor.java:117)
	at org.openqa.selenium.remote.RemoteWebDriver.execute(RemoteWebDriver.java:519)
	... 42 more
... Removed 34 stack frames</div></td></tr></table><p class="totop"><a href="#summary">back to summary</a></p>
<h3 id="m227">TestCases.PosViewTest#TC01_createNewSalesInvoiceUsingPosView</h3><table class="result"><tr><th>Exception</th></tr><tr><td><div class="stacktrace">org.openqa.selenium.SessionNotCreatedException: Could not start a new session. Possible causes are invalid address of the remote server or browser start-up failure. 
Host info: host: &apos;DESKTOP-GHKE3PU&apos;, ip: &apos;192.168.1.2&apos;
	at org.openqa.selenium.remote.RemoteWebDriver.execute(RemoteWebDriver.java:537)
	at org.openqa.selenium.remote.RemoteWebDriver.startSession(RemoteWebDriver.java:233)
	at org.openqa.selenium.remote.RemoteWebDriver.&lt;init&gt;(RemoteWebDriver.java:162)
	at org.openqa.selenium.chromium.ChromiumDriver.&lt;init&gt;(ChromiumDriver.java:114)
	at org.openqa.selenium.chrome.ChromeDriver.&lt;init&gt;(ChromeDriver.java:89)
	at org.openqa.selenium.chrome.ChromeDriver.&lt;init&gt;(ChromeDriver.java:84)
	at org.openqa.selenium.chrome.ChromeDriver.&lt;init&gt;(ChromeDriver.java:73)
	at TestCases.BaseTest.setup_driver(BaseTest.java:63)
	at java.base/java.util.ArrayList.forEach(ArrayList.java:1511)
Caused by: org.openqa.selenium.WebDriverException: Driver server process died prematurely.
Build info: version: &apos;4.17.0&apos;, revision: &apos;e52b1be057*&apos;
System info: os.name: &apos;Windows 10&apos;, os.arch: &apos;amd64&apos;, os.version: &apos;10.0&apos;, java.version: &apos;17.0.9&apos;
Driver info: driver.version: ChromeDriver
	at org.openqa.selenium.remote.service.DriverService.start(DriverService.java:247)
	at org.openqa.selenium.remote.service.DriverCommandExecutor.execute(DriverCommandExecutor.java:117)
	at org.openqa.selenium.remote.RemoteWebDriver.execute(RemoteWebDriver.java:519)
	... 42 more
... Removed 34 stack frames</div></td></tr></table><p class="totop"><a href="#summary">back to summary</a></p>
<h3 id="m228">TestCases.PosViewTest#TC02_applyDiscountOnSalesInvoiceUsingPosView</h3><table class="result"><tr><th>Exception</th></tr><tr><td><div class="stacktrace">org.openqa.selenium.SessionNotCreatedException: Could not start a new session. Possible causes are invalid address of the remote server or browser start-up failure. 
Host info: host: &apos;DESKTOP-GHKE3PU&apos;, ip: &apos;192.168.1.2&apos;
	at org.openqa.selenium.remote.RemoteWebDriver.execute(RemoteWebDriver.java:537)
	at org.openqa.selenium.remote.RemoteWebDriver.startSession(RemoteWebDriver.java:233)
	at org.openqa.selenium.remote.RemoteWebDriver.&lt;init&gt;(RemoteWebDriver.java:162)
	at org.openqa.selenium.chromium.ChromiumDriver.&lt;init&gt;(ChromiumDriver.java:114)
	at org.openqa.selenium.chrome.ChromeDriver.&lt;init&gt;(ChromeDriver.java:89)
	at org.openqa.selenium.chrome.ChromeDriver.&lt;init&gt;(ChromeDriver.java:84)
	at org.openqa.selenium.chrome.ChromeDriver.&lt;init&gt;(ChromeDriver.java:73)
	at TestCases.BaseTest.setup_driver(BaseTest.java:63)
	at java.base/java.util.ArrayList.forEach(ArrayList.java:1511)
Caused by: org.openqa.selenium.WebDriverException: Driver server process died prematurely.
Build info: version: &apos;4.17.0&apos;, revision: &apos;e52b1be057*&apos;
System info: os.name: &apos;Windows 10&apos;, os.arch: &apos;amd64&apos;, os.version: &apos;10.0&apos;, java.version: &apos;17.0.9&apos;
Driver info: driver.version: ChromeDriver
	at org.openqa.selenium.remote.service.DriverService.start(DriverService.java:247)
	at org.openqa.selenium.remote.service.DriverCommandExecutor.execute(DriverCommandExecutor.java:117)
	at org.openqa.selenium.remote.RemoteWebDriver.execute(RemoteWebDriver.java:519)
	... 42 more
... Removed 34 stack frames</div></td></tr></table><p class="totop"><a href="#summary">back to summary</a></p>
<h3 id="m229">TestCases.PurchaseInvoicesTest#TC01_createNewPurchaseInvoiceAndSubmit</h3><table class="result"><tr><th>Exception</th></tr><tr><td><div class="stacktrace">org.openqa.selenium.SessionNotCreatedException: Could not start a new session. Possible causes are invalid address of the remote server or browser start-up failure. 
Host info: host: &apos;DESKTOP-GHKE3PU&apos;, ip: &apos;192.168.1.2&apos;
	at org.openqa.selenium.remote.RemoteWebDriver.execute(RemoteWebDriver.java:537)
	at org.openqa.selenium.remote.RemoteWebDriver.startSession(RemoteWebDriver.java:233)
	at org.openqa.selenium.remote.RemoteWebDriver.&lt;init&gt;(RemoteWebDriver.java:162)
	at org.openqa.selenium.chromium.ChromiumDriver.&lt;init&gt;(ChromiumDriver.java:114)
	at org.openqa.selenium.chrome.ChromeDriver.&lt;init&gt;(ChromeDriver.java:89)
	at org.openqa.selenium.chrome.ChromeDriver.&lt;init&gt;(ChromeDriver.java:84)
	at org.openqa.selenium.chrome.ChromeDriver.&lt;init&gt;(ChromeDriver.java:73)
	at TestCases.BaseTest.setup_driver(BaseTest.java:63)
	at java.base/java.util.ArrayList.forEach(ArrayList.java:1511)
Caused by: org.openqa.selenium.WebDriverException: Driver server process died prematurely.
Build info: version: &apos;4.17.0&apos;, revision: &apos;e52b1be057*&apos;
System info: os.name: &apos;Windows 10&apos;, os.arch: &apos;amd64&apos;, os.version: &apos;10.0&apos;, java.version: &apos;17.0.9&apos;
Driver info: driver.version: ChromeDriver
	at org.openqa.selenium.remote.service.DriverService.start(DriverService.java:247)
	at org.openqa.selenium.remote.service.DriverCommandExecutor.execute(DriverCommandExecutor.java:117)
	at org.openqa.selenium.remote.RemoteWebDriver.execute(RemoteWebDriver.java:519)
	... 42 more
... Removed 34 stack frames</div></td></tr></table><p class="totop"><a href="#summary">back to summary</a></p>
<h3 id="m230">TestCases.PurchaseInvoicesTest#TC02_createNewPurchaseInvoiceFromPurchaseOrder</h3><table class="result"><tr><th>Exception</th></tr><tr><td><div class="stacktrace">org.openqa.selenium.SessionNotCreatedException: Could not start a new session. Possible causes are invalid address of the remote server or browser start-up failure. 
Host info: host: &apos;DESKTOP-GHKE3PU&apos;, ip: &apos;192.168.1.2&apos;
	at org.openqa.selenium.remote.RemoteWebDriver.execute(RemoteWebDriver.java:537)
	at org.openqa.selenium.remote.RemoteWebDriver.startSession(RemoteWebDriver.java:233)
	at org.openqa.selenium.remote.RemoteWebDriver.&lt;init&gt;(RemoteWebDriver.java:162)
	at org.openqa.selenium.chromium.ChromiumDriver.&lt;init&gt;(ChromiumDriver.java:114)
	at org.openqa.selenium.chrome.ChromeDriver.&lt;init&gt;(ChromeDriver.java:89)
	at org.openqa.selenium.chrome.ChromeDriver.&lt;init&gt;(ChromeDriver.java:84)
	at org.openqa.selenium.chrome.ChromeDriver.&lt;init&gt;(ChromeDriver.java:73)
	at TestCases.BaseTest.setup_driver(BaseTest.java:63)
	at java.base/java.util.ArrayList.forEach(ArrayList.java:1511)
Caused by: org.openqa.selenium.WebDriverException: Driver server process died prematurely.
Build info: version: &apos;4.17.0&apos;, revision: &apos;e52b1be057*&apos;
System info: os.name: &apos;Windows 10&apos;, os.arch: &apos;amd64&apos;, os.version: &apos;10.0&apos;, java.version: &apos;17.0.9&apos;
Driver info: driver.version: ChromeDriver
	at org.openqa.selenium.remote.service.DriverService.start(DriverService.java:247)
	at org.openqa.selenium.remote.service.DriverCommandExecutor.execute(DriverCommandExecutor.java:117)
	at org.openqa.selenium.remote.RemoteWebDriver.execute(RemoteWebDriver.java:519)
	... 42 more
... Removed 34 stack frames</div></td></tr></table><p class="totop"><a href="#summary">back to summary</a></p>
<h3 id="m231">TestCases.PurchaseInvoicesTest#TC03_createDebitNoteFromPurchaseInvoice</h3><table class="result"><tr><th>Exception</th></tr><tr><td><div class="stacktrace">org.openqa.selenium.SessionNotCreatedException: Could not start a new session. Possible causes are invalid address of the remote server or browser start-up failure. 
Host info: host: &apos;DESKTOP-GHKE3PU&apos;, ip: &apos;192.168.1.2&apos;
	at org.openqa.selenium.remote.RemoteWebDriver.execute(RemoteWebDriver.java:537)
	at org.openqa.selenium.remote.RemoteWebDriver.startSession(RemoteWebDriver.java:233)
	at org.openqa.selenium.remote.RemoteWebDriver.&lt;init&gt;(RemoteWebDriver.java:162)
	at org.openqa.selenium.chromium.ChromiumDriver.&lt;init&gt;(ChromiumDriver.java:114)
	at org.openqa.selenium.chrome.ChromeDriver.&lt;init&gt;(ChromeDriver.java:89)
	at org.openqa.selenium.chrome.ChromeDriver.&lt;init&gt;(ChromeDriver.java:84)
	at org.openqa.selenium.chrome.ChromeDriver.&lt;init&gt;(ChromeDriver.java:73)
	at TestCases.BaseTest.setup_driver(BaseTest.java:63)
	at java.base/java.util.ArrayList.forEach(ArrayList.java:1511)
Caused by: org.openqa.selenium.WebDriverException: Driver server process died prematurely.
Build info: version: &apos;4.17.0&apos;, revision: &apos;e52b1be057*&apos;
System info: os.name: &apos;Windows 10&apos;, os.arch: &apos;amd64&apos;, os.version: &apos;10.0&apos;, java.version: &apos;17.0.9&apos;
Driver info: driver.version: ChromeDriver
	at org.openqa.selenium.remote.service.DriverService.start(DriverService.java:247)
	at org.openqa.selenium.remote.service.DriverCommandExecutor.execute(DriverCommandExecutor.java:117)
	at org.openqa.selenium.remote.RemoteWebDriver.execute(RemoteWebDriver.java:519)
	... 42 more
... Removed 34 stack frames</div></td></tr></table><p class="totop"><a href="#summary">back to summary</a></p>
<h3 id="m232">TestCases.PurchaseInvoicesTest#TC04_createPaymentForPurchaseInvoice</h3><table class="result"><tr><th>Exception</th></tr><tr><td><div class="stacktrace">org.openqa.selenium.SessionNotCreatedException: Could not start a new session. Possible causes are invalid address of the remote server or browser start-up failure. 
Host info: host: &apos;DESKTOP-GHKE3PU&apos;, ip: &apos;192.168.1.2&apos;
	at org.openqa.selenium.remote.RemoteWebDriver.execute(RemoteWebDriver.java:537)
	at org.openqa.selenium.remote.RemoteWebDriver.startSession(RemoteWebDriver.java:233)
	at org.openqa.selenium.remote.RemoteWebDriver.&lt;init&gt;(RemoteWebDriver.java:162)
	at org.openqa.selenium.chromium.ChromiumDriver.&lt;init&gt;(ChromiumDriver.java:114)
	at org.openqa.selenium.chrome.ChromeDriver.&lt;init&gt;(ChromeDriver.java:89)
	at org.openqa.selenium.chrome.ChromeDriver.&lt;init&gt;(ChromeDriver.java:84)
	at org.openqa.selenium.chrome.ChromeDriver.&lt;init&gt;(ChromeDriver.java:73)
	at TestCases.BaseTest.setup_driver(BaseTest.java:63)
	at java.base/java.util.ArrayList.forEach(ArrayList.java:1511)
Caused by: org.openqa.selenium.WebDriverException: Driver server process died prematurely.
Build info: version: &apos;4.17.0&apos;, revision: &apos;e52b1be057*&apos;
System info: os.name: &apos;Windows 10&apos;, os.arch: &apos;amd64&apos;, os.version: &apos;10.0&apos;, java.version: &apos;17.0.9&apos;
Driver info: driver.version: ChromeDriver
	at org.openqa.selenium.remote.service.DriverService.start(DriverService.java:247)
	at org.openqa.selenium.remote.service.DriverCommandExecutor.execute(DriverCommandExecutor.java:117)
	at org.openqa.selenium.remote.RemoteWebDriver.execute(RemoteWebDriver.java:519)
	... 42 more
... Removed 34 stack frames</div></td></tr></table><p class="totop"><a href="#summary">back to summary</a></p>
<h3 id="m233">TestCases.PurchaseInvoicesTest#TC05_createNewPurchaseInvoiceFromPurchaseReceipt</h3><table class="result"><tr><th>Exception</th></tr><tr><td><div class="stacktrace">org.openqa.selenium.SessionNotCreatedException: Could not start a new session. Possible causes are invalid address of the remote server or browser start-up failure. 
Host info: host: &apos;DESKTOP-GHKE3PU&apos;, ip: &apos;192.168.1.2&apos;
	at org.openqa.selenium.remote.RemoteWebDriver.execute(RemoteWebDriver.java:537)
	at org.openqa.selenium.remote.RemoteWebDriver.startSession(RemoteWebDriver.java:233)
	at org.openqa.selenium.remote.RemoteWebDriver.&lt;init&gt;(RemoteWebDriver.java:162)
	at org.openqa.selenium.chromium.ChromiumDriver.&lt;init&gt;(ChromiumDriver.java:114)
	at org.openqa.selenium.chrome.ChromeDriver.&lt;init&gt;(ChromeDriver.java:89)
	at org.openqa.selenium.chrome.ChromeDriver.&lt;init&gt;(ChromeDriver.java:84)
	at org.openqa.selenium.chrome.ChromeDriver.&lt;init&gt;(ChromeDriver.java:73)
	at TestCases.BaseTest.setup_driver(BaseTest.java:63)
	at java.base/java.util.ArrayList.forEach(ArrayList.java:1511)
Caused by: org.openqa.selenium.WebDriverException: Driver server process died prematurely.
Build info: version: &apos;4.17.0&apos;, revision: &apos;e52b1be057*&apos;
System info: os.name: &apos;Windows 10&apos;, os.arch: &apos;amd64&apos;, os.version: &apos;10.0&apos;, java.version: &apos;17.0.9&apos;
Driver info: driver.version: ChromeDriver
	at org.openqa.selenium.remote.service.DriverService.start(DriverService.java:247)
	at org.openqa.selenium.remote.service.DriverCommandExecutor.execute(DriverCommandExecutor.java:117)
	at org.openqa.selenium.remote.RemoteWebDriver.execute(RemoteWebDriver.java:519)
	... 42 more
... Removed 34 stack frames</div></td></tr></table><p class="totop"><a href="#summary">back to summary</a></p>
<h3 id="m234">TestCases.PurchaseInvoicesTest#TC06_createNewPurchaseInvoiceAndCheckInGeneralLedgerReport</h3><table class="result"><tr><th>Exception</th></tr><tr><td><div class="stacktrace">org.openqa.selenium.SessionNotCreatedException: Could not start a new session. Possible causes are invalid address of the remote server or browser start-up failure. 
Host info: host: &apos;DESKTOP-GHKE3PU&apos;, ip: &apos;192.168.1.2&apos;
	at org.openqa.selenium.remote.RemoteWebDriver.execute(RemoteWebDriver.java:537)
	at org.openqa.selenium.remote.RemoteWebDriver.startSession(RemoteWebDriver.java:233)
	at org.openqa.selenium.remote.RemoteWebDriver.&lt;init&gt;(RemoteWebDriver.java:162)
	at org.openqa.selenium.chromium.ChromiumDriver.&lt;init&gt;(ChromiumDriver.java:114)
	at org.openqa.selenium.chrome.ChromeDriver.&lt;init&gt;(ChromeDriver.java:89)
	at org.openqa.selenium.chrome.ChromeDriver.&lt;init&gt;(ChromeDriver.java:84)
	at org.openqa.selenium.chrome.ChromeDriver.&lt;init&gt;(ChromeDriver.java:73)
	at TestCases.BaseTest.setup_driver(BaseTest.java:63)
	at java.base/java.util.ArrayList.forEach(ArrayList.java:1511)
Caused by: org.openqa.selenium.WebDriverException: Driver server process died prematurely.
Build info: version: &apos;4.17.0&apos;, revision: &apos;e52b1be057*&apos;
System info: os.name: &apos;Windows 10&apos;, os.arch: &apos;amd64&apos;, os.version: &apos;10.0&apos;, java.version: &apos;17.0.9&apos;
Driver info: driver.version: ChromeDriver
	at org.openqa.selenium.remote.service.DriverService.start(DriverService.java:247)
	at org.openqa.selenium.remote.service.DriverCommandExecutor.execute(DriverCommandExecutor.java:117)
	at org.openqa.selenium.remote.RemoteWebDriver.execute(RemoteWebDriver.java:519)
	... 42 more
... Removed 34 stack frames</div></td></tr></table><p class="totop"><a href="#summary">back to summary</a></p>
<h3 id="m235">TestCases.SalesInvoicesTest#TC01_createNewSalesInvoiceAndSaveOnly</h3><table class="result"><tr><th>Exception</th></tr><tr><td><div class="stacktrace">org.openqa.selenium.SessionNotCreatedException: Could not start a new session. Possible causes are invalid address of the remote server or browser start-up failure. 
Host info: host: &apos;DESKTOP-GHKE3PU&apos;, ip: &apos;192.168.1.2&apos;
	at org.openqa.selenium.remote.RemoteWebDriver.execute(RemoteWebDriver.java:537)
	at org.openqa.selenium.remote.RemoteWebDriver.startSession(RemoteWebDriver.java:233)
	at org.openqa.selenium.remote.RemoteWebDriver.&lt;init&gt;(RemoteWebDriver.java:162)
	at org.openqa.selenium.chromium.ChromiumDriver.&lt;init&gt;(ChromiumDriver.java:114)
	at org.openqa.selenium.chrome.ChromeDriver.&lt;init&gt;(ChromeDriver.java:89)
	at org.openqa.selenium.chrome.ChromeDriver.&lt;init&gt;(ChromeDriver.java:84)
	at org.openqa.selenium.chrome.ChromeDriver.&lt;init&gt;(ChromeDriver.java:73)
	at TestCases.BaseTest.setup_driver(BaseTest.java:63)
	at java.base/java.util.ArrayList.forEach(ArrayList.java:1511)
Caused by: org.openqa.selenium.WebDriverException: Driver server process died prematurely.
Build info: version: &apos;4.17.0&apos;, revision: &apos;e52b1be057*&apos;
System info: os.name: &apos;Windows 10&apos;, os.arch: &apos;amd64&apos;, os.version: &apos;10.0&apos;, java.version: &apos;17.0.9&apos;
Driver info: driver.version: ChromeDriver
	at org.openqa.selenium.remote.service.DriverService.start(DriverService.java:247)
	at org.openqa.selenium.remote.service.DriverCommandExecutor.execute(DriverCommandExecutor.java:117)
	at org.openqa.selenium.remote.RemoteWebDriver.execute(RemoteWebDriver.java:519)
	... 42 more
... Removed 34 stack frames</div></td></tr></table><p class="totop"><a href="#summary">back to summary</a></p>
<h3 id="m236">TestCases.SetupVmTest#TC01_setupVm</h3><table class="result"><tr><th>Exception</th></tr><tr><td><div class="stacktrace">org.openqa.selenium.SessionNotCreatedException: Could not start a new session. Possible causes are invalid address of the remote server or browser start-up failure. 
Host info: host: &apos;DESKTOP-GHKE3PU&apos;, ip: &apos;192.168.1.2&apos;
	at org.openqa.selenium.remote.RemoteWebDriver.execute(RemoteWebDriver.java:537)
	at org.openqa.selenium.remote.RemoteWebDriver.startSession(RemoteWebDriver.java:233)
	at org.openqa.selenium.remote.RemoteWebDriver.&lt;init&gt;(RemoteWebDriver.java:162)
	at org.openqa.selenium.chromium.ChromiumDriver.&lt;init&gt;(ChromiumDriver.java:114)
	at org.openqa.selenium.chrome.ChromeDriver.&lt;init&gt;(ChromeDriver.java:89)
	at org.openqa.selenium.chrome.ChromeDriver.&lt;init&gt;(ChromeDriver.java:84)
	at org.openqa.selenium.chrome.ChromeDriver.&lt;init&gt;(ChromeDriver.java:73)
	at TestCases.BaseTest.setup_driver(BaseTest.java:63)
	at java.base/java.util.ArrayList.forEach(ArrayList.java:1511)
Caused by: org.openqa.selenium.WebDriverException: Driver server process died prematurely.
Build info: version: &apos;4.17.0&apos;, revision: &apos;e52b1be057*&apos;
System info: os.name: &apos;Windows 10&apos;, os.arch: &apos;amd64&apos;, os.version: &apos;10.0&apos;, java.version: &apos;17.0.9&apos;
Driver info: driver.version: ChromeDriver
	at org.openqa.selenium.remote.service.DriverService.start(DriverService.java:247)
	at org.openqa.selenium.remote.service.DriverCommandExecutor.execute(DriverCommandExecutor.java:117)
	at org.openqa.selenium.remote.RemoteWebDriver.execute(RemoteWebDriver.java:519)
	... 42 more
... Removed 34 stack frames</div></td></tr></table><p class="totop"><a href="#summary">back to summary</a></p>
</body>
</html>
