<!DOCTYPE html>

<html>
  <head>
  <meta charset='utf-8'>
  <title>TestNG reports</title>

    <link type="text/css" href="testng-reports1.css" rel="stylesheet" id="ultra" />
    <link type="text/css" href="testng-reports.css" rel="stylesheet" id="retro" disabled="false"/>
    <script type="text/javascript" src="jquery-3.6.0.min.js"></script>
    <script type="text/javascript" src="testng-reports.js"></script>
    <script type="text/javascript" src="https://www.google.com/jsapi"></script>
    <script type='text/javascript'>
      google.load('visualization', '1', {packages:['table']});
      google.setOnLoadCallback(drawTable);
      var suiteTableInitFunctions = new Array();
      var suiteTableData = new Array();
    </script>
    <!--
      <script type="text/javascript" src="jquery-ui/js/jquery-ui-1.8.16.custom.min.js"></script>
     -->
  </head>

  <body>    <div class="top-banner-root">
      <span class="top-banner-title-font">Test results</span>
      <button id="button" class="button">Switch Retro Theme</button> <!-- button -->
      <br/>
      <span class="top-banner-font-1">1 suite</span>
    </div> <!-- top-banner-root -->
    <div class="navigator-root">
      <div class="navigator-suite-header">
        <span>All suites</span>
        <a href="#" title="Collapse/expand all the suites" class="collapse-all-link">
          <img src="collapseall.gif" class="collapse-all-icon">
          </img> <!-- collapse-all-icon -->
        </a> <!-- collapse-all-link -->
      </div> <!-- navigator-suite-header -->
      <div class="suite">
        <div class="rounded-window">
          <div class="suite-header light-rounded-window-top">
            <a href="#" panel-name="suite-Command_line_suite" class="navigator-link">
              <span class="suite-name border-skipped">Command line suite</span>
            </a> <!-- navigator-link -->
          </div> <!-- suite-header light-rounded-window-top -->
          <div class="navigator-suite-content">
            <div class="suite-section-title">
              <span>Info</span>
            </div> <!-- suite-section-title -->
            <div class="suite-section-content">
              <ul>
                <li>
                  <a href="#" panel-name="test-xml-Command_line_suite" class="navigator-link ">
                    <span>[unset file name]</span>
                  </a> <!-- navigator-link  -->
                </li>
                <li>
                  <a href="#" panel-name="testlist-Command_line_suite" class="navigator-link ">
                    <span class="test-stats">1 test</span>
                  </a> <!-- navigator-link  -->
                </li>
                <li>
                  <a href="#" panel-name="group-Command_line_suite" class="navigator-link ">
                    <span>0 groups</span>
                  </a> <!-- navigator-link  -->
                </li>
                <li>
                  <a href="#" panel-name="times-Command_line_suite" class="navigator-link ">
                    <span>Times</span>
                  </a> <!-- navigator-link  -->
                </li>
                <li>
                  <a href="#" panel-name="reporter-Command_line_suite" class="navigator-link ">
                    <span>Reporter output</span>
                  </a> <!-- navigator-link  -->
                </li>
                <li>
                  <a href="#" panel-name="ignored-methods-Command_line_suite" class="navigator-link ">
                    <span>Ignored methods</span>
                  </a> <!-- navigator-link  -->
                </li>
                <li>
                  <a href="#" panel-name="chronological-Command_line_suite" class="navigator-link ">
                    <span>Chronological view</span>
                  </a> <!-- navigator-link  -->
                </li>
              </ul>
            </div> <!-- suite-section-content -->
            <div class="result-section">
              <div class="suite-section-title">
                <span>Results</span>
              </div> <!-- suite-section-title -->
              <div class="suite-section-content">
                <ul>
                  <li>
                    <span class="method-stats">45 methods,  45 skipped,  </span>
                  </li>
                  <li>
                    <span class="method-list-title skipped">Skipped methods</span>
                    <span class="show-or-hide-methods skipped">
                      <a href="#" panel-name="suite-Command_line_suite" class="hide-methods skipped suite-Command_line_suite"> (hide)</a> <!-- hide-methods skipped suite-Command_line_suite -->
                      <a href="#" panel-name="suite-Command_line_suite" class="show-methods skipped suite-Command_line_suite"> (show)</a> <!-- show-methods skipped suite-Command_line_suite -->
                    </span>
                    <div class="method-list-content skipped suite-Command_line_suite">
                      <span>
                        <img src="skipped.png" width="3%"/>
                        <a href="#" panel-name="suite-Command_line_suite" title="TestCases.ComparingReportsTest" class="method navigator-link" hash-for-method="TC010_comparingSupplierAgingDetailsReport">TC010_comparingSupplierAgingDetailsReport</a> <!-- method navigator-link -->
                      </span>
                      <br/>
                      <span>
                        <img src="skipped.png" width="3%"/>
                        <a href="#" panel-name="suite-Command_line_suite" title="TestCases.ComparingReportsTest" class="method navigator-link" hash-for-method="TC011_comparingSalesPersonDetailedReport">TC011_comparingSalesPersonDetailedReport</a> <!-- method navigator-link -->
                      </span>
                      <br/>
                      <span>
                        <img src="skipped.png" width="3%"/>
                        <a href="#" panel-name="suite-Command_line_suite" title="TestCases.ComparingChartOfAccountsDataTest" class="method navigator-link" hash-for-method="TC01_comparingChartOfAccountsDataTest">TC01_comparingChartOfAccountsDataTest</a> <!-- method navigator-link -->
                      </span>
                      <br/>
                      <span>
                        <img src="skipped.png" width="3%"/>
                        <a href="#" panel-name="suite-Command_line_suite" title="TestCases.ComparingCustomersTest" class="method navigator-link" hash-for-method="TC01_comparingCustomersDataAtListView">TC01_comparingCustomersDataAtListView</a> <!-- method navigator-link -->
                      </span>
                      <br/>
                      <span>
                        <img src="skipped.png" width="3%"/>
                        <a href="#" panel-name="suite-Command_line_suite" title="TestCases.ComparingReportsTest" class="method navigator-link" hash-for-method="TC01_comparingGeneralLedgerReportWithSpecificAccount">TC01_comparingGeneralLedgerReportWithSpecificAccount</a> <!-- method navigator-link -->
                      </span>
                      <br/>
                      <span>
                        <img src="skipped.png" width="3%"/>
                        <a href="#" panel-name="suite-Command_line_suite" title="TestCases.ComparingCompaniesTest" class="method navigator-link" hash-for-method="TC01_comparingNumberOfCompanies">TC01_comparingNumberOfCompanies</a> <!-- method navigator-link -->
                      </span>
                      <br/>
                      <span>
                        <img src="skipped.png" width="3%"/>
                        <a href="#" panel-name="suite-Command_line_suite" title="TestCases.ComparingDeliveryNotesTest" class="method navigator-link" hash-for-method="TC01_comparingNumberOfDeliveryNotes">TC01_comparingNumberOfDeliveryNotes</a> <!-- method navigator-link -->
                      </span>
                      <br/>
                      <span>
                        <img src="skipped.png" width="3%"/>
                        <a href="#" panel-name="suite-Command_line_suite" title="TestCases.ComparingFiscalYearsTest" class="method navigator-link" hash-for-method="TC01_comparingNumberOfFiscalYears">TC01_comparingNumberOfFiscalYears</a> <!-- method navigator-link -->
                      </span>
                      <br/>
                      <span>
                        <img src="skipped.png" width="3%"/>
                        <a href="#" panel-name="suite-Command_line_suite" title="TestCases.ComparingItemsTest" class="method navigator-link" hash-for-method="TC01_comparingNumberOfItems">TC01_comparingNumberOfItems</a> <!-- method navigator-link -->
                      </span>
                      <br/>
                      <span>
                        <img src="skipped.png" width="3%"/>
                        <a href="#" panel-name="suite-Command_line_suite" title="TestCases.ComparingJournalEntriesTest" class="method navigator-link" hash-for-method="TC01_comparingNumberOfJournalEntries">TC01_comparingNumberOfJournalEntries</a> <!-- method navigator-link -->
                      </span>
                      <br/>
                      <span>
                        <img src="skipped.png" width="3%"/>
                        <a href="#" panel-name="suite-Command_line_suite" title="TestCases.ComparingPaymentEntryTest" class="method navigator-link" hash-for-method="TC01_comparingNumberOfPaymentEntry">TC01_comparingNumberOfPaymentEntry</a> <!-- method navigator-link -->
                      </span>
                      <br/>
                      <span>
                        <img src="skipped.png" width="3%"/>
                        <a href="#" panel-name="suite-Command_line_suite" title="TestCases.ComparingPurchaseInvoicesTest" class="method navigator-link" hash-for-method="TC01_comparingNumberOfPurchaseInvoices">TC01_comparingNumberOfPurchaseInvoices</a> <!-- method navigator-link -->
                      </span>
                      <br/>
                      <span>
                        <img src="skipped.png" width="3%"/>
                        <a href="#" panel-name="suite-Command_line_suite" title="TestCases.ComparingPurchaseReceiptsTest" class="method navigator-link" hash-for-method="TC01_comparingNumberOfPurchaseReceipt">TC01_comparingNumberOfPurchaseReceipt</a> <!-- method navigator-link -->
                      </span>
                      <br/>
                      <span>
                        <img src="skipped.png" width="3%"/>
                        <a href="#" panel-name="suite-Command_line_suite" title="TestCases.ComparingPurchaseTaxesAndChargesTemplatesTest" class="method navigator-link" hash-for-method="TC01_comparingNumberOfPurchaseTaxesAndChargesTemplatesTet">TC01_comparingNumberOfPurchaseTaxesAndChargesTemplatesTet</a> <!-- method navigator-link -->
                      </span>
                      <br/>
                      <span>
                        <img src="skipped.png" width="3%"/>
                        <a href="#" panel-name="suite-Command_line_suite" title="TestCases.ComparingSalesTaxesAndChargesTemplatesTest" class="method navigator-link" hash-for-method="TC01_comparingNumberOfSalesTaxesAndChargesTemplatesTet">TC01_comparingNumberOfSalesTaxesAndChargesTemplatesTet</a> <!-- method navigator-link -->
                      </span>
                      <br/>
                      <span>
                        <img src="skipped.png" width="3%"/>
                        <a href="#" panel-name="suite-Command_line_suite" title="TestCases.ComparingStockEntryTest" class="method navigator-link" hash-for-method="TC01_comparingNumberOfStockEntries">TC01_comparingNumberOfStockEntries</a> <!-- method navigator-link -->
                      </span>
                      <br/>
                      <span>
                        <img src="skipped.png" width="3%"/>
                        <a href="#" panel-name="suite-Command_line_suite" title="TestCases.ComparingWareHousesTest" class="method navigator-link" hash-for-method="TC01_comparingNumberOfWareHouses">TC01_comparingNumberOfWareHouses</a> <!-- method navigator-link -->
                      </span>
                      <br/>
                      <span>
                        <img src="skipped.png" width="3%"/>
                        <a href="#" panel-name="suite-Command_line_suite" title="TestCases.ComparingSalesInvoicesTest" class="method navigator-link" hash-for-method="TC01_comparingSalesInvoicesAtViewList">TC01_comparingSalesInvoicesAtViewList</a> <!-- method navigator-link -->
                      </span>
                      <br/>
                      <span>
                        <img src="skipped.png" width="3%"/>
                        <a href="#" panel-name="suite-Command_line_suite" title="TestCases.ComparingSuppliersTest" class="method navigator-link" hash-for-method="TC01_comparingSuppliersDataAtListView">TC01_comparingSuppliersDataAtListView</a> <!-- method navigator-link -->
                      </span>
                      <br/>
                      <span>
                        <img src="skipped.png" width="3%"/>
                        <a href="#" panel-name="suite-Command_line_suite" title="TestCases.DeliveryNotesTest" class="method navigator-link" hash-for-method="TC01_createNewDeliveryNote">TC01_createNewDeliveryNote</a> <!-- method navigator-link -->
                      </span>
                      <br/>
                      <span>
                        <img src="skipped.png" width="3%"/>
                        <a href="#" panel-name="suite-Command_line_suite" title="TestCases.PurchaseInvoicesTest" class="method navigator-link" hash-for-method="TC01_createNewPurchaseInvoiceAndSubmit">TC01_createNewPurchaseInvoiceAndSubmit</a> <!-- method navigator-link -->
                      </span>
                      <br/>
                      <span>
                        <img src="skipped.png" width="3%"/>
                        <a href="#" panel-name="suite-Command_line_suite" title="TestCases.AddingItemsTest" class="method navigator-link" hash-for-method="TC01_createNewSalesAndPurchaseItemAndAddingIntoPriceList">TC01_createNewSalesAndPurchaseItemAndAddingIntoPriceList</a> <!-- method navigator-link -->
                      </span>
                      <br/>
                      <span>
                        <img src="skipped.png" width="3%"/>
                        <a href="#" panel-name="suite-Command_line_suite" title="TestCases.SalesInvoicesTest" class="method navigator-link" hash-for-method="TC01_createNewSalesInvoiceAndSaveOnly">TC01_createNewSalesInvoiceAndSaveOnly</a> <!-- method navigator-link -->
                      </span>
                      <br/>
                      <span>
                        <img src="skipped.png" width="3%"/>
                        <a href="#" panel-name="suite-Command_line_suite" title="TestCases.PosViewTest" class="method navigator-link" hash-for-method="TC01_createNewSalesInvoiceUsingPosView">TC01_createNewSalesInvoiceUsingPosView</a> <!-- method navigator-link -->
                      </span>
                      <br/>
                      <span>
                        <img src="skipped.png" width="3%"/>
                        <a href="#" panel-name="suite-Command_line_suite" title="TestCases.AddingWareHouseTest" class="method navigator-link" hash-for-method="TC01_createNewWareHouse">TC01_createNewWareHouse</a> <!-- method navigator-link -->
                      </span>
                      <br/>
                      <span>
                        <img src="skipped.png" width="3%"/>
                        <a href="#" panel-name="suite-Command_line_suite" title="TestCases.SetupVmTest" class="method navigator-link" hash-for-method="TC01_setupVm">TC01_setupVm</a> <!-- method navigator-link -->
                      </span>
                      <br/>
                      <span>
                        <img src="skipped.png" width="3%"/>
                        <a href="#" panel-name="suite-Command_line_suite" title="TestCases.PosViewTest" class="method navigator-link" hash-for-method="TC02_applyDiscountOnSalesInvoiceUsingPosView">TC02_applyDiscountOnSalesInvoiceUsingPosView</a> <!-- method navigator-link -->
                      </span>
                      <br/>
                      <span>
                        <img src="skipped.png" width="3%"/>
                        <a href="#" panel-name="suite-Command_line_suite" title="TestCases.ComparingDeliveryNotesTest" class="method navigator-link" hash-for-method="TC02_comparingDeliveryNotesData">TC02_comparingDeliveryNotesData</a> <!-- method navigator-link -->
                      </span>
                      <br/>
                      <span>
                        <img src="skipped.png" width="3%"/>
                        <a href="#" panel-name="suite-Command_line_suite" title="TestCases.ComparingReportsTest" class="method navigator-link" hash-for-method="TC02_comparingGeneralLedgerReportWithoutFiltration">TC02_comparingGeneralLedgerReportWithoutFiltration</a> <!-- method navigator-link -->
                      </span>
                      <br/>
                      <span>
                        <img src="skipped.png" width="3%"/>
                        <a href="#" panel-name="suite-Command_line_suite" title="TestCases.ComparingPurchaseInvoicesTest" class="method navigator-link" hash-for-method="TC02_comparingPurchaseInvoiceDates">TC02_comparingPurchaseInvoiceDates</a> <!-- method navigator-link -->
                      </span>
                      <br/>
                      <span>
                        <img src="skipped.png" width="3%"/>
                        <a href="#" panel-name="suite-Command_line_suite" title="TestCases.ComparingSalesInvoicesTest" class="method navigator-link" hash-for-method="TC02_comparingSalesInvoiceData">TC02_comparingSalesInvoiceData</a> <!-- method navigator-link -->
                      </span>
                      <br/>
                      <span>
                        <img src="skipped.png" width="3%"/>
                        <a href="#" panel-name="suite-Command_line_suite" title="TestCases.PurchaseInvoicesTest" class="method navigator-link" hash-for-method="TC02_createNewPurchaseInvoiceFromPurchaseOrder">TC02_createNewPurchaseInvoiceFromPurchaseOrder</a> <!-- method navigator-link -->
                      </span>
                      <br/>
                      <span>
                        <img src="skipped.png" width="3%"/>
                        <a href="#" panel-name="suite-Command_line_suite" title="TestCases.AddingItemsTest" class="method navigator-link" hash-for-method="TC02_createNewSalesItem">TC02_createNewSalesItem</a> <!-- method navigator-link -->
                      </span>
                      <br/>
                      <span>
                        <img src="skipped.png" width="3%"/>
                        <a href="#" panel-name="suite-Command_line_suite" title="TestCases.ComparingSalesInvoicesTest" class="method navigator-link" hash-for-method="TC03_comparingSalesInvoiceDataAtGL">TC03_comparingSalesInvoiceDataAtGL</a> <!-- method navigator-link -->
                      </span>
                      <br/>
                      <span>
                        <img src="skipped.png" width="3%"/>
                        <a href="#" panel-name="suite-Command_line_suite" title="TestCases.PurchaseInvoicesTest" class="method navigator-link" hash-for-method="TC03_createDebitNoteFromPurchaseInvoice">TC03_createDebitNoteFromPurchaseInvoice</a> <!-- method navigator-link -->
                      </span>
                      <br/>
                      <span>
                        <img src="skipped.png" width="3%"/>
                        <a href="#" panel-name="suite-Command_line_suite" title="TestCases.AddingItemsTest" class="method navigator-link" hash-for-method="TC03_createNewPurchaseItem">TC03_createNewPurchaseItem</a> <!-- method navigator-link -->
                      </span>
                      <br/>
                      <span>
                        <img src="skipped.png" width="3%"/>
                        <a href="#" panel-name="suite-Command_line_suite" title="TestCases.DataMigrationTest" class="method navigator-link" hash-for-method="TC03_syncDocTypesData">TC03_syncDocTypesData</a> <!-- method navigator-link -->
                      </span>
                      <br/>
                      <span>
                        <img src="skipped.png" width="3%"/>
                        <a href="#" panel-name="suite-Command_line_suite" title="TestCases.ComparingReportsTest" class="method navigator-link" hash-for-method="TC04_comparingTaxDeclarationReport">TC04_comparingTaxDeclarationReport</a> <!-- method navigator-link -->
                      </span>
                      <br/>
                      <span>
                        <img src="skipped.png" width="3%"/>
                        <a href="#" panel-name="suite-Command_line_suite" title="TestCases.PurchaseInvoicesTest" class="method navigator-link" hash-for-method="TC04_createPaymentForPurchaseInvoice">TC04_createPaymentForPurchaseInvoice</a> <!-- method navigator-link -->
                      </span>
                      <br/>
                      <span>
                        <img src="skipped.png" width="3%"/>
                        <a href="#" panel-name="suite-Command_line_suite" title="TestCases.ComparingReportsTest" class="method navigator-link" hash-for-method="TC05_comparingStockBalanceReport">TC05_comparingStockBalanceReport</a> <!-- method navigator-link -->
                      </span>
                      <br/>
                      <span>
                        <img src="skipped.png" width="3%"/>
                        <a href="#" panel-name="suite-Command_line_suite" title="TestCases.PurchaseInvoicesTest" class="method navigator-link" hash-for-method="TC05_createNewPurchaseInvoiceFromPurchaseReceipt">TC05_createNewPurchaseInvoiceFromPurchaseReceipt</a> <!-- method navigator-link -->
                      </span>
                      <br/>
                      <span>
                        <img src="skipped.png" width="3%"/>
                        <a href="#" panel-name="suite-Command_line_suite" title="TestCases.PurchaseInvoicesTest" class="method navigator-link" hash-for-method="TC06_createNewPurchaseInvoiceAndCheckInGeneralLedgerReport">TC06_createNewPurchaseInvoiceAndCheckInGeneralLedgerReport</a> <!-- method navigator-link -->
                      </span>
                      <br/>
                      <span>
                        <img src="skipped.png" width="3%"/>
                        <a href="#" panel-name="suite-Command_line_suite" title="TestCases.ComparingReportsTest" class="method navigator-link" hash-for-method="TC07_comparingBalanceSheetReport">TC07_comparingBalanceSheetReport</a> <!-- method navigator-link -->
                      </span>
                      <br/>
                      <span>
                        <img src="skipped.png" width="3%"/>
                        <a href="#" panel-name="suite-Command_line_suite" title="TestCases.ComparingReportsTest" class="method navigator-link" hash-for-method="TC08_comparingProfitAndLossReport">TC08_comparingProfitAndLossReport</a> <!-- method navigator-link -->
                      </span>
                      <br/>
                      <span>
                        <img src="skipped.png" width="3%"/>
                        <a href="#" panel-name="suite-Command_line_suite" title="TestCases.ComparingReportsTest" class="method navigator-link" hash-for-method="TC09_comparingGrossProfitReport">TC09_comparingGrossProfitReport</a> <!-- method navigator-link -->
                      </span>
                      <br/>
                    </div> <!-- method-list-content skipped suite-Command_line_suite -->
                  </li>
                </ul>
              </div> <!-- suite-section-content -->
            </div> <!-- result-section -->
          </div> <!-- navigator-suite-content -->
        </div> <!-- rounded-window -->
      </div> <!-- suite -->
    </div> <!-- navigator-root -->
    <div class="wrapper">
      <div class="main-panel-root">
        <div panel-name="suite-Command_line_suite" class="panel Command_line_suite">
          <div class="suite-Command_line_suite-class-skipped">
            <div class="main-panel-header rounded-window-top">
              <img src="skipped.png"/>
              <span class="class-name">TestCases.ComparingItemsTest</span>
            </div> <!-- main-panel-header rounded-window-top -->
            <div class="main-panel-content rounded-window-bottom">
              <div class="method">
                <div class="method-content">
                  <a name="TC01_comparingNumberOfItems">
                  </a> <!-- TC01_comparingNumberOfItems -->
                  <span class="method-name">TC01_comparingNumberOfItems</span>
                  <div class="stack-trace">org.testng.TestNGException: 
Parameter &apos;Scope&apos; is required by BeforeClass on method launch_website but has not been marked @Optional or defined

	at java.base/java.util.ArrayList.forEach(ArrayList.java:1511)
... Removed 32 stack frames
</div> <!-- stack-trace -->
                </div> <!-- method-content -->
              </div> <!-- method -->
            </div> <!-- main-panel-content rounded-window-bottom -->
          </div> <!-- suite-Command_line_suite-class-skipped -->
          <div class="suite-Command_line_suite-class-skipped">
            <div class="main-panel-header rounded-window-top">
              <img src="skipped.png"/>
              <span class="class-name">TestCases.ComparingFiscalYearsTest</span>
            </div> <!-- main-panel-header rounded-window-top -->
            <div class="main-panel-content rounded-window-bottom">
              <div class="method">
                <div class="method-content">
                  <a name="TC01_comparingNumberOfFiscalYears">
                  </a> <!-- TC01_comparingNumberOfFiscalYears -->
                  <span class="method-name">TC01_comparingNumberOfFiscalYears</span>
                  <div class="stack-trace">org.testng.TestNGException: 
Parameter &apos;Scope&apos; is required by BeforeClass on method launch_website but has not been marked @Optional or defined

	at java.base/java.util.ArrayList.forEach(ArrayList.java:1511)
... Removed 32 stack frames
</div> <!-- stack-trace -->
                </div> <!-- method-content -->
              </div> <!-- method -->
            </div> <!-- main-panel-content rounded-window-bottom -->
          </div> <!-- suite-Command_line_suite-class-skipped -->
          <div class="suite-Command_line_suite-class-skipped">
            <div class="main-panel-header rounded-window-top">
              <img src="skipped.png"/>
              <span class="class-name">TestCases.ComparingStockEntryTest</span>
            </div> <!-- main-panel-header rounded-window-top -->
            <div class="main-panel-content rounded-window-bottom">
              <div class="method">
                <div class="method-content">
                  <a name="TC01_comparingNumberOfStockEntries">
                  </a> <!-- TC01_comparingNumberOfStockEntries -->
                  <span class="method-name">TC01_comparingNumberOfStockEntries</span>
                  <div class="stack-trace">org.testng.TestNGException: 
Parameter &apos;Scope&apos; is required by BeforeClass on method launch_website but has not been marked @Optional or defined

	at java.base/java.util.ArrayList.forEach(ArrayList.java:1511)
... Removed 32 stack frames
</div> <!-- stack-trace -->
                </div> <!-- method-content -->
              </div> <!-- method -->
            </div> <!-- main-panel-content rounded-window-bottom -->
          </div> <!-- suite-Command_line_suite-class-skipped -->
          <div class="suite-Command_line_suite-class-skipped">
            <div class="main-panel-header rounded-window-top">
              <img src="skipped.png"/>
              <span class="class-name">TestCases.SalesInvoicesTest</span>
            </div> <!-- main-panel-header rounded-window-top -->
            <div class="main-panel-content rounded-window-bottom">
              <div class="method">
                <div class="method-content">
                  <a name="TC01_createNewSalesInvoiceAndSaveOnly">
                  </a> <!-- TC01_createNewSalesInvoiceAndSaveOnly -->
                  <span class="method-name">TC01_createNewSalesInvoiceAndSaveOnly</span>
                  <div class="stack-trace">org.openqa.selenium.SessionNotCreatedException: Could not start a new session. Possible causes are invalid address of the remote server or browser start-up failure. 
Host info: host: &apos;DESKTOP-GHKE3PU&apos;, ip: &apos;192.168.1.2&apos;
	at org.openqa.selenium.remote.RemoteWebDriver.execute(RemoteWebDriver.java:537)
	at org.openqa.selenium.remote.RemoteWebDriver.startSession(RemoteWebDriver.java:233)
	at org.openqa.selenium.remote.RemoteWebDriver.&lt;init&gt;(RemoteWebDriver.java:162)
	at org.openqa.selenium.chromium.ChromiumDriver.&lt;init&gt;(ChromiumDriver.java:114)
	at org.openqa.selenium.chrome.ChromeDriver.&lt;init&gt;(ChromeDriver.java:89)
	at org.openqa.selenium.chrome.ChromeDriver.&lt;init&gt;(ChromeDriver.java:84)
	at org.openqa.selenium.chrome.ChromeDriver.&lt;init&gt;(ChromeDriver.java:73)
	at TestCases.BaseTest.setup_driver(BaseTest.java:63)
	at java.base/java.util.ArrayList.forEach(ArrayList.java:1511)
Caused by: org.openqa.selenium.WebDriverException: Driver server process died prematurely.
Build info: version: &apos;4.17.0&apos;, revision: &apos;e52b1be057*&apos;
System info: os.name: &apos;Windows 10&apos;, os.arch: &apos;amd64&apos;, os.version: &apos;10.0&apos;, java.version: &apos;17.0.9&apos;
Driver info: driver.version: ChromeDriver
	at org.openqa.selenium.remote.service.DriverService.start(DriverService.java:247)
	at org.openqa.selenium.remote.service.DriverCommandExecutor.execute(DriverCommandExecutor.java:117)
	at org.openqa.selenium.remote.RemoteWebDriver.execute(RemoteWebDriver.java:519)
	... 42 more
... Removed 34 stack frames
</div> <!-- stack-trace -->
                </div> <!-- method-content -->
              </div> <!-- method -->
            </div> <!-- main-panel-content rounded-window-bottom -->
          </div> <!-- suite-Command_line_suite-class-skipped -->
          <div class="suite-Command_line_suite-class-skipped">
            <div class="main-panel-header rounded-window-top">
              <img src="skipped.png"/>
              <span class="class-name">TestCases.ComparingCompaniesTest</span>
            </div> <!-- main-panel-header rounded-window-top -->
            <div class="main-panel-content rounded-window-bottom">
              <div class="method">
                <div class="method-content">
                  <a name="TC01_comparingNumberOfCompanies">
                  </a> <!-- TC01_comparingNumberOfCompanies -->
                  <span class="method-name">TC01_comparingNumberOfCompanies</span>
                  <div class="stack-trace">org.testng.TestNGException: 
Parameter &apos;Scope&apos; is required by BeforeClass on method launch_website but has not been marked @Optional or defined

	at java.base/java.util.ArrayList.forEach(ArrayList.java:1511)
... Removed 32 stack frames
</div> <!-- stack-trace -->
                </div> <!-- method-content -->
              </div> <!-- method -->
            </div> <!-- main-panel-content rounded-window-bottom -->
          </div> <!-- suite-Command_line_suite-class-skipped -->
          <div class="suite-Command_line_suite-class-skipped">
            <div class="main-panel-header rounded-window-top">
              <img src="skipped.png"/>
              <span class="class-name">TestCases.DeliveryNotesTest</span>
            </div> <!-- main-panel-header rounded-window-top -->
            <div class="main-panel-content rounded-window-bottom">
              <div class="method">
                <div class="method-content">
                  <a name="TC01_createNewDeliveryNote">
                  </a> <!-- TC01_createNewDeliveryNote -->
                  <span class="method-name">TC01_createNewDeliveryNote</span>
                  <div class="stack-trace">org.openqa.selenium.SessionNotCreatedException: Could not start a new session. Possible causes are invalid address of the remote server or browser start-up failure. 
Host info: host: &apos;DESKTOP-GHKE3PU&apos;, ip: &apos;192.168.1.2&apos;
	at org.openqa.selenium.remote.RemoteWebDriver.execute(RemoteWebDriver.java:537)
	at org.openqa.selenium.remote.RemoteWebDriver.startSession(RemoteWebDriver.java:233)
	at org.openqa.selenium.remote.RemoteWebDriver.&lt;init&gt;(RemoteWebDriver.java:162)
	at org.openqa.selenium.chromium.ChromiumDriver.&lt;init&gt;(ChromiumDriver.java:114)
	at org.openqa.selenium.chrome.ChromeDriver.&lt;init&gt;(ChromeDriver.java:89)
	at org.openqa.selenium.chrome.ChromeDriver.&lt;init&gt;(ChromeDriver.java:84)
	at org.openqa.selenium.chrome.ChromeDriver.&lt;init&gt;(ChromeDriver.java:73)
	at TestCases.BaseTest.setup_driver(BaseTest.java:63)
	at java.base/java.util.ArrayList.forEach(ArrayList.java:1511)
Caused by: org.openqa.selenium.WebDriverException: Driver server process died prematurely.
Build info: version: &apos;4.17.0&apos;, revision: &apos;e52b1be057*&apos;
System info: os.name: &apos;Windows 10&apos;, os.arch: &apos;amd64&apos;, os.version: &apos;10.0&apos;, java.version: &apos;17.0.9&apos;
Driver info: driver.version: ChromeDriver
	at org.openqa.selenium.remote.service.DriverService.start(DriverService.java:247)
	at org.openqa.selenium.remote.service.DriverCommandExecutor.execute(DriverCommandExecutor.java:117)
	at org.openqa.selenium.remote.RemoteWebDriver.execute(RemoteWebDriver.java:519)
	... 42 more
... Removed 34 stack frames
</div> <!-- stack-trace -->
                </div> <!-- method-content -->
              </div> <!-- method -->
            </div> <!-- main-panel-content rounded-window-bottom -->
          </div> <!-- suite-Command_line_suite-class-skipped -->
          <div class="suite-Command_line_suite-class-skipped">
            <div class="main-panel-header rounded-window-top">
              <img src="skipped.png"/>
              <span class="class-name">TestCases.ComparingPurchaseInvoicesTest</span>
            </div> <!-- main-panel-header rounded-window-top -->
            <div class="main-panel-content rounded-window-bottom">
              <div class="method">
                <div class="method-content">
                  <a name="TC01_comparingNumberOfPurchaseInvoices">
                  </a> <!-- TC01_comparingNumberOfPurchaseInvoices -->
                  <span class="method-name">TC01_comparingNumberOfPurchaseInvoices</span>
                  <div class="stack-trace">org.testng.TestNGException: 
Parameter &apos;Scope&apos; is required by BeforeClass on method launch_website but has not been marked @Optional or defined

	at java.base/java.util.ArrayList.forEach(ArrayList.java:1511)
... Removed 32 stack frames
</div> <!-- stack-trace -->
                </div> <!-- method-content -->
              </div> <!-- method -->
              <div class="method">
                <div class="method-content">
                  <a name="TC02_comparingPurchaseInvoiceDates">
                  </a> <!-- TC02_comparingPurchaseInvoiceDates -->
                  <span class="method-name">TC02_comparingPurchaseInvoiceDates</span>
                  <div class="stack-trace">org.testng.TestNGException: 
Parameter &apos;Scope&apos; is required by BeforeClass on method launch_website but has not been marked @Optional or defined

	at java.base/java.util.ArrayList.forEach(ArrayList.java:1511)
... Removed 32 stack frames
</div> <!-- stack-trace -->
                </div> <!-- method-content -->
              </div> <!-- method -->
            </div> <!-- main-panel-content rounded-window-bottom -->
          </div> <!-- suite-Command_line_suite-class-skipped -->
          <div class="suite-Command_line_suite-class-skipped">
            <div class="main-panel-header rounded-window-top">
              <img src="skipped.png"/>
              <span class="class-name">TestCases.ComparingJournalEntriesTest</span>
            </div> <!-- main-panel-header rounded-window-top -->
            <div class="main-panel-content rounded-window-bottom">
              <div class="method">
                <div class="method-content">
                  <a name="TC01_comparingNumberOfJournalEntries">
                  </a> <!-- TC01_comparingNumberOfJournalEntries -->
                  <span class="method-name">TC01_comparingNumberOfJournalEntries</span>
                  <div class="stack-trace">org.testng.TestNGException: 
Parameter &apos;Scope&apos; is required by BeforeClass on method launch_website but has not been marked @Optional or defined

	at java.base/java.util.ArrayList.forEach(ArrayList.java:1511)
... Removed 32 stack frames
</div> <!-- stack-trace -->
                </div> <!-- method-content -->
              </div> <!-- method -->
            </div> <!-- main-panel-content rounded-window-bottom -->
          </div> <!-- suite-Command_line_suite-class-skipped -->
          <div class="suite-Command_line_suite-class-skipped">
            <div class="main-panel-header rounded-window-top">
              <img src="skipped.png"/>
              <span class="class-name">TestCases.ComparingSalesInvoicesTest</span>
            </div> <!-- main-panel-header rounded-window-top -->
            <div class="main-panel-content rounded-window-bottom">
              <div class="method">
                <div class="method-content">
                  <a name="TC01_comparingSalesInvoicesAtViewList">
                  </a> <!-- TC01_comparingSalesInvoicesAtViewList -->
                  <span class="method-name">TC01_comparingSalesInvoicesAtViewList</span>
                  <div class="stack-trace">org.testng.TestNGException: 
Parameter &apos;Scope&apos; is required by BeforeClass on method launch_website but has not been marked @Optional or defined

	at java.base/java.util.ArrayList.forEach(ArrayList.java:1511)
... Removed 32 stack frames
</div> <!-- stack-trace -->
                </div> <!-- method-content -->
              </div> <!-- method -->
              <div class="method">
                <div class="method-content">
                  <a name="TC02_comparingSalesInvoiceData">
                  </a> <!-- TC02_comparingSalesInvoiceData -->
                  <span class="method-name">TC02_comparingSalesInvoiceData</span>
                  <div class="stack-trace">org.testng.TestNGException: 
Parameter &apos;Scope&apos; is required by BeforeClass on method launch_website but has not been marked @Optional or defined

	at java.base/java.util.ArrayList.forEach(ArrayList.java:1511)
... Removed 32 stack frames
</div> <!-- stack-trace -->
                </div> <!-- method-content -->
              </div> <!-- method -->
              <div class="method">
                <div class="method-content">
                  <a name="TC03_comparingSalesInvoiceDataAtGL">
                  </a> <!-- TC03_comparingSalesInvoiceDataAtGL -->
                  <span class="method-name">TC03_comparingSalesInvoiceDataAtGL</span>
                  <div class="stack-trace">org.testng.TestNGException: 
Parameter &apos;Scope&apos; is required by BeforeClass on method launch_website but has not been marked @Optional or defined

	at java.base/java.util.ArrayList.forEach(ArrayList.java:1511)
... Removed 32 stack frames
</div> <!-- stack-trace -->
                </div> <!-- method-content -->
              </div> <!-- method -->
            </div> <!-- main-panel-content rounded-window-bottom -->
          </div> <!-- suite-Command_line_suite-class-skipped -->
          <div class="suite-Command_line_suite-class-skipped">
            <div class="main-panel-header rounded-window-top">
              <img src="skipped.png"/>
              <span class="class-name">TestCases.ComparingReportsTest</span>
            </div> <!-- main-panel-header rounded-window-top -->
            <div class="main-panel-content rounded-window-bottom">
              <div class="method">
                <div class="method-content">
                  <a name="TC010_comparingSupplierAgingDetailsReport">
                  </a> <!-- TC010_comparingSupplierAgingDetailsReport -->
                  <span class="method-name">TC010_comparingSupplierAgingDetailsReport</span>
                  <div class="stack-trace">org.testng.TestNGException: 
Parameter &apos;Scope&apos; is required by BeforeClass on method launch_website but has not been marked @Optional or defined

	at java.base/java.util.ArrayList.forEach(ArrayList.java:1511)
... Removed 32 stack frames
</div> <!-- stack-trace -->
                </div> <!-- method-content -->
              </div> <!-- method -->
              <div class="method">
                <div class="method-content">
                  <a name="TC011_comparingSalesPersonDetailedReport">
                  </a> <!-- TC011_comparingSalesPersonDetailedReport -->
                  <span class="method-name">TC011_comparingSalesPersonDetailedReport</span>
                  <div class="stack-trace">org.testng.TestNGException: 
Parameter &apos;Scope&apos; is required by BeforeClass on method launch_website but has not been marked @Optional or defined

	at java.base/java.util.ArrayList.forEach(ArrayList.java:1511)
... Removed 32 stack frames
</div> <!-- stack-trace -->
                </div> <!-- method-content -->
              </div> <!-- method -->
              <div class="method">
                <div class="method-content">
                  <a name="TC01_comparingGeneralLedgerReportWithSpecificAccount">
                  </a> <!-- TC01_comparingGeneralLedgerReportWithSpecificAccount -->
                  <span class="method-name">TC01_comparingGeneralLedgerReportWithSpecificAccount</span>
                  <div class="stack-trace">org.testng.TestNGException: 
Parameter &apos;Scope&apos; is required by BeforeClass on method launch_website but has not been marked @Optional or defined

	at java.base/java.util.ArrayList.forEach(ArrayList.java:1511)
... Removed 32 stack frames
</div> <!-- stack-trace -->
                </div> <!-- method-content -->
              </div> <!-- method -->
              <div class="method">
                <div class="method-content">
                  <a name="TC02_comparingGeneralLedgerReportWithoutFiltration">
                  </a> <!-- TC02_comparingGeneralLedgerReportWithoutFiltration -->
                  <span class="method-name">TC02_comparingGeneralLedgerReportWithoutFiltration</span>
                  <div class="stack-trace">org.testng.TestNGException: 
Parameter &apos;Scope&apos; is required by BeforeClass on method launch_website but has not been marked @Optional or defined

	at java.base/java.util.ArrayList.forEach(ArrayList.java:1511)
... Removed 32 stack frames
</div> <!-- stack-trace -->
                </div> <!-- method-content -->
              </div> <!-- method -->
              <div class="method">
                <div class="method-content">
                  <a name="TC04_comparingTaxDeclarationReport">
                  </a> <!-- TC04_comparingTaxDeclarationReport -->
                  <span class="method-name">TC04_comparingTaxDeclarationReport</span>
                  <div class="stack-trace">org.testng.TestNGException: 
Parameter &apos;Scope&apos; is required by BeforeClass on method launch_website but has not been marked @Optional or defined

	at java.base/java.util.ArrayList.forEach(ArrayList.java:1511)
... Removed 32 stack frames
</div> <!-- stack-trace -->
                </div> <!-- method-content -->
              </div> <!-- method -->
              <div class="method">
                <div class="method-content">
                  <a name="TC05_comparingStockBalanceReport">
                  </a> <!-- TC05_comparingStockBalanceReport -->
                  <span class="method-name">TC05_comparingStockBalanceReport</span>
                  <div class="stack-trace">org.testng.TestNGException: 
Parameter &apos;Scope&apos; is required by BeforeClass on method launch_website but has not been marked @Optional or defined

	at java.base/java.util.ArrayList.forEach(ArrayList.java:1511)
... Removed 32 stack frames
</div> <!-- stack-trace -->
                </div> <!-- method-content -->
              </div> <!-- method -->
              <div class="method">
                <div class="method-content">
                  <a name="TC07_comparingBalanceSheetReport">
                  </a> <!-- TC07_comparingBalanceSheetReport -->
                  <span class="method-name">TC07_comparingBalanceSheetReport</span>
                  <div class="stack-trace">org.testng.TestNGException: 
Parameter &apos;Scope&apos; is required by BeforeClass on method launch_website but has not been marked @Optional or defined

	at java.base/java.util.ArrayList.forEach(ArrayList.java:1511)
... Removed 32 stack frames
</div> <!-- stack-trace -->
                </div> <!-- method-content -->
              </div> <!-- method -->
              <div class="method">
                <div class="method-content">
                  <a name="TC08_comparingProfitAndLossReport">
                  </a> <!-- TC08_comparingProfitAndLossReport -->
                  <span class="method-name">TC08_comparingProfitAndLossReport</span>
                  <div class="stack-trace">org.testng.TestNGException: 
Parameter &apos;Scope&apos; is required by BeforeClass on method launch_website but has not been marked @Optional or defined

	at java.base/java.util.ArrayList.forEach(ArrayList.java:1511)
... Removed 32 stack frames
</div> <!-- stack-trace -->
                </div> <!-- method-content -->
              </div> <!-- method -->
              <div class="method">
                <div class="method-content">
                  <a name="TC09_comparingGrossProfitReport">
                  </a> <!-- TC09_comparingGrossProfitReport -->
                  <span class="method-name">TC09_comparingGrossProfitReport</span>
                  <div class="stack-trace">org.testng.TestNGException: 
Parameter &apos;Scope&apos; is required by BeforeClass on method launch_website but has not been marked @Optional or defined

	at java.base/java.util.ArrayList.forEach(ArrayList.java:1511)
... Removed 32 stack frames
</div> <!-- stack-trace -->
                </div> <!-- method-content -->
              </div> <!-- method -->
            </div> <!-- main-panel-content rounded-window-bottom -->
          </div> <!-- suite-Command_line_suite-class-skipped -->
          <div class="suite-Command_line_suite-class-skipped">
            <div class="main-panel-header rounded-window-top">
              <img src="skipped.png"/>
              <span class="class-name">TestCases.PurchaseInvoicesTest</span>
            </div> <!-- main-panel-header rounded-window-top -->
            <div class="main-panel-content rounded-window-bottom">
              <div class="method">
                <div class="method-content">
                  <a name="TC01_createNewPurchaseInvoiceAndSubmit">
                  </a> <!-- TC01_createNewPurchaseInvoiceAndSubmit -->
                  <span class="method-name">TC01_createNewPurchaseInvoiceAndSubmit</span>
                  <div class="stack-trace">org.openqa.selenium.SessionNotCreatedException: Could not start a new session. Possible causes are invalid address of the remote server or browser start-up failure. 
Host info: host: &apos;DESKTOP-GHKE3PU&apos;, ip: &apos;192.168.1.2&apos;
	at org.openqa.selenium.remote.RemoteWebDriver.execute(RemoteWebDriver.java:537)
	at org.openqa.selenium.remote.RemoteWebDriver.startSession(RemoteWebDriver.java:233)
	at org.openqa.selenium.remote.RemoteWebDriver.&lt;init&gt;(RemoteWebDriver.java:162)
	at org.openqa.selenium.chromium.ChromiumDriver.&lt;init&gt;(ChromiumDriver.java:114)
	at org.openqa.selenium.chrome.ChromeDriver.&lt;init&gt;(ChromeDriver.java:89)
	at org.openqa.selenium.chrome.ChromeDriver.&lt;init&gt;(ChromeDriver.java:84)
	at org.openqa.selenium.chrome.ChromeDriver.&lt;init&gt;(ChromeDriver.java:73)
	at TestCases.BaseTest.setup_driver(BaseTest.java:63)
	at java.base/java.util.ArrayList.forEach(ArrayList.java:1511)
Caused by: org.openqa.selenium.WebDriverException: Driver server process died prematurely.
Build info: version: &apos;4.17.0&apos;, revision: &apos;e52b1be057*&apos;
System info: os.name: &apos;Windows 10&apos;, os.arch: &apos;amd64&apos;, os.version: &apos;10.0&apos;, java.version: &apos;17.0.9&apos;
Driver info: driver.version: ChromeDriver
	at org.openqa.selenium.remote.service.DriverService.start(DriverService.java:247)
	at org.openqa.selenium.remote.service.DriverCommandExecutor.execute(DriverCommandExecutor.java:117)
	at org.openqa.selenium.remote.RemoteWebDriver.execute(RemoteWebDriver.java:519)
	... 42 more
... Removed 34 stack frames
</div> <!-- stack-trace -->
                </div> <!-- method-content -->
              </div> <!-- method -->
              <div class="method">
                <div class="method-content">
                  <a name="TC02_createNewPurchaseInvoiceFromPurchaseOrder">
                  </a> <!-- TC02_createNewPurchaseInvoiceFromPurchaseOrder -->
                  <span class="method-name">TC02_createNewPurchaseInvoiceFromPurchaseOrder</span>
                  <div class="stack-trace">org.openqa.selenium.SessionNotCreatedException: Could not start a new session. Possible causes are invalid address of the remote server or browser start-up failure. 
Host info: host: &apos;DESKTOP-GHKE3PU&apos;, ip: &apos;192.168.1.2&apos;
	at org.openqa.selenium.remote.RemoteWebDriver.execute(RemoteWebDriver.java:537)
	at org.openqa.selenium.remote.RemoteWebDriver.startSession(RemoteWebDriver.java:233)
	at org.openqa.selenium.remote.RemoteWebDriver.&lt;init&gt;(RemoteWebDriver.java:162)
	at org.openqa.selenium.chromium.ChromiumDriver.&lt;init&gt;(ChromiumDriver.java:114)
	at org.openqa.selenium.chrome.ChromeDriver.&lt;init&gt;(ChromeDriver.java:89)
	at org.openqa.selenium.chrome.ChromeDriver.&lt;init&gt;(ChromeDriver.java:84)
	at org.openqa.selenium.chrome.ChromeDriver.&lt;init&gt;(ChromeDriver.java:73)
	at TestCases.BaseTest.setup_driver(BaseTest.java:63)
	at java.base/java.util.ArrayList.forEach(ArrayList.java:1511)
Caused by: org.openqa.selenium.WebDriverException: Driver server process died prematurely.
Build info: version: &apos;4.17.0&apos;, revision: &apos;e52b1be057*&apos;
System info: os.name: &apos;Windows 10&apos;, os.arch: &apos;amd64&apos;, os.version: &apos;10.0&apos;, java.version: &apos;17.0.9&apos;
Driver info: driver.version: ChromeDriver
	at org.openqa.selenium.remote.service.DriverService.start(DriverService.java:247)
	at org.openqa.selenium.remote.service.DriverCommandExecutor.execute(DriverCommandExecutor.java:117)
	at org.openqa.selenium.remote.RemoteWebDriver.execute(RemoteWebDriver.java:519)
	... 42 more
... Removed 34 stack frames
</div> <!-- stack-trace -->
                </div> <!-- method-content -->
              </div> <!-- method -->
              <div class="method">
                <div class="method-content">
                  <a name="TC03_createDebitNoteFromPurchaseInvoice">
                  </a> <!-- TC03_createDebitNoteFromPurchaseInvoice -->
                  <span class="method-name">TC03_createDebitNoteFromPurchaseInvoice</span>
                  <div class="stack-trace">org.openqa.selenium.SessionNotCreatedException: Could not start a new session. Possible causes are invalid address of the remote server or browser start-up failure. 
Host info: host: &apos;DESKTOP-GHKE3PU&apos;, ip: &apos;192.168.1.2&apos;
	at org.openqa.selenium.remote.RemoteWebDriver.execute(RemoteWebDriver.java:537)
	at org.openqa.selenium.remote.RemoteWebDriver.startSession(RemoteWebDriver.java:233)
	at org.openqa.selenium.remote.RemoteWebDriver.&lt;init&gt;(RemoteWebDriver.java:162)
	at org.openqa.selenium.chromium.ChromiumDriver.&lt;init&gt;(ChromiumDriver.java:114)
	at org.openqa.selenium.chrome.ChromeDriver.&lt;init&gt;(ChromeDriver.java:89)
	at org.openqa.selenium.chrome.ChromeDriver.&lt;init&gt;(ChromeDriver.java:84)
	at org.openqa.selenium.chrome.ChromeDriver.&lt;init&gt;(ChromeDriver.java:73)
	at TestCases.BaseTest.setup_driver(BaseTest.java:63)
	at java.base/java.util.ArrayList.forEach(ArrayList.java:1511)
Caused by: org.openqa.selenium.WebDriverException: Driver server process died prematurely.
Build info: version: &apos;4.17.0&apos;, revision: &apos;e52b1be057*&apos;
System info: os.name: &apos;Windows 10&apos;, os.arch: &apos;amd64&apos;, os.version: &apos;10.0&apos;, java.version: &apos;17.0.9&apos;
Driver info: driver.version: ChromeDriver
	at org.openqa.selenium.remote.service.DriverService.start(DriverService.java:247)
	at org.openqa.selenium.remote.service.DriverCommandExecutor.execute(DriverCommandExecutor.java:117)
	at org.openqa.selenium.remote.RemoteWebDriver.execute(RemoteWebDriver.java:519)
	... 42 more
... Removed 34 stack frames
</div> <!-- stack-trace -->
                </div> <!-- method-content -->
              </div> <!-- method -->
              <div class="method">
                <div class="method-content">
                  <a name="TC04_createPaymentForPurchaseInvoice">
                  </a> <!-- TC04_createPaymentForPurchaseInvoice -->
                  <span class="method-name">TC04_createPaymentForPurchaseInvoice</span>
                  <div class="stack-trace">org.openqa.selenium.SessionNotCreatedException: Could not start a new session. Possible causes are invalid address of the remote server or browser start-up failure. 
Host info: host: &apos;DESKTOP-GHKE3PU&apos;, ip: &apos;192.168.1.2&apos;
	at org.openqa.selenium.remote.RemoteWebDriver.execute(RemoteWebDriver.java:537)
	at org.openqa.selenium.remote.RemoteWebDriver.startSession(RemoteWebDriver.java:233)
	at org.openqa.selenium.remote.RemoteWebDriver.&lt;init&gt;(RemoteWebDriver.java:162)
	at org.openqa.selenium.chromium.ChromiumDriver.&lt;init&gt;(ChromiumDriver.java:114)
	at org.openqa.selenium.chrome.ChromeDriver.&lt;init&gt;(ChromeDriver.java:89)
	at org.openqa.selenium.chrome.ChromeDriver.&lt;init&gt;(ChromeDriver.java:84)
	at org.openqa.selenium.chrome.ChromeDriver.&lt;init&gt;(ChromeDriver.java:73)
	at TestCases.BaseTest.setup_driver(BaseTest.java:63)
	at java.base/java.util.ArrayList.forEach(ArrayList.java:1511)
Caused by: org.openqa.selenium.WebDriverException: Driver server process died prematurely.
Build info: version: &apos;4.17.0&apos;, revision: &apos;e52b1be057*&apos;
System info: os.name: &apos;Windows 10&apos;, os.arch: &apos;amd64&apos;, os.version: &apos;10.0&apos;, java.version: &apos;17.0.9&apos;
Driver info: driver.version: ChromeDriver
	at org.openqa.selenium.remote.service.DriverService.start(DriverService.java:247)
	at org.openqa.selenium.remote.service.DriverCommandExecutor.execute(DriverCommandExecutor.java:117)
	at org.openqa.selenium.remote.RemoteWebDriver.execute(RemoteWebDriver.java:519)
	... 42 more
... Removed 34 stack frames
</div> <!-- stack-trace -->
                </div> <!-- method-content -->
              </div> <!-- method -->
              <div class="method">
                <div class="method-content">
                  <a name="TC05_createNewPurchaseInvoiceFromPurchaseReceipt">
                  </a> <!-- TC05_createNewPurchaseInvoiceFromPurchaseReceipt -->
                  <span class="method-name">TC05_createNewPurchaseInvoiceFromPurchaseReceipt</span>
                  <div class="stack-trace">org.openqa.selenium.SessionNotCreatedException: Could not start a new session. Possible causes are invalid address of the remote server or browser start-up failure. 
Host info: host: &apos;DESKTOP-GHKE3PU&apos;, ip: &apos;192.168.1.2&apos;
	at org.openqa.selenium.remote.RemoteWebDriver.execute(RemoteWebDriver.java:537)
	at org.openqa.selenium.remote.RemoteWebDriver.startSession(RemoteWebDriver.java:233)
	at org.openqa.selenium.remote.RemoteWebDriver.&lt;init&gt;(RemoteWebDriver.java:162)
	at org.openqa.selenium.chromium.ChromiumDriver.&lt;init&gt;(ChromiumDriver.java:114)
	at org.openqa.selenium.chrome.ChromeDriver.&lt;init&gt;(ChromeDriver.java:89)
	at org.openqa.selenium.chrome.ChromeDriver.&lt;init&gt;(ChromeDriver.java:84)
	at org.openqa.selenium.chrome.ChromeDriver.&lt;init&gt;(ChromeDriver.java:73)
	at TestCases.BaseTest.setup_driver(BaseTest.java:63)
	at java.base/java.util.ArrayList.forEach(ArrayList.java:1511)
Caused by: org.openqa.selenium.WebDriverException: Driver server process died prematurely.
Build info: version: &apos;4.17.0&apos;, revision: &apos;e52b1be057*&apos;
System info: os.name: &apos;Windows 10&apos;, os.arch: &apos;amd64&apos;, os.version: &apos;10.0&apos;, java.version: &apos;17.0.9&apos;
Driver info: driver.version: ChromeDriver
	at org.openqa.selenium.remote.service.DriverService.start(DriverService.java:247)
	at org.openqa.selenium.remote.service.DriverCommandExecutor.execute(DriverCommandExecutor.java:117)
	at org.openqa.selenium.remote.RemoteWebDriver.execute(RemoteWebDriver.java:519)
	... 42 more
... Removed 34 stack frames
</div> <!-- stack-trace -->
                </div> <!-- method-content -->
              </div> <!-- method -->
              <div class="method">
                <div class="method-content">
                  <a name="TC06_createNewPurchaseInvoiceAndCheckInGeneralLedgerReport">
                  </a> <!-- TC06_createNewPurchaseInvoiceAndCheckInGeneralLedgerReport -->
                  <span class="method-name">TC06_createNewPurchaseInvoiceAndCheckInGeneralLedgerReport</span>
                  <div class="stack-trace">org.openqa.selenium.SessionNotCreatedException: Could not start a new session. Possible causes are invalid address of the remote server or browser start-up failure. 
Host info: host: &apos;DESKTOP-GHKE3PU&apos;, ip: &apos;192.168.1.2&apos;
	at org.openqa.selenium.remote.RemoteWebDriver.execute(RemoteWebDriver.java:537)
	at org.openqa.selenium.remote.RemoteWebDriver.startSession(RemoteWebDriver.java:233)
	at org.openqa.selenium.remote.RemoteWebDriver.&lt;init&gt;(RemoteWebDriver.java:162)
	at org.openqa.selenium.chromium.ChromiumDriver.&lt;init&gt;(ChromiumDriver.java:114)
	at org.openqa.selenium.chrome.ChromeDriver.&lt;init&gt;(ChromeDriver.java:89)
	at org.openqa.selenium.chrome.ChromeDriver.&lt;init&gt;(ChromeDriver.java:84)
	at org.openqa.selenium.chrome.ChromeDriver.&lt;init&gt;(ChromeDriver.java:73)
	at TestCases.BaseTest.setup_driver(BaseTest.java:63)
	at java.base/java.util.ArrayList.forEach(ArrayList.java:1511)
Caused by: org.openqa.selenium.WebDriverException: Driver server process died prematurely.
Build info: version: &apos;4.17.0&apos;, revision: &apos;e52b1be057*&apos;
System info: os.name: &apos;Windows 10&apos;, os.arch: &apos;amd64&apos;, os.version: &apos;10.0&apos;, java.version: &apos;17.0.9&apos;
Driver info: driver.version: ChromeDriver
	at org.openqa.selenium.remote.service.DriverService.start(DriverService.java:247)
	at org.openqa.selenium.remote.service.DriverCommandExecutor.execute(DriverCommandExecutor.java:117)
	at org.openqa.selenium.remote.RemoteWebDriver.execute(RemoteWebDriver.java:519)
	... 42 more
... Removed 34 stack frames
</div> <!-- stack-trace -->
                </div> <!-- method-content -->
              </div> <!-- method -->
            </div> <!-- main-panel-content rounded-window-bottom -->
          </div> <!-- suite-Command_line_suite-class-skipped -->
          <div class="suite-Command_line_suite-class-skipped">
            <div class="main-panel-header rounded-window-top">
              <img src="skipped.png"/>
              <span class="class-name">TestCases.ComparingSuppliersTest</span>
            </div> <!-- main-panel-header rounded-window-top -->
            <div class="main-panel-content rounded-window-bottom">
              <div class="method">
                <div class="method-content">
                  <a name="TC01_comparingSuppliersDataAtListView">
                  </a> <!-- TC01_comparingSuppliersDataAtListView -->
                  <span class="method-name">TC01_comparingSuppliersDataAtListView</span>
                  <div class="stack-trace">org.testng.TestNGException: 
Parameter &apos;Scope&apos; is required by BeforeClass on method launch_website but has not been marked @Optional or defined

	at java.base/java.util.ArrayList.forEach(ArrayList.java:1511)
... Removed 32 stack frames
</div> <!-- stack-trace -->
                </div> <!-- method-content -->
              </div> <!-- method -->
            </div> <!-- main-panel-content rounded-window-bottom -->
          </div> <!-- suite-Command_line_suite-class-skipped -->
          <div class="suite-Command_line_suite-class-skipped">
            <div class="main-panel-header rounded-window-top">
              <img src="skipped.png"/>
              <span class="class-name">TestCases.DataMigrationTest</span>
            </div> <!-- main-panel-header rounded-window-top -->
            <div class="main-panel-content rounded-window-bottom">
              <div class="method">
                <div class="method-content">
                  <a name="TC03_syncDocTypesData">
                  </a> <!-- TC03_syncDocTypesData -->
                  <span class="method-name">TC03_syncDocTypesData</span>
                  <div class="stack-trace">org.openqa.selenium.SessionNotCreatedException: Could not start a new session. Possible causes are invalid address of the remote server or browser start-up failure. 
Host info: host: &apos;DESKTOP-GHKE3PU&apos;, ip: &apos;192.168.1.2&apos;
	at org.openqa.selenium.remote.RemoteWebDriver.execute(RemoteWebDriver.java:537)
	at org.openqa.selenium.remote.RemoteWebDriver.startSession(RemoteWebDriver.java:233)
	at org.openqa.selenium.remote.RemoteWebDriver.&lt;init&gt;(RemoteWebDriver.java:162)
	at org.openqa.selenium.chromium.ChromiumDriver.&lt;init&gt;(ChromiumDriver.java:114)
	at org.openqa.selenium.chrome.ChromeDriver.&lt;init&gt;(ChromeDriver.java:89)
	at org.openqa.selenium.chrome.ChromeDriver.&lt;init&gt;(ChromeDriver.java:84)
	at org.openqa.selenium.chrome.ChromeDriver.&lt;init&gt;(ChromeDriver.java:73)
	at TestCases.BaseTest.setup_driver(BaseTest.java:63)
	at java.base/java.util.ArrayList.forEach(ArrayList.java:1511)
Caused by: org.openqa.selenium.WebDriverException: Driver server process died prematurely.
Build info: version: &apos;4.17.0&apos;, revision: &apos;e52b1be057*&apos;
System info: os.name: &apos;Windows 10&apos;, os.arch: &apos;amd64&apos;, os.version: &apos;10.0&apos;, java.version: &apos;17.0.9&apos;
Driver info: driver.version: ChromeDriver
	at org.openqa.selenium.remote.service.DriverService.start(DriverService.java:247)
	at org.openqa.selenium.remote.service.DriverCommandExecutor.execute(DriverCommandExecutor.java:117)
	at org.openqa.selenium.remote.RemoteWebDriver.execute(RemoteWebDriver.java:519)
	... 42 more
... Removed 34 stack frames
</div> <!-- stack-trace -->
                </div> <!-- method-content -->
              </div> <!-- method -->
            </div> <!-- main-panel-content rounded-window-bottom -->
          </div> <!-- suite-Command_line_suite-class-skipped -->
          <div class="suite-Command_line_suite-class-skipped">
            <div class="main-panel-header rounded-window-top">
              <img src="skipped.png"/>
              <span class="class-name">TestCases.ComparingDeliveryNotesTest</span>
            </div> <!-- main-panel-header rounded-window-top -->
            <div class="main-panel-content rounded-window-bottom">
              <div class="method">
                <div class="method-content">
                  <a name="TC01_comparingNumberOfDeliveryNotes">
                  </a> <!-- TC01_comparingNumberOfDeliveryNotes -->
                  <span class="method-name">TC01_comparingNumberOfDeliveryNotes</span>
                  <div class="stack-trace">org.testng.TestNGException: 
Parameter &apos;Scope&apos; is required by BeforeClass on method launch_website but has not been marked @Optional or defined

	at java.base/java.util.ArrayList.forEach(ArrayList.java:1511)
... Removed 32 stack frames
</div> <!-- stack-trace -->
                </div> <!-- method-content -->
              </div> <!-- method -->
              <div class="method">
                <div class="method-content">
                  <a name="TC02_comparingDeliveryNotesData">
                  </a> <!-- TC02_comparingDeliveryNotesData -->
                  <span class="method-name">TC02_comparingDeliveryNotesData</span>
                  <div class="stack-trace">org.testng.TestNGException: 
Parameter &apos;Scope&apos; is required by BeforeClass on method launch_website but has not been marked @Optional or defined

	at java.base/java.util.ArrayList.forEach(ArrayList.java:1511)
... Removed 32 stack frames
</div> <!-- stack-trace -->
                </div> <!-- method-content -->
              </div> <!-- method -->
            </div> <!-- main-panel-content rounded-window-bottom -->
          </div> <!-- suite-Command_line_suite-class-skipped -->
          <div class="suite-Command_line_suite-class-skipped">
            <div class="main-panel-header rounded-window-top">
              <img src="skipped.png"/>
              <span class="class-name">TestCases.ComparingWareHousesTest</span>
            </div> <!-- main-panel-header rounded-window-top -->
            <div class="main-panel-content rounded-window-bottom">
              <div class="method">
                <div class="method-content">
                  <a name="TC01_comparingNumberOfWareHouses">
                  </a> <!-- TC01_comparingNumberOfWareHouses -->
                  <span class="method-name">TC01_comparingNumberOfWareHouses</span>
                  <div class="stack-trace">org.openqa.selenium.SessionNotCreatedException: Could not start a new session. Possible causes are invalid address of the remote server or browser start-up failure. 
Host info: host: &apos;DESKTOP-GHKE3PU&apos;, ip: &apos;192.168.1.2&apos;
	at org.openqa.selenium.remote.RemoteWebDriver.execute(RemoteWebDriver.java:537)
	at org.openqa.selenium.remote.RemoteWebDriver.startSession(RemoteWebDriver.java:233)
	at org.openqa.selenium.remote.RemoteWebDriver.&lt;init&gt;(RemoteWebDriver.java:162)
	at org.openqa.selenium.chromium.ChromiumDriver.&lt;init&gt;(ChromiumDriver.java:114)
	at org.openqa.selenium.chrome.ChromeDriver.&lt;init&gt;(ChromeDriver.java:89)
	at org.openqa.selenium.chrome.ChromeDriver.&lt;init&gt;(ChromeDriver.java:84)
	at org.openqa.selenium.chrome.ChromeDriver.&lt;init&gt;(ChromeDriver.java:73)
	at TestCases.BaseTest.setup_driver(BaseTest.java:63)
	at java.base/java.util.ArrayList.forEach(ArrayList.java:1511)
Caused by: org.openqa.selenium.WebDriverException: Driver server process died prematurely.
Build info: version: &apos;4.17.0&apos;, revision: &apos;e52b1be057*&apos;
System info: os.name: &apos;Windows 10&apos;, os.arch: &apos;amd64&apos;, os.version: &apos;10.0&apos;, java.version: &apos;17.0.9&apos;
Driver info: driver.version: ChromeDriver
	at org.openqa.selenium.remote.service.DriverService.start(DriverService.java:247)
	at org.openqa.selenium.remote.service.DriverCommandExecutor.execute(DriverCommandExecutor.java:117)
	at org.openqa.selenium.remote.RemoteWebDriver.execute(RemoteWebDriver.java:519)
	... 42 more
... Removed 34 stack frames
</div> <!-- stack-trace -->
                </div> <!-- method-content -->
              </div> <!-- method -->
            </div> <!-- main-panel-content rounded-window-bottom -->
          </div> <!-- suite-Command_line_suite-class-skipped -->
          <div class="suite-Command_line_suite-class-skipped">
            <div class="main-panel-header rounded-window-top">
              <img src="skipped.png"/>
              <span class="class-name">TestCases.AddingWareHouseTest</span>
            </div> <!-- main-panel-header rounded-window-top -->
            <div class="main-panel-content rounded-window-bottom">
              <div class="method">
                <div class="method-content">
                  <a name="TC01_createNewWareHouse">
                  </a> <!-- TC01_createNewWareHouse -->
                  <span class="method-name">TC01_createNewWareHouse</span>
                  <div class="stack-trace">org.testng.TestNGException: 
Parameter &apos;Scope&apos; is required by BeforeClass on method launch_website but has not been marked @Optional or defined

	at java.base/java.util.ArrayList.forEach(ArrayList.java:1511)
... Removed 32 stack frames
</div> <!-- stack-trace -->
                </div> <!-- method-content -->
              </div> <!-- method -->
            </div> <!-- main-panel-content rounded-window-bottom -->
          </div> <!-- suite-Command_line_suite-class-skipped -->
          <div class="suite-Command_line_suite-class-skipped">
            <div class="main-panel-header rounded-window-top">
              <img src="skipped.png"/>
              <span class="class-name">TestCases.ComparingCustomersTest</span>
            </div> <!-- main-panel-header rounded-window-top -->
            <div class="main-panel-content rounded-window-bottom">
              <div class="method">
                <div class="method-content">
                  <a name="TC01_comparingCustomersDataAtListView">
                  </a> <!-- TC01_comparingCustomersDataAtListView -->
                  <span class="method-name">TC01_comparingCustomersDataAtListView</span>
                  <div class="stack-trace">org.testng.TestNGException: 
Parameter &apos;Scope&apos; is required by BeforeClass on method launch_website but has not been marked @Optional or defined

	at java.base/java.util.ArrayList.forEach(ArrayList.java:1511)
... Removed 32 stack frames
</div> <!-- stack-trace -->
                </div> <!-- method-content -->
              </div> <!-- method -->
            </div> <!-- main-panel-content rounded-window-bottom -->
          </div> <!-- suite-Command_line_suite-class-skipped -->
          <div class="suite-Command_line_suite-class-skipped">
            <div class="main-panel-header rounded-window-top">
              <img src="skipped.png"/>
              <span class="class-name">TestCases.AddingItemsTest</span>
            </div> <!-- main-panel-header rounded-window-top -->
            <div class="main-panel-content rounded-window-bottom">
              <div class="method">
                <div class="method-content">
                  <a name="TC01_createNewSalesAndPurchaseItemAndAddingIntoPriceList">
                  </a> <!-- TC01_createNewSalesAndPurchaseItemAndAddingIntoPriceList -->
                  <span class="method-name">TC01_createNewSalesAndPurchaseItemAndAddingIntoPriceList</span>
                  <div class="stack-trace">org.testng.TestNGException: 
Parameter &apos;Scope&apos; is required by BeforeClass on method launch_website but has not been marked @Optional or defined

	at java.base/java.util.ArrayList.forEach(ArrayList.java:1511)
... Removed 32 stack frames
</div> <!-- stack-trace -->
                </div> <!-- method-content -->
              </div> <!-- method -->
              <div class="method">
                <div class="method-content">
                  <a name="TC02_createNewSalesItem">
                  </a> <!-- TC02_createNewSalesItem -->
                  <span class="method-name">TC02_createNewSalesItem</span>
                  <div class="stack-trace">org.testng.TestNGException: 
Parameter &apos;Scope&apos; is required by BeforeClass on method launch_website but has not been marked @Optional or defined

	at java.base/java.util.ArrayList.forEach(ArrayList.java:1511)
... Removed 32 stack frames
</div> <!-- stack-trace -->
                </div> <!-- method-content -->
              </div> <!-- method -->
              <div class="method">
                <div class="method-content">
                  <a name="TC03_createNewPurchaseItem">
                  </a> <!-- TC03_createNewPurchaseItem -->
                  <span class="method-name">TC03_createNewPurchaseItem</span>
                  <div class="stack-trace">org.testng.TestNGException: 
Parameter &apos;Scope&apos; is required by BeforeClass on method launch_website but has not been marked @Optional or defined

	at java.base/java.util.ArrayList.forEach(ArrayList.java:1511)
... Removed 32 stack frames
</div> <!-- stack-trace -->
                </div> <!-- method-content -->
              </div> <!-- method -->
            </div> <!-- main-panel-content rounded-window-bottom -->
          </div> <!-- suite-Command_line_suite-class-skipped -->
          <div class="suite-Command_line_suite-class-skipped">
            <div class="main-panel-header rounded-window-top">
              <img src="skipped.png"/>
              <span class="class-name">TestCases.ComparingPurchaseTaxesAndChargesTemplatesTest</span>
            </div> <!-- main-panel-header rounded-window-top -->
            <div class="main-panel-content rounded-window-bottom">
              <div class="method">
                <div class="method-content">
                  <a name="TC01_comparingNumberOfPurchaseTaxesAndChargesTemplatesTet">
                  </a> <!-- TC01_comparingNumberOfPurchaseTaxesAndChargesTemplatesTet -->
                  <span class="method-name">TC01_comparingNumberOfPurchaseTaxesAndChargesTemplatesTet</span>
                  <div class="stack-trace">org.testng.TestNGException: 
Parameter &apos;Scope&apos; is required by BeforeClass on method launch_website but has not been marked @Optional or defined

	at java.base/java.util.ArrayList.forEach(ArrayList.java:1511)
... Removed 32 stack frames
</div> <!-- stack-trace -->
                </div> <!-- method-content -->
              </div> <!-- method -->
            </div> <!-- main-panel-content rounded-window-bottom -->
          </div> <!-- suite-Command_line_suite-class-skipped -->
          <div class="suite-Command_line_suite-class-skipped">
            <div class="main-panel-header rounded-window-top">
              <img src="skipped.png"/>
              <span class="class-name">TestCases.ComparingPaymentEntryTest</span>
            </div> <!-- main-panel-header rounded-window-top -->
            <div class="main-panel-content rounded-window-bottom">
              <div class="method">
                <div class="method-content">
                  <a name="TC01_comparingNumberOfPaymentEntry">
                  </a> <!-- TC01_comparingNumberOfPaymentEntry -->
                  <span class="method-name">TC01_comparingNumberOfPaymentEntry</span>
                  <div class="stack-trace">org.testng.TestNGException: 
Parameter &apos;Scope&apos; is required by BeforeClass on method launch_website but has not been marked @Optional or defined

	at java.base/java.util.ArrayList.forEach(ArrayList.java:1511)
... Removed 32 stack frames
</div> <!-- stack-trace -->
                </div> <!-- method-content -->
              </div> <!-- method -->
            </div> <!-- main-panel-content rounded-window-bottom -->
          </div> <!-- suite-Command_line_suite-class-skipped -->
          <div class="suite-Command_line_suite-class-skipped">
            <div class="main-panel-header rounded-window-top">
              <img src="skipped.png"/>
              <span class="class-name">TestCases.ComparingSalesTaxesAndChargesTemplatesTest</span>
            </div> <!-- main-panel-header rounded-window-top -->
            <div class="main-panel-content rounded-window-bottom">
              <div class="method">
                <div class="method-content">
                  <a name="TC01_comparingNumberOfSalesTaxesAndChargesTemplatesTet">
                  </a> <!-- TC01_comparingNumberOfSalesTaxesAndChargesTemplatesTet -->
                  <span class="method-name">TC01_comparingNumberOfSalesTaxesAndChargesTemplatesTet</span>
                  <div class="stack-trace">org.testng.TestNGException: 
Parameter &apos;Scope&apos; is required by BeforeClass on method launch_website but has not been marked @Optional or defined

	at java.base/java.util.ArrayList.forEach(ArrayList.java:1511)
... Removed 32 stack frames
</div> <!-- stack-trace -->
                </div> <!-- method-content -->
              </div> <!-- method -->
            </div> <!-- main-panel-content rounded-window-bottom -->
          </div> <!-- suite-Command_line_suite-class-skipped -->
          <div class="suite-Command_line_suite-class-skipped">
            <div class="main-panel-header rounded-window-top">
              <img src="skipped.png"/>
              <span class="class-name">TestCases.ComparingChartOfAccountsDataTest</span>
            </div> <!-- main-panel-header rounded-window-top -->
            <div class="main-panel-content rounded-window-bottom">
              <div class="method">
                <div class="method-content">
                  <a name="TC01_comparingChartOfAccountsDataTest">
                  </a> <!-- TC01_comparingChartOfAccountsDataTest -->
                  <span class="method-name">TC01_comparingChartOfAccountsDataTest</span>
                  <div class="stack-trace">org.testng.TestNGException: 
Parameter &apos;Scope&apos; is required by BeforeClass on method launch_website but has not been marked @Optional or defined

	at java.base/java.util.ArrayList.forEach(ArrayList.java:1511)
... Removed 32 stack frames
</div> <!-- stack-trace -->
                </div> <!-- method-content -->
              </div> <!-- method -->
            </div> <!-- main-panel-content rounded-window-bottom -->
          </div> <!-- suite-Command_line_suite-class-skipped -->
          <div class="suite-Command_line_suite-class-skipped">
            <div class="main-panel-header rounded-window-top">
              <img src="skipped.png"/>
              <span class="class-name">TestCases.PosViewTest</span>
            </div> <!-- main-panel-header rounded-window-top -->
            <div class="main-panel-content rounded-window-bottom">
              <div class="method">
                <div class="method-content">
                  <a name="TC01_createNewSalesInvoiceUsingPosView">
                  </a> <!-- TC01_createNewSalesInvoiceUsingPosView -->
                  <span class="method-name">TC01_createNewSalesInvoiceUsingPosView</span>
                  <div class="stack-trace">org.openqa.selenium.SessionNotCreatedException: Could not start a new session. Possible causes are invalid address of the remote server or browser start-up failure. 
Host info: host: &apos;DESKTOP-GHKE3PU&apos;, ip: &apos;192.168.1.2&apos;
	at org.openqa.selenium.remote.RemoteWebDriver.execute(RemoteWebDriver.java:537)
	at org.openqa.selenium.remote.RemoteWebDriver.startSession(RemoteWebDriver.java:233)
	at org.openqa.selenium.remote.RemoteWebDriver.&lt;init&gt;(RemoteWebDriver.java:162)
	at org.openqa.selenium.chromium.ChromiumDriver.&lt;init&gt;(ChromiumDriver.java:114)
	at org.openqa.selenium.chrome.ChromeDriver.&lt;init&gt;(ChromeDriver.java:89)
	at org.openqa.selenium.chrome.ChromeDriver.&lt;init&gt;(ChromeDriver.java:84)
	at org.openqa.selenium.chrome.ChromeDriver.&lt;init&gt;(ChromeDriver.java:73)
	at TestCases.BaseTest.setup_driver(BaseTest.java:63)
	at java.base/java.util.ArrayList.forEach(ArrayList.java:1511)
Caused by: org.openqa.selenium.WebDriverException: Driver server process died prematurely.
Build info: version: &apos;4.17.0&apos;, revision: &apos;e52b1be057*&apos;
System info: os.name: &apos;Windows 10&apos;, os.arch: &apos;amd64&apos;, os.version: &apos;10.0&apos;, java.version: &apos;17.0.9&apos;
Driver info: driver.version: ChromeDriver
	at org.openqa.selenium.remote.service.DriverService.start(DriverService.java:247)
	at org.openqa.selenium.remote.service.DriverCommandExecutor.execute(DriverCommandExecutor.java:117)
	at org.openqa.selenium.remote.RemoteWebDriver.execute(RemoteWebDriver.java:519)
	... 42 more
... Removed 34 stack frames
</div> <!-- stack-trace -->
                </div> <!-- method-content -->
              </div> <!-- method -->
              <div class="method">
                <div class="method-content">
                  <a name="TC02_applyDiscountOnSalesInvoiceUsingPosView">
                  </a> <!-- TC02_applyDiscountOnSalesInvoiceUsingPosView -->
                  <span class="method-name">TC02_applyDiscountOnSalesInvoiceUsingPosView</span>
                  <div class="stack-trace">org.openqa.selenium.SessionNotCreatedException: Could not start a new session. Possible causes are invalid address of the remote server or browser start-up failure. 
Host info: host: &apos;DESKTOP-GHKE3PU&apos;, ip: &apos;192.168.1.2&apos;
	at org.openqa.selenium.remote.RemoteWebDriver.execute(RemoteWebDriver.java:537)
	at org.openqa.selenium.remote.RemoteWebDriver.startSession(RemoteWebDriver.java:233)
	at org.openqa.selenium.remote.RemoteWebDriver.&lt;init&gt;(RemoteWebDriver.java:162)
	at org.openqa.selenium.chromium.ChromiumDriver.&lt;init&gt;(ChromiumDriver.java:114)
	at org.openqa.selenium.chrome.ChromeDriver.&lt;init&gt;(ChromeDriver.java:89)
	at org.openqa.selenium.chrome.ChromeDriver.&lt;init&gt;(ChromeDriver.java:84)
	at org.openqa.selenium.chrome.ChromeDriver.&lt;init&gt;(ChromeDriver.java:73)
	at TestCases.BaseTest.setup_driver(BaseTest.java:63)
	at java.base/java.util.ArrayList.forEach(ArrayList.java:1511)
Caused by: org.openqa.selenium.WebDriverException: Driver server process died prematurely.
Build info: version: &apos;4.17.0&apos;, revision: &apos;e52b1be057*&apos;
System info: os.name: &apos;Windows 10&apos;, os.arch: &apos;amd64&apos;, os.version: &apos;10.0&apos;, java.version: &apos;17.0.9&apos;
Driver info: driver.version: ChromeDriver
	at org.openqa.selenium.remote.service.DriverService.start(DriverService.java:247)
	at org.openqa.selenium.remote.service.DriverCommandExecutor.execute(DriverCommandExecutor.java:117)
	at org.openqa.selenium.remote.RemoteWebDriver.execute(RemoteWebDriver.java:519)
	... 42 more
... Removed 34 stack frames
</div> <!-- stack-trace -->
                </div> <!-- method-content -->
              </div> <!-- method -->
            </div> <!-- main-panel-content rounded-window-bottom -->
          </div> <!-- suite-Command_line_suite-class-skipped -->
          <div class="suite-Command_line_suite-class-skipped">
            <div class="main-panel-header rounded-window-top">
              <img src="skipped.png"/>
              <span class="class-name">TestCases.ComparingPurchaseReceiptsTest</span>
            </div> <!-- main-panel-header rounded-window-top -->
            <div class="main-panel-content rounded-window-bottom">
              <div class="method">
                <div class="method-content">
                  <a name="TC01_comparingNumberOfPurchaseReceipt">
                  </a> <!-- TC01_comparingNumberOfPurchaseReceipt -->
                  <span class="method-name">TC01_comparingNumberOfPurchaseReceipt</span>
                  <div class="stack-trace">org.testng.TestNGException: 
Parameter &apos;Scope&apos; is required by BeforeClass on method launch_website but has not been marked @Optional or defined

	at java.base/java.util.ArrayList.forEach(ArrayList.java:1511)
... Removed 32 stack frames
</div> <!-- stack-trace -->
                </div> <!-- method-content -->
              </div> <!-- method -->
            </div> <!-- main-panel-content rounded-window-bottom -->
          </div> <!-- suite-Command_line_suite-class-skipped -->
          <div class="suite-Command_line_suite-class-skipped">
            <div class="main-panel-header rounded-window-top">
              <img src="skipped.png"/>
              <span class="class-name">TestCases.SetupVmTest</span>
            </div> <!-- main-panel-header rounded-window-top -->
            <div class="main-panel-content rounded-window-bottom">
              <div class="method">
                <div class="method-content">
                  <a name="TC01_setupVm">
                  </a> <!-- TC01_setupVm -->
                  <span class="method-name">TC01_setupVm</span>
                  <div class="stack-trace">org.openqa.selenium.SessionNotCreatedException: Could not start a new session. Possible causes are invalid address of the remote server or browser start-up failure. 
Host info: host: &apos;DESKTOP-GHKE3PU&apos;, ip: &apos;192.168.1.2&apos;
	at org.openqa.selenium.remote.RemoteWebDriver.execute(RemoteWebDriver.java:537)
	at org.openqa.selenium.remote.RemoteWebDriver.startSession(RemoteWebDriver.java:233)
	at org.openqa.selenium.remote.RemoteWebDriver.&lt;init&gt;(RemoteWebDriver.java:162)
	at org.openqa.selenium.chromium.ChromiumDriver.&lt;init&gt;(ChromiumDriver.java:114)
	at org.openqa.selenium.chrome.ChromeDriver.&lt;init&gt;(ChromeDriver.java:89)
	at org.openqa.selenium.chrome.ChromeDriver.&lt;init&gt;(ChromeDriver.java:84)
	at org.openqa.selenium.chrome.ChromeDriver.&lt;init&gt;(ChromeDriver.java:73)
	at TestCases.BaseTest.setup_driver(BaseTest.java:63)
	at java.base/java.util.ArrayList.forEach(ArrayList.java:1511)
Caused by: org.openqa.selenium.WebDriverException: Driver server process died prematurely.
Build info: version: &apos;4.17.0&apos;, revision: &apos;e52b1be057*&apos;
System info: os.name: &apos;Windows 10&apos;, os.arch: &apos;amd64&apos;, os.version: &apos;10.0&apos;, java.version: &apos;17.0.9&apos;
Driver info: driver.version: ChromeDriver
	at org.openqa.selenium.remote.service.DriverService.start(DriverService.java:247)
	at org.openqa.selenium.remote.service.DriverCommandExecutor.execute(DriverCommandExecutor.java:117)
	at org.openqa.selenium.remote.RemoteWebDriver.execute(RemoteWebDriver.java:519)
	... 42 more
... Removed 34 stack frames
</div> <!-- stack-trace -->
                </div> <!-- method-content -->
              </div> <!-- method -->
            </div> <!-- main-panel-content rounded-window-bottom -->
          </div> <!-- suite-Command_line_suite-class-skipped -->
        </div> <!-- panel Command_line_suite -->
        <div panel-name="test-xml-Command_line_suite" class="panel">
          <div class="main-panel-header rounded-window-top">
          </div> <!-- main-panel-header rounded-window-top -->
          <div class="main-panel-content rounded-window-bottom">
            <pre>
&lt;?xml version=&quot;1.0&quot; encoding=&quot;UTF-8&quot;?&gt;
&lt;!DOCTYPE suite SYSTEM &quot;https://testng.org/testng-1.0.dtd&quot;&gt;
&lt;suite name=&quot;Command line suite&quot; verbose=&quot;0&quot;&gt;
  &lt;test thread-count=&quot;5&quot; name=&quot;Command line test&quot; verbose=&quot;0&quot;&gt;
    &lt;classes&gt;
      &lt;class name=&quot;TestCases.AddingItemsTest&quot;/&gt;
      &lt;class name=&quot;TestCases.AddingWareHouseTest&quot;/&gt;
      &lt;class name=&quot;TestCases.BaseTest&quot;/&gt;
      &lt;class name=&quot;TestCases.ComparingChartOfAccountsDataTest&quot;/&gt;
      &lt;class name=&quot;TestCases.ComparingCompaniesTest&quot;/&gt;
      &lt;class name=&quot;TestCases.ComparingCustomersTest&quot;/&gt;
      &lt;class name=&quot;TestCases.ComparingDeliveryNotesTest&quot;/&gt;
      &lt;class name=&quot;TestCases.ComparingFiscalYearsTest&quot;/&gt;
      &lt;class name=&quot;TestCases.ComparingItemsTest&quot;/&gt;
      &lt;class name=&quot;TestCases.ComparingJournalEntriesTest&quot;/&gt;
      &lt;class name=&quot;TestCases.ComparingPaymentEntryTest&quot;/&gt;
      &lt;class name=&quot;TestCases.ComparingPurchaseInvoicesTest&quot;/&gt;
      &lt;class name=&quot;TestCases.ComparingPurchaseReceiptsTest&quot;/&gt;
      &lt;class name=&quot;TestCases.ComparingPurchaseTaxesAndChargesTemplatesTest&quot;/&gt;
      &lt;class name=&quot;TestCases.ComparingReportsTest&quot;/&gt;
      &lt;class name=&quot;TestCases.ComparingSalesInvoicesTest&quot;/&gt;
      &lt;class name=&quot;TestCases.ComparingSalesTaxesAndChargesTemplatesTest&quot;/&gt;
      &lt;class name=&quot;TestCases.ComparingStockEntryTest&quot;/&gt;
      &lt;class name=&quot;TestCases.ComparingSuppliersTest&quot;/&gt;
      &lt;class name=&quot;TestCases.ComparingWareHousesTest&quot;/&gt;
      &lt;class name=&quot;TestCases.DataMigrationTest&quot;/&gt;
      &lt;class name=&quot;TestCases.DeliveryNotesTest&quot;/&gt;
      &lt;class name=&quot;TestCases.PosViewTest&quot;/&gt;
      &lt;class name=&quot;TestCases.PurchaseInvoicesTest&quot;/&gt;
      &lt;class name=&quot;TestCases.SalesInvoicesTest&quot;/&gt;
      &lt;class name=&quot;TestCases.SetupVmTest&quot;/&gt;
    &lt;/classes&gt;
  &lt;/test&gt; &lt;!-- Command line test --&gt;
&lt;/suite&gt; &lt;!-- Command line suite --&gt;
            </pre>
          </div> <!-- main-panel-content rounded-window-bottom -->
        </div> <!-- panel -->
        <div panel-name="testlist-Command_line_suite" class="panel">
          <div class="main-panel-header rounded-window-top">
            <span class="header-content">Tests for Command line suite</span>
          </div> <!-- main-panel-header rounded-window-top -->
          <div class="main-panel-content rounded-window-bottom">
            <ul>
              <li>
                <span class="test-name">Command line test (26 classes)</span>
              </li>
            </ul>
          </div> <!-- main-panel-content rounded-window-bottom -->
        </div> <!-- panel -->
        <div panel-name="group-Command_line_suite" class="panel">
          <div class="main-panel-header rounded-window-top">
            <span class="header-content">Groups for Command line suite</span>
          </div> <!-- main-panel-header rounded-window-top -->
          <div class="main-panel-content rounded-window-bottom">
          </div> <!-- main-panel-content rounded-window-bottom -->
        </div> <!-- panel -->
        <div panel-name="times-Command_line_suite" class="panel">
          <div class="main-panel-header rounded-window-top">
            <span class="header-content">Times for Command line suite</span>
          </div> <!-- main-panel-header rounded-window-top -->
          <div class="main-panel-content rounded-window-bottom">
            <div class="times-div">
              <script type="text/javascript">
suiteTableInitFunctions.push('tableData_Command_line_suite');
function tableData_Command_line_suite() {
var data = new google.visualization.DataTable();
data.addColumn('number', 'Number');
data.addColumn('string', 'Method');
data.addColumn('string', 'Class');
data.addColumn('number', 'Time (ms)');
data.addRows(45);
data.setCell(0, 0, 0)
data.setCell(0, 1, 'TC01_comparingNumberOfPurchaseInvoices')
data.setCell(0, 2, 'TestCases.ComparingPurchaseInvoicesTest')
data.setCell(0, 3, 1);
data.setCell(1, 0, 1)
data.setCell(1, 1, 'TC02_comparingSalesInvoiceData')
data.setCell(1, 2, 'TestCases.ComparingSalesInvoicesTest')
data.setCell(1, 3, 1);
data.setCell(2, 0, 2)
data.setCell(2, 1, 'TC01_createNewWareHouse')
data.setCell(2, 2, 'TestCases.AddingWareHouseTest')
data.setCell(2, 3, 1);
data.setCell(3, 0, 3)
data.setCell(3, 1, 'TC01_comparingNumberOfDeliveryNotes')
data.setCell(3, 2, 'TestCases.ComparingDeliveryNotesTest')
data.setCell(3, 3, 0);
data.setCell(4, 0, 4)
data.setCell(4, 1, 'TC02_applyDiscountOnSalesInvoiceUsingPosView')
data.setCell(4, 2, 'TestCases.PosViewTest')
data.setCell(4, 3, 0);
data.setCell(5, 0, 5)
data.setCell(5, 1, 'TC03_comparingSalesInvoiceDataAtGL')
data.setCell(5, 2, 'TestCases.ComparingSalesInvoicesTest')
data.setCell(5, 3, 0);
data.setCell(6, 0, 6)
data.setCell(6, 1, 'TC06_createNewPurchaseInvoiceAndCheckInGeneralLedgerReport')
data.setCell(6, 2, 'TestCases.PurchaseInvoicesTest')
data.setCell(6, 3, 0);
data.setCell(7, 0, 7)
data.setCell(7, 1, 'TC010_comparingSupplierAgingDetailsReport')
data.setCell(7, 2, 'TestCases.ComparingReportsTest')
data.setCell(7, 3, 0);
data.setCell(8, 0, 8)
data.setCell(8, 1, 'TC04_createPaymentForPurchaseInvoice')
data.setCell(8, 2, 'TestCases.PurchaseInvoicesTest')
data.setCell(8, 3, 0);
data.setCell(9, 0, 9)
data.setCell(9, 1, 'TC01_createNewSalesInvoiceUsingPosView')
data.setCell(9, 2, 'TestCases.PosViewTest')
data.setCell(9, 3, 0);
data.setCell(10, 0, 10)
data.setCell(10, 1, 'TC01_createNewSalesInvoiceAndSaveOnly')
data.setCell(10, 2, 'TestCases.SalesInvoicesTest')
data.setCell(10, 3, 0);
data.setCell(11, 0, 11)
data.setCell(11, 1, 'TC01_comparingNumberOfStockEntries')
data.setCell(11, 2, 'TestCases.ComparingStockEntryTest')
data.setCell(11, 3, 0);
data.setCell(12, 0, 12)
data.setCell(12, 1, 'TC05_createNewPurchaseInvoiceFromPurchaseReceipt')
data.setCell(12, 2, 'TestCases.PurchaseInvoicesTest')
data.setCell(12, 3, 0);
data.setCell(13, 0, 13)
data.setCell(13, 1, 'TC02_createNewSalesItem')
data.setCell(13, 2, 'TestCases.AddingItemsTest')
data.setCell(13, 3, 0);
data.setCell(14, 0, 14)
data.setCell(14, 1, 'TC01_comparingChartOfAccountsDataTest')
data.setCell(14, 2, 'TestCases.ComparingChartOfAccountsDataTest')
data.setCell(14, 3, 0);
data.setCell(15, 0, 15)
data.setCell(15, 1, 'TC01_comparingNumberOfJournalEntries')
data.setCell(15, 2, 'TestCases.ComparingJournalEntriesTest')
data.setCell(15, 3, 0);
data.setCell(16, 0, 16)
data.setCell(16, 1, 'TC01_comparingGeneralLedgerReportWithSpecificAccount')
data.setCell(16, 2, 'TestCases.ComparingReportsTest')
data.setCell(16, 3, 0);
data.setCell(17, 0, 17)
data.setCell(17, 1, 'TC02_comparingDeliveryNotesData')
data.setCell(17, 2, 'TestCases.ComparingDeliveryNotesTest')
data.setCell(17, 3, 0);
data.setCell(18, 0, 18)
data.setCell(18, 1, 'TC011_comparingSalesPersonDetailedReport')
data.setCell(18, 2, 'TestCases.ComparingReportsTest')
data.setCell(18, 3, 0);
data.setCell(19, 0, 19)
data.setCell(19, 1, 'TC05_comparingStockBalanceReport')
data.setCell(19, 2, 'TestCases.ComparingReportsTest')
data.setCell(19, 3, 0);
data.setCell(20, 0, 20)
data.setCell(20, 1, 'TC01_comparingSalesInvoicesAtViewList')
data.setCell(20, 2, 'TestCases.ComparingSalesInvoicesTest')
data.setCell(20, 3, 0);
data.setCell(21, 0, 21)
data.setCell(21, 1, 'TC01_comparingNumberOfPurchaseTaxesAndChargesTemplatesTet')
data.setCell(21, 2, 'TestCases.ComparingPurchaseTaxesAndChargesTemplatesTest')
data.setCell(21, 3, 0);
data.setCell(22, 0, 22)
data.setCell(22, 1, 'TC01_createNewSalesAndPurchaseItemAndAddingIntoPriceList')
data.setCell(22, 2, 'TestCases.AddingItemsTest')
data.setCell(22, 3, 0);
data.setCell(23, 0, 23)
data.setCell(23, 1, 'TC07_comparingBalanceSheetReport')
data.setCell(23, 2, 'TestCases.ComparingReportsTest')
data.setCell(23, 3, 0);
data.setCell(24, 0, 24)
data.setCell(24, 1, 'TC01_comparingNumberOfItems')
data.setCell(24, 2, 'TestCases.ComparingItemsTest')
data.setCell(24, 3, 0);
data.setCell(25, 0, 25)
data.setCell(25, 1, 'TC03_syncDocTypesData')
data.setCell(25, 2, 'TestCases.DataMigrationTest')
data.setCell(25, 3, 0);
data.setCell(26, 0, 26)
data.setCell(26, 1, 'TC02_comparingGeneralLedgerReportWithoutFiltration')
data.setCell(26, 2, 'TestCases.ComparingReportsTest')
data.setCell(26, 3, 0);
data.setCell(27, 0, 27)
data.setCell(27, 1, 'TC01_setupVm')
data.setCell(27, 2, 'TestCases.SetupVmTest')
data.setCell(27, 3, 0);
data.setCell(28, 0, 28)
data.setCell(28, 1, 'TC01_comparingNumberOfCompanies')
data.setCell(28, 2, 'TestCases.ComparingCompaniesTest')
data.setCell(28, 3, 0);
data.setCell(29, 0, 29)
data.setCell(29, 1, 'TC01_comparingNumberOfSalesTaxesAndChargesTemplatesTet')
data.setCell(29, 2, 'TestCases.ComparingSalesTaxesAndChargesTemplatesTest')
data.setCell(29, 3, 0);
data.setCell(30, 0, 30)
data.setCell(30, 1, 'TC01_comparingCustomersDataAtListView')
data.setCell(30, 2, 'TestCases.ComparingCustomersTest')
data.setCell(30, 3, 0);
data.setCell(31, 0, 31)
data.setCell(31, 1, 'TC03_createNewPurchaseItem')
data.setCell(31, 2, 'TestCases.AddingItemsTest')
data.setCell(31, 3, 0);
data.setCell(32, 0, 32)
data.setCell(32, 1, 'TC08_comparingProfitAndLossReport')
data.setCell(32, 2, 'TestCases.ComparingReportsTest')
data.setCell(32, 3, 0);
data.setCell(33, 0, 33)
data.setCell(33, 1, 'TC03_createDebitNoteFromPurchaseInvoice')
data.setCell(33, 2, 'TestCases.PurchaseInvoicesTest')
data.setCell(33, 3, 0);
data.setCell(34, 0, 34)
data.setCell(34, 1, 'TC02_comparingPurchaseInvoiceDates')
data.setCell(34, 2, 'TestCases.ComparingPurchaseInvoicesTest')
data.setCell(34, 3, 0);
data.setCell(35, 0, 35)
data.setCell(35, 1, 'TC01_comparingSuppliersDataAtListView')
data.setCell(35, 2, 'TestCases.ComparingSuppliersTest')
data.setCell(35, 3, 0);
data.setCell(36, 0, 36)
data.setCell(36, 1, 'TC09_comparingGrossProfitReport')
data.setCell(36, 2, 'TestCases.ComparingReportsTest')
data.setCell(36, 3, 0);
data.setCell(37, 0, 37)
data.setCell(37, 1, 'TC01_comparingNumberOfWareHouses')
data.setCell(37, 2, 'TestCases.ComparingWareHousesTest')
data.setCell(37, 3, 0);
data.setCell(38, 0, 38)
data.setCell(38, 1, 'TC01_comparingNumberOfFiscalYears')
data.setCell(38, 2, 'TestCases.ComparingFiscalYearsTest')
data.setCell(38, 3, 0);
data.setCell(39, 0, 39)
data.setCell(39, 1, 'TC04_comparingTaxDeclarationReport')
data.setCell(39, 2, 'TestCases.ComparingReportsTest')
data.setCell(39, 3, 0);
data.setCell(40, 0, 40)
data.setCell(40, 1, 'TC01_comparingNumberOfPaymentEntry')
data.setCell(40, 2, 'TestCases.ComparingPaymentEntryTest')
data.setCell(40, 3, 0);
data.setCell(41, 0, 41)
data.setCell(41, 1, 'TC01_createNewPurchaseInvoiceAndSubmit')
data.setCell(41, 2, 'TestCases.PurchaseInvoicesTest')
data.setCell(41, 3, 0);
data.setCell(42, 0, 42)
data.setCell(42, 1, 'TC01_comparingNumberOfPurchaseReceipt')
data.setCell(42, 2, 'TestCases.ComparingPurchaseReceiptsTest')
data.setCell(42, 3, 0);
data.setCell(43, 0, 43)
data.setCell(43, 1, 'TC01_createNewDeliveryNote')
data.setCell(43, 2, 'TestCases.DeliveryNotesTest')
data.setCell(43, 3, 0);
data.setCell(44, 0, 44)
data.setCell(44, 1, 'TC02_createNewPurchaseInvoiceFromPurchaseOrder')
data.setCell(44, 2, 'TestCases.PurchaseInvoicesTest')
data.setCell(44, 3, 0);
window.suiteTableData['Command_line_suite']= { tableData: data, tableDiv: 'times-div-Command_line_suite'}
return data;
}
              </script>
              <span class="suite-total-time">Total running time: 3 ms</span>
              <div id="times-div-Command_line_suite">
              </div> <!-- times-div-Command_line_suite -->
            </div> <!-- times-div -->
          </div> <!-- main-panel-content rounded-window-bottom -->
        </div> <!-- panel -->
        <div panel-name="reporter-Command_line_suite" class="panel">
          <div class="main-panel-header rounded-window-top">
            <span class="header-content">Reporter output for Command line suite</span>
          </div> <!-- main-panel-header rounded-window-top -->
          <div class="main-panel-content rounded-window-bottom">
          </div> <!-- main-panel-content rounded-window-bottom -->
        </div> <!-- panel -->
        <div panel-name="ignored-methods-Command_line_suite" class="panel">
          <div class="main-panel-header rounded-window-top">
            <span class="header-content">11 ignored methods</span>
          </div> <!-- main-panel-header rounded-window-top -->
          <div class="main-panel-content rounded-window-bottom">
            <div class="ignored-class-div">
              <span class="ignored-class-name">TestCases.ComparingReportsTest</span>
              <div class="ignored-methods-div">
                <span class="ignored-method-name">TC06_comparingTrialBalanceReport</span>
                <br/>
                <span class="ignored-method-name">TC03_comparingCustomersAgingReport</span>
                <br/>
              </div> <!-- ignored-methods-div -->
            </div> <!-- ignored-class-div -->
            <div class="ignored-class-div">
              <span class="ignored-class-name">TestCases.DataMigrationTest</span>
              <div class="ignored-methods-div">
                <span class="ignored-method-name">TC01_checkFailureVmConnection</span>
                <br/>
                <span class="ignored-method-name">TC02_checkSuccessVmConnection</span>
                <br/>
              </div> <!-- ignored-methods-div -->
            </div> <!-- ignored-class-div -->
            <div class="ignored-class-div">
              <span class="ignored-class-name">TestCases.SalesInvoicesTest</span>
              <div class="ignored-methods-div">
                <span class="ignored-method-name">TC07_createNewSalesInvoiceFromDeliveryNote</span>
                <br/>
                <span class="ignored-method-name">TC05_createNewSalesInvoiceAndCheckInGrossProfitReport</span>
                <br/>
                <span class="ignored-method-name">TC04_createCreditNoteFromSalesInvoice</span>
                <br/>
                <span class="ignored-method-name">TC03_createNewSalesInvoiceFromSalesOrder</span>
                <br/>
                <span class="ignored-method-name">TC02_createNewSalesInvoiceAndSubmit</span>
                <br/>
                <span class="ignored-method-name">TC08_createNewSalesInvoiceAndCheckInGeneralLedgerReport</span>
                <br/>
                <span class="ignored-method-name">TC06_createPaymentForSalesInvoice</span>
                <br/>
              </div> <!-- ignored-methods-div -->
            </div> <!-- ignored-class-div -->
          </div> <!-- main-panel-content rounded-window-bottom -->
        </div> <!-- panel -->
        <div panel-name="chronological-Command_line_suite" class="panel">
          <div class="main-panel-header rounded-window-top">
            <span class="header-content">Methods in chronological order</span>
          </div> <!-- main-panel-header rounded-window-top -->
          <div class="main-panel-content rounded-window-bottom">
            <div class="chronological-class">
              <div class="chronological-class-name">TestCases.AddingItemsTest</div> <!-- chronological-class-name -->
              <div class="configuration-class before">
                <span class="method-name">setup_driver</span>
                <span class="method-start">0 ms</span>
              </div> <!-- configuration-class before -->
              <div class="configuration-method before">
                <span class="method-name">loginWithValidData</span>
                <span class="method-start">3737 ms</span>
              </div> <!-- configuration-method before -->
              <div class="test-method">
                <span class="method-name">TC01_createNewSalesAndPurchaseItemAndAddingIntoPriceList</span>
                <span class="method-start">3765 ms</span>
              </div> <!-- test-method -->
              <div class="configuration-method after">
                <span class="method-name">onTestFailure</span>
                <span class="method-start">3773 ms</span>
              </div> <!-- configuration-method after -->
              <div class="configuration-method after">
                <span class="method-name">tearDownTestCase</span>
                <span class="method-start">3775 ms</span>
              </div> <!-- configuration-method after -->
              <div class="configuration-method before">
                <span class="method-name">loginWithValidData</span>
                <span class="method-start">3790 ms</span>
              </div> <!-- configuration-method before -->
              <div class="test-method">
                <span class="method-name">TC02_createNewSalesItem</span>
                <span class="method-start">3800 ms</span>
              </div> <!-- test-method -->
              <div class="configuration-method after">
                <span class="method-name">onTestFailure</span>
                <span class="method-start">3828 ms</span>
              </div> <!-- configuration-method after -->
              <div class="configuration-method after">
                <span class="method-name">tearDownTestCase</span>
                <span class="method-start">3835 ms</span>
              </div> <!-- configuration-method after -->
              <div class="configuration-method before">
                <span class="method-name">loginWithValidData</span>
                <span class="method-start">3844 ms</span>
              </div> <!-- configuration-method before -->
              <div class="test-method">
                <span class="method-name">TC03_createNewPurchaseItem</span>
                <span class="method-start">3847 ms</span>
              </div> <!-- test-method -->
              <div class="configuration-method after">
                <span class="method-name">onTestFailure</span>
                <span class="method-start">3852 ms</span>
              </div> <!-- configuration-method after -->
              <div class="configuration-method after">
                <span class="method-name">tearDownTestCase</span>
                <span class="method-start">3861 ms</span>
              </div> <!-- configuration-method after -->
              <div class="configuration-class after">
                <span class="method-name">tearDown</span>
                <span class="method-start">3866 ms</span>
              </div> <!-- configuration-class after -->
            </div> <!-- chronological-class -->
            <div class="chronological-class">
              <div class="chronological-class-name">TestCases.AddingWareHouseTest</div> <!-- chronological-class-name -->
              <div class="configuration-class before">
                <span class="method-name">setup_driver</span>
                <span class="method-start">3868 ms</span>
              </div> <!-- configuration-class before -->
              <div class="configuration-method before">
                <span class="method-name">loginWithValidData</span>
                <span class="method-start">6603 ms</span>
              </div> <!-- configuration-method before -->
              <div class="test-method">
                <span class="method-name">TC01_createNewWareHouse</span>
                <span class="method-start">6605 ms</span>
              </div> <!-- test-method -->
              <div class="configuration-method after">
                <span class="method-name">onTestFailure</span>
                <span class="method-start">6613 ms</span>
              </div> <!-- configuration-method after -->
              <div class="configuration-method after">
                <span class="method-name">tearDownTestCase</span>
                <span class="method-start">6615 ms</span>
              </div> <!-- configuration-method after -->
              <div class="configuration-class after">
                <span class="method-name">tearDown</span>
                <span class="method-start">6618 ms</span>
              </div> <!-- configuration-class after -->
            </div> <!-- chronological-class -->
            <div class="chronological-class">
              <div class="chronological-class-name">TestCases.ComparingChartOfAccountsDataTest</div> <!-- chronological-class-name -->
              <div class="configuration-class before">
                <span class="method-name">setup_driver</span>
                <span class="method-start">6619 ms</span>
              </div> <!-- configuration-class before -->
              <div class="configuration-method before">
                <span class="method-name">loginWithValidData</span>
                <span class="method-start">9370 ms</span>
              </div> <!-- configuration-method before -->
              <div class="test-method">
                <span class="method-name">TC01_comparingChartOfAccountsDataTest</span>
                <span class="method-start">9373 ms</span>
              </div> <!-- test-method -->
              <div class="configuration-method after">
                <span class="method-name">onTestFailure</span>
                <span class="method-start">9379 ms</span>
              </div> <!-- configuration-method after -->
              <div class="configuration-method after">
                <span class="method-name">tearDownTestCase</span>
                <span class="method-start">9398 ms</span>
              </div> <!-- configuration-method after -->
              <div class="configuration-class after">
                <span class="method-name">tearDown</span>
                <span class="method-start">9400 ms</span>
              </div> <!-- configuration-class after -->
            </div> <!-- chronological-class -->
            <div class="chronological-class">
              <div class="chronological-class-name">TestCases.ComparingCompaniesTest</div> <!-- chronological-class-name -->
              <div class="configuration-class before">
                <span class="method-name">setup_driver</span>
                <span class="method-start">9401 ms</span>
              </div> <!-- configuration-class before -->
              <div class="configuration-method before">
                <span class="method-name">loginWithValidData</span>
                <span class="method-start">12131 ms</span>
              </div> <!-- configuration-method before -->
              <div class="test-method">
                <span class="method-name">TC01_comparingNumberOfCompanies</span>
                <span class="method-start">12146 ms</span>
              </div> <!-- test-method -->
              <div class="configuration-method after">
                <span class="method-name">onTestFailure</span>
                <span class="method-start">12151 ms</span>
              </div> <!-- configuration-method after -->
              <div class="configuration-method after">
                <span class="method-name">tearDownTestCase</span>
                <span class="method-start">12154 ms</span>
              </div> <!-- configuration-method after -->
              <div class="configuration-class after">
                <span class="method-name">tearDown</span>
                <span class="method-start">12171 ms</span>
              </div> <!-- configuration-class after -->
            </div> <!-- chronological-class -->
            <div class="chronological-class">
              <div class="chronological-class-name">TestCases.ComparingCustomersTest</div> <!-- chronological-class-name -->
              <div class="configuration-class before">
                <span class="method-name">setup_driver</span>
                <span class="method-start">12177 ms</span>
              </div> <!-- configuration-class before -->
              <div class="configuration-method before">
                <span class="method-name">loginWithValidData</span>
                <span class="method-start">15287 ms</span>
              </div> <!-- configuration-method before -->
              <div class="test-method">
                <span class="method-name">TC01_comparingCustomersDataAtListView</span>
                <span class="method-start">15292 ms</span>
              </div> <!-- test-method -->
              <div class="configuration-method after">
                <span class="method-name">onTestFailure</span>
                <span class="method-start">15298 ms</span>
              </div> <!-- configuration-method after -->
              <div class="configuration-method after">
                <span class="method-name">tearDownTestCase</span>
                <span class="method-start">15300 ms</span>
              </div> <!-- configuration-method after -->
              <div class="configuration-class after">
                <span class="method-name">tearDown</span>
                <span class="method-start">15302 ms</span>
              </div> <!-- configuration-class after -->
            </div> <!-- chronological-class -->
            <div class="chronological-class">
              <div class="chronological-class-name">TestCases.ComparingDeliveryNotesTest</div> <!-- chronological-class-name -->
              <div class="configuration-class before">
                <span class="method-name">setup_driver</span>
                <span class="method-start">15303 ms</span>
              </div> <!-- configuration-class before -->
              <div class="configuration-method before">
                <span class="method-name">loginWithValidData</span>
                <span class="method-start">21096 ms</span>
              </div> <!-- configuration-method before -->
              <div class="test-method">
                <span class="method-name">TC01_comparingNumberOfDeliveryNotes</span>
                <span class="method-start">21107 ms</span>
              </div> <!-- test-method -->
              <div class="configuration-method after">
                <span class="method-name">onTestFailure</span>
                <span class="method-start">21143 ms</span>
              </div> <!-- configuration-method after -->
              <div class="configuration-method after">
                <span class="method-name">tearDownTestCase</span>
                <span class="method-start">21170 ms</span>
              </div> <!-- configuration-method after -->
              <div class="configuration-method before">
                <span class="method-name">loginWithValidData</span>
                <span class="method-start">21177 ms</span>
              </div> <!-- configuration-method before -->
              <div class="test-method">
                <span class="method-name">TC02_comparingDeliveryNotesData</span>
                <span class="method-start">21182 ms</span>
              </div> <!-- test-method -->
              <div class="configuration-method after">
                <span class="method-name">onTestFailure</span>
                <span class="method-start">21187 ms</span>
              </div> <!-- configuration-method after -->
              <div class="configuration-method after">
                <span class="method-name">tearDownTestCase</span>
                <span class="method-start">21224 ms</span>
              </div> <!-- configuration-method after -->
              <div class="configuration-class after">
                <span class="method-name">tearDown</span>
                <span class="method-start">21226 ms</span>
              </div> <!-- configuration-class after -->
            </div> <!-- chronological-class -->
            <div class="chronological-class">
              <div class="chronological-class-name">TestCases.ComparingFiscalYearsTest</div> <!-- chronological-class-name -->
              <div class="configuration-class before">
                <span class="method-name">setup_driver</span>
                <span class="method-start">21227 ms</span>
              </div> <!-- configuration-class before -->
              <div class="configuration-method before">
                <span class="method-name">loginWithValidData</span>
                <span class="method-start">26550 ms</span>
              </div> <!-- configuration-method before -->
              <div class="test-method">
                <span class="method-name">TC01_comparingNumberOfFiscalYears</span>
                <span class="method-start">26553 ms</span>
              </div> <!-- test-method -->
              <div class="configuration-method after">
                <span class="method-name">onTestFailure</span>
                <span class="method-start">26564 ms</span>
              </div> <!-- configuration-method after -->
              <div class="configuration-method after">
                <span class="method-name">tearDownTestCase</span>
                <span class="method-start">26592 ms</span>
              </div> <!-- configuration-method after -->
              <div class="configuration-class after">
                <span class="method-name">tearDown</span>
                <span class="method-start">26595 ms</span>
              </div> <!-- configuration-class after -->
            </div> <!-- chronological-class -->
            <div class="chronological-class">
              <div class="chronological-class-name">TestCases.ComparingItemsTest</div> <!-- chronological-class-name -->
              <div class="configuration-class before">
                <span class="method-name">setup_driver</span>
                <span class="method-start">26599 ms</span>
              </div> <!-- configuration-class before -->
              <div class="configuration-method before">
                <span class="method-name">loginWithValidData</span>
                <span class="method-start">32548 ms</span>
              </div> <!-- configuration-method before -->
              <div class="test-method">
                <span class="method-name">TC01_comparingNumberOfItems</span>
                <span class="method-start">32553 ms</span>
              </div> <!-- test-method -->
              <div class="configuration-method after">
                <span class="method-name">onTestFailure</span>
                <span class="method-start">32572 ms</span>
              </div> <!-- configuration-method after -->
              <div class="configuration-method after">
                <span class="method-name">tearDownTestCase</span>
                <span class="method-start">32617 ms</span>
              </div> <!-- configuration-method after -->
              <div class="configuration-class after">
                <span class="method-name">tearDown</span>
                <span class="method-start">32625 ms</span>
              </div> <!-- configuration-class after -->
            </div> <!-- chronological-class -->
            <div class="chronological-class">
              <div class="chronological-class-name">TestCases.ComparingJournalEntriesTest</div> <!-- chronological-class-name -->
              <div class="configuration-class before">
                <span class="method-name">setup_driver</span>
                <span class="method-start">32627 ms</span>
              </div> <!-- configuration-class before -->
              <div class="configuration-method before">
                <span class="method-name">loginWithValidData</span>
                <span class="method-start">59200 ms</span>
              </div> <!-- configuration-method before -->
              <div class="test-method">
                <span class="method-name">TC01_comparingNumberOfJournalEntries</span>
                <span class="method-start">59203 ms</span>
              </div> <!-- test-method -->
              <div class="configuration-method after">
                <span class="method-name">onTestFailure</span>
                <span class="method-start">59207 ms</span>
              </div> <!-- configuration-method after -->
              <div class="configuration-method after">
                <span class="method-name">tearDownTestCase</span>
                <span class="method-start">59217 ms</span>
              </div> <!-- configuration-method after -->
              <div class="configuration-class after">
                <span class="method-name">tearDown</span>
                <span class="method-start">59221 ms</span>
              </div> <!-- configuration-class after -->
            </div> <!-- chronological-class -->
            <div class="chronological-class">
              <div class="chronological-class-name">TestCases.ComparingPaymentEntryTest</div> <!-- chronological-class-name -->
              <div class="configuration-class before">
                <span class="method-name">setup_driver</span>
                <span class="method-start">59222 ms</span>
              </div> <!-- configuration-class before -->
              <div class="configuration-method before">
                <span class="method-name">loginWithValidData</span>
                <span class="method-start">62143 ms</span>
              </div> <!-- configuration-method before -->
              <div class="test-method">
                <span class="method-name">TC01_comparingNumberOfPaymentEntry</span>
                <span class="method-start">62158 ms</span>
              </div> <!-- test-method -->
              <div class="configuration-method after">
                <span class="method-name">onTestFailure</span>
                <span class="method-start">62181 ms</span>
              </div> <!-- configuration-method after -->
              <div class="configuration-method after">
                <span class="method-name">tearDownTestCase</span>
                <span class="method-start">62184 ms</span>
              </div> <!-- configuration-method after -->
              <div class="configuration-class after">
                <span class="method-name">tearDown</span>
                <span class="method-start">62186 ms</span>
              </div> <!-- configuration-class after -->
            </div> <!-- chronological-class -->
            <div class="chronological-class">
              <div class="chronological-class-name">TestCases.ComparingPurchaseInvoicesTest</div> <!-- chronological-class-name -->
              <div class="configuration-class before">
                <span class="method-name">setup_driver</span>
                <span class="method-start">62200 ms</span>
              </div> <!-- configuration-class before -->
              <div class="configuration-method before">
                <span class="method-name">loginWithValidData</span>
                <span class="method-start">65469 ms</span>
              </div> <!-- configuration-method before -->
              <div class="test-method">
                <span class="method-name">TC01_comparingNumberOfPurchaseInvoices</span>
                <span class="method-start">65475 ms</span>
              </div> <!-- test-method -->
              <div class="configuration-method after">
                <span class="method-name">onTestFailure</span>
                <span class="method-start">65490 ms</span>
              </div> <!-- configuration-method after -->
              <div class="configuration-method after">
                <span class="method-name">tearDownTestCase</span>
                <span class="method-start">65492 ms</span>
              </div> <!-- configuration-method after -->
              <div class="configuration-method before">
                <span class="method-name">loginWithValidData</span>
                <span class="method-start">65499 ms</span>
              </div> <!-- configuration-method before -->
              <div class="test-method">
                <span class="method-name">TC02_comparingPurchaseInvoiceDates</span>
                <span class="method-start">65502 ms</span>
              </div> <!-- test-method -->
              <div class="configuration-method after">
                <span class="method-name">onTestFailure</span>
                <span class="method-start">65507 ms</span>
              </div> <!-- configuration-method after -->
              <div class="configuration-method after">
                <span class="method-name">tearDownTestCase</span>
                <span class="method-start">65508 ms</span>
              </div> <!-- configuration-method after -->
              <div class="configuration-class after">
                <span class="method-name">tearDown</span>
                <span class="method-start">65510 ms</span>
              </div> <!-- configuration-class after -->
            </div> <!-- chronological-class -->
            <div class="chronological-class">
              <div class="chronological-class-name">TestCases.ComparingPurchaseReceiptsTest</div> <!-- chronological-class-name -->
              <div class="configuration-class before">
                <span class="method-name">setup_driver</span>
                <span class="method-start">65511 ms</span>
              </div> <!-- configuration-class before -->
              <div class="configuration-method before">
                <span class="method-name">loginWithValidData</span>
                <span class="method-start">68691 ms</span>
              </div> <!-- configuration-method before -->
              <div class="test-method">
                <span class="method-name">TC01_comparingNumberOfPurchaseReceipt</span>
                <span class="method-start">68699 ms</span>
              </div> <!-- test-method -->
              <div class="configuration-method after">
                <span class="method-name">onTestFailure</span>
                <span class="method-start">68716 ms</span>
              </div> <!-- configuration-method after -->
              <div class="configuration-method after">
                <span class="method-name">tearDownTestCase</span>
                <span class="method-start">68731 ms</span>
              </div> <!-- configuration-method after -->
              <div class="configuration-class after">
                <span class="method-name">tearDown</span>
                <span class="method-start">68739 ms</span>
              </div> <!-- configuration-class after -->
            </div> <!-- chronological-class -->
            <div class="chronological-class">
              <div class="chronological-class-name">TestCases.ComparingPurchaseTaxesAndChargesTemplatesTest</div> <!-- chronological-class-name -->
              <div class="configuration-class before">
                <span class="method-name">setup_driver</span>
                <span class="method-start">68740 ms</span>
              </div> <!-- configuration-class before -->
              <div class="configuration-method before">
                <span class="method-name">loginWithValidData</span>
                <span class="method-start">72152 ms</span>
              </div> <!-- configuration-method before -->
              <div class="test-method">
                <span class="method-name">TC01_comparingNumberOfPurchaseTaxesAndChargesTemplatesTet</span>
                <span class="method-start">72154 ms</span>
              </div> <!-- test-method -->
              <div class="configuration-method after">
                <span class="method-name">onTestFailure</span>
                <span class="method-start">72159 ms</span>
              </div> <!-- configuration-method after -->
              <div class="configuration-method after">
                <span class="method-name">tearDownTestCase</span>
                <span class="method-start">72162 ms</span>
              </div> <!-- configuration-method after -->
              <div class="configuration-class after">
                <span class="method-name">tearDown</span>
                <span class="method-start">72165 ms</span>
              </div> <!-- configuration-class after -->
            </div> <!-- chronological-class -->
            <div class="chronological-class">
              <div class="chronological-class-name">TestCases.ComparingReportsTest</div> <!-- chronological-class-name -->
              <div class="configuration-class before">
                <span class="method-name">setup_driver</span>
                <span class="method-start">72166 ms</span>
              </div> <!-- configuration-class before -->
              <div class="configuration-method before">
                <span class="method-name">loginWithValidData</span>
                <span class="method-start">76309 ms</span>
              </div> <!-- configuration-method before -->
              <div class="test-method">
                <span class="method-name">TC01_comparingGeneralLedgerReportWithSpecificAccount</span>
                <span class="method-start">76311 ms</span>
              </div> <!-- test-method -->
              <div class="configuration-method after">
                <span class="method-name">onTestFailure</span>
                <span class="method-start">76316 ms</span>
              </div> <!-- configuration-method after -->
              <div class="configuration-method after">
                <span class="method-name">tearDownTestCase</span>
                <span class="method-start">76319 ms</span>
              </div> <!-- configuration-method after -->
              <div class="configuration-method before">
                <span class="method-name">loginWithValidData</span>
                <span class="method-start">76321 ms</span>
              </div> <!-- configuration-method before -->
              <div class="test-method">
                <span class="method-name">TC02_comparingGeneralLedgerReportWithoutFiltration</span>
                <span class="method-start">76321 ms</span>
              </div> <!-- test-method -->
              <div class="configuration-method after">
                <span class="method-name">onTestFailure</span>
                <span class="method-start">76330 ms</span>
              </div> <!-- configuration-method after -->
              <div class="configuration-method after">
                <span class="method-name">tearDownTestCase</span>
                <span class="method-start">76330 ms</span>
              </div> <!-- configuration-method after -->
              <div class="test-method">
                <span class="method-name">TC04_comparingTaxDeclarationReport</span>
                <span class="method-start">76330 ms</span>
              </div> <!-- test-method -->
              <div class="configuration-method before">
                <span class="method-name">loginWithValidData</span>
                <span class="method-start">76330 ms</span>
              </div> <!-- configuration-method before -->
              <div class="configuration-method after">
                <span class="method-name">onTestFailure</span>
                <span class="method-start">76349 ms</span>
              </div> <!-- configuration-method after -->
              <div class="configuration-method after">
                <span class="method-name">tearDownTestCase</span>
                <span class="method-start">76351 ms</span>
              </div> <!-- configuration-method after -->
              <div class="configuration-method before">
                <span class="method-name">loginWithValidData</span>
                <span class="method-start">76354 ms</span>
              </div> <!-- configuration-method before -->
              <div class="test-method">
                <span class="method-name">TC05_comparingStockBalanceReport</span>
                <span class="method-start">76356 ms</span>
              </div> <!-- test-method -->
              <div class="configuration-method after">
                <span class="method-name">onTestFailure</span>
                <span class="method-start">76361 ms</span>
              </div> <!-- configuration-method after -->
              <div class="configuration-method before">
                <span class="method-name">loginWithValidData</span>
                <span class="method-start">76362 ms</span>
              </div> <!-- configuration-method before -->
              <div class="configuration-method after">
                <span class="method-name">tearDownTestCase</span>
                <span class="method-start">76362 ms</span>
              </div> <!-- configuration-method after -->
              <div class="configuration-method after">
                <span class="method-name">onTestFailure</span>
                <span class="method-start">76362 ms</span>
              </div> <!-- configuration-method after -->
              <div class="test-method">
                <span class="method-name">TC07_comparingBalanceSheetReport</span>
                <span class="method-start">76362 ms</span>
              </div> <!-- test-method -->
              <div class="configuration-method after">
                <span class="method-name">tearDownTestCase</span>
                <span class="method-start">76362 ms</span>
              </div> <!-- configuration-method after -->
              <div class="configuration-method before">
                <span class="method-name">loginWithValidData</span>
                <span class="method-start">76379 ms</span>
              </div> <!-- configuration-method before -->
              <div class="test-method">
                <span class="method-name">TC08_comparingProfitAndLossReport</span>
                <span class="method-start">76381 ms</span>
              </div> <!-- test-method -->
              <div class="configuration-method after">
                <span class="method-name">onTestFailure</span>
                <span class="method-start">76390 ms</span>
              </div> <!-- configuration-method after -->
              <div class="configuration-method after">
                <span class="method-name">tearDownTestCase</span>
                <span class="method-start">76392 ms</span>
              </div> <!-- configuration-method after -->
              <div class="configuration-method before">
                <span class="method-name">loginWithValidData</span>
                <span class="method-start">76398 ms</span>
              </div> <!-- configuration-method before -->
              <div class="test-method">
                <span class="method-name">TC09_comparingGrossProfitReport</span>
                <span class="method-start">76405 ms</span>
              </div> <!-- test-method -->
              <div class="configuration-method after">
                <span class="method-name">onTestFailure</span>
                <span class="method-start">76423 ms</span>
              </div> <!-- configuration-method after -->
              <div class="configuration-method after">
                <span class="method-name">tearDownTestCase</span>
                <span class="method-start">76425 ms</span>
              </div> <!-- configuration-method after -->
              <div class="configuration-method before">
                <span class="method-name">loginWithValidData</span>
                <span class="method-start">76430 ms</span>
              </div> <!-- configuration-method before -->
              <div class="test-method">
                <span class="method-name">TC010_comparingSupplierAgingDetailsReport</span>
                <span class="method-start">76432 ms</span>
              </div> <!-- test-method -->
              <div class="configuration-method after">
                <span class="method-name">onTestFailure</span>
                <span class="method-start">76435 ms</span>
              </div> <!-- configuration-method after -->
              <div class="configuration-method after">
                <span class="method-name">tearDownTestCase</span>
                <span class="method-start">76437 ms</span>
              </div> <!-- configuration-method after -->
              <div class="configuration-method before">
                <span class="method-name">loginWithValidData</span>
                <span class="method-start">76439 ms</span>
              </div> <!-- configuration-method before -->
              <div class="test-method">
                <span class="method-name">TC011_comparingSalesPersonDetailedReport</span>
                <span class="method-start">76441 ms</span>
              </div> <!-- test-method -->
              <div class="configuration-method after">
                <span class="method-name">tearDownTestCase</span>
                <span class="method-start">76444 ms</span>
              </div> <!-- configuration-method after -->
              <div class="configuration-class after">
                <span class="method-name">tearDown</span>
                <span class="method-start">76444 ms</span>
              </div> <!-- configuration-class after -->
            </div> <!-- chronological-class -->
            <div class="chronological-class">
              <div class="chronological-class-name">TestCases.ComparingSalesInvoicesTest</div> <!-- chronological-class-name -->
              <div class="configuration-class before">
                <span class="method-name">setup_driver</span>
                <span class="method-start">76444 ms</span>
              </div> <!-- configuration-class before -->
            </div> <!-- chronological-class -->
            <div class="chronological-class">
              <div class="chronological-class-name">TestCases.ComparingReportsTest</div> <!-- chronological-class-name -->
              <div class="configuration-method after">
                <span class="method-name">onTestFailure</span>
                <span class="method-start">76444 ms</span>
              </div> <!-- configuration-method after -->
            </div> <!-- chronological-class -->
            <div class="chronological-class">
              <div class="chronological-class-name">TestCases.ComparingSalesInvoicesTest</div> <!-- chronological-class-name -->
              <div class="configuration-method before">
                <span class="method-name">loginWithValidData</span>
                <span class="method-start">82547 ms</span>
              </div> <!-- configuration-method before -->
              <div class="test-method">
                <span class="method-name">TC01_comparingSalesInvoicesAtViewList</span>
                <span class="method-start">82549 ms</span>
              </div> <!-- test-method -->
              <div class="configuration-method after">
                <span class="method-name">onTestFailure</span>
                <span class="method-start">82553 ms</span>
              </div> <!-- configuration-method after -->
              <div class="configuration-method after">
                <span class="method-name">tearDownTestCase</span>
                <span class="method-start">82554 ms</span>
              </div> <!-- configuration-method after -->
              <div class="configuration-method before">
                <span class="method-name">loginWithValidData</span>
                <span class="method-start">82556 ms</span>
              </div> <!-- configuration-method before -->
              <div class="test-method">
                <span class="method-name">TC02_comparingSalesInvoiceData</span>
                <span class="method-start">82559 ms</span>
              </div> <!-- test-method -->
              <div class="configuration-method after">
                <span class="method-name">onTestFailure</span>
                <span class="method-start">82563 ms</span>
              </div> <!-- configuration-method after -->
              <div class="configuration-method after">
                <span class="method-name">tearDownTestCase</span>
                <span class="method-start">82565 ms</span>
              </div> <!-- configuration-method after -->
              <div class="configuration-method before">
                <span class="method-name">loginWithValidData</span>
                <span class="method-start">82568 ms</span>
              </div> <!-- configuration-method before -->
              <div class="test-method">
                <span class="method-name">TC03_comparingSalesInvoiceDataAtGL</span>
                <span class="method-start">82570 ms</span>
              </div> <!-- test-method -->
              <div class="configuration-method after">
                <span class="method-name">onTestFailure</span>
                <span class="method-start">82592 ms</span>
              </div> <!-- configuration-method after -->
              <div class="configuration-class after">
                <span class="method-name">tearDown</span>
                <span class="method-start">82608 ms</span>
              </div> <!-- configuration-class after -->
              <div class="configuration-method after">
                <span class="method-name">tearDownTestCase</span>
                <span class="method-start">82608 ms</span>
              </div> <!-- configuration-method after -->
            </div> <!-- chronological-class -->
            <div class="chronological-class">
              <div class="chronological-class-name">TestCases.ComparingSalesTaxesAndChargesTemplatesTest</div> <!-- chronological-class-name -->
              <div class="configuration-class before">
                <span class="method-name">setup_driver</span>
                <span class="method-start">82608 ms</span>
              </div> <!-- configuration-class before -->
              <div class="configuration-method before">
                <span class="method-name">loginWithValidData</span>
                <span class="method-start">87014 ms</span>
              </div> <!-- configuration-method before -->
              <div class="test-method">
                <span class="method-name">TC01_comparingNumberOfSalesTaxesAndChargesTemplatesTet</span>
                <span class="method-start">87015 ms</span>
              </div> <!-- test-method -->
              <div class="configuration-method after">
                <span class="method-name">onTestFailure</span>
                <span class="method-start">87018 ms</span>
              </div> <!-- configuration-method after -->
              <div class="configuration-method after">
                <span class="method-name">tearDownTestCase</span>
                <span class="method-start">87021 ms</span>
              </div> <!-- configuration-method after -->
              <div class="configuration-class after">
                <span class="method-name">tearDown</span>
                <span class="method-start">87022 ms</span>
              </div> <!-- configuration-class after -->
            </div> <!-- chronological-class -->
            <div class="chronological-class">
              <div class="chronological-class-name">TestCases.ComparingStockEntryTest</div> <!-- chronological-class-name -->
              <div class="configuration-class before">
                <span class="method-name">setup_driver</span>
                <span class="method-start">87023 ms</span>
              </div> <!-- configuration-class before -->
              <div class="configuration-method before">
                <span class="method-name">loginWithValidData</span>
                <span class="method-start">95437 ms</span>
              </div> <!-- configuration-method before -->
              <div class="test-method">
                <span class="method-name">TC01_comparingNumberOfStockEntries</span>
                <span class="method-start">95441 ms</span>
              </div> <!-- test-method -->
              <div class="configuration-method after">
                <span class="method-name">onTestFailure</span>
                <span class="method-start">95445 ms</span>
              </div> <!-- configuration-method after -->
              <div class="configuration-method after">
                <span class="method-name">tearDownTestCase</span>
                <span class="method-start">95452 ms</span>
              </div> <!-- configuration-method after -->
              <div class="configuration-class after">
                <span class="method-name">tearDown</span>
                <span class="method-start">95454 ms</span>
              </div> <!-- configuration-class after -->
            </div> <!-- chronological-class -->
            <div class="chronological-class">
              <div class="chronological-class-name">TestCases.ComparingSuppliersTest</div> <!-- chronological-class-name -->
              <div class="configuration-class before">
                <span class="method-name">setup_driver</span>
                <span class="method-start">95455 ms</span>
              </div> <!-- configuration-class before -->
              <div class="configuration-method before">
                <span class="method-name">loginWithValidData</span>
                <span class="method-start">99600 ms</span>
              </div> <!-- configuration-method before -->
              <div class="test-method">
                <span class="method-name">TC01_comparingSuppliersDataAtListView</span>
                <span class="method-start">99602 ms</span>
              </div> <!-- test-method -->
              <div class="configuration-method after">
                <span class="method-name">onTestFailure</span>
                <span class="method-start">99604 ms</span>
              </div> <!-- configuration-method after -->
              <div class="configuration-method after">
                <span class="method-name">tearDownTestCase</span>
                <span class="method-start">99606 ms</span>
              </div> <!-- configuration-method after -->
              <div class="configuration-class after">
                <span class="method-name">tearDown</span>
                <span class="method-start">99608 ms</span>
              </div> <!-- configuration-class after -->
            </div> <!-- chronological-class -->
            <div class="chronological-class">
              <div class="chronological-class-name">TestCases.ComparingWareHousesTest</div> <!-- chronological-class-name -->
              <div class="configuration-class before">
                <img src="failed.png">
                </img>
                <span class="method-name">setup_driver</span>
                <span class="method-start">99609 ms</span>
              </div> <!-- configuration-class before -->
              <div class="test-method">
                <span class="method-name">TC01_comparingNumberOfWareHouses</span>
                <span class="method-start">104389 ms</span>
              </div> <!-- test-method -->
              <div class="configuration-class after">
                <span class="method-name">tearDown</span>
                <span class="method-start">104389 ms</span>
              </div> <!-- configuration-class after -->
              <div class="configuration-method after">
                <span class="method-name">tearDownTestCase</span>
                <span class="method-start">104389 ms</span>
              </div> <!-- configuration-method after -->
              <div class="configuration-method after">
                <span class="method-name">onTestFailure</span>
                <span class="method-start">104389 ms</span>
              </div> <!-- configuration-method after -->
              <div class="configuration-class before">
                <span class="method-name">launch_website</span>
                <span class="method-start">104389 ms</span>
              </div> <!-- configuration-class before -->
            </div> <!-- chronological-class -->
            <div class="chronological-class">
              <div class="chronological-class-name">TestCases.DataMigrationTest</div> <!-- chronological-class-name -->
              <div class="configuration-class before">
                <img src="failed.png">
                </img>
                <span class="method-name">setup_driver</span>
                <span class="method-start">104389 ms</span>
              </div> <!-- configuration-class before -->
            </div> <!-- chronological-class -->
            <div class="chronological-class">
              <div class="chronological-class-name">TestCases.ComparingWareHousesTest</div> <!-- chronological-class-name -->
              <div class="configuration-method before">
                <span class="method-name">loginWithValidData</span>
                <span class="method-start">104389 ms</span>
              </div> <!-- configuration-method before -->
            </div> <!-- chronological-class -->
            <div class="chronological-class">
              <div class="chronological-class-name">TestCases.DataMigrationTest</div> <!-- chronological-class-name -->
              <div class="configuration-class before">
                <span class="method-name">launch_website</span>
                <span class="method-start">105519 ms</span>
              </div> <!-- configuration-class before -->
              <div class="configuration-method before">
                <span class="method-name">loginWithValidData</span>
                <span class="method-start">105520 ms</span>
              </div> <!-- configuration-method before -->
              <div class="test-method">
                <span class="method-name">TC03_syncDocTypesData</span>
                <span class="method-start">105521 ms</span>
              </div> <!-- test-method -->
              <div class="configuration-method after">
                <span class="method-name">onTestFailure</span>
                <span class="method-start">105525 ms</span>
              </div> <!-- configuration-method after -->
              <div class="configuration-method after">
                <span class="method-name">tearDownTestCase</span>
                <span class="method-start">105528 ms</span>
              </div> <!-- configuration-method after -->
              <div class="configuration-class after">
                <span class="method-name">tearDown</span>
                <span class="method-start">105529 ms</span>
              </div> <!-- configuration-class after -->
            </div> <!-- chronological-class -->
            <div class="chronological-class">
              <div class="chronological-class-name">TestCases.DeliveryNotesTest</div> <!-- chronological-class-name -->
              <div class="configuration-class before">
                <img src="failed.png">
                </img>
                <span class="method-name">setup_driver</span>
                <span class="method-start">105530 ms</span>
              </div> <!-- configuration-class before -->
              <div class="configuration-method before">
                <span class="method-name">loginWithValidData</span>
                <span class="method-start">106906 ms</span>
              </div> <!-- configuration-method before -->
              <div class="configuration-class before">
                <span class="method-name">launch_website</span>
                <span class="method-start">106906 ms</span>
              </div> <!-- configuration-class before -->
              <div class="configuration-method after">
                <span class="method-name">onTestFailure</span>
                <span class="method-start">106921 ms</span>
              </div> <!-- configuration-method after -->
              <div class="configuration-method after">
                <span class="method-name">tearDownTestCase</span>
                <span class="method-start">106921 ms</span>
              </div> <!-- configuration-method after -->
              <div class="test-method">
                <span class="method-name">TC01_createNewDeliveryNote</span>
                <span class="method-start">106921 ms</span>
              </div> <!-- test-method -->
              <div class="configuration-class after">
                <span class="method-name">tearDown</span>
                <span class="method-start">106937 ms</span>
              </div> <!-- configuration-class after -->
            </div> <!-- chronological-class -->
            <div class="chronological-class">
              <div class="chronological-class-name">TestCases.PosViewTest</div> <!-- chronological-class-name -->
              <div class="configuration-class before">
                <img src="failed.png">
                </img>
                <span class="method-name">setup_driver</span>
                <span class="method-start">106937 ms</span>
              </div> <!-- configuration-class before -->
              <div class="configuration-method before">
                <span class="method-name">loginWithValidData</span>
                <span class="method-start">108195 ms</span>
              </div> <!-- configuration-method before -->
              <div class="configuration-class before">
                <span class="method-name">launch_website</span>
                <span class="method-start">108195 ms</span>
              </div> <!-- configuration-class before -->
              <div class="test-method">
                <span class="method-name">TC01_createNewSalesInvoiceUsingPosView</span>
                <span class="method-start">108207 ms</span>
              </div> <!-- test-method -->
              <div class="configuration-method after">
                <span class="method-name">onTestFailure</span>
                <span class="method-start">108235 ms</span>
              </div> <!-- configuration-method after -->
              <div class="configuration-method after">
                <span class="method-name">tearDownTestCase</span>
                <span class="method-start">108283 ms</span>
              </div> <!-- configuration-method after -->
              <div class="configuration-method before">
                <span class="method-name">loginWithValidData</span>
                <span class="method-start">108286 ms</span>
              </div> <!-- configuration-method before -->
            </div> <!-- chronological-class -->
            <div class="chronological-class">
              <div class="chronological-class-name">TestCases.PurchaseInvoicesTest</div> <!-- chronological-class-name -->
              <div class="configuration-class before">
                <img src="failed.png">
                </img>
                <span class="method-name">setup_driver</span>
                <span class="method-start">108286 ms</span>
              </div> <!-- configuration-class before -->
            </div> <!-- chronological-class -->
            <div class="chronological-class">
              <div class="chronological-class-name">TestCases.PosViewTest</div> <!-- chronological-class-name -->
              <div class="configuration-method after">
                <span class="method-name">onTestFailure</span>
                <span class="method-start">108286 ms</span>
              </div> <!-- configuration-method after -->
              <div class="configuration-class after">
                <span class="method-name">tearDown</span>
                <span class="method-start">108286 ms</span>
              </div> <!-- configuration-class after -->
              <div class="configuration-method after">
                <span class="method-name">tearDownTestCase</span>
                <span class="method-start">108286 ms</span>
              </div> <!-- configuration-method after -->
              <div class="test-method">
                <span class="method-name">TC02_applyDiscountOnSalesInvoiceUsingPosView</span>
                <span class="method-start">108286 ms</span>
              </div> <!-- test-method -->
            </div> <!-- chronological-class -->
            <div class="chronological-class">
              <div class="chronological-class-name">TestCases.PurchaseInvoicesTest</div> <!-- chronological-class-name -->
              <div class="configuration-class before">
                <span class="method-name">launch_website</span>
                <span class="method-start">109297 ms</span>
              </div> <!-- configuration-class before -->
              <div class="configuration-method before">
                <span class="method-name">loginWithValidData</span>
                <span class="method-start">109297 ms</span>
              </div> <!-- configuration-method before -->
              <div class="test-method">
                <span class="method-name">TC01_createNewPurchaseInvoiceAndSubmit</span>
                <span class="method-start">109313 ms</span>
              </div> <!-- test-method -->
              <div class="configuration-method after">
                <span class="method-name">onTestFailure</span>
                <span class="method-start">109313 ms</span>
              </div> <!-- configuration-method after -->
              <div class="configuration-method after">
                <span class="method-name">tearDownTestCase</span>
                <span class="method-start">109313 ms</span>
              </div> <!-- configuration-method after -->
              <div class="configuration-method before">
                <span class="method-name">loginWithValidData</span>
                <span class="method-start">109329 ms</span>
              </div> <!-- configuration-method before -->
              <div class="test-method">
                <span class="method-name">TC02_createNewPurchaseInvoiceFromPurchaseOrder</span>
                <span class="method-start">109329 ms</span>
              </div> <!-- test-method -->
              <div class="configuration-method after">
                <span class="method-name">onTestFailure</span>
                <span class="method-start">109360 ms</span>
              </div> <!-- configuration-method after -->
              <div class="configuration-method after">
                <span class="method-name">tearDownTestCase</span>
                <span class="method-start">109376 ms</span>
              </div> <!-- configuration-method after -->
              <div class="configuration-method before">
                <span class="method-name">loginWithValidData</span>
                <span class="method-start">109376 ms</span>
              </div> <!-- configuration-method before -->
              <div class="test-method">
                <span class="method-name">TC03_createDebitNoteFromPurchaseInvoice</span>
                <span class="method-start">109376 ms</span>
              </div> <!-- test-method -->
              <div class="configuration-method after">
                <span class="method-name">tearDownTestCase</span>
                <span class="method-start">109391 ms</span>
              </div> <!-- configuration-method after -->
              <div class="configuration-method before">
                <span class="method-name">loginWithValidData</span>
                <span class="method-start">109391 ms</span>
              </div> <!-- configuration-method before -->
              <div class="configuration-method after">
                <span class="method-name">onTestFailure</span>
                <span class="method-start">109391 ms</span>
              </div> <!-- configuration-method after -->
              <div class="test-method">
                <span class="method-name">TC04_createPaymentForPurchaseInvoice</span>
                <span class="method-start">109422 ms</span>
              </div> <!-- test-method -->
              <div class="configuration-method after">
                <span class="method-name">onTestFailure</span>
                <span class="method-start">109437 ms</span>
              </div> <!-- configuration-method after -->
              <div class="configuration-method after">
                <span class="method-name">tearDownTestCase</span>
                <span class="method-start">109444 ms</span>
              </div> <!-- configuration-method after -->
              <div class="configuration-method before">
                <span class="method-name">loginWithValidData</span>
                <span class="method-start">109457 ms</span>
              </div> <!-- configuration-method before -->
              <div class="test-method">
                <span class="method-name">TC05_createNewPurchaseInvoiceFromPurchaseReceipt</span>
                <span class="method-start">109464 ms</span>
              </div> <!-- test-method -->
              <div class="configuration-method after">
                <span class="method-name">tearDownTestCase</span>
                <span class="method-start">109479 ms</span>
              </div> <!-- configuration-method after -->
              <div class="configuration-method before">
                <span class="method-name">loginWithValidData</span>
                <span class="method-start">109479 ms</span>
              </div> <!-- configuration-method before -->
              <div class="configuration-method after">
                <span class="method-name">onTestFailure</span>
                <span class="method-start">109479 ms</span>
              </div> <!-- configuration-method after -->
              <div class="test-method">
                <span class="method-name">TC06_createNewPurchaseInvoiceAndCheckInGeneralLedgerReport</span>
                <span class="method-start">109507 ms</span>
              </div> <!-- test-method -->
              <div class="configuration-class after">
                <span class="method-name">tearDown</span>
                <span class="method-start">109508 ms</span>
              </div> <!-- configuration-class after -->
            </div> <!-- chronological-class -->
            <div class="chronological-class">
              <div class="chronological-class-name">TestCases.SalesInvoicesTest</div> <!-- chronological-class-name -->
              <div class="configuration-class before">
                <img src="failed.png">
                </img>
                <span class="method-name">setup_driver</span>
                <span class="method-start">109508 ms</span>
              </div> <!-- configuration-class before -->
            </div> <!-- chronological-class -->
            <div class="chronological-class">
              <div class="chronological-class-name">TestCases.PurchaseInvoicesTest</div> <!-- chronological-class-name -->
              <div class="configuration-method after">
                <span class="method-name">tearDownTestCase</span>
                <span class="method-start">109508 ms</span>
              </div> <!-- configuration-method after -->
              <div class="configuration-method after">
                <span class="method-name">onTestFailure</span>
                <span class="method-start">109508 ms</span>
              </div> <!-- configuration-method after -->
            </div> <!-- chronological-class -->
            <div class="chronological-class">
              <div class="chronological-class-name">TestCases.SalesInvoicesTest</div> <!-- chronological-class-name -->
              <div class="configuration-class before">
                <span class="method-name">launch_website</span>
                <span class="method-start">110829 ms</span>
              </div> <!-- configuration-class before -->
              <div class="configuration-method before">
                <span class="method-name">loginWithValidData</span>
                <span class="method-start">110830 ms</span>
              </div> <!-- configuration-method before -->
              <div class="test-method">
                <span class="method-name">TC01_createNewSalesInvoiceAndSaveOnly</span>
                <span class="method-start">110832 ms</span>
              </div> <!-- test-method -->
              <div class="configuration-method after">
                <span class="method-name">onTestFailure</span>
                <span class="method-start">110835 ms</span>
              </div> <!-- configuration-method after -->
              <div class="configuration-method after">
                <span class="method-name">tearDownTestCase</span>
                <span class="method-start">110841 ms</span>
              </div> <!-- configuration-method after -->
              <div class="configuration-class after">
                <span class="method-name">tearDown</span>
                <span class="method-start">110847 ms</span>
              </div> <!-- configuration-class after -->
            </div> <!-- chronological-class -->
            <div class="chronological-class">
              <div class="chronological-class-name">TestCases.SetupVmTest</div> <!-- chronological-class-name -->
              <div class="configuration-class before">
                <img src="failed.png">
                </img>
                <span class="method-name">setup_driver</span>
                <span class="method-start">110848 ms</span>
              </div> <!-- configuration-class before -->
              <div class="configuration-class after">
                <span class="method-name">tearDown</span>
                <span class="method-start">111929 ms</span>
              </div> <!-- configuration-class after -->
              <div class="configuration-method after">
                <span class="method-name">tearDownTestCase</span>
                <span class="method-start">111929 ms</span>
              </div> <!-- configuration-method after -->
              <div class="configuration-method after">
                <span class="method-name">onTestFailure</span>
                <span class="method-start">111929 ms</span>
              </div> <!-- configuration-method after -->
              <div class="configuration-method before">
                <span class="method-name">loginWithValidData</span>
                <span class="method-start">111929 ms</span>
              </div> <!-- configuration-method before -->
              <div class="test-method">
                <span class="method-name">TC01_setupVm</span>
                <span class="method-start">111929 ms</span>
              </div> <!-- test-method -->
              <div class="configuration-class before">
                <span class="method-name">launch_website</span>
                <span class="method-start">111929 ms</span>
              </div> <!-- configuration-class before -->
          </div> <!-- main-panel-content rounded-window-bottom -->
        </div> <!-- panel -->
      </div> <!-- main-panel-root -->
    </div> <!-- wrapper -->
  </body>
<script type="text/javascript" src="testng-reports2.js"></script>
</html>
