<?xml version="1.0" encoding="UTF-8"?>
<!-- Generated by org.testng.reporters.JUnitReportReporter -->
<testsuite hostname="DESKTOP-GHKE3PU" failures="0" tests="9" name="TestCases.SalesInvoicesTest" time="1.310" errors="1" timestamp="2025-12-22T11:07:05 EET" skipped="8">
  <testcase classname="TestCases.SalesInvoicesTest" name="setup_driver" time="1.310">
    <error message="Could not start a new session. Possible causes are invalid address of the remote server or browser start-up failure. 
Host info: host: &#039;DESKTOP-GHKE3PU&#039;, ip: &#039;192.168.1.2&#039;" type="org.openqa.selenium.SessionNotCreatedException">
      <![CDATA[org.openqa.selenium.SessionNotCreatedException: Could not start a new session. Possible causes are invalid address of the remote server or browser start-up failure. 
Host info: host: 'DESKTOP-GHKE3PU', ip: '192.168.1.2'
at org.openqa.selenium.remote.RemoteWebDriver.execute(RemoteWebDriver.java:537)
at org.openqa.selenium.remote.RemoteWebDriver.startSession(RemoteWebDriver.java:233)
at org.openqa.selenium.remote.RemoteWebDriver.<init>(RemoteWebDriver.java:162)
at org.openqa.selenium.chromium.ChromiumDriver.<init>(ChromiumDriver.java:114)
at org.openqa.selenium.chrome.ChromeDriver.<init>(ChromeDriver.java:89)
at org.openqa.selenium.chrome.ChromeDriver.<init>(ChromeDriver.java:84)
at org.openqa.selenium.chrome.ChromeDriver.<init>(ChromeDriver.java:73)
at TestCases.BaseTest.setup_driver(BaseTest.java:63)
at jdk.internal.reflect.GeneratedMethodAccessor49.invoke(Unknown Source)
at java.base/jdk.internal.reflect.DelegatingMethodAccessorImpl.invoke(DelegatingMethodAccessorImpl.java:43)
at java.base/java.lang.reflect.Method.invoke(Method.java:568)
at org.testng.internal.invokers.MethodInvocationHelper.invokeMethod(MethodInvocationHelper.java:139)
at org.testng.internal.invokers.MethodInvocationHelper.invokeMethodConsideringTimeout(MethodInvocationHelper.java:69)
at org.testng.internal.invokers.ConfigInvoker.invokeConfigurationMethod(ConfigInvoker.java:393)
at org.testng.internal.invokers.ConfigInvoker.invokeConfigurations(ConfigInvoker.java:326)
at org.testng.internal.invokers.TestMethodWorker.invokeBeforeClassMethods(TestMethodWorker.java:180)
at org.testng.internal.invokers.TestMethodWorker.run(TestMethodWorker.java:122)
at java.base/java.util.ArrayList.forEach(ArrayList.java:1511)
at org.testng.TestRunner.privateRun(TestRunner.java:819)
at org.testng.TestRunner.run(TestRunner.java:619)
at org.testng.SuiteRunner.runTest(SuiteRunner.java:443)
at org.testng.SuiteRunner.runSequentially(SuiteRunner.java:437)
at org.testng.SuiteRunner.privateRun(SuiteRunner.java:397)
at org.testng.SuiteRunner.run(SuiteRunner.java:336)
at org.testng.SuiteRunnerWorker.runSuite(SuiteRunnerWorker.java:52)
at org.testng.SuiteRunnerWorker.run(SuiteRunnerWorker.java:95)
at org.testng.TestNG.runSuitesSequentially(TestNG.java:1301)
at org.testng.TestNG.runSuitesLocally(TestNG.java:1228)
at org.testng.TestNG.runSuites(TestNG.java:1134)
at org.testng.TestNG.run(TestNG.java:1101)
at org.apache.maven.surefire.testng.TestNGExecutor.run(TestNGExecutor.java:77)
at org.apache.maven.surefire.testng.TestNGDirectoryTestSuite.executeMulti(TestNGDirectoryTestSuite.java:159)
at org.apache.maven.surefire.testng.TestNGDirectoryTestSuite.execute(TestNGDirectoryTestSuite.java:99)
at org.apache.maven.surefire.testng.TestNGProvider.invoke(TestNGProvider.java:106)
at java.base/jdk.internal.reflect.NativeMethodAccessorImpl.invoke0(Native Method)
at java.base/jdk.internal.reflect.NativeMethodAccessorImpl.invoke(NativeMethodAccessorImpl.java:77)
at java.base/jdk.internal.reflect.DelegatingMethodAccessorImpl.invoke(DelegatingMethodAccessorImpl.java:43)
at java.base/java.lang.reflect.Method.invoke(Method.java:568)
at org.apache.maven.surefire.util.ReflectionUtils.invokeMethodWithArray(ReflectionUtils.java:189)
at org.apache.maven.surefire.booter.ProviderFactory$ProviderProxy.invoke(ProviderFactory.java:165)
at org.apache.maven.surefire.booter.ProviderFactory.invokeProvider(ProviderFactory.java:85)
at org.apache.maven.surefire.booter.ForkedBooter.runSuitesInProcess(ForkedBooter.java:115)
at org.apache.maven.surefire.booter.ForkedBooter.main(ForkedBooter.java:75)
Caused by: org.openqa.selenium.WebDriverException: Driver server process died prematurely.
Build info: version: '4.17.0', revision: 'e52b1be057*'
System info: os.name: 'Windows 10', os.arch: 'amd64', os.version: '10.0', java.version: '17.0.9'
Driver info: driver.version: ChromeDriver
at org.openqa.selenium.remote.service.DriverService.start(DriverService.java:247)
at org.openqa.selenium.remote.service.DriverCommandExecutor.execute(DriverCommandExecutor.java:117)
at org.openqa.selenium.remote.RemoteWebDriver.execute(RemoteWebDriver.java:519)
... 42 more
]]>
    </error>
  </testcase> <!-- setup_driver -->
  <testcase classname="TestCases.SalesInvoicesTest" name="TC01_createNewSalesInvoiceAndSaveOnly" time="0.000">
    <skipped/>
  </testcase> <!-- TC01_createNewSalesInvoiceAndSaveOnly -->
  <testcase classname="TestCases.SalesInvoicesTest" name="TC07_createNewSalesInvoiceFromDeliveryNote">
    <skipped/>
  </testcase> <!-- TC07_createNewSalesInvoiceFromDeliveryNote -->
  <testcase classname="TestCases.SalesInvoicesTest" name="TC05_createNewSalesInvoiceAndCheckInGrossProfitReport">
    <skipped/>
  </testcase> <!-- TC05_createNewSalesInvoiceAndCheckInGrossProfitReport -->
  <testcase classname="TestCases.SalesInvoicesTest" name="TC04_createCreditNoteFromSalesInvoice">
    <skipped/>
  </testcase> <!-- TC04_createCreditNoteFromSalesInvoice -->
  <testcase classname="TestCases.SalesInvoicesTest" name="TC03_createNewSalesInvoiceFromSalesOrder">
    <skipped/>
  </testcase> <!-- TC03_createNewSalesInvoiceFromSalesOrder -->
  <testcase classname="TestCases.SalesInvoicesTest" name="TC02_createNewSalesInvoiceAndSubmit">
    <skipped/>
  </testcase> <!-- TC02_createNewSalesInvoiceAndSubmit -->
  <testcase classname="TestCases.SalesInvoicesTest" name="TC08_createNewSalesInvoiceAndCheckInGeneralLedgerReport">
    <skipped/>
  </testcase> <!-- TC08_createNewSalesInvoiceAndCheckInGeneralLedgerReport -->
  <testcase classname="TestCases.SalesInvoicesTest" name="TC06_createPaymentForSalesInvoice">
    <skipped/>
  </testcase> <!-- TC06_createPaymentForSalesInvoice -->
</testsuite> <!-- TestCases.SalesInvoicesTest -->
